1736074822.262354;m3-83;
1736074822.262599;m3-83;GO!
1736074822.262705;m3-83;FreeRTOS Heap Free: 19824
1736074822.274095;m3-117;
1736074822.274338;m3-117;GO!
1736074822.274462;m3-117;FreeRTOS Heap Free: 19824
1736074831.491784;m3-43;[in bc_task() INFO] > PLL_ON
1736074831.492118;m3-43;
1736074836.498857;m3-43;[in bc_task() INFO] > PHY_IDLE
1736074836.499178;m3-43;
1736074841.490679;m3-43;[in broadcast_data() INFO] POWER LEVEL: m17dBm
1736074841.503545;m3-42;From: 1454 (m3-81);Len: 114;Rssi: -67;PowerLevel: m17dBm;DATA: 98,10629342490369879,26406,-6869,1070,1166235,7161971,-5706,3485,-7435,-2410,-8454,-4765
1736074841.506402;m3-37;From: 1454 (m3-81);Len: 114;Rssi: -81;PowerLevel: m17dBm;DATA: 98,10629342490369879,26406,-6869,1070,1166235,7161971,-5706,3485,-7435,-2410,-8454,-4765
1736074841.506666;m3-39;From: 1454 (m3-81);Len: 114;Rssi: -70;PowerLevel: m17dBm;DATA: 98,10629342490369879,26406,-6869,1070,1166235,7161971,-5706,3485,-7435,-2410,-8454,-4765
1736074841.507134;m3-38;From: 1454 (m3-81);Len: 114;Rssi: -79;PowerLevel: m17dBm;DATA: 98,10629342490369879,26406,-6869,1070,1166235,7161971,-5706,3485,-7435,-2410,-8454,-4765
1736074841.507386;m3-40;From: 1454 (m3-81);Len: 114;Rssi: -63;PowerLevel: m17dBm;DATA: 98,10629342490369879,26406,-6869,1070,1166235,7161971,-5706,3485,-7435,-2410,-8454,-4765
1736074841.507545;m3-44;From: 1454 (m3-81);Len: 114;Rssi: -67;PowerLevel: m17dBm;DATA: 98,10629342490369879,26406,-6869,1070,1166235,7161971,-5706,3485,-7435,-2410,-8454,-4765
1736074841.741750;m3-26;From: 1454 (m3-81);Len: 114;Rssi: -90;PowerLevel: m17dBm;DATA: 98,10629342490369879,26406,-6869,1070,1166235,7161971,-5706,3485,-7435,-2410,-8454,-4765
1736074841.743494;m3-42;From: 1454 (m3-81);Len: 114;Rssi: -67;PowerLevel: m17dBm;DATA: 98,10629342490369879,26406,-6869,1070,1166235,7161971,-5706,3485,-7435,-2410,-8454,-4765
1736074841.745573;m3-36;From: 1454 (m3-81);Len: 114;Rssi: -81;PowerLevel: m17dBm;DATA: 98,10629342490369879,26406,-6869,1070,1166235,7161971,-5706,3485,-7435,-2410,-8454,-4765
1736074841.746141;m3-37;From: 1454 (m3-81);Len: 114;Rssi: -81;PowerLevel: m17dBm;DATA: 98,10629342490369879,26406,-6869,1070,1166235,7161971,-5706,3485,-7435,-2410,-8454,-4765
1736074841.746356;m3-39;From: 1454 (m3-81);Len: 114;Rssi: -71;PowerLevel: m17dBm;DATA: 98,10629342490369879,26406,-6869,1070,1166235,7161971,-5706,3485,-7435,-2410,-8454,-4765
1736074841.746779;m3-38;From: 1454 (m3-81);Len: 114;Rssi: -79;PowerLevel: m17dBm;DATA: 98,10629342490369879,26406,-6869,1070,1166235,7161971,-5706,3485,-7435,-2410,-8454,-4765
1736074841.746925;m3-44;From: 1454 (m3-81);Len: 114;Rssi: -67;PowerLevel: m17dBm;DATA: 98,10629342490369879,26406,-6869,1070,1166235,7161971,-5706,3485,-7435,-2410,-8454,-4765
1736074841.747416;m3-31;From: 1454 (m3-81);Len: 114;Rssi: -88;PowerLevel: m17dBm;DATA: 98,10629342490369879,26406,-6869,1070,1166235,7161971,-5706,3485,-7435,-2410,-8454,-4765
1736074841.747583;m3-40;From: 1454 (m3-81);Len: 114;Rssi: -62;PowerLevel: m17dBm;DATA: 98,10629342490369879,26406,-6869,1070,1166235,7161971,-5706,3485,-7435,-2410,-8454,-4765
1736074841.747720;m3-41;From: 1454 (m3-81);Len: 114;Rssi: -77;PowerLevel: m17dBm;DATA: 98,10629342490369879,26406,-6869,1070,1166235,7161971,-5706,3485,-7435,-2410,-8454,-4765
1736074841.747854;m3-45;From: 1454 (m3-81);Len: 114;Rssi: -78;PowerLevel: m17dBm;DATA: 98,10629342490369879,26406,-6869,1070,1166235,7161971,-5706,3485,-7435,-2410,-8454,-4765
1736074841.999459;m3-42;From: 1454 (m3-81);Len: 114;Rssi: -67;PowerLevel: m17dBm;DATA: 98,10629342490369879,26406,-6869,1070,1166235,7161971,-5706,3485,-7435,-2410,-8454,-4765
1736074842.001137;m3-36;From: 1454 (m3-81);Len: 114;Rssi: -81;PowerLevel: m17dBm;DATA: 98,10629342490369879,26406,-6869,1070,1166235,7161971,-5706,3485,-7435,-2410,-8454,-4765
1736074842.002046;m3-37;From: 1454 (m3-81);Len: 114;Rssi: -81;PowerLevel: m17dBm;DATA: 98,10629342490369879,26406,-6869,1070,1166235,7161971,-5706,3485,-7435,-2410,-8454,-4765
1736074842.002223;m3-39;From: 1454 (m3-81);Len: 114;Rssi: -71;PowerLevel: m17dBm;DATA: 98,10629342490369879,26406,-6869,1070,1166235,7161971,-5706,3485,-7435,-2410,-8454,-4765
1736074842.002688;m3-31;From: 1454 (m3-81);Len: 114;Rssi: -87;PowerLevel: m17dBm;DATA: 98,10629342490369879,26406,-6869,1070,1166235,7161971,-5706,3485,-7435,-2410,-8454,-4765
1736074842.002837;m3-38;From: 1454 (m3-81);Len: 114;Rssi: -79;PowerLevel: m17dBm;DATA: 98,10629342490369879,26406,-6869,1070,1166235,7161971,-5706,3485,-7435,-2410,-8454,-4765
1736074842.003294;m3-40;From: 1454 (m3-81);Len: 114;Rssi: -62;PowerLevel: m17dBm;DATA: 98,10629342490369879,26406,-6869,1070,1166235,7161971,-5706,3485,-7435,-2410,-8454,-4765
1736074842.003465;m3-41;From: 1454 (m3-81);Len: 114;Rssi: -77;PowerLevel: m17dBm;DATA: 98,10629342490369879,26406,-6869,1070,1166235,7161971,-5706,3485,-7435,-2410,-8454,-4765
1736074842.003603;m3-44;From: 1454 (m3-81);Len: 114;Rssi: -67;PowerLevel: m17dBm;DATA: 98,10629342490369879,26406,-6869,1070,1166235,7161971,-5706,3485,-7435,-2410,-8454,-4765
1736074842.003766;m3-45;From: 1454 (m3-81);Len: 114;Rssi: -78;PowerLevel: m17dBm;DATA: 98,10629342490369879,26406,-6869,1070,1166235,7161971,-5706,3485,-7435,-2410,-8454,-4765
1736074842.242107;m3-37;From: 1454 (m3-81);Len: 114;Rssi: -81;PowerLevel: m17dBm;DATA: 98,10629342490369879,26406,-6869,1070,1166235,7161971,-5706,3485,-7435,-2410,-8454,-4765
1736074842.242426;m3-39;From: 1454 (m3-81);Len: 114;Rssi: -71;PowerLevel: m17dBm;DATA: 98,10629342490369879,26406,-6869,1070,1166235,7161971,-5706,3485,-7435,-2410,-8454,-4765
1736074842.242869;m3-38;From: 1454 (m3-81);Len: 114;Rssi: -79;PowerLevel: m17dBm;DATA: 98,10629342490369879,26406,-6869,1070,1166235,7161971,-5706,3485,-7435,-2410,-8454,-4765
1736074842.243025;m3-41;From: 1454 (m3-81);Len: 114;Rssi: -77;PowerLevel: m17dBm;DATA: 98,10629342490369879,26406,-6869,1070,1166235,7161971,-5706,3485,-7435,-2410,-8454,-4765
1736074842.243165;m3-44;From: 1454 (m3-81);Len: 114;Rssi: -67;PowerLevel: m17dBm;DATA: 98,10629342490369879,26406,-6869,1070,1166235,7161971,-5706,3485,-7435,-2410,-8454,-4765
1736074842.243346;m3-45;From: 1454 (m3-81);Len: 114;Rssi: -78;PowerLevel: m17dBm;DATA: 98,10629342490369879,26406,-6869,1070,1166235,7161971,-5706,3485,-7435,-2410,-8454,-4765
1736074842.243744;m3-40;From: 1454 (m3-81);Len: 114;Rssi: -63;PowerLevel: m17dBm;DATA: 98,10629342490369879,26406,-6869,1070,1166235,7161971,-5706,3485,-7435,-2410,-8454,-4765
1736074842.255285;m3-42;From: 1454 (m3-81);Len: 114;Rssi: -67;PowerLevel: m17dBm;DATA: 98,10629342490369879,26406,-6869,1070,1166235,7161971,-5706,3485,-7435,-2410,-8454,-4765
1736074842.257142;m3-36;From: 1454 (m3-81);Len: 114;Rssi: -82;PowerLevel: m17dBm;DATA: 98,10629342490369879,26406,-6869,1070,1166235,7161971,-5706,3485,-7435,-2410,-8454,-4765
1736074842.495424;m3-42;From: 1454 (m3-81);Len: 114;Rssi: -67;PowerLevel: m17dBm;DATA: 98,10629342490369879,26406,-6869,1070,1166235,7161971,-5706,3485,-7435,-2410,-8454,-4765
1736074842.497244;m3-36;From: 1454 (m3-81);Len: 114;Rssi: -81;PowerLevel: m17dBm;DATA: 98,10629342490369879,26406,-6869,1070,1166235,7161971,-5706,3485,-7435,-2410,-8454,-4765
1736074842.498019;m3-37;From: 1454 (m3-81);Len: 114;Rssi: -81;PowerLevel: m17dBm;DATA: 98,10629342490369879,26406,-6869,1070,1166235,7161971,-5706,3485,-7435,-2410,-8454,-4765
1736074842.498163;m3-39;From: 1454 (m3-81);Len: 114;Rssi: -70;PowerLevel: m17dBm;DATA: 98,10629342490369879,26406,-6869,1070,1166235,7161971,-5706,3485,-7435,-2410,-8454,-4765
1736074842.498495;m3-38;From: 1454 (m3-81);Len: 114;Rssi: -79;PowerLevel: m17dBm;DATA: 98,10629342490369879,26406,-6869,1070,1166235,7161971,-5706,3485,-7435,-2410,-8454,-4765
1736074842.498796;m3-31;From: 1454 (m3-81);Len: 114;Rssi: -87;PowerLevel: m17dBm;DATA: 98,10629342490369879,26406,-6869,1070,1166235,7161971,-5706,3485,-7435,-2410,-8454,-4765
1736074842.498903;m3-41;From: 1454 (m3-81);Len: 114;Rssi: -77;PowerLevel: m17dBm;DATA: 98,10629342490369879,26406,-6869,1070,1166235,7161971,-5706,3485,-7435,-2410,-8454,-4765
1736074842.499003;m3-44;From: 1454 (m3-81);Len: 114;Rssi: -67;PowerLevel: m17dBm;DATA: 98,10629342490369879,26406,-6869,1070,1166235,7161971,-5706,3485,-7435,-2410,-8454,-4765
1736074842.499100;m3-45;From: 1454 (m3-81);Len: 114;Rssi: -78;PowerLevel: m17dBm;DATA: 98,10629342490369879,26406,-6869,1070,1166235,7161971,-5706,3485,-7435,-2410,-8454,-4765
1736074842.499650;m3-40;From: 1454 (m3-81);Len: 114;Rssi: -63;PowerLevel: m17dBm;DATA: 98,10629342490369879,26406,-6869,1070,1166235,7161971,-5706,3485,-7435,-2410,-8454,-4765
1736074842.751401;m3-42;From: 1454 (m3-81);Len: 114;Rssi: -67;PowerLevel: m17dBm;DATA: 98,10629342490369879,26406,-6869,1070,1166235,7161971,-5706,3485,-7435,-2410,-8454,-4765
1736074842.753010;m3-36;From: 1454 (m3-81);Len: 114;Rssi: -81;PowerLevel: m17dBm;DATA: 98,10629342490369879,26406,-6869,1070,1166235,7161971,-5706,3485,-7435,-2410,-8454,-4765
1736074842.753886;m3-37;From: 1454 (m3-81);Len: 114;Rssi: -81;PowerLevel: m17dBm;DATA: 98,10629342490369879,26406,-6869,1070,1166235,7161971,-5706,3485,-7435,-2410,-8454,-4765
1736074842.754356;m3-38;From: 1454 (m3-81);Len: 114;Rssi: -79;PowerLevel: m17dBm;DATA: 98,10629342490369879,26406,-6869,1070,1166235,7161971,-5706,3485,-7435,-2410,-8454,-4765
1736074842.754515;m3-39;From: 1454 (m3-81);Len: 114;Rssi: -70;PowerLevel: m17dBm;DATA: 98,10629342490369879,26406,-6869,1070,1166235,7161971,-5706,3485,-7435,-2410,-8454,-4765
1736074842.754919;m3-40;From: 1454 (m3-81);Len: 114;Rssi: -62;PowerLevel: m17dBm;DATA: 98,10629342490369879,26406,-6869,1070,1166235,7161971,-5706,3485,-7435,-2410,-8454,-4765
1736074842.755064;m3-41;From: 1454 (m3-81);Len: 114;Rssi: -77;PowerLevel: m17dBm;DATA: 98,10629342490369879,26406,-6869,1070,1166235,7161971,-5706,3485,-7435,-2410,-8454,-4765
1736074842.755208;m3-44;From: 1454 (m3-81);Len: 114;Rssi: -67;PowerLevel: m17dBm;DATA: 98,10629342490369879,26406,-6869,1070,1166235,7161971,-5706,3485,-7435,-2410,-8454,-4765
1736074842.755444;m3-45;From: 1454 (m3-81);Len: 114;Rssi: -78;PowerLevel: m17dBm;DATA: 98,10629342490369879,26406,-6869,1070,1166235,7161971,-5706,3485,-7435,-2410,-8454,-4765
1736074842.993327;m3-36;From: 1454 (m3-81);Len: 114;Rssi: -81;PowerLevel: m17dBm;DATA: 98,10629342490369879,26406,-6869,1070,1166235,7161971,-5706,3485,-7435,-2410,-8454,-4765
1736074842.994089;m3-37;From: 1454 (m3-81);Len: 114;Rssi: -81;PowerLevel: m17dBm;DATA: 98,10629342490369879,26406,-6869,1070,1166235,7161971,-5706,3485,-7435,-2410,-8454,-4765
1736074842.994313;m3-39;From: 1454 (m3-81);Len: 114;Rssi: -70;PowerLevel: m17dBm;DATA: 98,10629342490369879,26406,-6869,1070,1166235,7161971,-5706,3485,-7435,-2410,-8454,-4765
1736074842.994744;m3-31;From: 1454 (m3-81);Len: 114;Rssi: -87;PowerLevel: m17dBm;DATA: 98,10629342490369879,26406,-6869,1070,1166235,7161971,-5706,3485,-7435,-2410,-8454,-4765
1736074842.994896;m3-38;From: 1454 (m3-81);Len: 114;Rssi: -79;PowerLevel: m17dBm;DATA: 98,10629342490369879,26406,-6869,1070,1166235,7161971,-5706,3485,-7435,-2410,-8454,-4765
1736074842.995035;m3-41;From: 1454 (m3-81);Len: 114;Rssi: -77;PowerLevel: m17dBm;DATA: 98,10629342490369879,26406,-6869,1070,1166235,7161971,-5706,3485,-7435,-2410,-8454,-4765
1736074842.995169;m3-45;From: 1454 (m3-81);Len: 114;Rssi: -78;PowerLevel: m17dBm;DATA: 98,10629342490369879,26406,-6869,1070,1166235,7161971,-5706,3485,-7435,-2410,-8454,-4765
1736074842.995695;m3-40;From: 1454 (m3-81);Len: 114;Rssi: -63;PowerLevel: m17dBm;DATA: 98,10629342490369879,26406,-6869,1070,1166235,7161971,-5706,3485,-7435,-2410,-8454,-4765
1736074842.995849;m3-44;From: 1454 (m3-81);Len: 114;Rssi: -67;PowerLevel: m17dBm;DATA: 98,10629342490369879,26406,-6869,1070,1166235,7161971,-5706,3485,-7435,-2410,-8454,-4765
1736074843.005244;m3-26;From: 1454 (m3-81);Len: 114;Rssi: -90;PowerLevel: m17dBm;DATA: 98,10629342490369879,26406,-6869,1070,1166235,7161971,-5706,3485,-7435,-2410,-8454,-4765
1736074843.007334;m3-42;From: 1454 (m3-81);Len: 114;Rssi: -67;PowerLevel: m17dBm;DATA: 98,10629342490369879,26406,-6869,1070,1166235,7161971,-5706,3485,-7435,-2410,-8454,-4765
1736074843.247384;m3-42;From: 1454 (m3-81);Len: 114;Rssi: -67;PowerLevel: m17dBm;DATA: 98,10629342490369879,26406,-6869,1070,1166235,7161971,-5706,3485,-7435,-2410,-8454,-4765
1736074843.249148;m3-36;From: 1454 (m3-81);Len: 114;Rssi: -81;PowerLevel: m17dBm;DATA: 98,10629342490369879,26406,-6869,1070,1166235,7161971,-5706,3485,-7435,-2410,-8454,-4765
1736074843.249935;m3-37;From: 1454 (m3-81);Len: 114;Rssi: -81;PowerLevel: m17dBm;DATA: 98,10629342490369879,26406,-6869,1070,1166235,7161971,-5706,3485,-7435,-2410,-8454,-4765
1736074843.250057;m3-39;From: 1454 (m3-81);Len: 114;Rssi: -70;PowerLevel: m17dBm;DATA: 98,10629342490369879,26406,-6869,1070,1166235,7161971,-5706,3485,-7435,-2410,-8454,-4765
1736074843.250342;m3-38;From: 1454 (m3-81);Len: 114;Rssi: -79;PowerLevel: m17dBm;DATA: 98,10629342490369879,26406,-6869,1070,1166235,7161971,-5706,3485,-7435,-2410,-8454,-4765
1736074843.250646;m3-31;From: 1454 (m3-81);Len: 114;Rssi: -87;PowerLevel: m17dBm;DATA: 98,10629342490369879,26406,-6869,1070,1166235,7161971,-5706,3485,-7435,-2410,-8454,-4765
1736074843.250741;m3-41;From: 1454 (m3-81);Len: 114;Rssi: -77;PowerLevel: m17dBm;DATA: 98,10629342490369879,26406,-6869,1070,1166235,7161971,-5706,3485,-7435,-2410,-8454,-4765
1736074843.250988;m3-40;From: 1454 (m3-81);Len: 114;Rssi: -62;PowerLevel: m17dBm;DATA: 98,10629342490369879,26406,-6869,1070,1166235,7161971,-5706,3485,-7435,-2410,-8454,-4765
1736074843.251077;m3-44;From: 1454 (m3-81);Len: 114;Rssi: -67;PowerLevel: m17dBm;DATA: 98,10629342490369879,26406,-6869,1070,1166235,7161971,-5706,3485,-7435,-2410,-8454,-4765
1736074843.251161;m3-45;From: 1454 (m3-81);Len: 114;Rssi: -79;PowerLevel: m17dBm;DATA: 98,10629342490369879,26406,-6869,1070,1166235,7161971,-5706,3485,-7435,-2410,-8454,-4765
1736074843.501358;m3-26;From: 1454 (m3-81);Len: 114;Rssi: -90;PowerLevel: m17dBm;DATA: 98,10629342490369879,26406,-6869,1070,1166235,7161971,-5706,3485,-7435,-2410,-8454,-4765
1736074843.503309;m3-42;From: 1454 (m3-81);Len: 114;Rssi: -67;PowerLevel: m17dBm;DATA: 98,10629342490369879,26406,-6869,1070,1166235,7161971,-5706,3485,-7435,-2410,-8454,-4765
1736074843.505121;m3-36;From: 1454 (m3-81);Len: 114;Rssi: -81;PowerLevel: m17dBm;DATA: 98,10629342490369879,26406,-6869,1070,1166235,7161971,-5706,3485,-7435,-2410,-8454,-4765
1736074843.505939;m3-37;From: 1454 (m3-81);Len: 114;Rssi: -81;PowerLevel: m17dBm;DATA: 98,10629342490369879,26406,-6869,1070,1166235,7161971,-5706,3485,-7435,-2410,-8454,-4765
1736074843.506139;m3-39;From: 1454 (m3-81);Len: 114;Rssi: -70;PowerLevel: m17dBm;DATA: 98,10629342490369879,26406,-6869,1070,1166235,7161971,-5706,3485,-7435,-2410,-8454,-4765
1736074843.506596;m3-31;From: 1454 (m3-81);Len: 114;Rssi: -87;PowerLevel: m17dBm;DATA: 98,10629342490369879,26406,-6869,1070,1166235,7161971,-5706,3485,-7435,-2410,-8454,-4765
1736074843.506752;m3-38;From: 1454 (m3-81);Len: 114;Rssi: -79;PowerLevel: m17dBm;DATA: 98,10629342490369879,26406,-6869,1070,1166235,7161971,-5706,3485,-7435,-2410,-8454,-4765
1736074843.507151;m3-40;From: 1454 (m3-81);Len: 114;Rssi: -63;PowerLevel: m17dBm;DATA: 98,10629342490369879,26406,-6869,1070,1166235,7161971,-5706,3485,-7435,-2410,-8454,-4765
1736074843.507383;m3-41;From: 1454 (m3-81);Len: 114;Rssi: -77;PowerLevel: m17dBm;DATA: 98,10629342490369879,26406,-6869,1070,1166235,7161971,-5706,3485,-7435,-2410,-8454,-4765
1736074843.507529;m3-44;From: 1454 (m3-81);Len: 114;Rssi: -67;PowerLevel: m17dBm;DATA: 98,10629342490369879,26406,-6869,1070,1166235,7161971,-5706,3485,-7435,-2410,-8454,-4765
1736074843.507660;m3-45;From: 1454 (m3-81);Len: 114;Rssi: -78;PowerLevel: m17dBm;DATA: 98,10629342490369879,26406,-6869,1070,1166235,7161971,-5706,3485,-7435,-2410,-8454,-4765
1736074843.743109;m3-42;From: 1454 (m3-81);Len: 114;Rssi: -67;PowerLevel: m17dBm;DATA: 98,10629342490369879,26406,-6869,1070,1166235,7161971,-5706,3485,-7435,-2410,-8454,-4765
1736074843.746011;m3-37;From: 1454 (m3-81);Len: 114;Rssi: -81;PowerLevel: m17dBm;DATA: 98,10629342490369879,26406,-6869,1070,1166235,7161971,-5706,3485,-7435,-2410,-8454,-4765
1736074843.746107;m3-39;From: 1454 (m3-81);Len: 114;Rssi: -70;PowerLevel: m17dBm;DATA: 98,10629342490369879,26406,-6869,1070,1166235,7161971,-5706,3485,-7435,-2410,-8454,-4765
1736074843.746272;m3-38;From: 1454 (m3-81);Len: 114;Rssi: -79;PowerLevel: m17dBm;DATA: 98,10629342490369879,26406,-6869,1070,1166235,7161971,-5706,3485,-7435,-2410,-8454,-4765
1736074843.746725;m3-40;From: 1454 (m3-81);Len: 114;Rssi: -62;PowerLevel: m17dBm;DATA: 98,10629342490369879,26406,-6869,1070,1166235,7161971,-5706,3485,-7435,-2410,-8454,-4765
1736074843.746775;m3-44;From: 1454 (m3-81);Len: 114;Rssi: -67;PowerLevel: m17dBm;DATA: 98,10629342490369879,26406,-6869,1070,1166235,7161971,-5706,3485,-7435,-2410,-8454,-4765
1736074843.997433;m3-26;From: 1454 (m3-81);Len: 114;Rssi: -90;PowerLevel: m17dBm;DATA: 98,10629342490369879,26406,-6869,1070,1166235,7161971,-5706,3485,-7435,-2410,-8454,-4765
1736074843.999204;m3-42;From: 1454 (m3-81);Len: 114;Rssi: -67;PowerLevel: m17dBm;DATA: 98,10629342490369879,26406,-6869,1070,1166235,7161971,-5706,3485,-7435,-2410,-8454,-4765
1736074844.001167;m3-36;From: 1454 (m3-81);Len: 114;Rssi: -81;PowerLevel: m17dBm;DATA: 98,10629342490369879,26406,-6869,1070,1166235,7161971,-5706,3485,-7435,-2410,-8454,-4765
1736074844.001952;m3-37;From: 1454 (m3-81);Len: 114;Rssi: -81;PowerLevel: m17dBm;DATA: 98,10629342490369879,26406,-6869,1070,1166235,7161971,-5706,3485,-7435,-2410,-8454,-4765
1736074844.002067;m3-39;From: 1454 (m3-81);Len: 114;Rssi: -70;PowerLevel: m17dBm;DATA: 98,10629342490369879,26406,-6869,1070,1166235,7161971,-5706,3485,-7435,-2410,-8454,-4765
1736074844.002336;m3-38;From: 1454 (m3-81);Len: 114;Rssi: -79;PowerLevel: m17dBm;DATA: 98,10629342490369879,26406,-6869,1070,1166235,7161971,-5706,3485,-7435,-2410,-8454,-4765
1736074844.002573;m3-31;From: 1454 (m3-81);Len: 114;Rssi: -87;PowerLevel: m17dBm;DATA: 98,10629342490369879,26406,-6869,1070,1166235,7161971,-5706,3485,-7435,-2410,-8454,-4765
1736074844.002657;m3-41;From: 1454 (m3-81);Len: 114;Rssi: -77;PowerLevel: m17dBm;DATA: 98,10629342490369879,26406,-6869,1070,1166235,7161971,-5706,3485,-7435,-2410,-8454,-4765
1736074844.002885;m3-40;From: 1454 (m3-81);Len: 114;Rssi: -63;PowerLevel: m17dBm;DATA: 98,10629342490369879,26406,-6869,1070,1166235,7161971,-5706,3485,-7435,-2410,-8454,-4765
1736074844.002966;m3-44;From: 1454 (m3-81);Len: 114;Rssi: -67;PowerLevel: m17dBm;DATA: 98,10629342490369879,26406,-6869,1070,1166235,7161971,-5706,3485,-7435,-2410,-8454,-4765
1736074844.003042;m3-45;From: 1454 (m3-81);Len: 114;Rssi: -78;PowerLevel: m17dBm;DATA: 98,10629342490369879,26406,-6869,1070,1166235,7161971,-5706,3485,-7435,-2410,-8454,-4765
1736074844.241861;m3-37;From: 1454 (m3-81);Len: 114;Rssi: -81;PowerLevel: m17dBm;DATA: 98,10629342490369879,26406,-6869,1070,1166235,7161971,-5706,3485,-7435,-2410,-8454,-4765
1736074844.242009;m3-39;From: 1454 (m3-81);Len: 114;Rssi: -70;PowerLevel: m17dBm;DATA: 98,10629342490369879,26406,-6869,1070,1166235,7161971,-5706,3485,-7435,-2410,-8454,-4765
1736074844.242242;m3-38;From: 1454 (m3-81);Len: 114;Rssi: -79;PowerLevel: m17dBm;DATA: 98,10629342490369879,26406,-6869,1070,1166235,7161971,-5706,3485,-7435,-2410,-8454,-4765
1736074844.242573;m3-31;From: 1454 (m3-81);Len: 114;Rssi: -88;PowerLevel: m17dBm;DATA: 98,10629342490369879,26406,-6869,1070,1166235,7161971,-5706,3485,-7435,-2410,-8454,-4765
1736074844.242679;m3-41;From: 1454 (m3-81);Len: 114;Rssi: -77;PowerLevel: m17dBm;DATA: 98,10629342490369879,26406,-6869,1070,1166235,7161971,-5706,3485,-7435,-2410,-8454,-4765
1736074844.242754;m3-45;From: 1454 (m3-81);Len: 114;Rssi: -78;PowerLevel: m17dBm;DATA: 98,10629342490369879,26406,-6869,1070,1166235,7161971,-5706,3485,-7435,-2410,-8454,-4765
1736074844.242979;m3-40;From: 1454 (m3-81);Len: 114;Rssi: -62;PowerLevel: m17dBm;DATA: 98,10629342490369879,26406,-6869,1070,1166235,7161971,-5706,3485,-7435,-2410,-8454,-4765
1736074844.243078;m3-44;From: 1454 (m3-81);Len: 114;Rssi: -67;PowerLevel: m17dBm;DATA: 98,10629342490369879,26406,-6869,1070,1166235,7161971,-5706,3485,-7435,-2410,-8454,-4765
1736074844.254979;m3-42;From: 1454 (m3-81);Len: 114;Rssi: -67;PowerLevel: m17dBm;DATA: 98,10629342490369879,26406,-6869,1070,1166235,7161971,-5706,3485,-7435,-2410,-8454,-4765
1736074844.256926;m3-36;From: 1454 (m3-81);Len: 114;Rssi: -80;PowerLevel: m17dBm;DATA: 98,10629342490369879,26406,-6869,1070,1166235,7161971,-5706,3485,-7435,-2410,-8454,-4765
1736074844.495430;m3-42;From: 1454 (m3-81);Len: 114;Rssi: -67;PowerLevel: m17dBm;DATA: 98,10629342490369879,26406,-6869,1070,1166235,7161971,-5706,3485,-7435,-2410,-8454,-4765
1736074844.497030;m3-36;From: 1454 (m3-81);Len: 114;Rssi: -82;PowerLevel: m17dBm;DATA: 98,10629342490369879,26406,-6869,1070,1166235,7161971,-5706,3485,-7435,-2410,-8454,-4765
1736074844.497971;m3-37;From: 1454 (m3-81);Len: 114;Rssi: -81;PowerLevel: m17dBm;DATA: 98,10629342490369879,26406,-6869,1070,1166235,7161971,-5706,3485,-7435,-2410,-8454,-4765
1736074844.498194;m3-39;From: 1454 (m3-81);Len: 114;Rssi: -70;PowerLevel: m17dBm;DATA: 98,10629342490369879,26406,-6869,1070,1166235,7161971,-5706,3485,-7435,-2410,-8454,-4765
1736074844.498709;m3-31;From: 1454 (m3-81);Len: 114;Rssi: -87;PowerLevel: m17dBm;DATA: 98,10629342490369879,26406,-6869,1070,1166235,7161971,-5706,3485,-7435,-2410,-8454,-4765
1736074844.498911;m3-38;From: 1454 (m3-81);Len: 114;Rssi: -79;PowerLevel: m17dBm;DATA: 98,10629342490369879,26406,-6869,1070,1166235,7161971,-5706,3485,-7435,-2410,-8454,-4765
1736074844.499074;m3-41;From: 1454 (m3-81);Len: 114;Rssi: -77;PowerLevel: m17dBm;DATA: 98,10629342490369879,26406,-6869,1070,1166235,7161971,-5706,3485,-7435,-2410,-8454,-4765
1736074844.499263;m3-44;From: 1454 (m3-81);Len: 114;Rssi: -67;PowerLevel: m17dBm;DATA: 98,10629342490369879,26406,-6869,1070,1166235,7161971,-5706,3485,-7435,-2410,-8454,-4765
1736074844.499431;m3-45;From: 1454 (m3-81);Len: 114;Rssi: -79;PowerLevel: m17dBm;DATA: 98,10629342490369879,26406,-6869,1070,1166235,7161971,-5706,3485,-7435,-2410,-8454,-4765
1736074844.499926;m3-40;From: 1454 (m3-81);Len: 114;Rssi: -63;PowerLevel: m17dBm;DATA: 98,10629342490369879,26406,-6869,1070,1166235,7161971,-5706,3485,-7435,-2410,-8454,-4765
1736074844.751086;m3-42;From: 1454 (m3-81);Len: 114;Rssi: -67;PowerLevel: m17dBm;DATA: 98,10629342490369879,26406,-6869,1070,1166235,7161971,-5706,3485,-7435,-2410,-8454,-4765
1736074844.752877;m3-36;From: 1454 (m3-81);Len: 114;Rssi: -81;PowerLevel: m17dBm;DATA: 98,10629342490369879,26406,-6869,1070,1166235,7161971,-5706,3485,-7435,-2410,-8454,-4765
1736074844.753710;m3-37;From: 1454 (m3-81);Len: 114;Rssi: -81;PowerLevel: m17dBm;DATA: 98,10629342490369879,26406,-6869,1070,1166235,7161971,-5706,3485,-7435,-2410,-8454,-4765
1736074844.753816;m3-39;From: 1454 (m3-81);Len: 114;Rssi: -71;PowerLevel: m17dBm;DATA: 98,10629342490369879,26406,-6869,1070,1166235,7161971,-5706,3485,-7435,-2410,-8454,-4765
1736074844.754126;m3-38;From: 1454 (m3-81);Len: 114;Rssi: -79;PowerLevel: m17dBm;DATA: 98,10629342490369879,26406,-6869,1070,1166235,7161971,-5706,3485,-7435,-2410,-8454,-4765
1736074844.754375;m3-31;From: 1454 (m3-81);Len: 114;Rssi: -87;PowerLevel: m17dBm;DATA: 98,10629342490369879,26406,-6869,1070,1166235,7161971,-5706,3485,-7435,-2410,-8454,-4765
1736074844.754458;m3-41;From: 1454 (m3-81);Len: 114;Rssi: -77;PowerLevel: m17dBm;DATA: 98,10629342490369879,26406,-6869,1070,1166235,7161971,-5706,3485,-7435,-2410,-8454,-4765
1736074844.754532;m3-45;From: 1454 (m3-81);Len: 114;Rssi: -79;PowerLevel: m17dBm;DATA: 98,10629342490369879,26406,-6869,1070,1166235,7161971,-5706,3485,-7435,-2410,-8454,-4765
1736074844.754719;m3-40;From: 1454 (m3-81);Len: 114;Rssi: -63;PowerLevel: m17dBm;DATA: 98,10629342490369879,26406,-6869,1070,1166235,7161971,-5706,3485,-7435,-2410,-8454,-4765
1736074844.754763;m3-44;From: 1454 (m3-81);Len: 114;Rssi: -67;PowerLevel: m17dBm;DATA: 98,10629342490369879,26406,-6869,1070,1166235,7161971,-5706,3485,-7435,-2410,-8454,-4765
1736074844.993228;m3-36;From: 1454 (m3-81);Len: 114;Rssi: -81;PowerLevel: m17dBm;DATA: 98,10629342490369879,26406,-6869,1070,1166235,7161971,-5706,3485,-7435,-2410,-8454,-4765
1736074844.994001;m3-37;From: 1454 (m3-81);Len: 114;Rssi: -81;PowerLevel: m17dBm;DATA: 98,10629342490369879,26406,-6869,1070,1166235,7161971,-5706,3485,-7435,-2410,-8454,-4765
1736074844.994204;m3-39;From: 1454 (m3-81);Len: 114;Rssi: -71;PowerLevel: m17dBm;DATA: 98,10629342490369879,26406,-6869,1070,1166235,7161971,-5706,3485,-7435,-2410,-8454,-4765
1736074844.994928;m3-38;From: 1454 (m3-81);Len: 114;Rssi: -79;PowerLevel: m17dBm;DATA: 98,10629342490369879,26406,-6869,1070,1166235,7161971,-5706,3485,-7435,-2410,-8454,-4765
1736074844.995278;m3-41;From: 1454 (m3-81);Len: 114;Rssi: -77;PowerLevel: m17dBm;DATA: 98,10629342490369879,26406,-6869,1070,1166235,7161971,-5706,3485,-7435,-2410,-8454,-4765
1736074844.995533;m3-44;From: 1454 (m3-81);Len: 114;Rssi: -67;PowerLevel: m17dBm;DATA: 98,10629342490369879,26406,-6869,1070,1166235,7161971,-5706,3485,-7435,-2410,-8454,-4765
1736074844.995765;m3-45;From: 1454 (m3-81);Len: 114;Rssi: -79;PowerLevel: m17dBm;DATA: 98,10629342490369879,26406,-6869,1070,1166235,7161971,-5706,3485,-7435,-2410,-8454,-4765
1736074844.996438;m3-40;From: 1454 (m3-81);Len: 114;Rssi: -63;PowerLevel: m17dBm;DATA: 98,10629342490369879,26406,-6869,1070,1166235,7161971,-5706,3485,-7435,-2410,-8454,-4765
1736074845.007062;m3-42;From: 1454 (m3-81);Len: 114;Rssi: -67;PowerLevel: m17dBm;DATA: 98,10629342490369879,26406,-6869,1070,1166235,7161971,-5706,3485,-7435,-2410,-8454,-4765
1736074845.245430;m3-26;From: 1454 (m3-81);Len: 114;Rssi: -90;PowerLevel: m17dBm;DATA: 98,10629342490369879,26406,-6869,1070,1166235,7161971,-5706,3485,-7435,-2410,-8454,-4765
1736074845.246881;m3-42;From: 1454 (m3-81);Len: 114;Rssi: -67;PowerLevel: m17dBm;DATA: 98,10629342490369879,26406,-6869,1070,1166235,7161971,-5706,3485,-7435,-2410,-8454,-4765
1736074845.249037;m3-36;From: 1454 (m3-81);Len: 114;Rssi: -81;PowerLevel: m17dBm;DATA: 98,10629342490369879,26406,-6869,1070,1166235,7161971,-5706,3485,-7435,-2410,-8454,-4765
1736074845.249851;m3-37;From: 1454 (m3-81);Len: 114;Rssi: -81;PowerLevel: m17dBm;DATA: 98,10629342490369879,26406,-6869,1070,1166235,7161971,-5706,3485,-7435,-2410,-8454,-4765
1736074845.250053;m3-39;From: 1454 (m3-81);Len: 114;Rssi: -70;PowerLevel: m17dBm;DATA: 98,10629342490369879,26406,-6869,1070,1166235,7161971,-5706,3485,-7435,-2410,-8454,-4765
1736074845.250518;m3-31;From: 1454 (m3-81);Len: 114;Rssi: -87;PowerLevel: m17dBm;DATA: 98,10629342490369879,26406,-6869,1070,1166235,7161971,-5706,3485,-7435,-2410,-8454,-4765
1736074845.250674;m3-38;From: 1454 (m3-81);Len: 114;Rssi: -79;PowerLevel: m17dBm;DATA: 98,10629342490369879,26406,-6869,1070,1166235,7161971,-5706,3485,-7435,-2410,-8454,-4765
1736074845.250812;m3-41;From: 1454 (m3-81);Len: 114;Rssi: -77;PowerLevel: m17dBm;DATA: 98,10629342490369879,26406,-6869,1070,1166235,7161971,-5706,3485,-7435,-2410,-8454,-4765
1736074845.250945;m3-44;From: 1454 (m3-81);Len: 114;Rssi: -67;PowerLevel: m17dBm;DATA: 98,10629342490369879,26406,-6869,1070,1166235,7161971,-5706,3485,-7435,-2410,-8454,-4765
1736074845.251075;m3-45;From: 1454 (m3-81);Len: 114;Rssi: -78;PowerLevel: m17dBm;DATA: 98,10629342490369879,26406,-6869,1070,1166235,7161971,-5706,3485,-7435,-2410,-8454,-4765
1736074845.251564;m3-40;From: 1454 (m3-81);Len: 114;Rssi: -63;PowerLevel: m17dBm;DATA: 98,10629342490369879,26406,-6869,1070,1166235,7161971,-5706,3485,-7435,-2410,-8454,-4765
1736074845.503041;m3-42;From: 1454 (m3-81);Len: 114;Rssi: -67;PowerLevel: m17dBm;DATA: 98,10629342490369879,26406,-6869,1070,1166235,7161971,-5706,3485,-7435,-2410,-8454,-4765
1736074845.505000;m3-36;From: 1454 (m3-81);Len: 114;Rssi: -81;PowerLevel: m17dBm;DATA: 98,10629342490369879,26406,-6869,1070,1166235,7161971,-5706,3485,-7435,-2410,-8454,-4765
1736074845.505853;m3-37;From: 1454 (m3-81);Len: 114;Rssi: -81;PowerLevel: m17dBm;DATA: 98,10629342490369879,26406,-6869,1070,1166235,7161971,-5706,3485,-7435,-2410,-8454,-4765
1736074845.506184;m3-39;From: 1454 (m3-81);Len: 114;Rssi: -70;PowerLevel: m17dBm;DATA: 98,10629342490369879,26406,-6869,1070,1166235,7161971,-5706,3485,-7435,-2410,-8454,-4765
1736074845.506779;m3-31;From: 1454 (m3-81);Len: 114;Rssi: -87;PowerLevel: m17dBm;DATA: 98,10629342490369879,26406,-6869,1070,1166235,7161971,-5706,3485,-7435,-2410,-8454,-4765
1736074845.506955;m3-38;From: 1454 (m3-81);Len: 114;Rssi: -79;PowerLevel: m17dBm;DATA: 98,10629342490369879,26406,-6869,1070,1166235,7161971,-5706,3485,-7435,-2410,-8454,-4765
1736074845.507098;m3-40;From: 1454 (m3-81);Len: 114;Rssi: -63;PowerLevel: m17dBm;DATA: 98,10629342490369879,26406,-6869,1070,1166235,7161971,-5706,3485,-7435,-2410,-8454,-4765
1736074845.507293;m3-41;From: 1454 (m3-81);Len: 114;Rssi: -77;PowerLevel: m17dBm;DATA: 98,10629342490369879,26406,-6869,1070,1166235,7161971,-5706,3485,-7435,-2410,-8454,-4765
1736074845.507432;m3-44;From: 1454 (m3-81);Len: 114;Rssi: -67;PowerLevel: m17dBm;DATA: 98,10629342490369879,26406,-6869,1070,1166235,7161971,-5706,3485,-7435,-2410,-8454,-4765
1736074845.507562;m3-45;From: 1454 (m3-81);Len: 114;Rssi: -79;PowerLevel: m17dBm;DATA: 98,10629342490369879,26406,-6869,1070,1166235,7161971,-5706,3485,-7435,-2410,-8454,-4765
1736074845.743132;m3-42;From: 1454 (m3-81);Len: 114;Rssi: -67;PowerLevel: m17dBm;DATA: 98,10629342490369879,26406,-6869,1070,1166235,7161971,-5706,3485,-7435,-2410,-8454,-4765
1736074845.745025;m3-36;From: 1454 (m3-81);Len: 114;Rssi: -81;PowerLevel: m17dBm;DATA: 98,10629342490369879,26406,-6869,1070,1166235,7161971,-5706,3485,-7435,-2410,-8454,-4765
1736074845.745874;m3-37;From: 1454 (m3-81);Len: 114;Rssi: -81;PowerLevel: m17dBm;DATA: 98,10629342490369879,26406,-6869,1070,1166235,7161971,-5706,3485,-7435,-2410,-8454,-4765
1736074845.746219;m3-39;From: 1454 (m3-81);Len: 114;Rssi: -71;PowerLevel: m17dBm;DATA: 98,10629342490369879,26406,-6869,1070,1166235,7161971,-5706,3485,-7435,-2410,-8454,-4765
1736074845.746825;m3-31;From: 1454 (m3-81);Len: 114;Rssi: -87;PowerLevel: m17dBm;DATA: 98,10629342490369879,26406,-6869,1070,1166235,7161971,-5706,3485,-7435,-2410,-8454,-4765
1736074845.747001;m3-38;From: 1454 (m3-81);Len: 114;Rssi: -79;PowerLevel: m17dBm;DATA: 98,10629342490369879,26406,-6869,1070,1166235,7161971,-5706,3485,-7435,-2410,-8454,-4765
1736074845.747141;m3-40;From: 1454 (m3-81);Len: 114;Rssi: -62;PowerLevel: m17dBm;DATA: 98,10629342490369879,26406,-6869,1070,1166235,7161971,-5706,3485,-7435,-2410,-8454,-4765
1736074845.747315;m3-41;From: 1454 (m3-81);Len: 114;Rssi: -77;PowerLevel: m17dBm;DATA: 98,10629342490369879,26406,-6869,1070,1166235,7161971,-5706,3485,-7435,-2410,-8454,-4765
1736074845.747450;m3-44;From: 1454 (m3-81);Len: 114;Rssi: -67;PowerLevel: m17dBm;DATA: 98,10629342490369879,26406,-6869,1070,1166235,7161971,-5706,3485,-7435,-2410,-8454,-4765
1736074845.747585;m3-45;From: 1454 (m3-81);Len: 114;Rssi: -78;PowerLevel: m17dBm;DATA: 98,10629342490369879,26406,-6869,1070,1166235,7161971,-5706,3485,-7435,-2410,-8454,-4765
1736074845.997147;m3-26;From: 1454 (m3-81);Len: 114;Rssi: -90;PowerLevel: m17dBm;DATA: 98,10629342490369879,26406,-6869,1070,1166235,7161971,-5706,3485,-7435,-2410,-8454,-4765
1736074845.999093;m3-42;From: 1454 (m3-81);Len: 114;Rssi: -67;PowerLevel: m17dBm;DATA: 98,10629342490369879,26406,-6869,1070,1166235,7161971,-5706,3485,-7435,-2410,-8454,-4765
1736074846.000940;m3-36;From: 1454 (m3-81);Len: 114;Rssi: -81;PowerLevel: m17dBm;DATA: 98,10629342490369879,26406,-6869,1070,1166235,7161971,-5706,3485,-7435,-2410,-8454,-4765
1736074846.001683;m3-39;From: 1454 (m3-81);Len: 114;Rssi: -70;PowerLevel: m17dBm;DATA: 98,10629342490369879,26406,-6869,1070,1166235,7161971,-5706,3485,-7435,-2410,-8454,-4765
1736074846.001992;m3-37;From: 1454 (m3-81);Len: 114;Rssi: -81;PowerLevel: m17dBm;DATA: 98,10629342490369879,26406,-6869,1070,1166235,7161971,-5706,3485,-7435,-2410,-8454,-4765
1736074846.002299;m3-38;From: 1454 (m3-81);Len: 114;Rssi: -79;PowerLevel: m17dBm;DATA: 98,10629342490369879,26406,-6869,1070,1166235,7161971,-5706,3485,-7435,-2410,-8454,-4765
1736074846.002591;m3-31;From: 1454 (m3-81);Len: 114;Rssi: -88;PowerLevel: m17dBm;DATA: 98,10629342490369879,26406,-6869,1070,1166235,7161971,-5706,3485,-7435,-2410,-8454,-4765
1736074846.002680;m3-41;From: 1454 (m3-81);Len: 114;Rssi: -78;PowerLevel: m17dBm;DATA: 98,10629342490369879,26406,-6869,1070,1166235,7161971,-5706,3485,-7435,-2410,-8454,-4765
1736074846.002784;m3-45;From: 1454 (m3-81);Len: 114;Rssi: -78;PowerLevel: m17dBm;DATA: 98,10629342490369879,26406,-6869,1070,1166235,7161971,-5706,3485,-7435,-2410,-8454,-4765
1736074846.003001;m3-40;From: 1454 (m3-81);Len: 114;Rssi: -63;PowerLevel: m17dBm;DATA: 98,10629342490369879,26406,-6869,1070,1166235,7161971,-5706,3485,-7435,-2410,-8454,-4765
1736074846.003102;m3-44;From: 1454 (m3-81);Len: 114;Rssi: -67;PowerLevel: m17dBm;DATA: 98,10629342490369879,26406,-6869,1070,1166235,7161971,-5706,3485,-7435,-2410,-8454,-4765
1736074846.241863;m3-37;From: 1454 (m3-81);Len: 114;Rssi: -81;PowerLevel: m17dBm;DATA: 98,10629342490369879,26406,-6869,1070,1166235,7161971,-5706,3485,-7435,-2410,-8454,-4765
1736074846.242365;m3-39;From: 1454 (m3-81);Len: 114;Rssi: -70;PowerLevel: m17dBm;DATA: 98,10629342490369879,26406,-6869,1070,1166235,7161971,-5706,3485,-7435,-2410,-8454,-4765
1736074846.242899;m3-31;From: 1454 (m3-81);Len: 114;Rssi: -88;PowerLevel: m17dBm;DATA: 98,10629342490369879,26406,-6869,1070,1166235,7161971,-5706,3485,-7435,-2410,-8454,-4765
1736074846.243071;m3-38;From: 1454 (m3-81);Len: 114;Rssi: -79;PowerLevel: m17dBm;DATA: 98,10629342490369879,26406,-6869,1070,1166235,7161971,-5706,3485,-7435,-2410,-8454,-4765
1736074846.243271;m3-40;From: 1454 (m3-81);Len: 114;Rssi: -63;PowerLevel: m17dBm;DATA: 98,10629342490369879,26406,-6869,1070,1166235,7161971,-5706,3485,-7435,-2410,-8454,-4765
1736074846.243446;m3-41;From: 1454 (m3-81);Len: 114;Rssi: -77;PowerLevel: m17dBm;DATA: 98,10629342490369879,26406,-6869,1070,1166235,7161971,-5706,3485,-7435,-2410,-8454,-4765
1736074846.243582;m3-44;From: 1454 (m3-81);Len: 114;Rssi: -67;PowerLevel: m17dBm;DATA: 98,10629342490369879,26406,-6869,1070,1166235,7161971,-5706,3485,-7435,-2410,-8454,-4765
1736074846.243716;m3-45;From: 1454 (m3-81);Len: 114;Rssi: -78;PowerLevel: m17dBm;DATA: 98,10629342490369879,26406,-6869,1070,1166235,7161971,-5706,3485,-7435,-2410,-8454,-4765
1736074846.253124;m3-26;From: 1454 (m3-81);Len: 114;Rssi: -90;PowerLevel: m17dBm;DATA: 98,10629342490369879,26406,-6869,1070,1166235,7161971,-5706,3485,-7435,-2410,-8454,-4765
1736074846.254840;m3-42;From: 1454 (m3-81);Len: 114;Rssi: -67;PowerLevel: m17dBm;DATA: 98,10629342490369879,26406,-6869,1070,1166235,7161971,-5706,3485,-7435,-2410,-8454,-4765
1736074846.256775;m3-36;From: 1454 (m3-81);Len: 114;Rssi: -81;PowerLevel: m17dBm;DATA: 98,10629342490369879,26406,-6869,1070,1166235,7161971,-5706,3485,-7435,-2410,-8454,-4765
1736074846.494961;m3-42;From: 1454 (m3-81);Len: 114;Rssi: -67;PowerLevel: m17dBm;DATA: 98,10629342490369879,26406,-6869,1070,1166235,7161971,-5706,3485,-7435,-2410,-8454,-4765
1736074846.496799;m3-36;From: 1454 (m3-81);Len: 114;Rssi: -81;PowerLevel: m17dBm;DATA: 98,10629342490369879,26406,-6869,1070,1166235,7161971,-5706,3485,-7435,-2410,-8454,-4765
1736074846.497744;m3-37;From: 1454 (m3-81);Len: 114;Rssi: -81;PowerLevel: m17dBm;DATA: 98,10629342490369879,26406,-6869,1070,1166235,7161971,-5706,3485,-7435,-2410,-8454,-4765
1736074846.497885;m3-39;From: 1454 (m3-81);Len: 114;Rssi: -70;PowerLevel: m17dBm;DATA: 98,10629342490369879,26406,-6869,1070,1166235,7161971,-5706,3485,-7435,-2410,-8454,-4765
1736074846.498052;m3-38;From: 1454 (m3-81);Len: 114;Rssi: -79;PowerLevel: m17dBm;DATA: 98,10629342490369879,26406,-6869,1070,1166235,7161971,-5706,3485,-7435,-2410,-8454,-4765
1736074846.498212;m3-31;From: 1454 (m3-81);Len: 114;Rssi: -87;PowerLevel: m17dBm;DATA: 98,10629342490369879,26406,-6869,1070,1166235,7161971,-5706,3485,-7435,-2410,-8454,-4765
1736074846.498389;m3-41;From: 1454 (m3-81);Len: 114;Rssi: -77;PowerLevel: m17dBm;DATA: 98,10629342490369879,26406,-6869,1070,1166235,7161971,-5706,3485,-7435,-2410,-8454,-4765
1736074846.498436;m3-45;From: 1454 (m3-81);Len: 114;Rssi: -79;PowerLevel: m17dBm;DATA: 98,10629342490369879,26406,-6869,1070,1166235,7161971,-5706,3485,-7435,-2410,-8454,-4765
1736074846.498669;m3-40;From: 1454 (m3-81);Len: 114;Rssi: -62;PowerLevel: m17dBm;DATA: 98,10629342490369879,26406,-6869,1070,1166235,7161971,-5706,3485,-7435,-2410,-8454,-4765
1736074846.498729;m3-44;From: 1454 (m3-81);Len: 114;Rssi: -67;PowerLevel: m17dBm;DATA: 98,10629342490369879,26406,-6869,1070,1166235,7161971,-5706,3485,-7435,-2410,-8454,-4765
1736074846.749098;m3-26;From: 1454 (m3-81);Len: 114;Rssi: -90;PowerLevel: m17dBm;DATA: 98,10629342490369879,26406,-6869,1070,1166235,7161971,-5706,3485,-7435,-2410,-8454,-4765
1736074846.750767;m3-42;From: 1454 (m3-81);Len: 114;Rssi: -67;PowerLevel: m17dBm;DATA: 98,10629342490369879,26406,-6869,1070,1166235,7161971,-5706,3485,-7435,-2410,-8454,-4765
1736074846.752853;m3-36;From: 1454 (m3-81);Len: 114;Rssi: -81;PowerLevel: m17dBm;DATA: 98,10629342490369879,26406,-6869,1070,1166235,7161971,-5706,3485,-7435,-2410,-8454,-4765
1736074846.753775;m3-37;From: 1454 (m3-81);Len: 114;Rssi: -81;PowerLevel: m17dBm;DATA: 98,10629342490369879,26406,-6869,1070,1166235,7161971,-5706,3485,-7435,-2410,-8454,-4765
1736074846.754080;m3-39;From: 1454 (m3-81);Len: 114;Rssi: -70;PowerLevel: m17dBm;DATA: 98,10629342490369879,26406,-6869,1070,1166235,7161971,-5706,3485,-7435,-2410,-8454,-4765
1736074846.754720;m3-31;From: 1454 (m3-81);Len: 114;Rssi: -88;PowerLevel: m17dBm;DATA: 98,10629342490369879,26406,-6869,1070,1166235,7161971,-5706,3485,-7435,-2410,-8454,-4765
1736074846.754891;m3-38;From: 1454 (m3-81);Len: 114;Rssi: -79;PowerLevel: m17dBm;DATA: 98,10629342490369879,26406,-6869,1070,1166235,7161971,-5706,3485,-7435,-2410,-8454,-4765
1736074846.755034;m3-40;From: 1454 (m3-81);Len: 114;Rssi: -63;PowerLevel: m17dBm;DATA: 98,10629342490369879,26406,-6869,1070,1166235,7161971,-5706,3485,-7435,-2410,-8454,-4765
1736074846.755170;m3-41;From: 1454 (m3-81);Len: 114;Rssi: -78;PowerLevel: m17dBm;DATA: 98,10629342490369879,26406,-6869,1070,1166235,7161971,-5706,3485,-7435,-2410,-8454,-4765
1736074846.755342;m3-44;From: 1454 (m3-81);Len: 114;Rssi: -67;PowerLevel: m17dBm;DATA: 98,10629342490369879,26406,-6869,1070,1166235,7161971,-5706,3485,-7435,-2410,-8454,-4765
1736074846.755475;m3-45;From: 1454 (m3-81);Len: 114;Rssi: -79;PowerLevel: m17dBm;DATA: 98,10629342490369879,26406,-6869,1070,1166235,7161971,-5706,3485,-7435,-2410,-8454,-4765
1736074846.992911;m3-36;From: 1454 (m3-81);Len: 114;Rssi: -81;PowerLevel: m17dBm;DATA: 98,10629342490369879,26406,-6869,1070,1166235,7161971,-5706,3485,-7435,-2410,-8454,-4765
1736074846.993646;m3-37;From: 1454 (m3-81);Len: 114;Rssi: -81;PowerLevel: m17dBm;DATA: 98,10629342490369879,26406,-6869,1070,1166235,7161971,-5706,3485,-7435,-2410,-8454,-4765
1736074846.993835;m3-39;From: 1454 (m3-81);Len: 114;Rssi: -70;PowerLevel: m17dBm;DATA: 98,10629342490369879,26406,-6869,1070,1166235,7161971,-5706,3485,-7435,-2410,-8454,-4765
1736074846.994133;m3-38;From: 1454 (m3-81);Len: 114;Rssi: -79;PowerLevel: m17dBm;DATA: 98,10629342490369879,26406,-6869,1070,1166235,7161971,-5706,3485,-7435,-2410,-8454,-4765
1736074846.994358;m3-31;From: 1454 (m3-81);Len: 114;Rssi: -88;PowerLevel: m17dBm;DATA: 98,10629342490369879,26406,-6869,1070,1166235,7161971,-5706,3485,-7435,-2410,-8454,-4765
1736074846.994421;m3-41;From: 1454 (m3-81);Len: 114;Rssi: -78;PowerLevel: m17dBm;DATA: 98,10629342490369879,26406,-6869,1070,1166235,7161971,-5706,3485,-7435,-2410,-8454,-4765
1736074846.994625;m3-40;From: 1454 (m3-81);Len: 114;Rssi: -63;PowerLevel: m17dBm;DATA: 98,10629342490369879,26406,-6869,1070,1166235,7161971,-5706,3485,-7435,-2410,-8454,-4765
1736074846.994686;m3-44;From: 1454 (m3-81);Len: 114;Rssi: -67;PowerLevel: m17dBm;DATA: 98,10629342490369879,26406,-6869,1070,1166235,7161971,-5706,3485,-7435,-2410,-8454,-4765
1736074846.994737;m3-45;From: 1454 (m3-81);Len: 114;Rssi: -78;PowerLevel: m17dBm;DATA: 98,10629342490369879,26406,-6869,1070,1166235,7161971,-5706,3485,-7435,-2410,-8454,-4765
1736074847.006758;m3-42;From: 1454 (m3-81);Len: 114;Rssi: -67;PowerLevel: m17dBm;DATA: 98,10629342490369879,26406,-6869,1070,1166235,7161971,-5706,3485,-7435,-2410,-8454,-4765
1736074847.246840;m3-42;From: 1454 (m3-81);Len: 114;Rssi: -67;PowerLevel: m17dBm;DATA: 98,10629342490369879,26406,-6869,1070,1166235,7161971,-5706,3485,-7435,-2410,-8454,-4765
1736074847.248799;m3-36;From: 1454 (m3-81);Len: 114;Rssi: -82;PowerLevel: m17dBm;DATA: 98,10629342490369879,26406,-6869,1070,1166235,7161971,-5706,3485,-7435,-2410,-8454,-4765
1736074847.249544;m3-37;From: 1454 (m3-81);Len: 114;Rssi: -81;PowerLevel: m17dBm;DATA: 98,10629342490369879,26406,-6869,1070,1166235,7161971,-5706,3485,-7435,-2410,-8454,-4765
1736074847.249694;m3-39;From: 1454 (m3-81);Len: 114;Rssi: -70;PowerLevel: m17dBm;DATA: 98,10629342490369879,26406,-6869,1070,1166235,7161971,-5706,3485,-7435,-2410,-8454,-4765
1736074847.250022;m3-38;From: 1454 (m3-81);Len: 114;Rssi: -79;PowerLevel: m17dBm;DATA: 98,10629342490369879,26406,-6869,1070,1166235,7161971,-5706,3485,-7435,-2410,-8454,-4765
1736074847.250184;m3-31;From: 1454 (m3-81);Len: 114;Rssi: -87;PowerLevel: m17dBm;DATA: 98,10629342490369879,26406,-6869,1070,1166235,7161971,-5706,3485,-7435,-2410,-8454,-4765
1736074847.250230;m3-41;From: 1454 (m3-81);Len: 114;Rssi: -77;PowerLevel: m17dBm;DATA: 98,10629342490369879,26406,-6869,1070,1166235,7161971,-5706,3485,-7435,-2410,-8454,-4765
1736074847.250399;m3-44;From: 1454 (m3-81);Len: 114;Rssi: -67;PowerLevel: m17dBm;DATA: 98,10629342490369879,26406,-6869,1070,1166235,7161971,-5706,3485,-7435,-2410,-8454,-4765
1736074847.250445;m3-45;From: 1454 (m3-81);Len: 114;Rssi: -79;PowerLevel: m17dBm;DATA: 98,10629342490369879,26406,-6869,1070,1166235,7161971,-5706,3485,-7435,-2410,-8454,-4765
1736074847.250572;m3-40;From: 1454 (m3-81);Len: 114;Rssi: -63;PowerLevel: m17dBm;DATA: 98,10629342490369879,26406,-6869,1070,1166235,7161971,-5706,3485,-7435,-2410,-8454,-4765
1736074847.500837;m3-26;From: 1454 (m3-81);Len: 114;Rssi: -90;PowerLevel: m17dBm;DATA: 98,10629342490369879,26406,-6869,1070,1166235,7161971,-5706,3485,-7435,-2410,-8454,-4765
1736074847.504683;m3-36;From: 1454 (m3-81);Len: 114;Rssi: -81;PowerLevel: m17dBm;DATA: 98,10629342490369879,26406,-6869,1070,1166235,7161971,-5706,3485,-7435,-2410,-8454,-4765
1736074847.506441;m3-31;From: 1454 (m3-81);Len: 114;Rssi: -87;PowerLevel: m17dBm;DATA: 98,10629342490369879,26406,-6869,1070,1166235,7161971,-5706,3485,-7435,-2410,-8454,-4765
1736074847.506593;m3-41;From: 1454 (m3-81);Len: 114;Rssi: -77;PowerLevel: m17dBm;DATA: 98,10629342490369879,26406,-6869,1070,1166235,7161971,-5706,3485,-7435,-2410,-8454,-4765
1736074847.506682;m3-45;From: 1454 (m3-81);Len: 114;Rssi: -79;PowerLevel: m17dBm;DATA: 98,10629342490369879,26406,-6869,1070,1166235,7161971,-5706,3485,-7435,-2410,-8454,-4765
1736074847.744807;m3-36;From: 1454 (m3-81);Len: 114;Rssi: -82;PowerLevel: m17dBm;DATA: 98,10629342490369879,26406,-6869,1070,1166235,7161971,-5706,3485,-7435,-2410,-8454,-4765
1736074847.746395;m3-31;From: 1454 (m3-81);Len: 114;Rssi: -87;PowerLevel: m17dBm;DATA: 98,10629342490369879,26406,-6869,1070,1166235,7161971,-5706,3485,-7435,-2410,-8454,-4765
1736074847.746531;m3-41;From: 1454 (m3-81);Len: 114;Rssi: -77;PowerLevel: m17dBm;DATA: 98,10629342490369879,26406,-6869,1070,1166235,7161971,-5706,3485,-7435,-2410,-8454,-4765
1736074847.746605;m3-45;From: 1454 (m3-81);Len: 114;Rssi: -79;PowerLevel: m17dBm;DATA: 98,10629342490369879,26406,-6869,1070,1166235,7161971,-5706,3485,-7435,-2410,-8454,-4765
1736074847.997053;m3-26;From: 1454 (m3-81);Len: 114;Rssi: -90;PowerLevel: m17dBm;DATA: 98,10629342490369879,26406,-6869,1070,1166235,7161971,-5706,3485,-7435,-2410,-8454,-4765
1736074848.002342;m3-31;From: 1454 (m3-81);Len: 114;Rssi: -88;PowerLevel: m17dBm;DATA: 98,10629342490369879,26406,-6869,1070,1166235,7161971,-5706,3485,-7435,-2410,-8454,-4765
1736074848.242451;m3-31;From: 1454 (m3-81);Len: 114;Rssi: -88;PowerLevel: m17dBm;DATA: 98,10629342490369879,26406,-6869,1070,1166235,7161971,-5706,3485,-7435,-2410,-8454,-4765
1736074848.253081;m3-26;From: 1454 (m3-81);Len: 114;Rssi: -90;PowerLevel: m17dBm;DATA: 98,10629342490369879,26406,-6869,1070,1166235,7161971,-5706,3485,-7435,-2410,-8454,-4765
1736074848.493083;m3-26;From: 1454 (m3-81);Len: 114;Rssi: -90;PowerLevel: m17dBm;DATA: 98,10629342490369879,26406,-6869,1070,1166235,7161971,-5706,3485,-7435,-2410,-8454,-4765
1736074848.498464;m3-31;From: 1454 (m3-81);Len: 114;Rssi: -88;PowerLevel: m17dBm;DATA: 98,10629342490369879,26406,-6869,1070,1166235,7161971,-5706,3485,-7435,-2410,-8454,-4765
1736074848.748939;m3-26;From: 1454 (m3-81);Len: 114;Rssi: -90;PowerLevel: m17dBm;DATA: 98,10629342490369879,26406,-6869,1070,1166235,7161971,-5706,3485,-7435,-2410,-8454,-4765
1736074851.986067;m3-43;[in broadcast_data() INFO] POWER LEVEL: m12dBm
1736074851.996941;m3-26;From: 1454 (m3-81);Len: 114;Rssi: -86;PowerLevel: m12dBm;DATA: 98,10629342490369879,26406,-6869,1070,1166235,7161971,-5706,3485,-7435,-2410,-8454,-4765
1736074852.001100;m3-22;From: 1454 (m3-81);Len: 114;Rssi: -91;PowerLevel: m12dBm;DATA: 98,10629342490369879,26406,-6869,1070,1166235,7161971,-5706,3485,-7435,-2410,-8454,-4765
1736074852.001658;m3-23;From: 1454 (m3-81);Len: 114;Rssi: -91;PowerLevel: m12dBm;DATA: 98,10629342490369879,26406,-6869,1070,1166235,7161971,-5706,3485,-7435,-2410,-8454,-4765
1736074852.252741;m3-26;From: 1454 (m3-81);Len: 114;Rssi: -86;PowerLevel: m12dBm;DATA: 98,10629342490369879,26406,-6869,1070,1166235,7161971,-5706,3485,-7435,-2410,-8454,-4765
1736074852.256711;m3-22;From: 1454 (m3-81);Len: 114;Rssi: -91;PowerLevel: m12dBm;DATA: 98,10629342490369879,26406,-6869,1070,1166235,7161971,-5706,3485,-7435,-2410,-8454,-4765
1736074852.257354;m3-23;From: 1454 (m3-81);Len: 114;Rssi: -91;PowerLevel: m12dBm;DATA: 98,10629342490369879,26406,-6869,1070,1166235,7161971,-5706,3485,-7435,-2410,-8454,-4765
1736074852.492841;m3-26;From: 1454 (m3-81);Len: 114;Rssi: -86;PowerLevel: m12dBm;DATA: 98,10629342490369879,26406,-6869,1070,1166235,7161971,-5706,3485,-7435,-2410,-8454,-4765
1736074852.496911;m3-22;From: 1454 (m3-81);Len: 114;Rssi: -91;PowerLevel: m12dBm;DATA: 98,10629342490369879,26406,-6869,1070,1166235,7161971,-5706,3485,-7435,-2410,-8454,-4765
1736074852.497180;m3-23;From: 1454 (m3-81);Len: 114;Rssi: -91;PowerLevel: m12dBm;DATA: 98,10629342490369879,26406,-6869,1070,1166235,7161971,-5706,3485,-7435,-2410,-8454,-4765
1736074853.744836;m3-22;From: 1454 (m3-81);Len: 114;Rssi: -91;PowerLevel: m12dBm;DATA: 98,10629342490369879,26406,-6869,1070,1166235,7161971,-5706,3485,-7435,-2410,-8454,-4765
1736074853.745051;m3-23;From: 1454 (m3-81);Len: 114;Rssi: -91;PowerLevel: m12dBm;DATA: 98,10629342490369879,26406,-6869,1070,1166235,7161971,-5706,3485,-7435,-2410,-8454,-4765
1736074853.756602;m3-26;From: 1454 (m3-81);Len: 114;Rssi: -86;PowerLevel: m12dBm;DATA: 98,10629342490369879,26406,-6869,1070,1166235,7161971,-5706,3485,-7435,-2410,-8454,-4765
1736074854.252587;m3-26;From: 1454 (m3-81);Len: 114;Rssi: -86;PowerLevel: m12dBm;DATA: 98,10629342490369879,26406,-6869,1070,1166235,7161971,-5706,3485,-7435,-2410,-8454,-4765
1736074854.256681;m3-22;From: 1454 (m3-81);Len: 114;Rssi: -91;PowerLevel: m12dBm;DATA: 98,10629342490369879,26406,-6869,1070,1166235,7161971,-5706,3485,-7435,-2410,-8454,-4765
1736074854.257236;m3-23;From: 1454 (m3-81);Len: 114;Rssi: -91;PowerLevel: m12dBm;DATA: 98,10629342490369879,26406,-6869,1070,1166235,7161971,-5706,3485,-7435,-2410,-8454,-4765
1736074854.492563;m3-26;From: 1454 (m3-81);Len: 114;Rssi: -86;PowerLevel: m12dBm;DATA: 98,10629342490369879,26406,-6869,1070,1166235,7161971,-5706,3485,-7435,-2410,-8454,-4765
1736074854.496697;m3-22;From: 1454 (m3-81);Len: 114;Rssi: -91;PowerLevel: m12dBm;DATA: 98,10629342490369879,26406,-6869,1070,1166235,7161971,-5706,3485,-7435,-2410,-8454,-4765
1736074854.497254;m3-23;From: 1454 (m3-81);Len: 114;Rssi: -91;PowerLevel: m12dBm;DATA: 98,10629342490369879,26406,-6869,1070,1166235,7161971,-5706,3485,-7435,-2410,-8454,-4765
1736074854.748652;m3-26;From: 1454 (m3-81);Len: 114;Rssi: -86;PowerLevel: m12dBm;DATA: 98,10629342490369879,26406,-6869,1070,1166235,7161971,-5706,3485,-7435,-2410,-8454,-4765
1736074854.752621;m3-22;From: 1454 (m3-81);Len: 114;Rssi: -91;PowerLevel: m12dBm;DATA: 98,10629342490369879,26406,-6869,1070,1166235,7161971,-5706,3485,-7435,-2410,-8454,-4765
1736074854.992797;m3-22;From: 1454 (m3-81);Len: 114;Rssi: -91;PowerLevel: m12dBm;DATA: 98,10629342490369879,26406,-6869,1070,1166235,7161971,-5706,3485,-7435,-2410,-8454,-4765
1736074854.993098;m3-23;From: 1454 (m3-81);Len: 114;Rssi: -91;PowerLevel: m12dBm;DATA: 98,10629342490369879,26406,-6869,1070,1166235,7161971,-5706,3485,-7435,-2410,-8454,-4765
1736074855.004682;m3-26;From: 1454 (m3-81);Len: 114;Rssi: -86;PowerLevel: m12dBm;DATA: 98,10629342490369879,26406,-6869,1070,1166235,7161971,-5706,3485,-7435,-2410,-8454,-4765
1736074855.744781;m3-23;From: 1454 (m3-81);Len: 114;Rssi: -91;PowerLevel: m12dBm;DATA: 98,10629342490369879,26406,-6869,1070,1166235,7161971,-5706,3485,-7435,-2410,-8454,-4765
1736074855.756106;m3-26;From: 1454 (m3-81);Len: 114;Rssi: -86;PowerLevel: m12dBm;DATA: 98,10629342490369879,26406,-6869,1070,1166235,7161971,-5706,3485,-7435,-2410,-8454,-4765
1736074855.996528;m3-26;From: 1454 (m3-81);Len: 114;Rssi: -86;PowerLevel: m12dBm;DATA: 98,10629342490369879,26406,-6869,1070,1166235,7161971,-5706,3485,-7435,-2410,-8454,-4765
1736074856.000763;m3-22;From: 1454 (m3-81);Len: 114;Rssi: -91;PowerLevel: m12dBm;DATA: 98,10629342490369879,26406,-6869,1070,1166235,7161971,-5706,3485,-7435,-2410,-8454,-4765
1736074856.001043;m3-23;From: 1454 (m3-81);Len: 114;Rssi: -91;PowerLevel: m12dBm;DATA: 98,10629342490369879,26406,-6869,1070,1166235,7161971,-5706,3485,-7435,-2410,-8454,-4765
1736074856.492481;m3-26;From: 1454 (m3-81);Len: 114;Rssi: -86;PowerLevel: m12dBm;DATA: 98,10629342490369879,26406,-6869,1070,1166235,7161971,-5706,3485,-7435,-2410,-8454,-4765
1736074856.496648;m3-22;From: 1454 (m3-81);Len: 114;Rssi: -91;PowerLevel: m12dBm;DATA: 98,10629342490369879,26406,-6869,1070,1166235,7161971,-5706,3485,-7435,-2410,-8454,-4765
1736074856.497210;m3-23;From: 1454 (m3-81);Len: 114;Rssi: -91;PowerLevel: m12dBm;DATA: 98,10629342490369879,26406,-6869,1070,1166235,7161971,-5706,3485,-7435,-2410,-8454,-4765
1736074856.752430;m3-22;From: 1454 (m3-81);Len: 114;Rssi: -91;PowerLevel: m12dBm;DATA: 98,10629342490369879,26406,-6869,1070,1166235,7161971,-5706,3485,-7435,-2410,-8454,-4765
1736074856.752609;m3-23;From: 1454 (m3-81);Len: 114;Rssi: -91;PowerLevel: m12dBm;DATA: 98,10629342490369879,26406,-6869,1070,1166235,7161971,-5706,3485,-7435,-2410,-8454,-4765
1736074856.992376;m3-22;From: 1454 (m3-81);Len: 114;Rssi: -91;PowerLevel: m12dBm;DATA: 98,10629342490369879,26406,-6869,1070,1166235,7161971,-5706,3485,-7435,-2410,-8454,-4765
1736074856.992687;m3-23;From: 1454 (m3-81);Len: 114;Rssi: -91;PowerLevel: m12dBm;DATA: 98,10629342490369879,26406,-6869,1070,1166235,7161971,-5706,3485,-7435,-2410,-8454,-4765
1736074857.744632;m3-22;From: 1454 (m3-81);Len: 114;Rssi: -91;PowerLevel: m12dBm;DATA: 98,10629342490369879,26406,-6869,1070,1166235,7161971,-5706,3485,-7435,-2410,-8454,-4765
1736074858.256361;m3-22;From: 1454 (m3-81);Len: 114;Rssi: -91;PowerLevel: m12dBm;DATA: 98,10629342490369879,26406,-6869,1070,1166235,7161971,-5706,3485,-7435,-2410,-8454,-4765
1736074858.257012;m3-23;From: 1454 (m3-81);Len: 114;Rssi: -91;PowerLevel: m12dBm;DATA: 98,10629342490369879,26406,-6869,1070,1166235,7161971,-5706,3485,-7435,-2410,-8454,-4765
1736074858.752548;m3-22;From: 1454 (m3-81);Len: 114;Rssi: -91;PowerLevel: m12dBm;DATA: 98,10629342490369879,26406,-6869,1070,1166235,7161971,-5706,3485,-7435,-2410,-8454,-4765
1736074858.752891;m3-23;From: 1454 (m3-81);Len: 114;Rssi: -91;PowerLevel: m12dBm;DATA: 98,10629342490369879,26406,-6869,1070,1166235,7161971,-5706,3485,-7435,-2410,-8454,-4765
1736074858.992937;m3-23;From: 1454 (m3-81);Len: 114;Rssi: -91;PowerLevel: m12dBm;DATA: 98,10629342490369879,26406,-6869,1070,1166235,7161971,-5706,3485,-7435,-2410,-8454,-4765
1736074859.008266;m3-22;From: 1454 (m3-81);Len: 114;Rssi: -91;PowerLevel: m12dBm;DATA: 98,10629342490369879,26406,-6869,1070,1166235,7161971,-5706,3485,-7435,-2410,-8454,-4765
1736074859.248635;m3-23;From: 1454 (m3-81);Len: 114;Rssi: -91;PowerLevel: m12dBm;DATA: 98,10629342490369879,26406,-6869,1070,1166235,7161971,-5706,3485,-7435,-2410,-8454,-4765
1736074862.497226;m3-43;[in broadcast_data() INFO] POWER LEVEL: m10dBm
1736074862.752447;m3-22;From: 1454 (m3-81);Len: 114;Rssi: -90;PowerLevel: m10dBm;DATA: 98,10629342490369879,26406,-6869,1070,1166235,7161971,-5706,3485,-7435,-2410,-8454,-4765
1736074862.752762;m3-23;From: 1454 (m3-81);Len: 114;Rssi: -91;PowerLevel: m10dBm;DATA: 98,10629342490369879,26406,-6869,1070,1166235,7161971,-5706,3485,-7435,-2410,-8454,-4765
1736074863.248271;m3-22;From: 1454 (m3-81);Len: 114;Rssi: -91;PowerLevel: m10dBm;DATA: 98,10629342490369879,26406,-6869,1070,1166235,7161971,-5706,3485,-7435,-2410,-8454,-4765
1736074863.248921;m3-23;From: 1454 (m3-81);Len: 114;Rssi: -91;PowerLevel: m10dBm;DATA: 98,10629342490369879,26406,-6869,1070,1166235,7161971,-5706,3485,-7435,-2410,-8454,-4765
1736074863.504145;m3-22;From: 1454 (m3-81);Len: 114;Rssi: -91;PowerLevel: m10dBm;DATA: 98,10629342490369879,26406,-6869,1070,1166235,7161971,-5706,3485,-7435,-2410,-8454,-4765
1736074863.744535;m3-23;From: 1454 (m3-81);Len: 114;Rssi: -91;PowerLevel: m10dBm;DATA: 98,10629342490369879,26406,-6869,1070,1166235,7161971,-5706,3485,-7435,-2410,-8454,-4765
1736074864.000173;m3-22;From: 1454 (m3-81);Len: 114;Rssi: -90;PowerLevel: m10dBm;DATA: 98,10629342490369879,26406,-6869,1070,1166235,7161971,-5706,3485,-7435,-2410,-8454,-4765
1736074864.000766;m3-23;From: 1454 (m3-81);Len: 114;Rssi: -91;PowerLevel: m10dBm;DATA: 98,10629342490369879,26406,-6869,1070,1166235,7161971,-5706,3485,-7435,-2410,-8454,-4765
1736074864.496140;m3-22;From: 1454 (m3-81);Len: 114;Rssi: -90;PowerLevel: m10dBm;DATA: 98,10629342490369879,26406,-6869,1070,1166235,7161971,-5706,3485,-7435,-2410,-8454,-4765
1736074864.496775;m3-23;From: 1454 (m3-81);Len: 114;Rssi: -91;PowerLevel: m10dBm;DATA: 98,10629342490369879,26406,-6869,1070,1166235,7161971,-5706,3485,-7435,-2410,-8454,-4765
1736074865.007921;m3-22;From: 1454 (m3-81);Len: 114;Rssi: -91;PowerLevel: m10dBm;DATA: 98,10629342490369879,26406,-6869,1070,1166235,7161971,-5706,3485,-7435,-2410,-8454,-4765
1736074865.008531;m3-23;From: 1454 (m3-81);Len: 114;Rssi: -91;PowerLevel: m10dBm;DATA: 98,10629342490369879,26406,-6869,1070,1166235,7161971,-5706,3485,-7435,-2410,-8454,-4765
1736074865.504071;m3-22;From: 1454 (m3-81);Len: 114;Rssi: -91;PowerLevel: m10dBm;DATA: 98,10629342490369879,26406,-6869,1070,1166235,7161971,-5706,3485,-7435,-2410,-8454,-4765
1736074865.504697;m3-23;From: 1454 (m3-81);Len: 114;Rssi: -91;PowerLevel: m10dBm;DATA: 98,10629342490369879,26406,-6869,1070,1166235,7161971,-5706,3485,-7435,-2410,-8454,-4765
1736074865.743940;m3-22;From: 1454 (m3-81);Len: 114;Rssi: -90;PowerLevel: m10dBm;DATA: 98,10629342490369879,26406,-6869,1070,1166235,7161971,-5706,3485,-7435,-2410,-8454,-4765
1736074866.752392;m3-23;From: 1454 (m3-81);Len: 114;Rssi: -91;PowerLevel: m10dBm;DATA: 98,10629342490369879,26406,-6869,1070,1166235,7161971,-5706,3485,-7435,-2410,-8454,-4765
1736074872.992518;m3-43;[in broadcast_data() INFO] POWER LEVEL: m7dBm
1736074873.506559;m3-88;From: 1454 (m3-81);Len: 113;Rssi: -91;PowerLevel: m7dBm;DATA: 98,10629342490369879,26406,-6869,1070,1166235,7161971,-5706,3485,-7435,-2410,-8454,-4765
1736074875.250428;m3-88;From: 1454 (m3-81);Len: 113;Rssi: -91;PowerLevel: m7dBm;DATA: 98,10629342490369879,26406,-6869,1070,1166235,7161971,-5706,3485,-7435,-2410,-8454,-4765
1736074875.746125;m3-88;From: 1454 (m3-81);Len: 113;Rssi: -91;PowerLevel: m7dBm;DATA: 98,10629342490369879,26406,-6869,1070,1166235,7161971,-5706,3485,-7435,-2410,-8454,-4765
1736074876.258035;m3-88;From: 1454 (m3-81);Len: 113;Rssi: -91;PowerLevel: m7dBm;DATA: 98,10629342490369879,26406,-6869,1070,1166235,7161971,-5706,3485,-7435,-2410,-8454,-4765
1736074877.506114;m3-88;From: 1454 (m3-81);Len: 113;Rssi: -91;PowerLevel: m7dBm;DATA: 98,10629342490369879,26406,-6869,1070,1166235,7161971,-5706,3485,-7435,-2410,-8454,-4765
1736074879.746035;m3-88;From: 1454 (m3-81);Len: 113;Rssi: -91;PowerLevel: m7dBm;DATA: 98,10629342490369879,26406,-6869,1070,1166235,7161971,-5706,3485,-7435,-2410,-8454,-4765
1736074880.257825;m3-88;From: 1454 (m3-81);Len: 113;Rssi: -91;PowerLevel: m7dBm;DATA: 98,10629342490369879,26406,-6869,1070,1166235,7161971,-5706,3485,-7435,-2410,-8454,-4765
1736074883.487793;m3-43;[in broadcast_data() INFO] POWER LEVEL: m5dBm
1736074883.745628;m3-88;From: 1454 (m3-81);Len: 113;Rssi: -91;PowerLevel: m5dBm;DATA: 98,10629342490369879,26406,-6869,1070,1166235,7161971,-5706,3485,-7435,-2410,-8454,-4765
1736074884.257720;m3-88;From: 1454 (m3-81);Len: 113;Rssi: -91;PowerLevel: m5dBm;DATA: 98,10629342490369879,26406,-6869,1070,1166235,7161971,-5706,3485,-7435,-2410,-8454,-4765
1736074884.753505;m3-88;From: 1454 (m3-81);Len: 113;Rssi: -91;PowerLevel: m5dBm;DATA: 98,10629342490369879,26406,-6869,1070,1166235,7161971,-5706,3485,-7435,-2410,-8454,-4765
1736074885.009344;m3-88;From: 1454 (m3-81);Len: 113;Rssi: -91;PowerLevel: m5dBm;DATA: 98,10629342490369879,26406,-6869,1070,1166235,7161971,-5706,3485,-7435,-2410,-8454,-4765
1736074885.745405;m3-88;From: 1454 (m3-81);Len: 113;Rssi: -91;PowerLevel: m5dBm;DATA: 98,10629342490369879,26406,-6869,1070,1166235,7161971,-5706,3485,-7435,-2410,-8454,-4765
1736074886.001450;m3-88;From: 1454 (m3-81);Len: 113;Rssi: -91;PowerLevel: m5dBm;DATA: 98,10629342490369879,26406,-6869,1070,1166235,7161971,-5706,3485,-7435,-2410,-8454,-4765
1736074886.497414;m3-88;From: 1454 (m3-81);Len: 113;Rssi: -91;PowerLevel: m5dBm;DATA: 98,10629342490369879,26406,-6869,1070,1166235,7161971,-5706,3485,-7435,-2410,-8454,-4765
1736074886.753432;m3-88;From: 1454 (m3-81);Len: 113;Rssi: -91;PowerLevel: m5dBm;DATA: 98,10629342490369879,26406,-6869,1070,1166235,7161971,-5706,3485,-7435,-2410,-8454,-4765
1736074887.009307;m3-88;From: 1454 (m3-81);Len: 113;Rssi: -91;PowerLevel: m5dBm;DATA: 98,10629342490369879,26406,-6869,1070,1166235,7161971,-5706,3485,-7435,-2410,-8454,-4765
1736074888.257496;m3-88;From: 1454 (m3-81);Len: 113;Rssi: -91;PowerLevel: m5dBm;DATA: 98,10629342490369879,26406,-6869,1070,1166235,7161971,-5706,3485,-7435,-2410,-8454,-4765
1736074888.753338;m3-88;From: 1454 (m3-81);Len: 113;Rssi: -91;PowerLevel: m5dBm;DATA: 98,10629342490369879,26406,-6869,1070,1166235,7161971,-5706,3485,-7435,-2410,-8454,-4765
1736074889.009164;m3-88;From: 1454 (m3-81);Len: 113;Rssi: -91;PowerLevel: m5dBm;DATA: 98,10629342490369879,26406,-6869,1070,1166235,7161971,-5706,3485,-7435,-2410,-8454,-4765
1736074889.505361;m3-88;From: 1454 (m3-81);Len: 113;Rssi: -91;PowerLevel: m5dBm;DATA: 98,10629342490369879,26406,-6869,1070,1166235,7161971,-5706,3485,-7435,-2410,-8454,-4765
1736074890.497214;m3-88;From: 1454 (m3-81);Len: 113;Rssi: -91;PowerLevel: m5dBm;DATA: 98,10629342490369879,26406,-6869,1070,1166235,7161971,-5706,3485,-7435,-2410,-8454,-4765
1736074893.998990;m3-43;[in broadcast_data() INFO] POWER LEVEL: m4dBm
1736074894.497132;m3-88;From: 1454 (m3-81);Len: 113;Rssi: -91;PowerLevel: m4dBm;DATA: 98,10629342490369879,26406,-6869,1070,1166235,7161971,-5706,3485,-7435,-2410,-8454,-4765
1736074895.003802;m3-12;From: 1454 (m3-81);Len: 113;Rssi: -91;PowerLevel: m4dBm;DATA: 98,10629342490369879,26406,-6869,1070,1166235,7161971,-5706,3485,-7435,-2410,-8454,-4765
1736074895.008739;m3-88;From: 1454 (m3-81);Len: 113;Rssi: -91;PowerLevel: m4dBm;DATA: 98,10629342490369879,26406,-6869,1070,1166235,7161971,-5706,3485,-7435,-2410,-8454,-4765
1736074895.499648;m3-12;From: 1454 (m3-81);Len: 113;Rssi: -91;PowerLevel: m4dBm;DATA: 98,10629342490369879,26406,-6869,1070,1166235,7161971,-5706,3485,-7435,-2410,-8454,-4765
1736074895.504787;m3-88;From: 1454 (m3-81);Len: 113;Rssi: -91;PowerLevel: m4dBm;DATA: 98,10629342490369879,26406,-6869,1070,1166235,7161971,-5706,3485,-7435,-2410,-8454,-4765
1736074897.755424;m3-12;From: 1454 (m3-81);Len: 113;Rssi: -91;PowerLevel: m4dBm;DATA: 98,10629342490369879,26406,-6869,1070,1166235,7161971,-5706,3485,-7435,-2410,-8454,-4765
1736074904.494344;m3-43;[in broadcast_data() INFO] POWER LEVEL: m3dBm
1736074905.003054;m3-12;From: 1454 (m3-81);Len: 113;Rssi: -91;PowerLevel: m3dBm;DATA: 98,10629342490369879,26406,-6869,1070,1166235,7161971,-5706,3485,-7435,-2410,-8454,-4765
1736074905.258923;m3-12;From: 1454 (m3-81);Len: 113;Rssi: -91;PowerLevel: m3dBm;DATA: 98,10629342490369879,26406,-6869,1070,1166235,7161971,-5706,3485,-7435,-2410,-8454,-4765
1736074905.754867;m3-12;From: 1454 (m3-81);Len: 113;Rssi: -91;PowerLevel: m3dBm;DATA: 98,10629342490369879,26406,-6869,1070,1166235,7161971,-5706,3485,-7435,-2410,-8454,-4765
1736074906.010767;m3-12;From: 1454 (m3-81);Len: 113;Rssi: -91;PowerLevel: m3dBm;DATA: 98,10629342490369879,26406,-6869,1070,1166235,7161971,-5706,3485,-7435,-2410,-8454,-4765
1736074907.499042;m3-12;From: 1454 (m3-81);Len: 113;Rssi: -91;PowerLevel: m3dBm;DATA: 98,10629342490369879,26406,-6869,1070,1166235,7161971,-5706,3485,-7435,-2410,-8454,-4765
1736074908.250752;m3-12;From: 1454 (m3-81);Len: 113;Rssi: -91;PowerLevel: m3dBm;DATA: 98,10629342490369879,26406,-6869,1070,1166235,7161971,-5706,3485,-7435,-2410,-8454,-4765
1736074908.506679;m3-12;From: 1454 (m3-81);Len: 113;Rssi: -91;PowerLevel: m3dBm;DATA: 98,10629342490369879,26406,-6869,1070,1166235,7161971,-5706,3485,-7435,-2410,-8454,-4765
1736074910.250721;m3-12;From: 1454 (m3-81);Len: 113;Rssi: -91;PowerLevel: m3dBm;DATA: 98,10629342490369879,26406,-6869,1070,1166235,7161971,-5706,3485,-7435,-2410,-8454,-4765
1736074910.762401;m3-12;From: 1454 (m3-81);Len: 113;Rssi: -91;PowerLevel: m3dBm;DATA: 98,10629342490369879,26406,-6869,1070,1166235,7161971,-5706,3485,-7435,-2410,-8454,-4765
1736074911.754630;m3-12;From: 1454 (m3-81);Len: 113;Rssi: -91;PowerLevel: m3dBm;DATA: 98,10629342490369879,26406,-6869,1070,1166235,7161971,-5706,3485,-7435,-2410,-8454,-4765
1736074915.002381;m3-12;From: 1454 (m3-81);Len: 113;Rssi: -91;PowerLevel: m2dBm;DATA: 98,10629342490369879,26406,-6869,1070,1166235,7161971,-5706,3485,-7435,-2410,-8454,-4765
1736074915.005499;m3-43;[in broadcast_data() INFO] POWER LEVEL: m2dBm
1736074915.258302;m3-12;From: 1454 (m3-81);Len: 113;Rssi: -91;PowerLevel: m2dBm;DATA: 98,10629342490369879,26406,-6869,1070,1166235,7161971,-5706,3485,-7435,-2410,-8454,-4765
1736074916.010156;m3-12;From: 1454 (m3-81);Len: 113;Rssi: -91;PowerLevel: m2dBm;DATA: 98,10629342490369879,26406,-6869,1070,1166235,7161971,-5706,3485,-7435,-2410,-8454,-4765
1736074916.506191;m3-12;From: 1454 (m3-81);Len: 113;Rssi: -91;PowerLevel: m2dBm;DATA: 98,10629342490369879,26406,-6869,1070,1166235,7161971,-5706,3485,-7435,-2410,-8454,-4765
1736074916.506939;m3-11;From: 1454 (m3-81);Len: 113;Rssi: -91;PowerLevel: m2dBm;DATA: 98,10629342490369879,26406,-6869,1070,1166235,7161971,-5706,3485,-7435,-2410,-8454,-4765
1736074916.761964;m3-12;From: 1454 (m3-81);Len: 113;Rssi: -91;PowerLevel: m2dBm;DATA: 98,10629342490369879,26406,-6869,1070,1166235,7161971,-5706,3485,-7435,-2410,-8454,-4765
1736074917.001933;m3-12;From: 1454 (m3-81);Len: 113;Rssi: -91;PowerLevel: m2dBm;DATA: 98,10629342490369879,26406,-6869,1070,1166235,7161971,-5706,3485,-7435,-2410,-8454,-4765
1736074917.513847;m3-12;From: 1454 (m3-81);Len: 113;Rssi: -91;PowerLevel: m2dBm;DATA: 98,10629342490369879,26406,-6869,1070,1166235,7161971,-5706,3485,-7435,-2410,-8454,-4765
1736074918.009925;m3-12;From: 1454 (m3-81);Len: 113;Rssi: -91;PowerLevel: m2dBm;DATA: 98,10629342490369879,26406,-6869,1070,1166235,7161971,-5706,3485,-7435,-2410,-8454,-4765
1736074918.250024;m3-12;From: 1454 (m3-81);Len: 113;Rssi: -91;PowerLevel: m2dBm;DATA: 98,10629342490369879,26406,-6869,1070,1166235,7161971,-5706,3485,-7435,-2410,-8454,-4765
1736074918.761774;m3-12;From: 1454 (m3-81);Len: 113;Rssi: -91;PowerLevel: m2dBm;DATA: 98,10629342490369879,26406,-6869,1070,1166235,7161971,-5706,3485,-7435,-2410,-8454,-4765
1736074919.001781;m3-12;From: 1454 (m3-81);Len: 113;Rssi: -91;PowerLevel: m2dBm;DATA: 98,10629342490369879,26406,-6869,1070,1166235,7161971,-5706,3485,-7435,-2410,-8454,-4765
1736074925.500851;m3-43;[in broadcast_data() INFO] POWER LEVEL: m1dBm
1736074925.513815;m3-11;From: 1454 (m3-81);Len: 113;Rssi: -91;PowerLevel: m1dBm;DATA: 98,10629342490369879,26406,-6869,1070,1166235,7161971,-5706,3485,-7435,-2410,-8454,-4765
1736074926.009929;m3-11;From: 1454 (m3-81);Len: 113;Rssi: -91;PowerLevel: m1dBm;DATA: 98,10629342490369879,26406,-6869,1070,1166235,7161971,-5706,3485,-7435,-2410,-8454,-4765
1736074926.505947;m3-11;From: 1454 (m3-81);Len: 113;Rssi: -91;PowerLevel: m1dBm;DATA: 98,10629342490369879,26406,-6869,1070,1166235,7161971,-5706,3485,-7435,-2410,-8454,-4765
1736074926.761781;m3-11;From: 1454 (m3-81);Len: 113;Rssi: -91;PowerLevel: m1dBm;DATA: 98,10629342490369879,26406,-6869,1070,1166235,7161971,-5706,3485,-7435,-2410,-8454,-4765
1736074927.257876;m3-11;From: 1454 (m3-81);Len: 113;Rssi: -91;PowerLevel: m1dBm;DATA: 98,10629342490369879,26406,-6869,1070,1166235,7161971,-5706,3485,-7435,-2410,-8454,-4765
1736074927.753834;m3-11;From: 1454 (m3-81);Len: 113;Rssi: -91;PowerLevel: m1dBm;DATA: 98,10629342490369879,26406,-6869,1070,1166235,7161971,-5706,3485,-7435,-2410,-8454,-4765
1736074929.001808;m3-11;From: 1454 (m3-81);Len: 113;Rssi: -91;PowerLevel: m1dBm;DATA: 98,10629342490369879,26406,-6869,1070,1166235,7161971,-5706,3485,-7435,-2410,-8454,-4765
1736074929.502210;m3-4;From: 1454 (m3-81);Len: 113;Rssi: -91;PowerLevel: m1dBm;DATA: 98,10629342490369879,26406,-6869,1070,1166235,7161971,-5706,3485,-7435,-2410,-8454,-4765
1736074929.504937;m3-58;From: 1454 (m3-81);Len: 113;Rssi: -91;PowerLevel: m1dBm;DATA: 98,10629342490369879,26406,-6869,1070,1166235,7161971,-5706,3485,-7435,-2410,-8454,-4765
1736074929.753667;m3-11;From: 1454 (m3-81);Len: 113;Rssi: -91;PowerLevel: m1dBm;DATA: 98,10629342490369879,26406,-6869,1070,1166235,7161971,-5706,3485,-7435,-2410,-8454,-4765
1736074929.757863;m3-4;From: 1454 (m3-81);Len: 113;Rssi: -91;PowerLevel: m1dBm;DATA: 98,10629342490369879,26406,-6869,1070,1166235,7161971,-5706,3485,-7435,-2410,-8454,-4765
1736074930.505663;m3-11;From: 1454 (m3-81);Len: 113;Rssi: -91;PowerLevel: m1dBm;DATA: 98,10629342490369879,26406,-6869,1070,1166235,7161971,-5706,3485,-7435,-2410,-8454,-4765
1736074930.509956;m3-4;From: 1454 (m3-81);Len: 113;Rssi: -91;PowerLevel: m1dBm;DATA: 98,10629342490369879,26406,-6869,1070,1166235,7161971,-5706,3485,-7435,-2410,-8454,-4765
1736074930.512669;m3-58;From: 1454 (m3-81);Len: 113;Rssi: -91;PowerLevel: m1dBm;DATA: 98,10629342490369879,26406,-6869,1070,1166235,7161971,-5706,3485,-7435,-2410,-8454,-4765
1736074931.504701;m3-58;From: 1454 (m3-81);Len: 113;Rssi: -91;PowerLevel: m1dBm;DATA: 98,10629342490369879,26406,-6869,1070,1166235,7161971,-5706,3485,-7435,-2410,-8454,-4765
1736074931.513356;m3-11;From: 1454 (m3-81);Len: 113;Rssi: -91;PowerLevel: m1dBm;DATA: 98,10629342490369879,26406,-6869,1070,1166235,7161971,-5706,3485,-7435,-2410,-8454,-4765
1736074931.757879;m3-4;From: 1454 (m3-81);Len: 113;Rssi: -91;PowerLevel: m1dBm;DATA: 98,10629342490369879,26406,-6869,1070,1166235,7161971,-5706,3485,-7435,-2410,-8454,-4765
1736074932.509825;m3-4;From: 1454 (m3-81);Len: 113;Rssi: -91;PowerLevel: m1dBm;DATA: 98,10629342490369879,26406,-6869,1070,1166235,7161971,-5706,3485,-7435,-2410,-8454,-4765
1736074935.995995;m3-43;[in broadcast_data() INFO] POWER LEVEL: 0_7dBm
1736074936.009340;m3-11;From: 1454 (m3-81);Len: 114;Rssi: -91;PowerLevel: 0_7dBm;DATA: 98,10629342490369879,26406,-6869,1070,1166235,7161971,-5706,3485,-7435,-2410,-8454,-4765
1736074936.013646;m3-4;From: 1454 (m3-81);Len: 114;Rssi: -91;PowerLevel: 0_7dBm;DATA: 98,10629342490369879,26406,-6869,1070,1166235,7161971,-5706,3485,-7435,-2410,-8454,-4765
1736074936.256508;m3-58;From: 1454 (m3-81);Len: 114;Rssi: -91;PowerLevel: 0_7dBm;DATA: 98,10629342490369879,26406,-6869,1070,1166235,7161971,-5706,3485,-7435,-2410,-8454,-4765
1736074936.265120;m3-11;From: 1454 (m3-81);Len: 114;Rssi: -91;PowerLevel: 0_7dBm;DATA: 98,10629342490369879,26406,-6869,1070,1166235,7161971,-5706,3485,-7435,-2410,-8454,-4765
1736074937.501626;m3-4;From: 1454 (m3-81);Len: 114;Rssi: -91;PowerLevel: 0_7dBm;DATA: 98,10629342490369879,26406,-6869,1070,1166235,7161971,-5706,3485,-7435,-2410,-8454,-4765
1736074937.513132;m3-11;From: 1454 (m3-81);Len: 114;Rssi: -91;PowerLevel: 0_7dBm;DATA: 98,10629342490369879,26406,-6869,1070,1166235,7161971,-5706,3485,-7435,-2410,-8454,-4765
1736074937.753081;m3-11;From: 1454 (m3-81);Len: 114;Rssi: -91;PowerLevel: 0_7dBm;DATA: 98,10629342490369879,26406,-6869,1070,1166235,7161971,-5706,3485,-7435,-2410,-8454,-4765
1736074937.760355;m3-58;From: 1454 (m3-81);Len: 114;Rssi: -91;PowerLevel: 0_7dBm;DATA: 98,10629342490369879,26406,-6869,1070,1166235,7161971,-5706,3485,-7435,-2410,-8454,-4765
1736074938.008819;m3-11;From: 1454 (m3-81);Len: 114;Rssi: -91;PowerLevel: 0_7dBm;DATA: 98,10629342490369879,26406,-6869,1070,1166235,7161971,-5706,3485,-7435,-2410,-8454,-4765
1736074938.013227;m3-4;From: 1454 (m3-81);Len: 114;Rssi: -91;PowerLevel: 0_7dBm;DATA: 98,10629342490369879,26406,-6869,1070,1166235,7161971,-5706,3485,-7435,-2410,-8454,-4765
1736074938.016064;m3-58;From: 1454 (m3-81);Len: 114;Rssi: -91;PowerLevel: 0_7dBm;DATA: 98,10629342490369879,26406,-6869,1070,1166235,7161971,-5706,3485,-7435,-2410,-8454,-4765
1736074938.256315;m3-58;From: 1454 (m3-81);Len: 114;Rssi: -91;PowerLevel: 0_7dBm;DATA: 98,10629342490369879,26406,-6869,1070,1166235,7161971,-5706,3485,-7435,-2410,-8454,-4765
1736074938.264840;m3-11;From: 1454 (m3-81);Len: 114;Rssi: -91;PowerLevel: 0_7dBm;DATA: 98,10629342490369879,26406,-6869,1070,1166235,7161971,-5706,3485,-7435,-2410,-8454,-4765
1736074938.504944;m3-11;From: 1454 (m3-81);Len: 114;Rssi: -91;PowerLevel: 0_7dBm;DATA: 98,10629342490369879,26406,-6869,1070,1166235,7161971,-5706,3485,-7435,-2410,-8454,-4765
1736074938.509326;m3-4;From: 1454 (m3-81);Len: 114;Rssi: -91;PowerLevel: 0_7dBm;DATA: 98,10629342490369879,26406,-6869,1070,1166235,7161971,-5706,3485,-7435,-2410,-8454,-4765
1736074938.512259;m3-58;From: 1454 (m3-81);Len: 114;Rssi: -91;PowerLevel: 0_7dBm;DATA: 98,10629342490369879,26406,-6869,1070,1166235,7161971,-5706,3485,-7435,-2410,-8454,-4765
1736074938.752212;m3-58;From: 1454 (m3-81);Len: 114;Rssi: -91;PowerLevel: 0_7dBm;DATA: 98,10629342490369879,26406,-6869,1070,1166235,7161971,-5706,3485,-7435,-2410,-8454,-4765
1736074938.765166;m3-4;From: 1454 (m3-81);Len: 114;Rssi: -91;PowerLevel: 0_7dBm;DATA: 98,10629342490369879,26406,-6869,1070,1166235,7161971,-5706,3485,-7435,-2410,-8454,-4765
1736074939.752987;m3-11;From: 1454 (m3-81);Len: 114;Rssi: -91;PowerLevel: 0_7dBm;DATA: 98,10629342490369879,26406,-6869,1070,1166235,7161971,-5706,3485,-7435,-2410,-8454,-4765
1736074939.757354;m3-4;From: 1454 (m3-81);Len: 114;Rssi: -91;PowerLevel: 0_7dBm;DATA: 98,10629342490369879,26406,-6869,1070,1166235,7161971,-5706,3485,-7435,-2410,-8454,-4765
1736074939.760207;m3-58;From: 1454 (m3-81);Len: 114;Rssi: -91;PowerLevel: 0_7dBm;DATA: 98,10629342490369879,26406,-6869,1070,1166235,7161971,-5706,3485,-7435,-2410,-8454,-4765
1736074940.253372;m3-4;From: 1454 (m3-81);Len: 114;Rssi: -91;PowerLevel: 0_7dBm;DATA: 98,10629342490369879,26406,-6869,1070,1166235,7161971,-5706,3485,-7435,-2410,-8454,-4765
1736074940.256205;m3-58;From: 1454 (m3-81);Len: 114;Rssi: -91;PowerLevel: 0_7dBm;DATA: 98,10629342490369879,26406,-6869,1070,1166235,7161971,-5706,3485,-7435,-2410,-8454,-4765
1736074940.264777;m3-11;From: 1454 (m3-81);Len: 114;Rssi: -91;PowerLevel: 0_7dBm;DATA: 98,10629342490369879,26406,-6869,1070,1166235,7161971,-5706,3485,-7435,-2410,-8454,-4765
1736074940.752225;m3-58;From: 1454 (m3-81);Len: 114;Rssi: -91;PowerLevel: 0_7dBm;DATA: 98,10629342490369879,26406,-6869,1070,1166235,7161971,-5706,3485,-7435,-2410,-8454,-4765
1736074940.760698;m3-11;From: 1454 (m3-81);Len: 114;Rssi: -91;PowerLevel: 0_7dBm;DATA: 98,10629342490369879,26406,-6869,1070,1166235,7161971,-5706,3485,-7435,-2410,-8454,-4765
1736074941.256861;m3-11;From: 1454 (m3-81);Len: 114;Rssi: -91;PowerLevel: 0_7dBm;DATA: 98,10629342490369879,26406,-6869,1070,1166235,7161971,-5706,3485,-7435,-2410,-8454,-4765
1736074941.757315;m3-4;From: 1454 (m3-81);Len: 114;Rssi: -91;PowerLevel: 0_7dBm;DATA: 98,10629342490369879,26406,-6869,1070,1166235,7161971,-5706,3485,-7435,-2410,-8454,-4765
1736074942.008634;m3-11;From: 1454 (m3-81);Len: 114;Rssi: -91;PowerLevel: 0_7dBm;DATA: 98,10629342490369879,26406,-6869,1070,1166235,7161971,-5706,3485,-7435,-2410,-8454,-4765
1736074942.013103;m3-4;From: 1454 (m3-81);Len: 114;Rssi: -91;PowerLevel: 0_7dBm;DATA: 98,10629342490369879,26406,-6869,1070,1166235,7161971,-5706,3485,-7435,-2410,-8454,-4765
1736074942.015952;m3-58;From: 1454 (m3-81);Len: 114;Rssi: -91;PowerLevel: 0_7dBm;DATA: 98,10629342490369879,26406,-6869,1070,1166235,7161971,-5706,3485,-7435,-2410,-8454,-4765
1736074942.504745;m3-11;From: 1454 (m3-81);Len: 114;Rssi: -91;PowerLevel: 0_7dBm;DATA: 98,10629342490369879,26406,-6869,1070,1166235,7161971,-5706,3485,-7435,-2410,-8454,-4765
1736074942.509093;m3-4;From: 1454 (m3-81);Len: 114;Rssi: -91;PowerLevel: 0_7dBm;DATA: 98,10629342490369879,26406,-6869,1070,1166235,7161971,-5706,3485,-7435,-2410,-8454,-4765
1736074942.512094;m3-58;From: 1454 (m3-81);Len: 114;Rssi: -91;PowerLevel: 0_7dBm;DATA: 98,10629342490369879,26406,-6869,1070,1166235,7161971,-5706,3485,-7435,-2410,-8454,-4765
1736074946.507502;m3-43;[in broadcast_data() INFO] POWER LEVEL: 1_3dBm
1736074946.508769;m3-4;From: 1454 (m3-81);Len: 114;Rssi: -91;PowerLevel: 1_3dBm;DATA: 98,10629342490369879,26406,-6869,1070,1166235,7161971,-5706,3485,-7435,-2410,-8454,-4765
1736074946.511875;m3-58;From: 1454 (m3-81);Len: 114;Rssi: -91;PowerLevel: 1_3dBm;DATA: 98,10629342490369879,26406,-6869,1070,1166235,7161971,-5706,3485,-7435,-2410,-8454,-4765
1736074946.764729;m3-4;From: 1454 (m3-81);Len: 114;Rssi: -91;PowerLevel: 1_3dBm;DATA: 98,10629342490369879,26406,-6869,1070,1166235,7161971,-5706,3485,-7435,-2410,-8454,-4765
1736074947.004711;m3-4;From: 1454 (m3-81);Len: 114;Rssi: -91;PowerLevel: 1_3dBm;DATA: 98,10629342490369879,26406,-6869,1070,1166235,7161971,-5706,3485,-7435,-2410,-8454,-4765
1736074947.007646;m3-58;From: 1454 (m3-81);Len: 114;Rssi: -91;PowerLevel: 1_3dBm;DATA: 98,10629342490369879,26406,-6869,1070,1166235,7161971,-5706,3485,-7435,-2410,-8454,-4765
1736074947.756939;m3-4;From: 1454 (m3-81);Len: 114;Rssi: -91;PowerLevel: 1_3dBm;DATA: 98,10629342490369879,26406,-6869,1070,1166235,7161971,-5706,3485,-7435,-2410,-8454,-4765
1736074947.759748;m3-58;From: 1454 (m3-81);Len: 114;Rssi: -91;PowerLevel: 1_3dBm;DATA: 98,10629342490369879,26406,-6869,1070,1166235,7161971,-5706,3485,-7435,-2410,-8454,-4765
1736074948.252792;m3-4;From: 1454 (m3-81);Len: 114;Rssi: -91;PowerLevel: 1_3dBm;DATA: 98,10629342490369879,26406,-6869,1070,1166235,7161971,-5706,3485,-7435,-2410,-8454,-4765
1736074948.255733;m3-58;From: 1454 (m3-81);Len: 114;Rssi: -91;PowerLevel: 1_3dBm;DATA: 98,10629342490369879,26406,-6869,1070,1166235,7161971,-5706,3485,-7435,-2410,-8454,-4765
1736074948.764605;m3-4;From: 1454 (m3-81);Len: 114;Rssi: -91;PowerLevel: 1_3dBm;DATA: 98,10629342490369879,26406,-6869,1070,1166235,7161971,-5706,3485,-7435,-2410,-8454,-4765
1736074948.767423;m3-58;From: 1454 (m3-81);Len: 114;Rssi: -91;PowerLevel: 1_3dBm;DATA: 98,10629342490369879,26406,-6869,1070,1166235,7161971,-5706,3485,-7435,-2410,-8454,-4765
1736074949.004621;m3-4;From: 1454 (m3-81);Len: 114;Rssi: -91;PowerLevel: 1_3dBm;DATA: 98,10629342490369879,26406,-6869,1070,1166235,7161971,-5706,3485,-7435,-2410,-8454,-4765
1736074950.511622;m3-58;From: 1454 (m3-81);Len: 114;Rssi: -91;PowerLevel: 1_3dBm;DATA: 98,10629342490369879,26406,-6869,1070,1166235,7161971,-5706,3485,-7435,-2410,-8454,-4765
1736074950.764353;m3-4;From: 1454 (m3-81);Len: 114;Rssi: -91;PowerLevel: 1_3dBm;DATA: 98,10629342490369879,26406,-6869,1070,1166235,7161971,-5706,3485,-7435,-2410,-8454,-4765
1736074951.004377;m3-4;From: 1454 (m3-81);Len: 114;Rssi: -91;PowerLevel: 1_3dBm;DATA: 98,10629342490369879,26406,-6869,1070,1166235,7161971,-5706,3485,-7435,-2410,-8454,-4765
1736074951.007344;m3-58;From: 1454 (m3-81);Len: 114;Rssi: -91;PowerLevel: 1_3dBm;DATA: 98,10629342490369879,26406,-6869,1070,1166235,7161971,-5706,3485,-7435,-2410,-8454,-4765
1736074952.255477;m3-58;From: 1454 (m3-81);Len: 114;Rssi: -91;PowerLevel: 1_3dBm;DATA: 98,10629342490369879,26406,-6869,1070,1166235,7161971,-5706,3485,-7435,-2410,-8454,-4765
1736074952.767300;m3-58;From: 1454 (m3-81);Len: 114;Rssi: -91;PowerLevel: 1_3dBm;DATA: 98,10629342490369879,26406,-6869,1070,1166235,7161971,-5706,3485,-7435,-2410,-8454,-4765
1736074953.263293;m3-58;From: 1454 (m3-81);Len: 114;Rssi: -91;PowerLevel: 1_3dBm;DATA: 98,10629342490369879,26406,-6869,1070,1166235,7161971,-5706,3485,-7435,-2410,-8454,-4765
1736074957.002714;m3-43;[in broadcast_data() INFO] POWER LEVEL: 1_8dBm
1736074963.017362;m3-25;From: 1454 (m3-81);Len: 114;Rssi: -90;PowerLevel: 1_8dBm;DATA: 98,10629342490369879,26406,-6869,1070,1166235,7161971,-5706,3485,-7435,-2410,-8454,-4765
1736074967.497858;m3-43;[in broadcast_data() INFO] POWER LEVEL: 2_3dBm
1736074974.507222;m3-81;From: 1454 (m3-81);Len: 114;Rssi: -91;PowerLevel: 2_3dBm;DATA: 98,10629342490369879,26406,-6869,1070,1166235,7161971,-5706,3485,-7435,-2410,-8454,-4765
1736074974.760789;m3-25;From: 1454 (m3-81);Len: 114;Rssi: -90;PowerLevel: 2_3dBm;DATA: 98,10629342490369879,26406,-6869,1070,1166235,7161971,-5706,3485,-7435,-2410,-8454,-4765
1736074978.009137;m3-43;[in broadcast_data() INFO] POWER LEVEL: 2_8dBm
1736074978.266821;m3-81;From: 1454 (m3-81);Len: 114;Rssi: -91;PowerLevel: 2_8dBm;DATA: 98,10629342490369879,26406,-6869,1070,1166235,7161971,-5706,3485,-7435,-2410,-8454,-4765
1736074978.762670;m3-81;From: 1454 (m3-81);Len: 114;Rssi: -91;PowerLevel: 2_8dBm;DATA: 98,10629342490369879,26406,-6869,1070,1166235,7161971,-5706,3485,-7435,-2410,-8454,-4765
1736074979.017603;m3-9;From: 1454 (m3-81);Len: 114;Rssi: -91;PowerLevel: 2_8dBm;DATA: 98,10629342490369879,26406,-6869,1070,1166235,7161971,-5706,3485,-7435,-2410,-8454,-4765
1736074979.258664;m3-81;From: 1454 (m3-81);Len: 114;Rssi: -91;PowerLevel: 2_8dBm;DATA: 98,10629342490369879,26406,-6869,1070,1166235,7161971,-5706,3485,-7435,-2410,-8454,-4765
1736074982.762697;m3-81;From: 1454 (m3-81);Len: 114;Rssi: -91;PowerLevel: 2_8dBm;DATA: 98,10629342490369879,26406,-6869,1070,1166235,7161971,-5706,3485,-7435,-2410,-8454,-4765
1736074983.258428;m3-81;From: 1454 (m3-81);Len: 114;Rssi: -91;PowerLevel: 2_8dBm;DATA: 98,10629342490369879,26406,-6869,1070,1166235,7161971,-5706,3485,-7435,-2410,-8454,-4765
1736074984.506407;m3-81;From: 1454 (m3-81);Len: 114;Rssi: -91;PowerLevel: 2_8dBm;DATA: 98,10629342490369879,26406,-6869,1070,1166235,7161971,-5706,3485,-7435,-2410,-8454,-4765
1736074985.018042;m3-81;From: 1454 (m3-81);Len: 114;Rssi: -91;PowerLevel: 2_8dBm;DATA: 98,10629342490369879,26406,-6869,1070,1166235,7161971,-5706,3485,-7435,-2410,-8454,-4765
1736074988.504548;m3-43;[in broadcast_data() INFO] POWER LEVEL: 3dBm
1736074988.521829;m3-81;From: 1454 (m3-81);Len: 112;Rssi: -91;PowerLevel: 3dBm;DATA: 98,10629342490369879,26406,-6869,1070,1166235,7161971,-5706,3485,-7435,-2410,-8454,-4765
1736074989.513083;m3-9;From: 1454 (m3-81);Len: 112;Rssi: -91;PowerLevel: 3dBm;DATA: 98,10629342490369879,26406,-6869,1070,1166235,7161971,-5706,3485,-7435,-2410,-8454,-4765
1736074990.008760;m3-9;From: 1454 (m3-81);Len: 112;Rssi: -91;PowerLevel: 3dBm;DATA: 98,10629342490369879,26406,-6869,1070,1166235,7161971,-5706,3485,-7435,-2410,-8454,-4765
1736074990.009604;m3-81;From: 1454 (m3-81);Len: 112;Rssi: -91;PowerLevel: 3dBm;DATA: 98,10629342490369879,26406,-6869,1070,1166235,7161971,-5706,3485,-7435,-2410,-8454,-4765
1736074990.759759;m3-25;From: 1454 (m3-81);Len: 112;Rssi: -90;PowerLevel: 3dBm;DATA: 98,10629342490369879,26406,-6869,1070,1166235,7161971,-5706,3485,-7435,-2410,-8454,-4765
1736074991.256819;m3-9;From: 1454 (m3-81);Len: 112;Rssi: -91;PowerLevel: 3dBm;DATA: 98,10629342490369879,26406,-6869,1070,1166235,7161971,-5706,3485,-7435,-2410,-8454,-4765
1736074991.257583;m3-81;From: 1454 (m3-81);Len: 112;Rssi: -91;PowerLevel: 3dBm;DATA: 98,10629342490369879,26406,-6869,1070,1166235,7161971,-5706,3485,-7435,-2410,-8454,-4765
1736074991.768537;m3-9;From: 1454 (m3-81);Len: 112;Rssi: -91;PowerLevel: 3dBm;DATA: 98,10629342490369879,26406,-6869,1070,1166235,7161971,-5706,3485,-7435,-2410,-8454,-4765
1736074991.769375;m3-81;From: 1454 (m3-81);Len: 112;Rssi: -91;PowerLevel: 3dBm;DATA: 98,10629342490369879,26406,-6869,1070,1166235,7161971,-5706,3485,-7435,-2410,-8454,-4765
1736074993.017751;m3-81;From: 1454 (m3-81);Len: 112;Rssi: -91;PowerLevel: 3dBm;DATA: 98,10629342490369879,26406,-6869,1070,1166235,7161971,-5706,3485,-7435,-2410,-8454,-4765
1736074993.512670;m3-9;From: 1454 (m3-81);Len: 112;Rssi: -91;PowerLevel: 3dBm;DATA: 98,10629342490369879,26406,-6869,1070,1166235,7161971,-5706,3485,-7435,-2410,-8454,-4765
1736074994.008535;m3-9;From: 1454 (m3-81);Len: 112;Rssi: -91;PowerLevel: 3dBm;DATA: 98,10629342490369879,26406,-6869,1070,1166235,7161971,-5706,3485,-7435,-2410,-8454,-4765
1736074994.009372;m3-81;From: 1454 (m3-81);Len: 112;Rssi: -91;PowerLevel: 3dBm;DATA: 98,10629342490369879,26406,-6869,1070,1166235,7161971,-5706,3485,-7435,-2410,-8454,-4765
1736074994.519139;m3-25;From: 1454 (m3-81);Len: 112;Rssi: -90;PowerLevel: 3dBm;DATA: 98,10629342490369879,26406,-6869,1070,1166235,7161971,-5706,3485,-7435,-2410,-8454,-4765
1736074995.257648;m3-81;From: 1454 (m3-81);Len: 112;Rssi: -91;PowerLevel: 3dBm;DATA: 98,10629342490369879,26406,-6869,1070,1166235,7161971,-5706,3485,-7435,-2410,-8454,-4765
1736074998.999704;m3-43;[in bc_task() INFO] state PHY_STATE_IDLE
1736074999.000044;m3-43;
