1736074576.376827;m3-42;[in bc_task() INFO] > PHY_IDLE
1736074576.377150;m3-42;
1736074581.368448;m3-42;[in broadcast_data() INFO] POWER LEVEL: m17dBm
1736074581.377766;m3-37;From: A889 (m3-235);Len: 114;Rssi: -72;PowerLevel: m17dBm;DATA: 98,10629342490369879,26406,-6869,1070,1166235,7161971,-5706,3485,-7435,-2410,-8454,-4765
1736074581.378440;m3-38;From: A889 (m3-235);Len: 114;Rssi: -67;PowerLevel: m17dBm;DATA: 98,10629342490369879,26406,-6869,1070,1166235,7161971,-5706,3485,-7435,-2410,-8454,-4765
1736074581.379815;m3-39;From: A889 (m3-235);Len: 114;Rssi: -59;PowerLevel: m17dBm;DATA: 98,10629342490369879,26406,-6869,1070,1166235,7161971,-5706,3485,-7435,-2410,-8454,-4765
1736074581.381290;m3-44;From: A889 (m3-235);Len: 114;Rssi: -68;PowerLevel: m17dBm;DATA: 98,10629342490369879,26406,-6869,1070,1166235,7161971,-5706,3485,-7435,-2410,-8454,-4765
1736074581.381880;m3-40;From: A889 (m3-235);Len: 114;Rssi: -70;PowerLevel: m17dBm;DATA: 98,10629342490369879,26406,-6869,1070,1166235,7161971,-5706,3485,-7435,-2410,-8454,-4765
1736074581.382945;m3-41;From: A889 (m3-235);Len: 114;Rssi: -70;PowerLevel: m17dBm;DATA: 98,10629342490369879,26406,-6869,1070,1166235,7161971,-5706,3485,-7435,-2410,-8454,-4765
1736074581.387732;m3-45;From: A889 (m3-235);Len: 114;Rssi: -68;PowerLevel: m17dBm;DATA: 98,10629342490369879,26406,-6869,1070,1166235,7161971,-5706,3485,-7435,-2410,-8454,-4765
1736074581.389622;m3-36;From: A889 (m3-235);Len: 114;Rssi: -70;PowerLevel: m17dBm;DATA: 98,10629342490369879,26406,-6869,1070,1166235,7161971,-5706,3485,-7435,-2410,-8454,-4765
1736074581.390653;m3-31;From: A889 (m3-235);Len: 114;Rssi: -82;PowerLevel: m17dBm;DATA: 98,10629342490369879,26406,-6869,1070,1166235,7161971,-5706,3485,-7435,-2410,-8454,-4765
1736074581.391433;m3-43;From: A889 (m3-235);Len: 114;Rssi: -67;PowerLevel: m17dBm;DATA: 98,10629342490369879,26406,-6869,1070,1166235,7161971,-5706,3485,-7435,-2410,-8454,-4765
1736074581.627588;m3-45;From: A889 (m3-235);Len: 114;Rssi: -68;PowerLevel: m17dBm;DATA: 98,10629342490369879,26406,-6869,1070,1166235,7161971,-5706,3485,-7435,-2410,-8454,-4765
1736074581.629683;m3-36;From: A889 (m3-235);Len: 114;Rssi: -70;PowerLevel: m17dBm;DATA: 98,10629342490369879,26406,-6869,1070,1166235,7161971,-5706,3485,-7435,-2410,-8454,-4765
1736074581.630763;m3-31;From: A889 (m3-235);Len: 114;Rssi: -82;PowerLevel: m17dBm;DATA: 98,10629342490369879,26406,-6869,1070,1166235,7161971,-5706,3485,-7435,-2410,-8454,-4765
1736074581.631499;m3-43;From: A889 (m3-235);Len: 114;Rssi: -67;PowerLevel: m17dBm;DATA: 98,10629342490369879,26406,-6869,1070,1166235,7161971,-5706,3485,-7435,-2410,-8454,-4765
1736074581.633500;m3-37;From: A889 (m3-235);Len: 114;Rssi: -72;PowerLevel: m17dBm;DATA: 98,10629342490369879,26406,-6869,1070,1166235,7161971,-5706,3485,-7435,-2410,-8454,-4765
1736074581.634052;m3-38;From: A889 (m3-235);Len: 114;Rssi: -67;PowerLevel: m17dBm;DATA: 98,10629342490369879,26406,-6869,1070,1166235,7161971,-5706,3485,-7435,-2410,-8454,-4765
1736074581.635502;m3-39;From: A889 (m3-235);Len: 114;Rssi: -58;PowerLevel: m17dBm;DATA: 98,10629342490369879,26406,-6869,1070,1166235,7161971,-5706,3485,-7435,-2410,-8454,-4765
1736074581.637097;m3-44;From: A889 (m3-235);Len: 114;Rssi: -68;PowerLevel: m17dBm;DATA: 98,10629342490369879,26406,-6869,1070,1166235,7161971,-5706,3485,-7435,-2410,-8454,-4765
1736074581.637649;m3-40;From: A889 (m3-235);Len: 114;Rssi: -70;PowerLevel: m17dBm;DATA: 98,10629342490369879,26406,-6869,1070,1166235,7161971,-5706,3485,-7435,-2410,-8454,-4765
1736074581.638601;m3-41;From: A889 (m3-235);Len: 114;Rssi: -70;PowerLevel: m17dBm;DATA: 98,10629342490369879,26406,-6869,1070,1166235,7161971,-5706,3485,-7435,-2410,-8454,-4765
1736074581.877238;m3-44;From: A889 (m3-235);Len: 114;Rssi: -68;PowerLevel: m17dBm;DATA: 98,10629342490369879,26406,-6869,1070,1166235,7161971,-5706,3485,-7435,-2410,-8454,-4765
1736074581.877772;m3-40;From: A889 (m3-235);Len: 114;Rssi: -70;PowerLevel: m17dBm;DATA: 98,10629342490369879,26406,-6869,1070,1166235,7161971,-5706,3485,-7435,-2410,-8454,-4765
1736074581.878635;m3-41;From: A889 (m3-235);Len: 114;Rssi: -70;PowerLevel: m17dBm;DATA: 98,10629342490369879,26406,-6869,1070,1166235,7161971,-5706,3485,-7435,-2410,-8454,-4765
1736074581.883447;m3-45;From: A889 (m3-235);Len: 114;Rssi: -68;PowerLevel: m17dBm;DATA: 98,10629342490369879,26406,-6869,1070,1166235,7161971,-5706,3485,-7435,-2410,-8454,-4765
1736074581.885467;m3-36;From: A889 (m3-235);Len: 114;Rssi: -70;PowerLevel: m17dBm;DATA: 98,10629342490369879,26406,-6869,1070,1166235,7161971,-5706,3485,-7435,-2410,-8454,-4765
1736074581.886695;m3-31;From: A889 (m3-235);Len: 114;Rssi: -82;PowerLevel: m17dBm;DATA: 98,10629342490369879,26406,-6869,1070,1166235,7161971,-5706,3485,-7435,-2410,-8454,-4765
1736074581.887360;m3-43;From: A889 (m3-235);Len: 114;Rssi: -67;PowerLevel: m17dBm;DATA: 98,10629342490369879,26406,-6869,1070,1166235,7161971,-5706,3485,-7435,-2410,-8454,-4765
1736074581.889302;m3-37;From: A889 (m3-235);Len: 114;Rssi: -72;PowerLevel: m17dBm;DATA: 98,10629342490369879,26406,-6869,1070,1166235,7161971,-5706,3485,-7435,-2410,-8454,-4765
1736074581.889761;m3-38;From: A889 (m3-235);Len: 114;Rssi: -67;PowerLevel: m17dBm;DATA: 98,10629342490369879,26406,-6869,1070,1166235,7161971,-5706,3485,-7435,-2410,-8454,-4765
1736074581.891098;m3-39;From: A889 (m3-235);Len: 114;Rssi: -60;PowerLevel: m17dBm;DATA: 98,10629342490369879,26406,-6869,1070,1166235,7161971,-5706,3485,-7435,-2410,-8454,-4765
1736074582.126945;m3-31;From: A889 (m3-235);Len: 114;Rssi: -82;PowerLevel: m17dBm;DATA: 98,10629342490369879,26406,-6869,1070,1166235,7161971,-5706,3485,-7435,-2410,-8454,-4765
1736074582.127552;m3-43;From: A889 (m3-235);Len: 114;Rssi: -67;PowerLevel: m17dBm;DATA: 98,10629342490369879,26406,-6869,1070,1166235,7161971,-5706,3485,-7435,-2410,-8454,-4765
1736074582.129661;m3-37;From: A889 (m3-235);Len: 114;Rssi: -72;PowerLevel: m17dBm;DATA: 98,10629342490369879,26406,-6869,1070,1166235,7161971,-5706,3485,-7435,-2410,-8454,-4765
1736074582.130210;m3-38;From: A889 (m3-235);Len: 114;Rssi: -67;PowerLevel: m17dBm;DATA: 98,10629342490369879,26406,-6869,1070,1166235,7161971,-5706,3485,-7435,-2410,-8454,-4765
1736074582.131332;m3-39;From: A889 (m3-235);Len: 114;Rssi: -61;PowerLevel: m17dBm;DATA: 98,10629342490369879,26406,-6869,1070,1166235,7161971,-5706,3485,-7435,-2410,-8454,-4765
1736074582.133221;m3-44;From: A889 (m3-235);Len: 114;Rssi: -68;PowerLevel: m17dBm;DATA: 98,10629342490369879,26406,-6869,1070,1166235,7161971,-5706,3485,-7435,-2410,-8454,-4765
1736074582.133774;m3-40;From: A889 (m3-235);Len: 114;Rssi: -70;PowerLevel: m17dBm;DATA: 98,10629342490369879,26406,-6869,1070,1166235,7161971,-5706,3485,-7435,-2410,-8454,-4765
1736074582.134667;m3-41;From: A889 (m3-235);Len: 114;Rssi: -70;PowerLevel: m17dBm;DATA: 98,10629342490369879,26406,-6869,1070,1166235,7161971,-5706,3485,-7435,-2410,-8454,-4765
1736074582.139390;m3-45;From: A889 (m3-235);Len: 114;Rssi: -68;PowerLevel: m17dBm;DATA: 98,10629342490369879,26406,-6869,1070,1166235,7161971,-5706,3485,-7435,-2410,-8454,-4765
1736074582.141640;m3-36;From: A889 (m3-235);Len: 114;Rssi: -70;PowerLevel: m17dBm;DATA: 98,10629342490369879,26406,-6869,1070,1166235,7161971,-5706,3485,-7435,-2410,-8454,-4765
1736074582.376478;m3-25;From: A889 (m3-235);Len: 114;Rssi: -91;PowerLevel: m17dBm;DATA: 98,10629342490369879,26406,-6869,1070,1166235,7161971,-5706,3485,-7435,-2410,-8454,-4765
1736074582.379502;m3-45;From: A889 (m3-235);Len: 114;Rssi: -68;PowerLevel: m17dBm;DATA: 98,10629342490369879,26406,-6869,1070,1166235,7161971,-5706,3485,-7435,-2410,-8454,-4765
1736074582.381631;m3-36;From: A889 (m3-235);Len: 114;Rssi: -70;PowerLevel: m17dBm;DATA: 98,10629342490369879,26406,-6869,1070,1166235,7161971,-5706,3485,-7435,-2410,-8454,-4765
1736074582.382579;m3-31;From: A889 (m3-235);Len: 114;Rssi: -82;PowerLevel: m17dBm;DATA: 98,10629342490369879,26406,-6869,1070,1166235,7161971,-5706,3485,-7435,-2410,-8454,-4765
1736074582.383377;m3-43;From: A889 (m3-235);Len: 114;Rssi: -67;PowerLevel: m17dBm;DATA: 98,10629342490369879,26406,-6869,1070,1166235,7161971,-5706,3485,-7435,-2410,-8454,-4765
1736074582.385444;m3-37;From: A889 (m3-235);Len: 114;Rssi: -72;PowerLevel: m17dBm;DATA: 98,10629342490369879,26406,-6869,1070,1166235,7161971,-5706,3485,-7435,-2410,-8454,-4765
1736074582.386016;m3-38;From: A889 (m3-235);Len: 114;Rssi: -67;PowerLevel: m17dBm;DATA: 98,10629342490369879,26406,-6869,1070,1166235,7161971,-5706,3485,-7435,-2410,-8454,-4765
1736074582.387442;m3-39;From: A889 (m3-235);Len: 114;Rssi: -58;PowerLevel: m17dBm;DATA: 98,10629342490369879,26406,-6869,1070,1166235,7161971,-5706,3485,-7435,-2410,-8454,-4765
1736074582.388975;m3-44;From: A889 (m3-235);Len: 114;Rssi: -68;PowerLevel: m17dBm;DATA: 98,10629342490369879,26406,-6869,1070,1166235,7161971,-5706,3485,-7435,-2410,-8454,-4765
1736074582.389527;m3-40;From: A889 (m3-235);Len: 114;Rssi: -70;PowerLevel: m17dBm;DATA: 98,10629342490369879,26406,-6869,1070,1166235,7161971,-5706,3485,-7435,-2410,-8454,-4765
1736074582.390500;m3-41;From: A889 (m3-235);Len: 114;Rssi: -70;PowerLevel: m17dBm;DATA: 98,10629342490369879,26406,-6869,1070,1166235,7161971,-5706,3485,-7435,-2410,-8454,-4765
1736074582.626136;m3-38;From: A889 (m3-235);Len: 114;Rssi: -67;PowerLevel: m17dBm;DATA: 98,10629342490369879,26406,-6869,1070,1166235,7161971,-5706,3485,-7435,-2410,-8454,-4765
1736074582.627289;m3-39;From: A889 (m3-235);Len: 114;Rssi: -59;PowerLevel: m17dBm;DATA: 98,10629342490369879,26406,-6869,1070,1166235,7161971,-5706,3485,-7435,-2410,-8454,-4765
1736074582.628934;m3-44;From: A889 (m3-235);Len: 114;Rssi: -69;PowerLevel: m17dBm;DATA: 98,10629342490369879,26406,-6869,1070,1166235,7161971,-5706,3485,-7435,-2410,-8454,-4765
1736074582.629629;m3-40;From: A889 (m3-235);Len: 114;Rssi: -71;PowerLevel: m17dBm;DATA: 98,10629342490369879,26406,-6869,1070,1166235,7161971,-5706,3485,-7435,-2410,-8454,-4765
1736074582.630537;m3-41;From: A889 (m3-235);Len: 114;Rssi: -70;PowerLevel: m17dBm;DATA: 98,10629342490369879,26406,-6869,1070,1166235,7161971,-5706,3485,-7435,-2410,-8454,-4765
1736074582.632306;m3-25;From: A889 (m3-235);Len: 114;Rssi: -91;PowerLevel: m17dBm;DATA: 98,10629342490369879,26406,-6869,1070,1166235,7161971,-5706,3485,-7435,-2410,-8454,-4765
1736074582.635463;m3-45;From: A889 (m3-235);Len: 114;Rssi: -68;PowerLevel: m17dBm;DATA: 98,10629342490369879,26406,-6869,1070,1166235,7161971,-5706,3485,-7435,-2410,-8454,-4765
1736074582.637601;m3-36;From: A889 (m3-235);Len: 114;Rssi: -70;PowerLevel: m17dBm;DATA: 98,10629342490369879,26406,-6869,1070,1166235,7161971,-5706,3485,-7435,-2410,-8454,-4765
1736074582.638530;m3-31;From: A889 (m3-235);Len: 114;Rssi: -82;PowerLevel: m17dBm;DATA: 98,10629342490369879,26406,-6869,1070,1166235,7161971,-5706,3485,-7435,-2410,-8454,-4765
1736074582.639307;m3-43;From: A889 (m3-235);Len: 114;Rssi: -67;PowerLevel: m17dBm;DATA: 98,10629342490369879,26406,-6869,1070,1166235,7161971,-5706,3485,-7435,-2410,-8454,-4765
1736074582.641374;m3-37;From: A889 (m3-235);Len: 114;Rssi: -72;PowerLevel: m17dBm;DATA: 98,10629342490369879,26406,-6869,1070,1166235,7161971,-5706,3485,-7435,-2410,-8454,-4765
1736074582.877592;m3-36;From: A889 (m3-235);Len: 114;Rssi: -70;PowerLevel: m17dBm;DATA: 98,10629342490369879,26406,-6869,1070,1166235,7161971,-5706,3485,-7435,-2410,-8454,-4765
1736074582.878598;m3-31;From: A889 (m3-235);Len: 114;Rssi: -82;PowerLevel: m17dBm;DATA: 98,10629342490369879,26406,-6869,1070,1166235,7161971,-5706,3485,-7435,-2410,-8454,-4765
1736074582.879363;m3-43;From: A889 (m3-235);Len: 114;Rssi: -67;PowerLevel: m17dBm;DATA: 98,10629342490369879,26406,-6869,1070,1166235,7161971,-5706,3485,-7435,-2410,-8454,-4765
1736074582.881438;m3-37;From: A889 (m3-235);Len: 114;Rssi: -72;PowerLevel: m17dBm;DATA: 98,10629342490369879,26406,-6869,1070,1166235,7161971,-5706,3485,-7435,-2410,-8454,-4765
1736074582.881989;m3-38;From: A889 (m3-235);Len: 114;Rssi: -67;PowerLevel: m17dBm;DATA: 98,10629342490369879,26406,-6869,1070,1166235,7161971,-5706,3485,-7435,-2410,-8454,-4765
1736074582.883442;m3-39;From: A889 (m3-235);Len: 114;Rssi: -59;PowerLevel: m17dBm;DATA: 98,10629342490369879,26406,-6869,1070,1166235,7161971,-5706,3485,-7435,-2410,-8454,-4765
1736074582.884982;m3-44;From: A889 (m3-235);Len: 114;Rssi: -68;PowerLevel: m17dBm;DATA: 98,10629342490369879,26406,-6869,1070,1166235,7161971,-5706,3485,-7435,-2410,-8454,-4765
1736074582.885551;m3-40;From: A889 (m3-235);Len: 114;Rssi: -70;PowerLevel: m17dBm;DATA: 98,10629342490369879,26406,-6869,1070,1166235,7161971,-5706,3485,-7435,-2410,-8454,-4765
1736074582.886564;m3-41;From: A889 (m3-235);Len: 114;Rssi: -70;PowerLevel: m17dBm;DATA: 98,10629342490369879,26406,-6869,1070,1166235,7161971,-5706,3485,-7435,-2410,-8454,-4765
1736074582.888240;m3-25;From: A889 (m3-235);Len: 114;Rssi: -91;PowerLevel: m17dBm;DATA: 98,10629342490369879,26406,-6869,1070,1166235,7161971,-5706,3485,-7435,-2410,-8454,-4765
1736074582.891258;m3-45;From: A889 (m3-235);Len: 114;Rssi: -68;PowerLevel: m17dBm;DATA: 98,10629342490369879,26406,-6869,1070,1166235,7161971,-5706,3485,-7435,-2410,-8454,-4765
1736074583.126805;m3-41;From: A889 (m3-235);Len: 114;Rssi: -70;PowerLevel: m17dBm;DATA: 98,10629342490369879,26406,-6869,1070,1166235,7161971,-5706,3485,-7435,-2410,-8454,-4765
1736074583.131453;m3-45;From: A889 (m3-235);Len: 114;Rssi: -68;PowerLevel: m17dBm;DATA: 98,10629342490369879,26406,-6869,1070,1166235,7161971,-5706,3485,-7435,-2410,-8454,-4765
1736074583.133595;m3-36;From: A889 (m3-235);Len: 114;Rssi: -70;PowerLevel: m17dBm;DATA: 98,10629342490369879,26406,-6869,1070,1166235,7161971,-5706,3485,-7435,-2410,-8454,-4765
1736074583.134667;m3-31;From: A889 (m3-235);Len: 114;Rssi: -82;PowerLevel: m17dBm;DATA: 98,10629342490369879,26406,-6869,1070,1166235,7161971,-5706,3485,-7435,-2410,-8454,-4765
1736074583.135436;m3-43;From: A889 (m3-235);Len: 114;Rssi: -67;PowerLevel: m17dBm;DATA: 98,10629342490369879,26406,-6869,1070,1166235,7161971,-5706,3485,-7435,-2410,-8454,-4765
1736074583.137435;m3-37;From: A889 (m3-235);Len: 114;Rssi: -72;PowerLevel: m17dBm;DATA: 98,10629342490369879,26406,-6869,1070,1166235,7161971,-5706,3485,-7435,-2410,-8454,-4765
1736074583.138133;m3-38;From: A889 (m3-235);Len: 114;Rssi: -67;PowerLevel: m17dBm;DATA: 98,10629342490369879,26406,-6869,1070,1166235,7161971,-5706,3485,-7435,-2410,-8454,-4765
1736074583.139060;m3-39;From: A889 (m3-235);Len: 114;Rssi: -60;PowerLevel: m17dBm;DATA: 98,10629342490369879,26406,-6869,1070,1166235,7161971,-5706,3485,-7435,-2410,-8454,-4765
1736074583.140944;m3-44;From: A889 (m3-235);Len: 114;Rssi: -68;PowerLevel: m17dBm;DATA: 98,10629342490369879,26406,-6869,1070,1166235,7161971,-5706,3485,-7435,-2410,-8454,-4765
1736074583.141498;m3-40;From: A889 (m3-235);Len: 114;Rssi: -70;PowerLevel: m17dBm;DATA: 98,10629342490369879,26406,-6869,1070,1166235,7161971,-5706,3485,-7435,-2410,-8454,-4765
1736074583.377394;m3-37;From: A889 (m3-235);Len: 114;Rssi: -72;PowerLevel: m17dBm;DATA: 98,10629342490369879,26406,-6869,1070,1166235,7161971,-5706,3485,-7435,-2410,-8454,-4765
1736074583.377948;m3-38;From: A889 (m3-235);Len: 114;Rssi: -67;PowerLevel: m17dBm;DATA: 98,10629342490369879,26406,-6869,1070,1166235,7161971,-5706,3485,-7435,-2410,-8454,-4765
1736074583.379069;m3-39;From: A889 (m3-235);Len: 114;Rssi: -59;PowerLevel: m17dBm;DATA: 98,10629342490369879,26406,-6869,1070,1166235,7161971,-5706,3485,-7435,-2410,-8454,-4765
1736074583.380984;m3-44;From: A889 (m3-235);Len: 114;Rssi: -68;PowerLevel: m17dBm;DATA: 98,10629342490369879,26406,-6869,1070,1166235,7161971,-5706,3485,-7435,-2410,-8454,-4765
1736074583.381537;m3-40;From: A889 (m3-235);Len: 114;Rssi: -70;PowerLevel: m17dBm;DATA: 98,10629342490369879,26406,-6869,1070,1166235,7161971,-5706,3485,-7435,-2410,-8454,-4765
1736074583.382556;m3-41;From: A889 (m3-235);Len: 114;Rssi: -70;PowerLevel: m17dBm;DATA: 98,10629342490369879,26406,-6869,1070,1166235,7161971,-5706,3485,-7435,-2410,-8454,-4765
1736074583.387430;m3-45;From: A889 (m3-235);Len: 114;Rssi: -68;PowerLevel: m17dBm;DATA: 98,10629342490369879,26406,-6869,1070,1166235,7161971,-5706,3485,-7435,-2410,-8454,-4765
1736074583.389552;m3-36;From: A889 (m3-235);Len: 114;Rssi: -70;PowerLevel: m17dBm;DATA: 98,10629342490369879,26406,-6869,1070,1166235,7161971,-5706,3485,-7435,-2410,-8454,-4765
1736074583.390583;m3-31;From: A889 (m3-235);Len: 114;Rssi: -82;PowerLevel: m17dBm;DATA: 98,10629342490369879,26406,-6869,1070,1166235,7161971,-5706,3485,-7435,-2410,-8454,-4765
1736074583.391189;m3-43;From: A889 (m3-235);Len: 114;Rssi: -67;PowerLevel: m17dBm;DATA: 98,10629342490369879,26406,-6869,1070,1166235,7161971,-5706,3485,-7435,-2410,-8454,-4765
1736074583.627512;m3-45;From: A889 (m3-235);Len: 114;Rssi: -68;PowerLevel: m17dBm;DATA: 98,10629342490369879,26406,-6869,1070,1166235,7161971,-5706,3485,-7435,-2410,-8454,-4765
1736074583.629472;m3-36;From: A889 (m3-235);Len: 114;Rssi: -70;PowerLevel: m17dBm;DATA: 98,10629342490369879,26406,-6869,1070,1166235,7161971,-5706,3485,-7435,-2410,-8454,-4765
1736074583.630589;m3-31;From: A889 (m3-235);Len: 114;Rssi: -82;PowerLevel: m17dBm;DATA: 98,10629342490369879,26406,-6869,1070,1166235,7161971,-5706,3485,-7435,-2410,-8454,-4765
1736074583.631353;m3-43;From: A889 (m3-235);Len: 114;Rssi: -67;PowerLevel: m17dBm;DATA: 98,10629342490369879,26406,-6869,1070,1166235,7161971,-5706,3485,-7435,-2410,-8454,-4765
1736074583.633348;m3-37;From: A889 (m3-235);Len: 114;Rssi: -72;PowerLevel: m17dBm;DATA: 98,10629342490369879,26406,-6869,1070,1166235,7161971,-5706,3485,-7435,-2410,-8454,-4765
1736074583.633903;m3-38;From: A889 (m3-235);Len: 114;Rssi: -67;PowerLevel: m17dBm;DATA: 98,10629342490369879,26406,-6869,1070,1166235,7161971,-5706,3485,-7435,-2410,-8454,-4765
1736074583.635287;m3-39;From: A889 (m3-235);Len: 114;Rssi: -60;PowerLevel: m17dBm;DATA: 98,10629342490369879,26406,-6869,1070,1166235,7161971,-5706,3485,-7435,-2410,-8454,-4765
1736074583.636953;m3-44;From: A889 (m3-235);Len: 114;Rssi: -68;PowerLevel: m17dBm;DATA: 98,10629342490369879,26406,-6869,1070,1166235,7161971,-5706,3485,-7435,-2410,-8454,-4765
1736074583.637506;m3-40;From: A889 (m3-235);Len: 114;Rssi: -70;PowerLevel: m17dBm;DATA: 98,10629342490369879,26406,-6869,1070,1166235,7161971,-5706,3485,-7435,-2410,-8454,-4765
1736074583.638404;m3-41;From: A889 (m3-235);Len: 114;Rssi: -70;PowerLevel: m17dBm;DATA: 98,10629342490369879,26406,-6869,1070,1166235,7161971,-5706,3485,-7435,-2410,-8454,-4765
1736074583.640122;m3-25;From: A889 (m3-235);Len: 114;Rssi: -91;PowerLevel: m17dBm;DATA: 98,10629342490369879,26406,-6869,1070,1166235,7161971,-5706,3485,-7435,-2410,-8454,-4765
1736074583.876806;m3-44;From: A889 (m3-235);Len: 114;Rssi: -68;PowerLevel: m17dBm;DATA: 98,10629342490369879,26406,-6869,1070,1166235,7161971,-5706,3485,-7435,-2410,-8454,-4765
1736074583.877353;m3-40;From: A889 (m3-235);Len: 114;Rssi: -70;PowerLevel: m17dBm;DATA: 98,10629342490369879,26406,-6869,1070,1166235,7161971,-5706,3485,-7435,-2410,-8454,-4765
1736074583.878396;m3-41;From: A889 (m3-235);Len: 114;Rssi: -70;PowerLevel: m17dBm;DATA: 98,10629342490369879,26406,-6869,1070,1166235,7161971,-5706,3485,-7435,-2410,-8454,-4765
1736074583.883376;m3-45;From: A889 (m3-235);Len: 114;Rssi: -68;PowerLevel: m17dBm;DATA: 98,10629342490369879,26406,-6869,1070,1166235,7161971,-5706,3485,-7435,-2410,-8454,-4765
1736074583.885546;m3-36;From: A889 (m3-235);Len: 114;Rssi: -70;PowerLevel: m17dBm;DATA: 98,10629342490369879,26406,-6869,1070,1166235,7161971,-5706,3485,-7435,-2410,-8454,-4765
1736074583.886532;m3-31;From: A889 (m3-235);Len: 114;Rssi: -82;PowerLevel: m17dBm;DATA: 98,10629342490369879,26406,-6869,1070,1166235,7161971,-5706,3485,-7435,-2410,-8454,-4765
1736074583.887344;m3-43;From: A889 (m3-235);Len: 114;Rssi: -67;PowerLevel: m17dBm;DATA: 98,10629342490369879,26406,-6869,1070,1166235,7161971,-5706,3485,-7435,-2410,-8454,-4765
1736074583.889311;m3-37;From: A889 (m3-235);Len: 114;Rssi: -72;PowerLevel: m17dBm;DATA: 98,10629342490369879,26406,-6869,1070,1166235,7161971,-5706,3485,-7435,-2410,-8454,-4765
1736074583.889861;m3-38;From: A889 (m3-235);Len: 114;Rssi: -67;PowerLevel: m17dBm;DATA: 98,10629342490369879,26406,-6869,1070,1166235,7161971,-5706,3485,-7435,-2410,-8454,-4765
1736074583.891202;m3-39;From: A889 (m3-235);Len: 114;Rssi: -60;PowerLevel: m17dBm;DATA: 98,10629342490369879,26406,-6869,1070,1166235,7161971,-5706,3485,-7435,-2410,-8454,-4765
1736074584.126553;m3-31;From: A889 (m3-235);Len: 114;Rssi: -82;PowerLevel: m17dBm;DATA: 98,10629342490369879,26406,-6869,1070,1166235,7161971,-5706,3485,-7435,-2410,-8454,-4765
1736074584.127483;m3-43;From: A889 (m3-235);Len: 114;Rssi: -67;PowerLevel: m17dBm;DATA: 98,10629342490369879,26406,-6869,1070,1166235,7161971,-5706,3485,-7435,-2410,-8454,-4765
1736074584.129445;m3-37;From: A889 (m3-235);Len: 114;Rssi: -72;PowerLevel: m17dBm;DATA: 98,10629342490369879,26406,-6869,1070,1166235,7161971,-5706,3485,-7435,-2410,-8454,-4765
1736074584.129999;m3-38;From: A889 (m3-235);Len: 114;Rssi: -67;PowerLevel: m17dBm;DATA: 98,10629342490369879,26406,-6869,1070,1166235,7161971,-5706,3485,-7435,-2410,-8454,-4765
1736074584.131464;m3-39;From: A889 (m3-235);Len: 114;Rssi: -59;PowerLevel: m17dBm;DATA: 98,10629342490369879,26406,-6869,1070,1166235,7161971,-5706,3485,-7435,-2410,-8454,-4765
1736074584.132857;m3-44;From: A889 (m3-235);Len: 114;Rssi: -68;PowerLevel: m17dBm;DATA: 98,10629342490369879,26406,-6869,1070,1166235,7161971,-5706,3485,-7435,-2410,-8454,-4765
1736074584.133579;m3-40;From: A889 (m3-235);Len: 114;Rssi: -70;PowerLevel: m17dBm;DATA: 98,10629342490369879,26406,-6869,1070,1166235,7161971,-5706,3485,-7435,-2410,-8454,-4765
1736074584.134516;m3-41;From: A889 (m3-235);Len: 114;Rssi: -70;PowerLevel: m17dBm;DATA: 98,10629342490369879,26406,-6869,1070,1166235,7161971,-5706,3485,-7435,-2410,-8454,-4765
1736074584.139358;m3-45;From: A889 (m3-235);Len: 114;Rssi: -68;PowerLevel: m17dBm;DATA: 98,10629342490369879,26406,-6869,1070,1166235,7161971,-5706,3485,-7435,-2410,-8454,-4765
1736074584.141460;m3-36;From: A889 (m3-235);Len: 114;Rssi: -70;PowerLevel: m17dBm;DATA: 98,10629342490369879,26406,-6869,1070,1166235,7161971,-5706,3485,-7435,-2410,-8454,-4765
1736074584.379460;m3-45;From: A889 (m3-235);Len: 114;Rssi: -67;PowerLevel: m17dBm;DATA: 98,10629342490369879,26406,-6869,1070,1166235,7161971,-5706,3485,-7435,-2410,-8454,-4765
1736074584.381611;m3-36;From: A889 (m3-235);Len: 114;Rssi: -70;PowerLevel: m17dBm;DATA: 98,10629342490369879,26406,-6869,1070,1166235,7161971,-5706,3485,-7435,-2410,-8454,-4765
1736074584.383465;m3-43;From: A889 (m3-235);Len: 114;Rssi: -67;PowerLevel: m17dBm;DATA: 98,10629342490369879,26406,-6869,1070,1166235,7161971,-5706,3485,-7435,-2410,-8454,-4765
1736074584.385411;m3-37;From: A889 (m3-235);Len: 114;Rssi: -72;PowerLevel: m17dBm;DATA: 98,10629342490369879,26406,-6869,1070,1166235,7161971,-5706,3485,-7435,-2410,-8454,-4765
1736074584.385961;m3-38;From: A889 (m3-235);Len: 114;Rssi: -67;PowerLevel: m17dBm;DATA: 98,10629342490369879,26406,-6869,1070,1166235,7161971,-5706,3485,-7435,-2410,-8454,-4765
1736074584.387000;m3-39;From: A889 (m3-235);Len: 114;Rssi: -58;PowerLevel: m17dBm;DATA: 98,10629342490369879,26406,-6869,1070,1166235,7161971,-5706,3485,-7435,-2410,-8454,-4765
1736074584.388827;m3-44;From: A889 (m3-235);Len: 114;Rssi: -68;PowerLevel: m17dBm;DATA: 98,10629342490369879,26406,-6869,1070,1166235,7161971,-5706,3485,-7435,-2410,-8454,-4765
1736074584.389380;m3-40;From: A889 (m3-235);Len: 114;Rssi: -70;PowerLevel: m17dBm;DATA: 98,10629342490369879,26406,-6869,1070,1166235,7161971,-5706,3485,-7435,-2410,-8454,-4765
1736074584.390386;m3-41;From: A889 (m3-235);Len: 114;Rssi: -70;PowerLevel: m17dBm;DATA: 98,10629342490369879,26406,-6869,1070,1166235,7161971,-5706,3485,-7435,-2410,-8454,-4765
1736074584.626036;m3-38;From: A889 (m3-235);Len: 114;Rssi: -67;PowerLevel: m17dBm;DATA: 98,10629342490369879,26406,-6869,1070,1166235,7161971,-5706,3485,-7435,-2410,-8454,-4765
1736074584.627040;m3-39;From: A889 (m3-235);Len: 114;Rssi: -60;PowerLevel: m17dBm;DATA: 98,10629342490369879,26406,-6869,1070,1166235,7161971,-5706,3485,-7435,-2410,-8454,-4765
1736074584.628824;m3-44;From: A889 (m3-235);Len: 114;Rssi: -68;PowerLevel: m17dBm;DATA: 98,10629342490369879,26406,-6869,1070,1166235,7161971,-5706,3485,-7435,-2410,-8454,-4765
1736074584.629378;m3-40;From: A889 (m3-235);Len: 114;Rssi: -70;PowerLevel: m17dBm;DATA: 98,10629342490369879,26406,-6869,1070,1166235,7161971,-5706,3485,-7435,-2410,-8454,-4765
1736074584.630489;m3-41;From: A889 (m3-235);Len: 114;Rssi: -70;PowerLevel: m17dBm;DATA: 98,10629342490369879,26406,-6869,1070,1166235,7161971,-5706,3485,-7435,-2410,-8454,-4765
1736074584.632271;m3-25;From: A889 (m3-235);Len: 114;Rssi: -91;PowerLevel: m17dBm;DATA: 98,10629342490369879,26406,-6869,1070,1166235,7161971,-5706,3485,-7435,-2410,-8454,-4765
1736074584.635270;m3-45;From: A889 (m3-235);Len: 114;Rssi: -67;PowerLevel: m17dBm;DATA: 98,10629342490369879,26406,-6869,1070,1166235,7161971,-5706,3485,-7435,-2410,-8454,-4765
1736074584.637478;m3-36;From: A889 (m3-235);Len: 114;Rssi: -70;PowerLevel: m17dBm;DATA: 98,10629342490369879,26406,-6869,1070,1166235,7161971,-5706,3485,-7435,-2410,-8454,-4765
1736074584.638511;m3-31;From: A889 (m3-235);Len: 114;Rssi: -82;PowerLevel: m17dBm;DATA: 98,10629342490369879,26406,-6869,1070,1166235,7161971,-5706,3485,-7435,-2410,-8454,-4765
1736074584.639071;m3-43;From: A889 (m3-235);Len: 114;Rssi: -67;PowerLevel: m17dBm;DATA: 98,10629342490369879,26406,-6869,1070,1166235,7161971,-5706,3485,-7435,-2410,-8454,-4765
1736074584.641270;m3-37;From: A889 (m3-235);Len: 114;Rssi: -73;PowerLevel: m17dBm;DATA: 98,10629342490369879,26406,-6869,1070,1166235,7161971,-5706,3485,-7435,-2410,-8454,-4765
1736074584.877494;m3-36;From: A889 (m3-235);Len: 114;Rssi: -70;PowerLevel: m17dBm;DATA: 98,10629342490369879,26406,-6869,1070,1166235,7161971,-5706,3485,-7435,-2410,-8454,-4765
1736074584.879449;m3-43;From: A889 (m3-235);Len: 114;Rssi: -67;PowerLevel: m17dBm;DATA: 98,10629342490369879,26406,-6869,1070,1166235,7161971,-5706,3485,-7435,-2410,-8454,-4765
1736074584.881300;m3-37;From: A889 (m3-235);Len: 114;Rssi: -72;PowerLevel: m17dBm;DATA: 98,10629342490369879,26406,-6869,1070,1166235,7161971,-5706,3485,-7435,-2410,-8454,-4765
1736074584.881851;m3-38;From: A889 (m3-235);Len: 114;Rssi: -67;PowerLevel: m17dBm;DATA: 98,10629342490369879,26406,-6869,1070,1166235,7161971,-5706,3485,-7435,-2410,-8454,-4765
1736074584.882991;m3-39;From: A889 (m3-235);Len: 114;Rssi: -59;PowerLevel: m17dBm;DATA: 98,10629342490369879,26406,-6869,1070,1166235,7161971,-5706,3485,-7435,-2410,-8454,-4765
1736074584.884851;m3-44;From: A889 (m3-235);Len: 114;Rssi: -68;PowerLevel: m17dBm;DATA: 98,10629342490369879,26406,-6869,1070,1166235,7161971,-5706,3485,-7435,-2410,-8454,-4765
1736074584.885403;m3-40;From: A889 (m3-235);Len: 114;Rssi: -70;PowerLevel: m17dBm;DATA: 98,10629342490369879,26406,-6869,1070,1166235,7161971,-5706,3485,-7435,-2410,-8454,-4765
1736074584.886710;m3-41;From: A889 (m3-235);Len: 114;Rssi: -70;PowerLevel: m17dBm;DATA: 98,10629342490369879,26406,-6869,1070,1166235,7161971,-5706,3485,-7435,-2410,-8454,-4765
1736074584.891302;m3-45;From: A889 (m3-235);Len: 114;Rssi: -68;PowerLevel: m17dBm;DATA: 98,10629342490369879,26406,-6869,1070,1166235,7161971,-5706,3485,-7435,-2410,-8454,-4765
1736074585.126596;m3-41;From: A889 (m3-235);Len: 114;Rssi: -70;PowerLevel: m17dBm;DATA: 98,10629342490369879,26406,-6869,1070,1166235,7161971,-5706,3485,-7435,-2410,-8454,-4765
1736074585.128220;m3-25;From: A889 (m3-235);Len: 114;Rssi: -91;PowerLevel: m17dBm;DATA: 98,10629342490369879,26406,-6869,1070,1166235,7161971,-5706,3485,-7435,-2410,-8454,-4765
1736074585.131451;m3-45;From: A889 (m3-235);Len: 114;Rssi: -67;PowerLevel: m17dBm;DATA: 98,10629342490369879,26406,-6869,1070,1166235,7161971,-5706,3485,-7435,-2410,-8454,-4765
1736074585.133479;m3-36;From: A889 (m3-235);Len: 114;Rssi: -70;PowerLevel: m17dBm;DATA: 98,10629342490369879,26406,-6869,1070,1166235,7161971,-5706,3485,-7435,-2410,-8454,-4765
1736074585.134555;m3-31;From: A889 (m3-235);Len: 114;Rssi: -82;PowerLevel: m17dBm;DATA: 98,10629342490369879,26406,-6869,1070,1166235,7161971,-5706,3485,-7435,-2410,-8454,-4765
1736074585.135347;m3-43;From: A889 (m3-235);Len: 114;Rssi: -67;PowerLevel: m17dBm;DATA: 98,10629342490369879,26406,-6869,1070,1166235,7161971,-5706,3485,-7435,-2410,-8454,-4765
1736074585.137341;m3-37;From: A889 (m3-235);Len: 114;Rssi: -72;PowerLevel: m17dBm;DATA: 98,10629342490369879,26406,-6869,1070,1166235,7161971,-5706,3485,-7435,-2410,-8454,-4765
1736074585.137894;m3-38;From: A889 (m3-235);Len: 114;Rssi: -67;PowerLevel: m17dBm;DATA: 98,10629342490369879,26406,-6869,1070,1166235,7161971,-5706,3485,-7435,-2410,-8454,-4765
1736074585.138977;m3-39;From: A889 (m3-235);Len: 114;Rssi: -61;PowerLevel: m17dBm;DATA: 98,10629342490369879,26406,-6869,1070,1166235,7161971,-5706,3485,-7435,-2410,-8454,-4765
1736074585.140836;m3-44;From: A889 (m3-235);Len: 114;Rssi: -68;PowerLevel: m17dBm;DATA: 98,10629342490369879,26406,-6869,1070,1166235,7161971,-5706,3485,-7435,-2410,-8454,-4765
1736074585.141393;m3-40;From: A889 (m3-235);Len: 114;Rssi: -70;PowerLevel: m17dBm;DATA: 98,10629342490369879,26406,-6869,1070,1166235,7161971,-5706,3485,-7435,-2410,-8454,-4765
1736074585.377282;m3-37;From: A889 (m3-235);Len: 114;Rssi: -73;PowerLevel: m17dBm;DATA: 98,10629342490369879,26406,-6869,1070,1166235,7161971,-5706,3485,-7435,-2410,-8454,-4765
1736074585.377831;m3-38;From: A889 (m3-235);Len: 114;Rssi: -67;PowerLevel: m17dBm;DATA: 98,10629342490369879,26406,-6869,1070,1166235,7161971,-5706,3485,-7435,-2410,-8454,-4765
1736074585.378968;m3-39;From: A889 (m3-235);Len: 114;Rssi: -59;PowerLevel: m17dBm;DATA: 98,10629342490369879,26406,-6869,1070,1166235,7161971,-5706,3485,-7435,-2410,-8454,-4765
1736074585.380860;m3-44;From: A889 (m3-235);Len: 114;Rssi: -68;PowerLevel: m17dBm;DATA: 98,10629342490369879,26406,-6869,1070,1166235,7161971,-5706,3485,-7435,-2410,-8454,-4765
1736074585.381413;m3-40;From: A889 (m3-235);Len: 114;Rssi: -70;PowerLevel: m17dBm;DATA: 98,10629342490369879,26406,-6869,1070,1166235,7161971,-5706,3485,-7435,-2410,-8454,-4765
1736074585.382332;m3-41;From: A889 (m3-235);Len: 114;Rssi: -70;PowerLevel: m17dBm;DATA: 98,10629342490369879,26406,-6869,1070,1166235,7161971,-5706,3485,-7435,-2410,-8454,-4765
1736074585.387307;m3-45;From: A889 (m3-235);Len: 114;Rssi: -68;PowerLevel: m17dBm;DATA: 98,10629342490369879,26406,-6869,1070,1166235,7161971,-5706,3485,-7435,-2410,-8454,-4765
1736074585.389355;m3-36;From: A889 (m3-235);Len: 114;Rssi: -70;PowerLevel: m17dBm;DATA: 98,10629342490369879,26406,-6869,1070,1166235,7161971,-5706,3485,-7435,-2410,-8454,-4765
1736074585.390339;m3-31;From: A889 (m3-235);Len: 114;Rssi: -82;PowerLevel: m17dBm;DATA: 98,10629342490369879,26406,-6869,1070,1166235,7161971,-5706,3485,-7435,-2410,-8454,-4765
1736074585.391180;m3-43;From: A889 (m3-235);Len: 114;Rssi: -67;PowerLevel: m17dBm;DATA: 98,10629342490369879,26406,-6869,1070,1166235,7161971,-5706,3485,-7435,-2410,-8454,-4765
1736074585.627386;m3-45;From: A889 (m3-235);Len: 114;Rssi: -67;PowerLevel: m17dBm;DATA: 98,10629342490369879,26406,-6869,1070,1166235,7161971,-5706,3485,-7435,-2410,-8454,-4765
1736074585.629367;m3-36;From: A889 (m3-235);Len: 114;Rssi: -70;PowerLevel: m17dBm;DATA: 98,10629342490369879,26406,-6869,1070,1166235,7161971,-5706,3485,-7435,-2410,-8454,-4765
1736074585.630374;m3-31;From: A889 (m3-235);Len: 114;Rssi: -82;PowerLevel: m17dBm;DATA: 98,10629342490369879,26406,-6869,1070,1166235,7161971,-5706,3485,-7435,-2410,-8454,-4765
1736074585.631356;m3-43;From: A889 (m3-235);Len: 114;Rssi: -67;PowerLevel: m17dBm;DATA: 98,10629342490369879,26406,-6869,1070,1166235,7161971,-5706,3485,-7435,-2410,-8454,-4765
1736074585.633324;m3-37;From: A889 (m3-235);Len: 114;Rssi: -72;PowerLevel: m17dBm;DATA: 98,10629342490369879,26406,-6869,1070,1166235,7161971,-5706,3485,-7435,-2410,-8454,-4765
1736074585.633874;m3-38;From: A889 (m3-235);Len: 114;Rssi: -67;PowerLevel: m17dBm;DATA: 98,10629342490369879,26406,-6869,1070,1166235,7161971,-5706,3485,-7435,-2410,-8454,-4765
1736074585.635020;m3-39;From: A889 (m3-235);Len: 114;Rssi: -60;PowerLevel: m17dBm;DATA: 98,10629342490369879,26406,-6869,1070,1166235,7161971,-5706,3485,-7435,-2410,-8454,-4765
1736074585.636715;m3-44;From: A889 (m3-235);Len: 114;Rssi: -68;PowerLevel: m17dBm;DATA: 98,10629342490369879,26406,-6869,1070,1166235,7161971,-5706,3485,-7435,-2410,-8454,-4765
1736074585.637268;m3-40;From: A889 (m3-235);Len: 114;Rssi: -70;PowerLevel: m17dBm;DATA: 98,10629342490369879,26406,-6869,1070,1166235,7161971,-5706,3485,-7435,-2410,-8454,-4765
1736074585.638311;m3-41;From: A889 (m3-235);Len: 114;Rssi: -70;PowerLevel: m17dBm;DATA: 98,10629342490369879,26406,-6869,1070,1166235,7161971,-5706,3485,-7435,-2410,-8454,-4765
1736074585.640098;m3-25;From: A889 (m3-235);Len: 114;Rssi: -91;PowerLevel: m17dBm;DATA: 98,10629342490369879,26406,-6869,1070,1166235,7161971,-5706,3485,-7435,-2410,-8454,-4765
1736074585.876755;m3-44;From: A889 (m3-235);Len: 114;Rssi: -68;PowerLevel: m17dBm;DATA: 98,10629342490369879,26406,-6869,1070,1166235,7161971,-5706,3485,-7435,-2410,-8454,-4765
1736074585.877305;m3-40;From: A889 (m3-235);Len: 114;Rssi: -70;PowerLevel: m17dBm;DATA: 98,10629342490369879,26406,-6869,1070,1166235,7161971,-5706,3485,-7435,-2410,-8454,-4765
1736074585.878305;m3-41;From: A889 (m3-235);Len: 114;Rssi: -70;PowerLevel: m17dBm;DATA: 98,10629342490369879,26406,-6869,1070,1166235,7161971,-5706,3485,-7435,-2410,-8454,-4765
1736074585.883297;m3-45;From: A889 (m3-235);Len: 114;Rssi: -68;PowerLevel: m17dBm;DATA: 98,10629342490369879,26406,-6869,1070,1166235,7161971,-5706,3485,-7435,-2410,-8454,-4765
1736074585.885344;m3-36;From: A889 (m3-235);Len: 114;Rssi: -70;PowerLevel: m17dBm;DATA: 98,10629342490369879,26406,-6869,1070,1166235,7161971,-5706,3485,-7435,-2410,-8454,-4765
1736074585.886339;m3-31;From: A889 (m3-235);Len: 114;Rssi: -82;PowerLevel: m17dBm;DATA: 98,10629342490369879,26406,-6869,1070,1166235,7161971,-5706,3485,-7435,-2410,-8454,-4765
1736074585.887094;m3-43;From: A889 (m3-235);Len: 114;Rssi: -67;PowerLevel: m17dBm;DATA: 98,10629342490369879,26406,-6869,1070,1166235,7161971,-5706,3485,-7435,-2410,-8454,-4765
1736074585.889087;m3-37;From: A889 (m3-235);Len: 114;Rssi: -72;PowerLevel: m17dBm;DATA: 98,10629342490369879,26406,-6869,1070,1166235,7161971,-5706,3485,-7435,-2410,-8454,-4765
1736074585.889638;m3-38;From: A889 (m3-235);Len: 114;Rssi: -67;PowerLevel: m17dBm;DATA: 98,10629342490369879,26406,-6869,1070,1166235,7161971,-5706,3485,-7435,-2410,-8454,-4765
1736074585.891059;m3-39;From: A889 (m3-235);Len: 114;Rssi: -59;PowerLevel: m17dBm;DATA: 98,10629342490369879,26406,-6869,1070,1166235,7161971,-5706,3485,-7435,-2410,-8454,-4765
1736074586.126473;m3-31;From: A889 (m3-235);Len: 114;Rssi: -82;PowerLevel: m17dBm;DATA: 98,10629342490369879,26406,-6869,1070,1166235,7161971,-5706,3485,-7435,-2410,-8454,-4765
1736074586.127343;m3-43;From: A889 (m3-235);Len: 114;Rssi: -67;PowerLevel: m17dBm;DATA: 98,10629342490369879,26406,-6869,1070,1166235,7161971,-5706,3485,-7435,-2410,-8454,-4765
1736074586.129270;m3-37;From: A889 (m3-235);Len: 114;Rssi: -72;PowerLevel: m17dBm;DATA: 98,10629342490369879,26406,-6869,1070,1166235,7161971,-5706,3485,-7435,-2410,-8454,-4765
1736074586.129820;m3-38;From: A889 (m3-235);Len: 114;Rssi: -67;PowerLevel: m17dBm;DATA: 98,10629342490369879,26406,-6869,1070,1166235,7161971,-5706,3485,-7435,-2410,-8454,-4765
1736074586.131163;m3-39;From: A889 (m3-235);Len: 114;Rssi: -59;PowerLevel: m17dBm;DATA: 98,10629342490369879,26406,-6869,1070,1166235,7161971,-5706,3485,-7435,-2410,-8454,-4765
1736074586.132834;m3-44;From: A889 (m3-235);Len: 114;Rssi: -68;PowerLevel: m17dBm;DATA: 98,10629342490369879,26406,-6869,1070,1166235,7161971,-5706,3485,-7435,-2410,-8454,-4765
1736074586.133387;m3-40;From: A889 (m3-235);Len: 114;Rssi: -70;PowerLevel: m17dBm;DATA: 98,10629342490369879,26406,-6869,1070,1166235,7161971,-5706,3485,-7435,-2410,-8454,-4765
1736074586.134454;m3-41;From: A889 (m3-235);Len: 114;Rssi: -70;PowerLevel: m17dBm;DATA: 98,10629342490369879,26406,-6869,1070,1166235,7161971,-5706,3485,-7435,-2410,-8454,-4765
1736074586.139268;m3-45;From: A889 (m3-235);Len: 114;Rssi: -68;PowerLevel: m17dBm;DATA: 98,10629342490369879,26406,-6869,1070,1166235,7161971,-5706,3485,-7435,-2410,-8454,-4765
1736074586.141414;m3-36;From: A889 (m3-235);Len: 114;Rssi: -70;PowerLevel: m17dBm;DATA: 98,10629342490369879,26406,-6869,1070,1166235,7161971,-5706,3485,-7435,-2410,-8454,-4765
1736074586.375971;m3-25;From: A889 (m3-235);Len: 114;Rssi: -91;PowerLevel: m17dBm;DATA: 98,10629342490369879,26406,-6869,1070,1166235,7161971,-5706,3485,-7435,-2410,-8454,-4765
1736074586.379027;m3-45;From: A889 (m3-235);Len: 114;Rssi: -67;PowerLevel: m17dBm;DATA: 98,10629342490369879,26406,-6869,1070,1166235,7161971,-5706,3485,-7435,-2410,-8454,-4765
1736074586.381189;m3-36;From: A889 (m3-235);Len: 114;Rssi: -70;PowerLevel: m17dBm;DATA: 98,10629342490369879,26406,-6869,1070,1166235,7161971,-5706,3485,-7435,-2410,-8454,-4765
1736074586.382357;m3-31;From: A889 (m3-235);Len: 114;Rssi: -82;PowerLevel: m17dBm;DATA: 98,10629342490369879,26406,-6869,1070,1166235,7161971,-5706,3485,-7435,-2410,-8454,-4765
1736074586.382956;m3-43;From: A889 (m3-235);Len: 114;Rssi: -67;PowerLevel: m17dBm;DATA: 98,10629342490369879,26406,-6869,1070,1166235,7161971,-5706,3485,-7435,-2410,-8454,-4765
1736074586.385130;m3-37;From: A889 (m3-235);Len: 114;Rssi: -72;PowerLevel: m17dBm;DATA: 98,10629342490369879,26406,-6869,1070,1166235,7161971,-5706,3485,-7435,-2410,-8454,-4765
1736074586.385764;m3-38;From: A889 (m3-235);Len: 114;Rssi: -67;PowerLevel: m17dBm;DATA: 98,10629342490369879,26406,-6869,1070,1166235,7161971,-5706,3485,-7435,-2410,-8454,-4765
1736074586.386764;m3-39;From: A889 (m3-235);Len: 114;Rssi: -60;PowerLevel: m17dBm;DATA: 98,10629342490369879,26406,-6869,1070,1166235,7161971,-5706,3485,-7435,-2410,-8454,-4765
1736074586.388646;m3-44;From: A889 (m3-235);Len: 114;Rssi: -68;PowerLevel: m17dBm;DATA: 98,10629342490369879,26406,-6869,1070,1166235,7161971,-5706,3485,-7435,-2410,-8454,-4765
1736074586.389160;m3-40;From: A889 (m3-235);Len: 114;Rssi: -70;PowerLevel: m17dBm;DATA: 98,10629342490369879,26406,-6869,1070,1166235,7161971,-5706,3485,-7435,-2410,-8454,-4765
1736074586.390103;m3-41;From: A889 (m3-235);Len: 114;Rssi: -70;PowerLevel: m17dBm;DATA: 98,10629342490369879,26406,-6869,1070,1166235,7161971,-5706,3485,-7435,-2410,-8454,-4765
1736074586.625665;m3-38;From: A889 (m3-235);Len: 114;Rssi: -67;PowerLevel: m17dBm;DATA: 98,10629342490369879,26406,-6869,1070,1166235,7161971,-5706,3485,-7435,-2410,-8454,-4765
1736074586.626857;m3-39;From: A889 (m3-235);Len: 114;Rssi: -59;PowerLevel: m17dBm;DATA: 98,10629342490369879,26406,-6869,1070,1166235,7161971,-5706,3485,-7435,-2410,-8454,-4765
1736074586.628639;m3-44;From: A889 (m3-235);Len: 114;Rssi: -68;PowerLevel: m17dBm;DATA: 98,10629342490369879,26406,-6869,1070,1166235,7161971,-5706,3485,-7435,-2410,-8454,-4765
1736074586.629264;m3-40;From: A889 (m3-235);Len: 114;Rssi: -70;PowerLevel: m17dBm;DATA: 98,10629342490369879,26406,-6869,1070,1166235,7161971,-5706,3485,-7435,-2410,-8454,-4765
1736074586.630098;m3-41;From: A889 (m3-235);Len: 114;Rssi: -70;PowerLevel: m17dBm;DATA: 98,10629342490369879,26406,-6869,1070,1166235,7161971,-5706,3485,-7435,-2410,-8454,-4765
1736074586.635044;m3-45;From: A889 (m3-235);Len: 114;Rssi: -68;PowerLevel: m17dBm;DATA: 98,10629342490369879,26406,-6869,1070,1166235,7161971,-5706,3485,-7435,-2410,-8454,-4765
1736074586.637213;m3-36;From: A889 (m3-235);Len: 114;Rssi: -70;PowerLevel: m17dBm;DATA: 98,10629342490369879,26406,-6869,1070,1166235,7161971,-5706,3485,-7435,-2410,-8454,-4765
1736074586.639173;m3-43;From: A889 (m3-235);Len: 114;Rssi: -67;PowerLevel: m17dBm;DATA: 98,10629342490369879,26406,-6869,1070,1166235,7161971,-5706,3485,-7435,-2410,-8454,-4765
1736074586.640919;m3-37;From: A889 (m3-235);Len: 114;Rssi: -72;PowerLevel: m17dBm;DATA: 98,10629342490369879,26406,-6869,1070,1166235,7161971,-5706,3485,-7435,-2410,-8454,-4765
1736074586.877316;m3-36;From: A889 (m3-235);Len: 114;Rssi: -70;PowerLevel: m17dBm;DATA: 98,10629342490369879,26406,-6869,1070,1166235,7161971,-5706,3485,-7435,-2410,-8454,-4765
1736074586.878246;m3-31;From: A889 (m3-235);Len: 114;Rssi: -82;PowerLevel: m17dBm;DATA: 98,10629342490369879,26406,-6869,1070,1166235,7161971,-5706,3485,-7435,-2410,-8454,-4765
1736074586.878966;m3-43;From: A889 (m3-235);Len: 114;Rssi: -67;PowerLevel: m17dBm;DATA: 98,10629342490369879,26406,-6869,1070,1166235,7161971,-5706,3485,-7435,-2410,-8454,-4765
1736074586.881083;m3-37;From: A889 (m3-235);Len: 114;Rssi: -72;PowerLevel: m17dBm;DATA: 98,10629342490369879,26406,-6869,1070,1166235,7161971,-5706,3485,-7435,-2410,-8454,-4765
1736074586.881709;m3-38;From: A889 (m3-235);Len: 114;Rssi: -67;PowerLevel: m17dBm;DATA: 98,10629342490369879,26406,-6869,1070,1166235,7161971,-5706,3485,-7435,-2410,-8454,-4765
1736074586.882776;m3-39;From: A889 (m3-235);Len: 114;Rssi: -59;PowerLevel: m17dBm;DATA: 98,10629342490369879,26406,-6869,1070,1166235,7161971,-5706,3485,-7435,-2410,-8454,-4765
1736074586.884657;m3-44;From: A889 (m3-235);Len: 114;Rssi: -68;PowerLevel: m17dBm;DATA: 98,10629342490369879,26406,-6869,1070,1166235,7161971,-5706,3485,-7435,-2410,-8454,-4765
1736074586.885280;m3-40;From: A889 (m3-235);Len: 114;Rssi: -70;PowerLevel: m17dBm;DATA: 98,10629342490369879,26406,-6869,1070,1166235,7161971,-5706,3485,-7435,-2410,-8454,-4765
1736074586.886091;m3-41;From: A889 (m3-235);Len: 114;Rssi: -70;PowerLevel: m17dBm;DATA: 98,10629342490369879,26406,-6869,1070,1166235,7161971,-5706,3485,-7435,-2410,-8454,-4765
1736074586.887899;m3-25;From: A889 (m3-235);Len: 114;Rssi: -91;PowerLevel: m17dBm;DATA: 98,10629342490369879,26406,-6869,1070,1166235,7161971,-5706,3485,-7435,-2410,-8454,-4765
1736074586.890956;m3-45;From: A889 (m3-235);Len: 114;Rssi: -68;PowerLevel: m17dBm;DATA: 98,10629342490369879,26406,-6869,1070,1166235,7161971,-5706,3485,-7435,-2410,-8454,-4765
1736074587.126199;m3-41;From: A889 (m3-235);Len: 114;Rssi: -70;PowerLevel: m17dBm;DATA: 98,10629342490369879,26406,-6869,1070,1166235,7161971,-5706,3485,-7435,-2410,-8454,-4765
1736074587.131268;m3-45;From: A889 (m3-235);Len: 114;Rssi: -67;PowerLevel: m17dBm;DATA: 98,10629342490369879,26406,-6869,1070,1166235,7161971,-5706,3485,-7435,-2410,-8454,-4765
1736074587.133397;m3-36;From: A889 (m3-235);Len: 114;Rssi: -70;PowerLevel: m17dBm;DATA: 98,10629342490369879,26406,-6869,1070,1166235,7161971,-5706,3485,-7435,-2410,-8454,-4765
1736074587.134352;m3-31;From: A889 (m3-235);Len: 114;Rssi: -82;PowerLevel: m17dBm;DATA: 98,10629342490369879,26406,-6869,1070,1166235,7161971,-5706,3485,-7435,-2410,-8454,-4765
1736074587.135134;m3-43;From: A889 (m3-235);Len: 114;Rssi: -67;PowerLevel: m17dBm;DATA: 98,10629342490369879,26406,-6869,1070,1166235,7161971,-5706,3485,-7435,-2410,-8454,-4765
1736074587.137122;m3-37;From: A889 (m3-235);Len: 114;Rssi: -72;PowerLevel: m17dBm;DATA: 98,10629342490369879,26406,-6869,1070,1166235,7161971,-5706,3485,-7435,-2410,-8454,-4765
1736074587.137741;m3-38;From: A889 (m3-235);Len: 114;Rssi: -67;PowerLevel: m17dBm;DATA: 98,10629342490369879,26406,-6869,1070,1166235,7161971,-5706,3485,-7435,-2410,-8454,-4765
1736074587.138762;m3-39;From: A889 (m3-235);Len: 114;Rssi: -59;PowerLevel: m17dBm;DATA: 98,10629342490369879,26406,-6869,1070,1166235,7161971,-5706,3485,-7435,-2410,-8454,-4765
1736074587.140522;m3-44;From: A889 (m3-235);Len: 114;Rssi: -68;PowerLevel: m17dBm;DATA: 98,10629342490369879,26406,-6869,1070,1166235,7161971,-5706,3485,-7435,-2410,-8454,-4765
1736074587.141153;m3-40;From: A889 (m3-235);Len: 114;Rssi: -70;PowerLevel: m17dBm;DATA: 98,10629342490369879,26406,-6869,1070,1166235,7161971,-5706,3485,-7435,-2410,-8454,-4765
1736074587.384042;m3-25;From: A889 (m3-235);Len: 114;Rssi: -91;PowerLevel: m17dBm;DATA: 98,10629342490369879,26406,-6869,1070,1166235,7161971,-5706,3485,-7435,-2410,-8454,-4765
1736074587.390355;m3-31;From: A889 (m3-235);Len: 114;Rssi: -82;PowerLevel: m17dBm;DATA: 98,10629342490369879,26406,-6869,1070,1166235,7161971,-5706,3485,-7435,-2410,-8454,-4765
1736074587.630424;m3-31;From: A889 (m3-235);Len: 114;Rssi: -82;PowerLevel: m17dBm;DATA: 98,10629342490369879,26406,-6869,1070,1166235,7161971,-5706,3485,-7435,-2410,-8454,-4765
1736074587.886397;m3-31;From: A889 (m3-235);Len: 114;Rssi: -82;PowerLevel: m17dBm;DATA: 98,10629342490369879,26406,-6869,1070,1166235,7161971,-5706,3485,-7435,-2410,-8454,-4765
1736074588.135971;m3-25;From: A889 (m3-235);Len: 114;Rssi: -91;PowerLevel: m17dBm;DATA: 98,10629342490369879,26406,-6869,1070,1166235,7161971,-5706,3485,-7435,-2410,-8454,-4765
1736074591.879660;m3-25;From: A889 (m3-235);Len: 114;Rssi: -89;PowerLevel: m12dBm;DATA: 98,10629342490369879,26406,-6869,1070,1166235,7161971,-5706,3485,-7435,-2410,-8454,-4765
1736074591.880053;m3-42;[in broadcast_data() INFO] POWER LEVEL: m12dBm
1736074591.880549;m3-22;From: A889 (m3-235);Len: 114;Rssi: -91;PowerLevel: m12dBm;DATA: 98,10629342490369879,26406,-6869,1070,1166235,7161971,-5706,3485,-7435,-2410,-8454,-4765
1736074591.885634;m3-26;From: A889 (m3-235);Len: 114;Rssi: -91;PowerLevel: m12dBm;DATA: 98,10629342490369879,26406,-6869,1070,1166235,7161971,-5706,3485,-7435,-2410,-8454,-4765
1736074592.631632;m3-25;From: A889 (m3-235);Len: 114;Rssi: -89;PowerLevel: m12dBm;DATA: 98,10629342490369879,26406,-6869,1070,1166235,7161971,-5706,3485,-7435,-2410,-8454,-4765
1736074592.632245;m3-22;From: A889 (m3-235);Len: 114;Rssi: -91;PowerLevel: m12dBm;DATA: 98,10629342490369879,26406,-6869,1070,1166235,7161971,-5706,3485,-7435,-2410,-8454,-4765
1736074592.636038;m3-23;From: A889 (m3-235);Len: 114;Rssi: -91;PowerLevel: m12dBm;DATA: 98,10629342490369879,26406,-6869,1070,1166235,7161971,-5706,3485,-7435,-2410,-8454,-4765
1736074592.637545;m3-26;From: A889 (m3-235);Len: 114;Rssi: -91;PowerLevel: m12dBm;DATA: 98,10629342490369879,26406,-6869,1070,1166235,7161971,-5706,3485,-7435,-2410,-8454,-4765
1736074593.127635;m3-25;From: A889 (m3-235);Len: 114;Rssi: -89;PowerLevel: m12dBm;DATA: 98,10629342490369879,26406,-6869,1070,1166235,7161971,-5706,3485,-7435,-2410,-8454,-4765
1736074593.128240;m3-22;From: A889 (m3-235);Len: 114;Rssi: -91;PowerLevel: m12dBm;DATA: 98,10629342490369879,26406,-6869,1070,1166235,7161971,-5706,3485,-7435,-2410,-8454,-4765
1736074593.133479;m3-26;From: A889 (m3-235);Len: 114;Rssi: -91;PowerLevel: m12dBm;DATA: 98,10629342490369879,26406,-6869,1070,1166235,7161971,-5706,3485,-7435,-2410,-8454,-4765
1736074593.627950;m3-23;From: A889 (m3-235);Len: 114;Rssi: -91;PowerLevel: m12dBm;DATA: 98,10629342490369879,26406,-6869,1070,1166235,7161971,-5706,3485,-7435,-2410,-8454,-4765
1736074593.639511;m3-25;From: A889 (m3-235);Len: 114;Rssi: -89;PowerLevel: m12dBm;DATA: 98,10629342490369879,26406,-6869,1070,1166235,7161971,-5706,3485,-7435,-2410,-8454,-4765
1736074593.640123;m3-22;From: A889 (m3-235);Len: 114;Rssi: -91;PowerLevel: m12dBm;DATA: 98,10629342490369879,26406,-6869,1070,1166235,7161971,-5706,3485,-7435,-2410,-8454,-4765
1736074593.879455;m3-25;From: A889 (m3-235);Len: 114;Rssi: -90;PowerLevel: m12dBm;DATA: 98,10629342490369879,26406,-6869,1070,1166235,7161971,-5706,3485,-7435,-2410,-8454,-4765
1736074593.880068;m3-22;From: A889 (m3-235);Len: 114;Rssi: -91;PowerLevel: m12dBm;DATA: 98,10629342490369879,26406,-6869,1070,1166235,7161971,-5706,3485,-7435,-2410,-8454,-4765
1736074593.883819;m3-23;From: A889 (m3-235);Len: 114;Rssi: -91;PowerLevel: m12dBm;DATA: 98,10629342490369879,26406,-6869,1070,1166235,7161971,-5706,3485,-7435,-2410,-8454,-4765
1736074593.885328;m3-26;From: A889 (m3-235);Len: 114;Rssi: -91;PowerLevel: m12dBm;DATA: 98,10629342490369879,26406,-6869,1070,1166235,7161971,-5706,3485,-7435,-2410,-8454,-4765
1736074594.135543;m3-25;From: A889 (m3-235);Len: 114;Rssi: -89;PowerLevel: m12dBm;DATA: 98,10629342490369879,26406,-6869,1070,1166235,7161971,-5706,3485,-7435,-2410,-8454,-4765
1736074594.877398;m3-26;From: A889 (m3-235);Len: 114;Rssi: -91;PowerLevel: m12dBm;DATA: 98,10629342490369879,26406,-6869,1070,1166235,7161971,-5706,3485,-7435,-2410,-8454,-4765
1736074594.887464;m3-25;From: A889 (m3-235);Len: 114;Rssi: -89;PowerLevel: m12dBm;DATA: 98,10629342490369879,26406,-6869,1070,1166235,7161971,-5706,3485,-7435,-2410,-8454,-4765
1736074594.888069;m3-22;From: A889 (m3-235);Len: 114;Rssi: -91;PowerLevel: m12dBm;DATA: 98,10629342490369879,26406,-6869,1070,1166235,7161971,-5706,3485,-7435,-2410,-8454,-4765
1736074594.891683;m3-23;From: A889 (m3-235);Len: 114;Rssi: -91;PowerLevel: m12dBm;DATA: 98,10629342490369879,26406,-6869,1070,1166235,7161971,-5706,3485,-7435,-2410,-8454,-4765
1736074595.383452;m3-25;From: A889 (m3-235);Len: 114;Rssi: -89;PowerLevel: m12dBm;DATA: 98,10629342490369879,26406,-6869,1070,1166235,7161971,-5706,3485,-7435,-2410,-8454,-4765
1736074595.384066;m3-22;From: A889 (m3-235);Len: 114;Rssi: -91;PowerLevel: m12dBm;DATA: 98,10629342490369879,26406,-6869,1070,1166235,7161971,-5706,3485,-7435,-2410,-8454,-4765
1736074595.387811;m3-23;From: A889 (m3-235);Len: 114;Rssi: -91;PowerLevel: m12dBm;DATA: 98,10629342490369879,26406,-6869,1070,1166235,7161971,-5706,3485,-7435,-2410,-8454,-4765
1736074595.389312;m3-26;From: A889 (m3-235);Len: 114;Rssi: -91;PowerLevel: m12dBm;DATA: 98,10629342490369879,26406,-6869,1070,1166235,7161971,-5706,3485,-7435,-2410,-8454,-4765
1736074595.879378;m3-25;From: A889 (m3-235);Len: 114;Rssi: -89;PowerLevel: m12dBm;DATA: 98,10629342490369879,26406,-6869,1070,1166235,7161971,-5706,3485,-7435,-2410,-8454,-4765
1736074595.879987;m3-22;From: A889 (m3-235);Len: 114;Rssi: -91;PowerLevel: m12dBm;DATA: 98,10629342490369879,26406,-6869,1070,1166235,7161971,-5706,3485,-7435,-2410,-8454,-4765
1736074595.883595;m3-23;From: A889 (m3-235);Len: 114;Rssi: -91;PowerLevel: m12dBm;DATA: 98,10629342490369879,26406,-6869,1070,1166235,7161971,-5706,3485,-7435,-2410,-8454,-4765
1736074596.391330;m3-25;From: A889 (m3-235);Len: 114;Rssi: -89;PowerLevel: m12dBm;DATA: 98,10629342490369879,26406,-6869,1070,1166235,7161971,-5706,3485,-7435,-2410,-8454,-4765
1736074596.391945;m3-22;From: A889 (m3-235);Len: 114;Rssi: -91;PowerLevel: m12dBm;DATA: 98,10629342490369879,26406,-6869,1070,1166235,7161971,-5706,3485,-7435,-2410,-8454,-4765
1736074597.127375;m3-25;From: A889 (m3-235);Len: 114;Rssi: -89;PowerLevel: m12dBm;DATA: 98,10629342490369879,26406,-6869,1070,1166235,7161971,-5706,3485,-7435,-2410,-8454,-4765
1736074597.127999;m3-22;From: A889 (m3-235);Len: 114;Rssi: -91;PowerLevel: m12dBm;DATA: 98,10629342490369879,26406,-6869,1070,1166235,7161971,-5706,3485,-7435,-2410,-8454,-4765
1736074597.627636;m3-23;From: A889 (m3-235);Len: 114;Rssi: -91;PowerLevel: m12dBm;DATA: 98,10629342490369879,26406,-6869,1070,1166235,7161971,-5706,3485,-7435,-2410,-8454,-4765
1736074597.629223;m3-26;From: A889 (m3-235);Len: 114;Rssi: -91;PowerLevel: m12dBm;DATA: 98,10629342490369879,26406,-6869,1070,1166235,7161971,-5706,3485,-7435,-2410,-8454,-4765
1736074597.639284;m3-25;From: A889 (m3-235);Len: 114;Rssi: -89;PowerLevel: m12dBm;DATA: 98,10629342490369879,26406,-6869,1070,1166235,7161971,-5706,3485,-7435,-2410,-8454,-4765
1736074597.639890;m3-22;From: A889 (m3-235);Len: 114;Rssi: -91;PowerLevel: m12dBm;DATA: 98,10629342490369879,26406,-6869,1070,1166235,7161971,-5706,3485,-7435,-2410,-8454,-4765
1736074598.135345;m3-25;From: A889 (m3-235);Len: 114;Rssi: -89;PowerLevel: m12dBm;DATA: 98,10629342490369879,26406,-6869,1070,1166235,7161971,-5706,3485,-7435,-2410,-8454,-4765
1736074598.135951;m3-22;From: A889 (m3-235);Len: 114;Rssi: -91;PowerLevel: m12dBm;DATA: 98,10629342490369879,26406,-6869,1070,1166235,7161971,-5706,3485,-7435,-2410,-8454,-4765
1736074598.139500;m3-23;From: A889 (m3-235);Len: 114;Rssi: -91;PowerLevel: m12dBm;DATA: 98,10629342490369879,26406,-6869,1070,1166235,7161971,-5706,3485,-7435,-2410,-8454,-4765
1736074598.141033;m3-26;From: A889 (m3-235);Len: 114;Rssi: -91;PowerLevel: m12dBm;DATA: 98,10629342490369879,26406,-6869,1070,1166235,7161971,-5706,3485,-7435,-2410,-8454,-4765
1736074598.379544;m3-23;From: A889 (m3-235);Len: 114;Rssi: -91;PowerLevel: m12dBm;DATA: 98,10629342490369879,26406,-6869,1070,1166235,7161971,-5706,3485,-7435,-2410,-8454,-4765
1736074598.391695;m3-22;From: A889 (m3-235);Len: 114;Rssi: -91;PowerLevel: m12dBm;DATA: 98,10629342490369879,26406,-6869,1070,1166235,7161971,-5706,3485,-7435,-2410,-8454,-4765
1736074602.374867;m3-42;[in broadcast_data() INFO] POWER LEVEL: m10dBm
1736074602.379433;m3-23;From: A889 (m3-235);Len: 114;Rssi: -91;PowerLevel: m10dBm;DATA: 98,10629342490369879,26406,-6869,1070,1166235,7161971,-5706,3485,-7435,-2410,-8454,-4765
1736074602.380947;m3-26;From: A889 (m3-235);Len: 114;Rssi: -91;PowerLevel: m10dBm;DATA: 98,10629342490369879,26406,-6869,1070,1166235,7161971,-5706,3485,-7435,-2410,-8454,-4765
1736074602.391462;m3-22;From: A889 (m3-235);Len: 114;Rssi: -91;PowerLevel: m10dBm;DATA: 98,10629342490369879,26406,-6869,1070,1166235,7161971,-5706,3485,-7435,-2410,-8454,-4765
1736074602.631506;m3-22;From: A889 (m3-235);Len: 114;Rssi: -91;PowerLevel: m10dBm;DATA: 98,10629342490369879,26406,-6869,1070,1166235,7161971,-5706,3485,-7435,-2410,-8454,-4765
1736074602.635298;m3-23;From: A889 (m3-235);Len: 114;Rssi: -91;PowerLevel: m10dBm;DATA: 98,10629342490369879,26406,-6869,1070,1166235,7161971,-5706,3485,-7435,-2410,-8454,-4765
1736074602.636521;m3-26;From: A889 (m3-235);Len: 114;Rssi: -90;PowerLevel: m10dBm;DATA: 98,10629342490369879,26406,-6869,1070,1166235,7161971,-5706,3485,-7435,-2410,-8454,-4765
1736074603.383487;m3-22;From: A889 (m3-235);Len: 114;Rssi: -91;PowerLevel: m10dBm;DATA: 98,10629342490369879,26406,-6869,1070,1166235,7161971,-5706,3485,-7435,-2410,-8454,-4765
1736074603.387333;m3-23;From: A889 (m3-235);Len: 114;Rssi: -91;PowerLevel: m10dBm;DATA: 98,10629342490369879,26406,-6869,1070,1166235,7161971,-5706,3485,-7435,-2410,-8454,-4765
1736074603.388626;m3-26;From: A889 (m3-235);Len: 114;Rssi: -90;PowerLevel: m10dBm;DATA: 98,10629342490369879,26406,-6869,1070,1166235,7161971,-5706,3485,-7435,-2410,-8454,-4765
1736074603.879377;m3-22;From: A889 (m3-235);Len: 114;Rssi: -91;PowerLevel: m10dBm;DATA: 98,10629342490369879,26406,-6869,1070,1166235,7161971,-5706,3485,-7435,-2410,-8454,-4765
1736074603.883149;m3-23;From: A889 (m3-235);Len: 114;Rssi: -91;PowerLevel: m10dBm;DATA: 98,10629342490369879,26406,-6869,1070,1166235,7161971,-5706,3485,-7435,-2410,-8454,-4765
1736074603.884695;m3-26;From: A889 (m3-235);Len: 114;Rssi: -91;PowerLevel: m10dBm;DATA: 98,10629342490369879,26406,-6869,1070,1166235,7161971,-5706,3485,-7435,-2410,-8454,-4765
1736074604.379307;m3-23;From: A889 (m3-235);Len: 114;Rssi: -91;PowerLevel: m10dBm;DATA: 98,10629342490369879,26406,-6869,1070,1166235,7161971,-5706,3485,-7435,-2410,-8454,-4765
1736074604.380490;m3-26;From: A889 (m3-235);Len: 114;Rssi: -91;PowerLevel: m10dBm;DATA: 98,10629342490369879,26406,-6869,1070,1166235,7161971,-5706,3485,-7435,-2410,-8454,-4765
1736074604.391261;m3-22;From: A889 (m3-235);Len: 114;Rssi: -91;PowerLevel: m10dBm;DATA: 98,10629342490369879,26406,-6869,1070,1166235,7161971,-5706,3485,-7435,-2410,-8454,-4765
1736074604.631383;m3-22;From: A889 (m3-235);Len: 114;Rssi: -91;PowerLevel: m10dBm;DATA: 98,10629342490369879,26406,-6869,1070,1166235,7161971,-5706,3485,-7435,-2410,-8454,-4765
1736074604.635158;m3-23;From: A889 (m3-235);Len: 114;Rssi: -91;PowerLevel: m10dBm;DATA: 98,10629342490369879,26406,-6869,1070,1166235,7161971,-5706,3485,-7435,-2410,-8454,-4765
1736074604.636452;m3-26;From: A889 (m3-235);Len: 114;Rssi: -91;PowerLevel: m10dBm;DATA: 98,10629342490369879,26406,-6869,1070,1166235,7161971,-5706,3485,-7435,-2410,-8454,-4765
1736074604.890997;m3-23;From: A889 (m3-235);Len: 114;Rssi: -91;PowerLevel: m10dBm;DATA: 98,10629342490369879,26406,-6869,1070,1166235,7161971,-5706,3485,-7435,-2410,-8454,-4765
1736074605.628590;m3-26;From: A889 (m3-235);Len: 114;Rssi: -90;PowerLevel: m10dBm;DATA: 98,10629342490369879,26406,-6869,1070,1166235,7161971,-5706,3485,-7435,-2410,-8454,-4765
1736074605.639410;m3-22;From: A889 (m3-235);Len: 114;Rssi: -91;PowerLevel: m10dBm;DATA: 98,10629342490369879,26406,-6869,1070,1166235,7161971,-5706,3485,-7435,-2410,-8454,-4765
1736074605.642935;m3-23;From: A889 (m3-235);Len: 114;Rssi: -91;PowerLevel: m10dBm;DATA: 98,10629342490369879,26406,-6869,1070,1166235,7161971,-5706,3485,-7435,-2410,-8454,-4765
1736074606.135342;m3-22;From: A889 (m3-235);Len: 114;Rssi: -91;PowerLevel: m10dBm;DATA: 98,10629342490369879,26406,-6869,1070,1166235,7161971,-5706,3485,-7435,-2410,-8454,-4765
1736074606.139157;m3-23;From: A889 (m3-235);Len: 114;Rssi: -91;PowerLevel: m10dBm;DATA: 98,10629342490369879,26406,-6869,1070,1166235,7161971,-5706,3485,-7435,-2410,-8454,-4765
1736074606.140295;m3-26;From: A889 (m3-235);Len: 114;Rssi: -90;PowerLevel: m10dBm;DATA: 98,10629342490369879,26406,-6869,1070,1166235,7161971,-5706,3485,-7435,-2410,-8454,-4765
1736074606.379131;m3-23;From: A889 (m3-235);Len: 114;Rssi: -91;PowerLevel: m10dBm;DATA: 98,10629342490369879,26406,-6869,1070,1166235,7161971,-5706,3485,-7435,-2410,-8454,-4765
1736074606.380315;m3-26;From: A889 (m3-235);Len: 114;Rssi: -91;PowerLevel: m10dBm;DATA: 98,10629342490369879,26406,-6869,1070,1166235,7161971,-5706,3485,-7435,-2410,-8454,-4765
1736074606.391056;m3-22;From: A889 (m3-235);Len: 114;Rssi: -91;PowerLevel: m10dBm;DATA: 98,10629342490369879,26406,-6869,1070,1166235,7161971,-5706,3485,-7435,-2410,-8454,-4765
1736074606.631189;m3-22;From: A889 (m3-235);Len: 114;Rssi: -91;PowerLevel: m10dBm;DATA: 98,10629342490369879,26406,-6869,1070,1166235,7161971,-5706,3485,-7435,-2410,-8454,-4765
1736074606.634914;m3-23;From: A889 (m3-235);Len: 114;Rssi: -91;PowerLevel: m10dBm;DATA: 98,10629342490369879,26406,-6869,1070,1166235,7161971,-5706,3485,-7435,-2410,-8454,-4765
1736074606.636478;m3-26;From: A889 (m3-235);Len: 114;Rssi: -91;PowerLevel: m10dBm;DATA: 98,10629342490369879,26406,-6869,1070,1166235,7161971,-5706,3485,-7435,-2410,-8454,-4765
1736074607.383197;m3-22;From: A889 (m3-235);Len: 114;Rssi: -91;PowerLevel: m10dBm;DATA: 98,10629342490369879,26406,-6869,1070,1166235,7161971,-5706,3485,-7435,-2410,-8454,-4765
1736074607.387055;m3-23;From: A889 (m3-235);Len: 114;Rssi: -91;PowerLevel: m10dBm;DATA: 98,10629342490369879,26406,-6869,1070,1166235,7161971,-5706,3485,-7435,-2410,-8454,-4765
1736074607.388323;m3-26;From: A889 (m3-235);Len: 114;Rssi: -91;PowerLevel: m10dBm;DATA: 98,10629342490369879,26406,-6869,1070,1166235,7161971,-5706,3485,-7435,-2410,-8454,-4765
1736074607.882959;m3-23;From: A889 (m3-235);Len: 114;Rssi: -91;PowerLevel: m10dBm;DATA: 98,10629342490369879,26406,-6869,1070,1166235,7161971,-5706,3485,-7435,-2410,-8454,-4765
1736074607.884233;m3-26;From: A889 (m3-235);Len: 114;Rssi: -91;PowerLevel: m10dBm;DATA: 98,10629342490369879,26406,-6869,1070,1166235,7161971,-5706,3485,-7435,-2410,-8454,-4765
1736074608.378951;m3-23;From: A889 (m3-235);Len: 114;Rssi: -91;PowerLevel: m10dBm;DATA: 98,10629342490369879,26406,-6869,1070,1166235,7161971,-5706,3485,-7435,-2410,-8454,-4765
1736074608.380192;m3-26;From: A889 (m3-235);Len: 114;Rssi: -91;PowerLevel: m10dBm;DATA: 98,10629342490369879,26406,-6869,1070,1166235,7161971,-5706,3485,-7435,-2410,-8454,-4765
1736074608.634814;m3-23;From: A889 (m3-235);Len: 114;Rssi: -91;PowerLevel: m10dBm;DATA: 98,10629342490369879,26406,-6869,1070,1166235,7161971,-5706,3485,-7435,-2410,-8454,-4765
1736074608.636355;m3-26;From: A889 (m3-235);Len: 114;Rssi: -91;PowerLevel: m10dBm;DATA: 98,10629342490369879,26406,-6869,1070,1166235,7161971,-5706,3485,-7435,-2410,-8454,-4765
1736074608.892183;m3-26;From: A889 (m3-235);Len: 114;Rssi: -91;PowerLevel: m10dBm;DATA: 98,10629342490369879,26406,-6869,1070,1166235,7161971,-5706,3485,-7435,-2410,-8454,-4765
1736074612.885880;m3-42;[in broadcast_data() INFO] POWER LEVEL: m7dBm
1736074613.132147;m3-26;From: A889 (m3-235);Len: 113;Rssi: -89;PowerLevel: m7dBm;DATA: 98,10629342490369879,26406,-6869,1070,1166235,7161971,-5706,3485,-7435,-2410,-8454,-4765
1736074615.385201;m3-88;From: A889 (m3-235);Len: 113;Rssi: -91;PowerLevel: m7dBm;DATA: 98,10629342490369879,26406,-6869,1070,1166235,7161971,-5706,3485,-7435,-2410,-8454,-4765
1736074616.889017;m3-88;From: A889 (m3-235);Len: 113;Rssi: -91;PowerLevel: m7dBm;DATA: 98,10629342490369879,26406,-6869,1070,1166235,7161971,-5706,3485,-7435,-2410,-8454,-4765
1736074619.640990;m3-88;From: A889 (m3-235);Len: 113;Rssi: -91;PowerLevel: m7dBm;DATA: 98,10629342490369879,26406,-6869,1070,1166235,7161971,-5706,3485,-7435,-2410,-8454,-4765
1736074623.381362;m3-42;[in broadcast_data() INFO] POWER LEVEL: m5dBm
1736074623.639380;m3-12;From: A889 (m3-235);Len: 113;Rssi: -91;PowerLevel: m5dBm;DATA: 98,10629342490369879,26406,-6869,1070,1166235,7161971,-5706,3485,-7435,-2410,-8454,-4765
1736074623.640516;m3-88;From: A889 (m3-235);Len: 113;Rssi: -91;PowerLevel: m5dBm;DATA: 98,10629342490369879,26406,-6869,1070,1166235,7161971,-5706,3485,-7435,-2410,-8454,-4765
1736074623.880477;m3-88;From: A889 (m3-235);Len: 113;Rssi: -91;PowerLevel: m5dBm;DATA: 98,10629342490369879,26406,-6869,1070,1166235,7161971,-5706,3485,-7435,-2410,-8454,-4765
1736074625.880442;m3-88;From: A889 (m3-235);Len: 113;Rssi: -91;PowerLevel: m5dBm;DATA: 98,10629342490369879,26406,-6869,1070,1166235,7161971,-5706,3485,-7435,-2410,-8454,-4765
1736074627.144241;m3-88;From: A889 (m3-235);Len: 113;Rssi: -91;PowerLevel: m5dBm;DATA: 98,10629342490369879,26406,-6869,1070,1166235,7161971,-5706,3485,-7435,-2410,-8454,-4765
1736074627.640255;m3-88;From: A889 (m3-235);Len: 113;Rssi: -91;PowerLevel: m5dBm;DATA: 98,10629342490369879,26406,-6869,1070,1166235,7161971,-5706,3485,-7435,-2410,-8454,-4765
1736074628.136270;m3-88;From: A889 (m3-235);Len: 113;Rssi: -91;PowerLevel: m5dBm;DATA: 98,10629342490369879,26406,-6869,1070,1166235,7161971,-5706,3485,-7435,-2410,-8454,-4765
1736074629.384282;m3-88;From: A889 (m3-235);Len: 113;Rssi: -91;PowerLevel: m5dBm;DATA: 98,10629342490369879,26406,-6869,1070,1166235,7161971,-5706,3485,-7435,-2410,-8454,-4765
1736074630.136177;m3-88;From: A889 (m3-235);Len: 113;Rssi: -91;PowerLevel: m5dBm;DATA: 98,10629342490369879,26406,-6869,1070,1166235,7161971,-5706,3485,-7435,-2410,-8454,-4765
1736074630.392100;m3-88;From: A889 (m3-235);Len: 113;Rssi: -91;PowerLevel: m5dBm;DATA: 98,10629342490369879,26406,-6869,1070,1166235,7161971,-5706,3485,-7435,-2410,-8454,-4765
1736074633.876532;m3-42;[in broadcast_data() INFO] POWER LEVEL: m4dBm
1736074633.895853;m3-88;From: A889 (m3-235);Len: 113;Rssi: -91;PowerLevel: m4dBm;DATA: 98,10629342490369879,26406,-6869,1070,1166235,7161971,-5706,3485,-7435,-2410,-8454,-4765
1736074634.390518;m3-12;From: A889 (m3-235);Len: 113;Rssi: -91;PowerLevel: m4dBm;DATA: 98,10629342490369879,26406,-6869,1070,1166235,7161971,-5706,3485,-7435,-2410,-8454,-4765
1736074634.392026;m3-88;From: A889 (m3-235);Len: 113;Rssi: -91;PowerLevel: m4dBm;DATA: 98,10629342490369879,26406,-6869,1070,1166235,7161971,-5706,3485,-7435,-2410,-8454,-4765
1736074634.631876;m3-88;From: A889 (m3-235);Len: 113;Rssi: -91;PowerLevel: m4dBm;DATA: 98,10629342490369879,26406,-6869,1070,1166235,7161971,-5706,3485,-7435,-2410,-8454,-4765
1736074636.135909;m3-88;From: A889 (m3-235);Len: 113;Rssi: -91;PowerLevel: m4dBm;DATA: 98,10629342490369879,26406,-6869,1070,1166235,7161971,-5706,3485,-7435,-2410,-8454,-4765
1736074636.631681;m3-88;From: A889 (m3-235);Len: 113;Rssi: -91;PowerLevel: m4dBm;DATA: 98,10629342490369879,26406,-6869,1070,1166235,7161971,-5706,3485,-7435,-2410,-8454,-4765
1736074636.646135;m3-12;From: A889 (m3-235);Len: 113;Rssi: -91;PowerLevel: m4dBm;DATA: 98,10629342490369879,26406,-6869,1070,1166235,7161971,-5706,3485,-7435,-2410,-8454,-4765
1736074636.887666;m3-88;From: A889 (m3-235);Len: 113;Rssi: -91;PowerLevel: m4dBm;DATA: 98,10629342490369879,26406,-6869,1070,1166235,7161971,-5706,3485,-7435,-2410,-8454,-4765
1736074637.382175;m3-12;From: A889 (m3-235);Len: 113;Rssi: -91;PowerLevel: m4dBm;DATA: 98,10629342490369879,26406,-6869,1070,1166235,7161971,-5706,3485,-7435,-2410,-8454,-4765
1736074637.383761;m3-88;From: A889 (m3-235);Len: 113;Rssi: -91;PowerLevel: m4dBm;DATA: 98,10629342490369879,26406,-6869,1070,1166235,7161971,-5706,3485,-7435,-2410,-8454,-4765
1736074637.894009;m3-12;From: A889 (m3-235);Len: 113;Rssi: -91;PowerLevel: m4dBm;DATA: 98,10629342490369879,26406,-6869,1070,1166235,7161971,-5706,3485,-7435,-2410,-8454,-4765
1736074637.895586;m3-88;From: A889 (m3-235);Len: 113;Rssi: -91;PowerLevel: m4dBm;DATA: 98,10629342490369879,26406,-6869,1070,1166235,7161971,-5706,3485,-7435,-2410,-8454,-4765
1736074638.390157;m3-12;From: A889 (m3-235);Len: 113;Rssi: -91;PowerLevel: m4dBm;DATA: 98,10629342490369879,26406,-6869,1070,1166235,7161971,-5706,3485,-7435,-2410,-8454,-4765
1736074638.391709;m3-88;From: A889 (m3-235);Len: 113;Rssi: -91;PowerLevel: m4dBm;DATA: 98,10629342490369879,26406,-6869,1070,1166235,7161971,-5706,3485,-7435,-2410,-8454,-4765
1736074638.887563;m3-88;From: A889 (m3-235);Len: 113;Rssi: -91;PowerLevel: m4dBm;DATA: 98,10629342490369879,26406,-6869,1070,1166235,7161971,-5706,3485,-7435,-2410,-8454,-4765
1736074639.143555;m3-88;From: A889 (m3-235);Len: 113;Rssi: -91;PowerLevel: m4dBm;DATA: 98,10629342490369879,26406,-6869,1070,1166235,7161971,-5706,3485,-7435,-2410,-8454,-4765
1736074640.135573;m3-88;From: A889 (m3-235);Len: 113;Rssi: -91;PowerLevel: m4dBm;DATA: 98,10629342490369879,26406,-6869,1070,1166235,7161971,-5706,3485,-7435,-2410,-8454,-4765
1736074640.389989;m3-12;From: A889 (m3-235);Len: 113;Rssi: -91;PowerLevel: m4dBm;DATA: 98,10629342490369879,26406,-6869,1070,1166235,7161971,-5706,3485,-7435,-2410,-8454,-4765
1736074640.885838;m3-12;From: A889 (m3-235);Len: 113;Rssi: -91;PowerLevel: m4dBm;DATA: 98,10629342490369879,26406,-6869,1070,1166235,7161971,-5706,3485,-7435,-2410,-8454,-4765
1736074641.141955;m3-12;From: A889 (m3-235);Len: 113;Rssi: -91;PowerLevel: m4dBm;DATA: 98,10629342490369879,26406,-6869,1070,1166235,7161971,-5706,3485,-7435,-2410,-8454,-4765
1736074644.387787;m3-42;[in broadcast_data() INFO] POWER LEVEL: m3dBm
1736074644.645608;m3-12;From: A889 (m3-235);Len: 113;Rssi: -91;PowerLevel: m3dBm;DATA: 98,10629342490369879,26406,-6869,1070,1166235,7161971,-5706,3485,-7435,-2410,-8454,-4765
1736074645.141569;m3-12;From: A889 (m3-235);Len: 113;Rssi: -91;PowerLevel: m3dBm;DATA: 98,10629342490369879,26406,-6869,1070,1166235,7161971,-5706,3485,-7435,-2410,-8454,-4765
1736074645.637573;m3-12;From: A889 (m3-235);Len: 113;Rssi: -91;PowerLevel: m3dBm;DATA: 98,10629342490369879,26406,-6869,1070,1166235,7161971,-5706,3485,-7435,-2410,-8454,-4765
1736074645.638650;m3-9;From: A889 (m3-235);Len: 113;Rssi: -91;PowerLevel: m3dBm;DATA: 98,10629342490369879,26406,-6869,1070,1166235,7161971,-5706,3485,-7435,-2410,-8454,-4765
1736074646.133610;m3-12;From: A889 (m3-235);Len: 113;Rssi: -91;PowerLevel: m3dBm;DATA: 98,10629342490369879,26406,-6869,1070,1166235,7161971,-5706,3485,-7435,-2410,-8454,-4765
1736074646.389436;m3-12;From: A889 (m3-235);Len: 113;Rssi: -91;PowerLevel: m3dBm;DATA: 98,10629342490369879,26406,-6869,1070,1166235,7161971,-5706,3485,-7435,-2410,-8454,-4765
1736074646.886598;m3-9;From: A889 (m3-235);Len: 113;Rssi: -91;PowerLevel: m3dBm;DATA: 98,10629342490369879,26406,-6869,1070,1166235,7161971,-5706,3485,-7435,-2410,-8454,-4765
1736074647.382189;m3-9;From: A889 (m3-235);Len: 113;Rssi: -91;PowerLevel: m3dBm;DATA: 98,10629342490369879,26406,-6869,1070,1166235,7161971,-5706,3485,-7435,-2410,-8454,-4765
1736074647.397234;m3-12;From: A889 (m3-235);Len: 113;Rssi: -91;PowerLevel: m3dBm;DATA: 98,10629342490369879,26406,-6869,1070,1166235,7161971,-5706,3485,-7435,-2410,-8454,-4765
1736074647.893152;m3-12;From: A889 (m3-235);Len: 113;Rssi: -91;PowerLevel: m3dBm;DATA: 98,10629342490369879,26406,-6869,1070,1166235,7161971,-5706,3485,-7435,-2410,-8454,-4765
1736074648.645244;m3-12;From: A889 (m3-235);Len: 113;Rssi: -91;PowerLevel: m3dBm;DATA: 98,10629342490369879,26406,-6869,1070,1166235,7161971,-5706,3485,-7435,-2410,-8454,-4765
1736074648.645925;m3-9;From: A889 (m3-235);Len: 113;Rssi: -91;PowerLevel: m3dBm;DATA: 98,10629342490369879,26406,-6869,1070,1166235,7161971,-5706,3485,-7435,-2410,-8454,-4765
1736074648.885217;m3-12;From: A889 (m3-235);Len: 113;Rssi: -91;PowerLevel: m3dBm;DATA: 98,10629342490369879,26406,-6869,1070,1166235,7161971,-5706,3485,-7435,-2410,-8454,-4765
1736074649.141325;m3-12;From: A889 (m3-235);Len: 113;Rssi: -91;PowerLevel: m3dBm;DATA: 98,10629342490369879,26406,-6869,1070,1166235,7161971,-5706,3485,-7435,-2410,-8454,-4765
1736074649.637213;m3-12;From: A889 (m3-235);Len: 113;Rssi: -91;PowerLevel: m3dBm;DATA: 98,10629342490369879,26406,-6869,1070,1166235,7161971,-5706,3485,-7435,-2410,-8454,-4765
1736074650.133255;m3-12;From: A889 (m3-235);Len: 113;Rssi: -91;PowerLevel: m3dBm;DATA: 98,10629342490369879,26406,-6869,1070,1166235,7161971,-5706,3485,-7435,-2410,-8454,-4765
1736074650.645122;m3-12;From: A889 (m3-235);Len: 113;Rssi: -91;PowerLevel: m3dBm;DATA: 98,10629342490369879,26406,-6869,1070,1166235,7161971,-5706,3485,-7435,-2410,-8454,-4765
1736074650.884988;m3-12;From: A889 (m3-235);Len: 113;Rssi: -91;PowerLevel: m3dBm;DATA: 98,10629342490369879,26406,-6869,1070,1166235,7161971,-5706,3485,-7435,-2410,-8454,-4765
1736074650.886292;m3-9;From: A889 (m3-235);Len: 113;Rssi: -91;PowerLevel: m3dBm;DATA: 98,10629342490369879,26406,-6869,1070,1166235,7161971,-5706,3485,-7435,-2410,-8454,-4765
1736074651.141115;m3-12;From: A889 (m3-235);Len: 113;Rssi: -91;PowerLevel: m3dBm;DATA: 98,10629342490369879,26406,-6869,1070,1166235,7161971,-5706,3485,-7435,-2410,-8454,-4765
1736074651.142053;m3-9;From: A889 (m3-235);Len: 113;Rssi: -91;PowerLevel: m3dBm;DATA: 98,10629342490369879,26406,-6869,1070,1166235,7161971,-5706,3485,-7435,-2410,-8454,-4765
1736074651.638018;m3-9;From: A889 (m3-235);Len: 113;Rssi: -91;PowerLevel: m3dBm;DATA: 98,10629342490369879,26406,-6869,1070,1166235,7161971,-5706,3485,-7435,-2410,-8454,-4765
1736074654.883099;m3-42;[in broadcast_data() INFO] POWER LEVEL: m2dBm
1736074655.391391;m3-11;From: A889 (m3-235);Len: 113;Rssi: -91;PowerLevel: m2dBm;DATA: 98,10629342490369879,26406,-6869,1070,1166235,7161971,-5706,3485,-7435,-2410,-8454,-4765
1736074655.637924;m3-9;From: A889 (m3-235);Len: 113;Rssi: -91;PowerLevel: m2dBm;DATA: 98,10629342490369879,26406,-6869,1070,1166235,7161971,-5706,3485,-7435,-2410,-8454,-4765
1736074655.893801;m3-9;From: A889 (m3-235);Len: 113;Rssi: -91;PowerLevel: m2dBm;DATA: 98,10629342490369879,26406,-6869,1070,1166235,7161971,-5706,3485,-7435,-2410,-8454,-4765
1736074656.383147;m3-11;From: A889 (m3-235);Len: 113;Rssi: -91;PowerLevel: m2dBm;DATA: 98,10629342490369879,26406,-6869,1070,1166235,7161971,-5706,3485,-7435,-2410,-8454,-4765
1736074657.637693;m3-9;From: A889 (m3-235);Len: 113;Rssi: -91;PowerLevel: m2dBm;DATA: 98,10629342490369879,26406,-6869,1070,1166235,7161971,-5706,3485,-7435,-2410,-8454,-4765
1736074658.133641;m3-9;From: A889 (m3-235);Len: 113;Rssi: -91;PowerLevel: m2dBm;DATA: 98,10629342490369879,26406,-6869,1070,1166235,7161971,-5706,3485,-7435,-2410,-8454,-4765
1736074659.390996;m3-11;From: A889 (m3-235);Len: 113;Rssi: -91;PowerLevel: m2dBm;DATA: 98,10629342490369879,26406,-6869,1070,1166235,7161971,-5706,3485,-7435,-2410,-8454,-4765
1736074659.397434;m3-9;From: A889 (m3-235);Len: 113;Rssi: -91;PowerLevel: m2dBm;DATA: 98,10629342490369879,26406,-6869,1070,1166235,7161971,-5706,3485,-7435,-2410,-8454,-4765
1736074659.886864;m3-11;From: A889 (m3-235);Len: 113;Rssi: -91;PowerLevel: m2dBm;DATA: 98,10629342490369879,26406,-6869,1070,1166235,7161971,-5706,3485,-7435,-2410,-8454,-4765
1736074659.893393;m3-9;From: A889 (m3-235);Len: 113;Rssi: -91;PowerLevel: m2dBm;DATA: 98,10629342490369879,26406,-6869,1070,1166235,7161971,-5706,3485,-7435,-2410,-8454,-4765
1736074660.389537;m3-9;From: A889 (m3-235);Len: 113;Rssi: -91;PowerLevel: m2dBm;DATA: 98,10629342490369879,26406,-6869,1070,1166235,7161971,-5706,3485,-7435,-2410,-8454,-4765
1736074661.141447;m3-9;From: A889 (m3-235);Len: 113;Rssi: -91;PowerLevel: m2dBm;DATA: 98,10629342490369879,26406,-6869,1070,1166235,7161971,-5706,3485,-7435,-2410,-8454,-4765
1736074661.886734;m3-11;From: A889 (m3-235);Len: 113;Rssi: -91;PowerLevel: m2dBm;DATA: 98,10629342490369879,26406,-6869,1070,1166235,7161971,-5706,3485,-7435,-2410,-8454,-4765
1736074661.893367;m3-9;From: A889 (m3-235);Len: 113;Rssi: -91;PowerLevel: m2dBm;DATA: 98,10629342490369879,26406,-6869,1070,1166235,7161971,-5706,3485,-7435,-2410,-8454,-4765
1736074662.133294;m3-9;From: A889 (m3-235);Len: 113;Rssi: -91;PowerLevel: m2dBm;DATA: 98,10629342490369879,26406,-6869,1070,1166235,7161971,-5706,3485,-7435,-2410,-8454,-4765
1736074665.378236;m3-42;[in broadcast_data() INFO] POWER LEVEL: m1dBm
1736074665.637132;m3-9;From: A889 (m3-235);Len: 113;Rssi: -91;PowerLevel: m1dBm;DATA: 98,10629342490369879,26406,-6869,1070,1166235,7161971,-5706,3485,-7435,-2410,-8454,-4765
1736074665.646449;m3-11;From: A889 (m3-235);Len: 113;Rssi: -91;PowerLevel: m1dBm;DATA: 98,10629342490369879,26406,-6869,1070,1166235,7161971,-5706,3485,-7435,-2410,-8454,-4765
1736074666.142422;m3-11;From: A889 (m3-235);Len: 113;Rssi: -91;PowerLevel: m1dBm;DATA: 98,10629342490369879,26406,-6869,1070,1166235,7161971,-5706,3485,-7435,-2410,-8454,-4765
1736074666.148947;m3-9;From: A889 (m3-235);Len: 113;Rssi: -91;PowerLevel: m1dBm;DATA: 98,10629342490369879,26406,-6869,1070,1166235,7161971,-5706,3485,-7435,-2410,-8454,-4765
1736074666.638329;m3-11;From: A889 (m3-235);Len: 113;Rssi: -91;PowerLevel: m1dBm;DATA: 98,10629342490369879,26406,-6869,1070,1166235,7161971,-5706,3485,-7435,-2410,-8454,-4765
1736074666.644958;m3-9;From: A889 (m3-235);Len: 113;Rssi: -91;PowerLevel: m1dBm;DATA: 98,10629342490369879,26406,-6869,1070,1166235,7161971,-5706,3485,-7435,-2410,-8454,-4765
1736074666.647909;m3-5;From: A889 (m3-235);Len: 113;Rssi: -91;PowerLevel: m1dBm;DATA: 98,10629342490369879,26406,-6869,1070,1166235,7161971,-5706,3485,-7435,-2410,-8454,-4765
1736074667.886356;m3-11;From: A889 (m3-235);Len: 113;Rssi: -91;PowerLevel: m1dBm;DATA: 98,10629342490369879,26406,-6869,1070,1166235,7161971,-5706,3485,-7435,-2410,-8454,-4765
1736074667.892979;m3-9;From: A889 (m3-235);Len: 113;Rssi: -91;PowerLevel: m1dBm;DATA: 98,10629342490369879,26406,-6869,1070,1166235,7161971,-5706,3485,-7435,-2410,-8454,-4765
1736074668.397997;m3-11;From: A889 (m3-235);Len: 113;Rssi: -91;PowerLevel: m1dBm;DATA: 98,10629342490369879,26406,-6869,1070,1166235,7161971,-5706,3485,-7435,-2410,-8454,-4765
1736074668.884921;m3-9;From: A889 (m3-235);Len: 113;Rssi: -91;PowerLevel: m1dBm;DATA: 98,10629342490369879,26406,-6869,1070,1166235,7161971,-5706,3485,-7435,-2410,-8454,-4765
1736074668.894051;m3-11;From: A889 (m3-235);Len: 113;Rssi: -91;PowerLevel: m1dBm;DATA: 98,10629342490369879,26406,-6869,1070,1166235,7161971,-5706,3485,-7435,-2410,-8454,-4765
1736074669.383952;m3-5;From: A889 (m3-235);Len: 113;Rssi: -91;PowerLevel: m1dBm;DATA: 98,10629342490369879,26406,-6869,1070,1166235,7161971,-5706,3485,-7435,-2410,-8454,-4765
1736074669.390128;m3-11;From: A889 (m3-235);Len: 113;Rssi: -91;PowerLevel: m1dBm;DATA: 98,10629342490369879,26406,-6869,1070,1166235,7161971,-5706,3485,-7435,-2410,-8454,-4765
1736074669.396670;m3-9;From: A889 (m3-235);Len: 113;Rssi: -91;PowerLevel: m1dBm;DATA: 98,10629342490369879,26406,-6869,1070,1166235,7161971,-5706,3485,-7435,-2410,-8454,-4765
1736074670.135928;m3-5;From: A889 (m3-235);Len: 113;Rssi: -91;PowerLevel: m1dBm;DATA: 98,10629342490369879,26406,-6869,1070,1166235,7161971,-5706,3485,-7435,-2410,-8454,-4765
1736074670.142079;m3-11;From: A889 (m3-235);Len: 113;Rssi: -91;PowerLevel: m1dBm;DATA: 98,10629342490369879,26406,-6869,1070,1166235,7161971,-5706,3485,-7435,-2410,-8454,-4765
1736074670.148521;m3-9;From: A889 (m3-235);Len: 113;Rssi: -91;PowerLevel: m1dBm;DATA: 98,10629342490369879,26406,-6869,1070,1166235,7161971,-5706,3485,-7435,-2410,-8454,-4765
1736074670.397887;m3-11;From: A889 (m3-235);Len: 113;Rssi: -91;PowerLevel: m1dBm;DATA: 98,10629342490369879,26406,-6869,1070,1166235,7161971,-5706,3485,-7435,-2410,-8454,-4765
1736074670.638011;m3-11;From: A889 (m3-235);Len: 113;Rssi: -91;PowerLevel: m1dBm;DATA: 98,10629342490369879,26406,-6869,1070,1166235,7161971,-5706,3485,-7435,-2410,-8454,-4765
1736074671.143857;m3-5;From: A889 (m3-235);Len: 113;Rssi: -91;PowerLevel: m1dBm;DATA: 98,10629342490369879,26406,-6869,1070,1166235,7161971,-5706,3485,-7435,-2410,-8454,-4765
1736074672.397862;m3-11;From: A889 (m3-235);Len: 113;Rssi: -91;PowerLevel: m1dBm;DATA: 98,10629342490369879,26406,-6869,1070,1166235,7161971,-5706,3485,-7435,-2410,-8454,-4765
1736074675.889546;m3-42;[in broadcast_data() INFO] POWER LEVEL: 0_7dBm
1736074676.141718;m3-11;From: A889 (m3-235);Len: 114;Rssi: -91;PowerLevel: 0_7dBm;DATA: 98,10629342490369879,26406,-6869,1070,1166235,7161971,-5706,3485,-7435,-2410,-8454,-4765
1736074676.391561;m3-5;From: A889 (m3-235);Len: 114;Rssi: -91;PowerLevel: 0_7dBm;DATA: 98,10629342490369879,26406,-6869,1070,1166235,7161971,-5706,3485,-7435,-2410,-8454,-4765
1736074676.397488;m3-11;From: A889 (m3-235);Len: 114;Rssi: -91;PowerLevel: 0_7dBm;DATA: 98,10629342490369879,26406,-6869,1070,1166235,7161971,-5706,3485,-7435,-2410,-8454,-4765
1736074676.887376;m3-5;From: A889 (m3-235);Len: 114;Rssi: -91;PowerLevel: 0_7dBm;DATA: 98,10629342490369879,26406,-6869,1070,1166235,7161971,-5706,3485,-7435,-2410,-8454,-4765
1736074676.893430;m3-11;From: A889 (m3-235);Len: 114;Rssi: -91;PowerLevel: 0_7dBm;DATA: 98,10629342490369879,26406,-6869,1070,1166235,7161971,-5706,3485,-7435,-2410,-8454,-4765
1736074677.389524;m3-11;From: A889 (m3-235);Len: 114;Rssi: -91;PowerLevel: 0_7dBm;DATA: 98,10629342490369879,26406,-6869,1070,1166235,7161971,-5706,3485,-7435,-2410,-8454,-4765
1736074677.399324;m3-5;From: A889 (m3-235);Len: 114;Rssi: -91;PowerLevel: 0_7dBm;DATA: 98,10629342490369879,26406,-6869,1070,1166235,7161971,-5706,3485,-7435,-2410,-8454,-4765
1736074677.645458;m3-11;From: A889 (m3-235);Len: 114;Rssi: -91;PowerLevel: 0_7dBm;DATA: 98,10629342490369879,26406,-6869,1070,1166235,7161971,-5706,3485,-7435,-2410,-8454,-4765
1736074677.885456;m3-11;From: A889 (m3-235);Len: 114;Rssi: -91;PowerLevel: 0_7dBm;DATA: 98,10629342490369879,26406,-6869,1070,1166235,7161971,-5706,3485,-7435,-2410,-8454,-4765
1736074678.637459;m3-11;From: A889 (m3-235);Len: 114;Rssi: -91;PowerLevel: 0_7dBm;DATA: 98,10629342490369879,26406,-6869,1070,1166235,7161971,-5706,3485,-7435,-2410,-8454,-4765
1736074678.647315;m3-5;From: A889 (m3-235);Len: 114;Rssi: -91;PowerLevel: 0_7dBm;DATA: 98,10629342490369879,26406,-6869,1070,1166235,7161971,-5706,3485,-7435,-2410,-8454,-4765
1736074679.143305;m3-5;From: A889 (m3-235);Len: 114;Rssi: -91;PowerLevel: 0_7dBm;DATA: 98,10629342490369879,26406,-6869,1070,1166235,7161971,-5706,3485,-7435,-2410,-8454,-4765
1736074679.149289;m3-11;From: A889 (m3-235);Len: 114;Rssi: -91;PowerLevel: 0_7dBm;DATA: 98,10629342490369879,26406,-6869,1070,1166235,7161971,-5706,3485,-7435,-2410,-8454,-4765
1736074679.398994;m3-5;From: A889 (m3-235);Len: 114;Rssi: -91;PowerLevel: 0_7dBm;DATA: 98,10629342490369879,26406,-6869,1070,1166235,7161971,-5706,3485,-7435,-2410,-8454,-4765
1736074681.398854;m3-5;From: A889 (m3-235);Len: 114;Rssi: -91;PowerLevel: 0_7dBm;DATA: 98,10629342490369879,26406,-6869,1070,1166235,7161971,-5706,3485,-7435,-2410,-8454,-4765
1736074681.638877;m3-5;From: A889 (m3-235);Len: 114;Rssi: -91;PowerLevel: 0_7dBm;DATA: 98,10629342490369879,26406,-6869,1070,1166235,7161971,-5706,3485,-7435,-2410,-8454,-4765
1736074681.894932;m3-5;From: A889 (m3-235);Len: 114;Rssi: -91;PowerLevel: 0_7dBm;DATA: 98,10629342490369879,26406,-6869,1070,1166235,7161971,-5706,3485,-7435,-2410,-8454,-4765
1736074683.142997;m3-5;From: A889 (m3-235);Len: 114;Rssi: -91;PowerLevel: 0_7dBm;DATA: 98,10629342490369879,26406,-6869,1070,1166235,7161971,-5706,3485,-7435,-2410,-8454,-4765
1736074686.384655;m3-42;[in broadcast_data() INFO] POWER LEVEL: 1_3dBm
1736074686.646824;m3-5;From: A889 (m3-235);Len: 114;Rssi: -91;PowerLevel: 1_3dBm;DATA: 98,10629342490369879,26406,-6869,1070,1166235,7161971,-5706,3485,-7435,-2410,-8454,-4765
1736074687.142648;m3-5;From: A889 (m3-235);Len: 114;Rssi: -91;PowerLevel: 1_3dBm;DATA: 98,10629342490369879,26406,-6869,1070,1166235,7161971,-5706,3485,-7435,-2410,-8454,-4765
1736074687.638633;m3-5;From: A889 (m3-235);Len: 114;Rssi: -91;PowerLevel: 1_3dBm;DATA: 98,10629342490369879,26406,-6869,1070,1166235,7161971,-5706,3485,-7435,-2410,-8454,-4765
1736074687.647639;m3-80;From: A889 (m3-235);Len: 114;Rssi: -91;PowerLevel: 1_3dBm;DATA: 98,10629342490369879,26406,-6869,1070,1166235,7161971,-5706,3485,-7435,-2410,-8454,-4765
1736074688.150548;m3-5;From: A889 (m3-235);Len: 114;Rssi: -91;PowerLevel: 1_3dBm;DATA: 98,10629342490369879,26406,-6869,1070,1166235,7161971,-5706,3485,-7435,-2410,-8454,-4765
1736074689.398580;m3-5;From: A889 (m3-235);Len: 114;Rssi: -91;PowerLevel: 1_3dBm;DATA: 98,10629342490369879,26406,-6869,1070,1166235,7161971,-5706,3485,-7435,-2410,-8454,-4765
1736074689.638462;m3-5;From: A889 (m3-235);Len: 114;Rssi: -91;PowerLevel: 1_3dBm;DATA: 98,10629342490369879,26406,-6869,1070,1166235,7161971,-5706,3485,-7435,-2410,-8454,-4765
1736074689.647580;m3-80;From: A889 (m3-235);Len: 114;Rssi: -91;PowerLevel: 1_3dBm;DATA: 98,10629342490369879,26406,-6869,1070,1166235,7161971,-5706,3485,-7435,-2410,-8454,-4765
1736074689.894365;m3-5;From: A889 (m3-235);Len: 114;Rssi: -91;PowerLevel: 1_3dBm;DATA: 98,10629342490369879,26406,-6869,1070,1166235,7161971,-5706,3485,-7435,-2410,-8454,-4765
1736074690.150312;m3-5;From: A889 (m3-235);Len: 114;Rssi: -91;PowerLevel: 1_3dBm;DATA: 98,10629342490369879,26406,-6869,1070,1166235,7161971,-5706,3485,-7435,-2410,-8454,-4765
1736074690.390371;m3-5;From: A889 (m3-235);Len: 114;Rssi: -91;PowerLevel: 1_3dBm;DATA: 98,10629342490369879,26406,-6869,1070,1166235,7161971,-5706,3485,-7435,-2410,-8454,-4765
1736074691.142500;m3-5;From: A889 (m3-235);Len: 114;Rssi: -91;PowerLevel: 1_3dBm;DATA: 98,10629342490369879,26406,-6869,1070,1166235,7161971,-5706,3485,-7435,-2410,-8454,-4765
1736074691.647478;m3-80;From: A889 (m3-235);Len: 114;Rssi: -91;PowerLevel: 1_3dBm;DATA: 98,10629342490369879,26406,-6869,1070,1166235,7161971,-5706,3485,-7435,-2410,-8454,-4765
1736074696.880048;m3-42;[in broadcast_data() INFO] POWER LEVEL: 1_8dBm
1736074698.142970;m3-80;From: A889 (m3-235);Len: 114;Rssi: -91;PowerLevel: 1_8dBm;DATA: 98,10629342490369879,26406,-6869,1070,1166235,7161971,-5706,3485,-7435,-2410,-8454,-4765
1736074698.894839;m3-80;From: A889 (m3-235);Len: 114;Rssi: -91;PowerLevel: 1_8dBm;DATA: 98,10629342490369879,26406,-6869,1070,1166235,7161971,-5706,3485,-7435,-2410,-8454,-4765
1736074700.894724;m3-80;From: A889 (m3-235);Len: 114;Rssi: -91;PowerLevel: 1_8dBm;DATA: 98,10629342490369879,26406,-6869,1070,1166235,7161971,-5706,3485,-7435,-2410,-8454,-4765
1736074702.398575;m3-80;From: A889 (m3-235);Len: 114;Rssi: -91;PowerLevel: 1_8dBm;DATA: 98,10629342490369879,26406,-6869,1070,1166235,7161971,-5706,3485,-7435,-2410,-8454,-4765
1736074707.391403;m3-42;[in broadcast_data() INFO] POWER LEVEL: 2_3dBm
1736074708.638221;m3-80;From: A889 (m3-235);Len: 114;Rssi: -91;PowerLevel: 2_3dBm;DATA: 98,10629342490369879,26406,-6869,1070,1166235,7161971,-5706,3485,-7435,-2410,-8454,-4765
1736074709.150032;m3-80;From: A889 (m3-235);Len: 114;Rssi: -91;PowerLevel: 2_3dBm;DATA: 98,10629342490369879,26406,-6869,1070,1166235,7161971,-5706,3485,-7435,-2410,-8454,-4765
1736074709.390044;m3-80;From: A889 (m3-235);Len: 114;Rssi: -91;PowerLevel: 2_3dBm;DATA: 98,10629342490369879,26406,-6869,1070,1166235,7161971,-5706,3485,-7435,-2410,-8454,-4765
1736074710.398006;m3-80;From: A889 (m3-235);Len: 114;Rssi: -91;PowerLevel: 2_3dBm;DATA: 98,10629342490369879,26406,-6869,1070,1166235,7161971,-5706,3485,-7435,-2410,-8454,-4765
1736074713.149899;m3-80;From: A889 (m3-235);Len: 114;Rssi: -91;PowerLevel: 2_3dBm;DATA: 98,10629342490369879,26406,-6869,1070,1166235,7161971,-5706,3485,-7435,-2410,-8454,-4765
1736074713.645710;m3-80;From: A889 (m3-235);Len: 114;Rssi: -91;PowerLevel: 2_3dBm;DATA: 98,10629342490369879,26406,-6869,1070,1166235,7161971,-5706,3485,-7435,-2410,-8454,-4765
1736074717.886504;m3-42;[in broadcast_data() INFO] POWER LEVEL: 2_8dBm
1736074719.901279;m3-80;From: A889 (m3-235);Len: 114;Rssi: -91;PowerLevel: 2_8dBm;DATA: 98,10629342490369879,26406,-6869,1070,1166235,7161971,-5706,3485,-7435,-2410,-8454,-4765
1736074720.141261;m3-80;From: A889 (m3-235);Len: 114;Rssi: -91;PowerLevel: 2_8dBm;DATA: 98,10629342490369879,26406,-6869,1070,1166235,7161971,-5706,3485,-7435,-2410,-8454,-4765
1736074722.141182;m3-80;From: A889 (m3-235);Len: 114;Rssi: -91;PowerLevel: 2_8dBm;DATA: 98,10629342490369879,26406,-6869,1070,1166235,7161971,-5706,3485,-7435,-2410,-8454,-4765
1736074722.397077;m3-80;From: A889 (m3-235);Len: 114;Rssi: -91;PowerLevel: 2_8dBm;DATA: 98,10629342490369879,26406,-6869,1070,1166235,7161971,-5706,3485,-7435,-2410,-8454,-4765
1736074723.901016;m3-80;From: A889 (m3-235);Len: 114;Rssi: -91;PowerLevel: 2_8dBm;DATA: 98,10629342490369879,26406,-6869,1070,1166235,7161971,-5706,3485,-7435,-2410,-8454,-4765
1736074724.396881;m3-80;From: A889 (m3-235);Len: 114;Rssi: -91;PowerLevel: 2_8dBm;DATA: 98,10629342490369879,26406,-6869,1070,1166235,7161971,-5706,3485,-7435,-2410,-8454,-4765
1736074728.396757;m3-80;From: A889 (m3-235);Len: 112;Rssi: -91;PowerLevel: 3dBm;DATA: 98,10629342490369879,26406,-6869,1070,1166235,7161971,-5706,3485,-7435,-2410,-8454,-4765
1736074728.397403;m3-42;[in broadcast_data() INFO] POWER LEVEL: 3dBm
1736074728.892551;m3-80;From: A889 (m3-235);Len: 112;Rssi: -91;PowerLevel: 3dBm;DATA: 98,10629342490369879,26406,-6869,1070,1166235,7161971,-5706,3485,-7435,-2410,-8454,-4765
1736074730.140443;m3-80;From: A889 (m3-235);Len: 112;Rssi: -91;PowerLevel: 3dBm;DATA: 98,10629342490369879,26406,-6869,1070,1166235,7161971,-5706,3485,-7435,-2410,-8454,-4765
1736074730.396439;m3-80;From: A889 (m3-235);Len: 112;Rssi: -91;PowerLevel: 3dBm;DATA: 98,10629342490369879,26406,-6869,1070,1166235,7161971,-5706,3485,-7435,-2410,-8454,-4765
1736074730.652356;m3-80;From: A889 (m3-235);Len: 112;Rssi: -91;PowerLevel: 3dBm;DATA: 98,10629342490369879,26406,-6869,1070,1166235,7161971,-5706,3485,-7435,-2410,-8454,-4765
1736074738.893008;m3-42;[in bc_task() INFO] state PHY_STATE_IDLE
1736074738.893314;m3-42;
