1736072794.822819;m3-39;[in bc_task() INFO] > PLL_ON
1736072794.823473;m3-39;
1736072799.830290;m3-39;[in bc_task() INFO] > PHY_IDLE
1736072799.830540;m3-39;
1736072804.821933;m3-39;[in broadcast_data() INFO] POWER LEVEL: m17dBm
1736072805.083127;m3-41;From: 2152 (m3-195);Len: 114;Rssi: -78;PowerLevel: m17dBm;DATA: 98,10629342490369879,26406,-6869,1070,1166235,7161971,-5706,3485,-7435,-2410,-8454,-4765
1736072805.085943;m3-42;From: 2152 (m3-195);Len: 114;Rssi: -60;PowerLevel: m17dBm;DATA: 98,10629342490369879,26406,-6869,1070,1166235,7161971,-5706,3485,-7435,-2410,-8454,-4765
1736072805.087177;m3-44;From: 2152 (m3-195);Len: 114;Rssi: -60;PowerLevel: m17dBm;DATA: 98,10629342490369879,26406,-6869,1070,1166235,7161971,-5706,3485,-7435,-2410,-8454,-4765
1736072805.091342;m3-38;From: 2152 (m3-195);Len: 114;Rssi: -67;PowerLevel: m17dBm;DATA: 98,10629342490369879,26406,-6869,1070,1166235,7161971,-5706,3485,-7435,-2410,-8454,-4765
1736072805.091980;m3-37;From: 2152 (m3-195);Len: 114;Rssi: -71;PowerLevel: m17dBm;DATA: 98,10629342490369879,26406,-6869,1070,1166235,7161971,-5706,3485,-7435,-2410,-8454,-4765
1736072805.093062;m3-36;From: 2152 (m3-195);Len: 114;Rssi: -72;PowerLevel: m17dBm;DATA: 98,10629342490369879,26406,-6869,1070,1166235,7161971,-5706,3485,-7435,-2410,-8454,-4765
1736072805.093292;m3-40;From: 2152 (m3-195);Len: 114;Rssi: -71;PowerLevel: m17dBm;DATA: 98,10629342490369879,26406,-6869,1070,1166235,7161971,-5706,3485,-7435,-2410,-8454,-4765
1736072805.093762;m3-43;From: 2152 (m3-195);Len: 114;Rssi: -70;PowerLevel: m17dBm;DATA: 98,10629342490369879,26406,-6869,1070,1166235,7161971,-5706,3485,-7435,-2410,-8454,-4765
1736072805.093916;m3-45;From: 2152 (m3-195);Len: 114;Rssi: -78;PowerLevel: m17dBm;DATA: 98,10629342490369879,26406,-6869,1070,1166235,7161971,-5706,3485,-7435,-2410,-8454,-4765
1736072805.331410;m3-31;From: 2152 (m3-195);Len: 114;Rssi: -91;PowerLevel: m17dBm;DATA: 98,10629342490369879,26406,-6869,1070,1166235,7161971,-5706,3485,-7435,-2410,-8454,-4765
1736072805.331670;m3-38;From: 2152 (m3-195);Len: 114;Rssi: -67;PowerLevel: m17dBm;DATA: 98,10629342490369879,26406,-6869,1070,1166235,7161971,-5706,3485,-7435,-2410,-8454,-4765
1736072805.332205;m3-37;From: 2152 (m3-195);Len: 114;Rssi: -71;PowerLevel: m17dBm;DATA: 98,10629342490369879,26406,-6869,1070,1166235,7161971,-5706,3485,-7435,-2410,-8454,-4765
1736072805.333201;m3-36;From: 2152 (m3-195);Len: 114;Rssi: -72;PowerLevel: m17dBm;DATA: 98,10629342490369879,26406,-6869,1070,1166235,7161971,-5706,3485,-7435,-2410,-8454,-4765
1736072805.333443;m3-40;From: 2152 (m3-195);Len: 114;Rssi: -71;PowerLevel: m17dBm;DATA: 98,10629342490369879,26406,-6869,1070,1166235,7161971,-5706,3485,-7435,-2410,-8454,-4765
1736072805.333912;m3-43;From: 2152 (m3-195);Len: 114;Rssi: -70;PowerLevel: m17dBm;DATA: 98,10629342490369879,26406,-6869,1070,1166235,7161971,-5706,3485,-7435,-2410,-8454,-4765
1736072805.334063;m3-45;From: 2152 (m3-195);Len: 114;Rssi: -78;PowerLevel: m17dBm;DATA: 98,10629342490369879,26406,-6869,1070,1166235,7161971,-5706,3485,-7435,-2410,-8454,-4765
1736072805.338904;m3-41;From: 2152 (m3-195);Len: 114;Rssi: -78;PowerLevel: m17dBm;DATA: 98,10629342490369879,26406,-6869,1070,1166235,7161971,-5706,3485,-7435,-2410,-8454,-4765
1736072805.341777;m3-42;From: 2152 (m3-195);Len: 114;Rssi: -60;PowerLevel: m17dBm;DATA: 98,10629342490369879,26406,-6869,1070,1166235,7161971,-5706,3485,-7435,-2410,-8454,-4765
1736072805.342917;m3-44;From: 2152 (m3-195);Len: 114;Rssi: -60;PowerLevel: m17dBm;DATA: 98,10629342490369879,26406,-6869,1070,1166235,7161971,-5706,3485,-7435,-2410,-8454,-4765
1736072805.578845;m3-41;From: 2152 (m3-195);Len: 114;Rssi: -78;PowerLevel: m17dBm;DATA: 98,10629342490369879,26406,-6869,1070,1166235,7161971,-5706,3485,-7435,-2410,-8454,-4765
1736072805.581677;m3-42;From: 2152 (m3-195);Len: 114;Rssi: -60;PowerLevel: m17dBm;DATA: 98,10629342490369879,26406,-6869,1070,1166235,7161971,-5706,3485,-7435,-2410,-8454,-4765
1736072805.582750;m3-44;From: 2152 (m3-195);Len: 114;Rssi: -60;PowerLevel: m17dBm;DATA: 98,10629342490369879,26406,-6869,1070,1166235,7161971,-5706,3485,-7435,-2410,-8454,-4765
1736072805.587102;m3-31;From: 2152 (m3-195);Len: 114;Rssi: -91;PowerLevel: m17dBm;DATA: 98,10629342490369879,26406,-6869,1070,1166235,7161971,-5706,3485,-7435,-2410,-8454,-4765
1736072805.587751;m3-37;From: 2152 (m3-195);Len: 114;Rssi: -71;PowerLevel: m17dBm;DATA: 98,10629342490369879,26406,-6869,1070,1166235,7161971,-5706,3485,-7435,-2410,-8454,-4765
1736072805.587934;m3-38;From: 2152 (m3-195);Len: 114;Rssi: -67;PowerLevel: m17dBm;DATA: 98,10629342490369879,26406,-6869,1070,1166235,7161971,-5706,3485,-7435,-2410,-8454,-4765
1736072805.589096;m3-36;From: 2152 (m3-195);Len: 114;Rssi: -72;PowerLevel: m17dBm;DATA: 98,10629342490369879,26406,-6869,1070,1166235,7161971,-5706,3485,-7435,-2410,-8454,-4765
1736072805.589333;m3-40;From: 2152 (m3-195);Len: 114;Rssi: -70;PowerLevel: m17dBm;DATA: 98,10629342490369879,26406,-6869,1070,1166235,7161971,-5706,3485,-7435,-2410,-8454,-4765
1736072805.589805;m3-43;From: 2152 (m3-195);Len: 114;Rssi: -70;PowerLevel: m17dBm;DATA: 98,10629342490369879,26406,-6869,1070,1166235,7161971,-5706,3485,-7435,-2410,-8454,-4765
1736072805.589958;m3-45;From: 2152 (m3-195);Len: 114;Rssi: -78;PowerLevel: m17dBm;DATA: 98,10629342490369879,26406,-6869,1070,1166235,7161971,-5706,3485,-7435,-2410,-8454,-4765
1736072805.829180;m3-36;From: 2152 (m3-195);Len: 114;Rssi: -72;PowerLevel: m17dBm;DATA: 98,10629342490369879,26406,-6869,1070,1166235,7161971,-5706,3485,-7435,-2410,-8454,-4765
1736072805.829438;m3-40;From: 2152 (m3-195);Len: 114;Rssi: -71;PowerLevel: m17dBm;DATA: 98,10629342490369879,26406,-6869,1070,1166235,7161971,-5706,3485,-7435,-2410,-8454,-4765
1736072805.829961;m3-43;From: 2152 (m3-195);Len: 114;Rssi: -70;PowerLevel: m17dBm;DATA: 98,10629342490369879,26406,-6869,1070,1166235,7161971,-5706,3485,-7435,-2410,-8454,-4765
1736072805.830156;m3-45;From: 2152 (m3-195);Len: 114;Rssi: -78;PowerLevel: m17dBm;DATA: 98,10629342490369879,26406,-6869,1070,1166235,7161971,-5706,3485,-7435,-2410,-8454,-4765
1736072805.834784;m3-41;From: 2152 (m3-195);Len: 114;Rssi: -78;PowerLevel: m17dBm;DATA: 98,10629342490369879,26406,-6869,1070,1166235,7161971,-5706,3485,-7435,-2410,-8454,-4765
1736072805.836868;m3-26;From: 2152 (m3-195);Len: 114;Rssi: -90;PowerLevel: m17dBm;DATA: 98,10629342490369879,26406,-6869,1070,1166235,7161971,-5706,3485,-7435,-2410,-8454,-4765
1736072805.837496;m3-42;From: 2152 (m3-195);Len: 114;Rssi: -60;PowerLevel: m17dBm;DATA: 98,10629342490369879,26406,-6869,1070,1166235,7161971,-5706,3485,-7435,-2410,-8454,-4765
1736072805.838336;m3-22;From: 2152 (m3-195);Len: 114;Rssi: -91;PowerLevel: m17dBm;DATA: 98,10629342490369879,26406,-6869,1070,1166235,7161971,-5706,3485,-7435,-2410,-8454,-4765
1736072805.838866;m3-44;From: 2152 (m3-195);Len: 114;Rssi: -60;PowerLevel: m17dBm;DATA: 98,10629342490369879,26406,-6869,1070,1166235,7161971,-5706,3485,-7435,-2410,-8454,-4765
1736072805.842850;m3-31;From: 2152 (m3-195);Len: 114;Rssi: -91;PowerLevel: m17dBm;DATA: 98,10629342490369879,26406,-6869,1070,1166235,7161971,-5706,3485,-7435,-2410,-8454,-4765
1736072805.843415;m3-25;From: 2152 (m3-195);Len: 114;Rssi: -91;PowerLevel: m17dBm;DATA: 98,10629342490369879,26406,-6869,1070,1166235,7161971,-5706,3485,-7435,-2410,-8454,-4765
1736072805.843609;m3-38;From: 2152 (m3-195);Len: 114;Rssi: -67;PowerLevel: m17dBm;DATA: 98,10629342490369879,26406,-6869,1070,1166235,7161971,-5706,3485,-7435,-2410,-8454,-4765
1736072805.843949;m3-37;From: 2152 (m3-195);Len: 114;Rssi: -71;PowerLevel: m17dBm;DATA: 98,10629342490369879,26406,-6869,1070,1166235,7161971,-5706,3485,-7435,-2410,-8454,-4765
1736072806.078941;m3-44;From: 2152 (m3-195);Len: 114;Rssi: -60;PowerLevel: m17dBm;DATA: 98,10629342490369879,26406,-6869,1070,1166235,7161971,-5706,3485,-7435,-2410,-8454,-4765
1736072806.083381;m3-38;From: 2152 (m3-195);Len: 114;Rssi: -67;PowerLevel: m17dBm;DATA: 98,10629342490369879,26406,-6869,1070,1166235,7161971,-5706,3485,-7435,-2410,-8454,-4765
1736072806.084013;m3-37;From: 2152 (m3-195);Len: 114;Rssi: -71;PowerLevel: m17dBm;DATA: 98,10629342490369879,26406,-6869,1070,1166235,7161971,-5706,3485,-7435,-2410,-8454,-4765
1736072806.084932;m3-36;From: 2152 (m3-195);Len: 114;Rssi: -73;PowerLevel: m17dBm;DATA: 98,10629342490369879,26406,-6869,1070,1166235,7161971,-5706,3485,-7435,-2410,-8454,-4765
1736072806.085122;m3-40;From: 2152 (m3-195);Len: 114;Rssi: -70;PowerLevel: m17dBm;DATA: 98,10629342490369879,26406,-6869,1070,1166235,7161971,-5706,3485,-7435,-2410,-8454,-4765
1736072806.093514;m3-42;From: 2152 (m3-195);Len: 114;Rssi: -59;PowerLevel: m17dBm;DATA: 98,10629342490369879,26406,-6869,1070,1166235,7161971,-5706,3485,-7435,-2410,-8454,-4765
1736072806.330899;m3-41;From: 2152 (m3-195);Len: 114;Rssi: -78;PowerLevel: m17dBm;DATA: 98,10629342490369879,26406,-6869,1070,1166235,7161971,-5706,3485,-7435,-2410,-8454,-4765
1736072806.332389;m3-26;From: 2152 (m3-195);Len: 114;Rssi: -91;PowerLevel: m17dBm;DATA: 98,10629342490369879,26406,-6869,1070,1166235,7161971,-5706,3485,-7435,-2410,-8454,-4765
1736072806.333592;m3-42;From: 2152 (m3-195);Len: 114;Rssi: -59;PowerLevel: m17dBm;DATA: 98,10629342490369879,26406,-6869,1070,1166235,7161971,-5706,3485,-7435,-2410,-8454,-4765
1736072806.334169;m3-22;From: 2152 (m3-195);Len: 114;Rssi: -91;PowerLevel: m17dBm;DATA: 98,10629342490369879,26406,-6869,1070,1166235,7161971,-5706,3485,-7435,-2410,-8454,-4765
1736072806.334874;m3-44;From: 2152 (m3-195);Len: 114;Rssi: -60;PowerLevel: m17dBm;DATA: 98,10629342490369879,26406,-6869,1070,1166235,7161971,-5706,3485,-7435,-2410,-8454,-4765
1736072806.339215;m3-31;From: 2152 (m3-195);Len: 114;Rssi: -91;PowerLevel: m17dBm;DATA: 98,10629342490369879,26406,-6869,1070,1166235,7161971,-5706,3485,-7435,-2410,-8454,-4765
1736072806.339515;m3-38;From: 2152 (m3-195);Len: 114;Rssi: -67;PowerLevel: m17dBm;DATA: 98,10629342490369879,26406,-6869,1070,1166235,7161971,-5706,3485,-7435,-2410,-8454,-4765
1736072806.340034;m3-25;From: 2152 (m3-195);Len: 114;Rssi: -91;PowerLevel: m17dBm;DATA: 98,10629342490369879,26406,-6869,1070,1166235,7161971,-5706,3485,-7435,-2410,-8454,-4765
1736072806.340194;m3-37;From: 2152 (m3-195);Len: 114;Rssi: -71;PowerLevel: m17dBm;DATA: 98,10629342490369879,26406,-6869,1070,1166235,7161971,-5706,3485,-7435,-2410,-8454,-4765
1736072806.341065;m3-36;From: 2152 (m3-195);Len: 114;Rssi: -73;PowerLevel: m17dBm;DATA: 98,10629342490369879,26406,-6869,1070,1166235,7161971,-5706,3485,-7435,-2410,-8454,-4765
1736072806.341249;m3-40;From: 2152 (m3-195);Len: 114;Rssi: -70;PowerLevel: m17dBm;DATA: 98,10629342490369879,26406,-6869,1070,1166235,7161971,-5706,3485,-7435,-2410,-8454,-4765
1736072806.341718;m3-43;From: 2152 (m3-195);Len: 114;Rssi: -70;PowerLevel: m17dBm;DATA: 98,10629342490369879,26406,-6869,1070,1166235,7161971,-5706,3485,-7435,-2410,-8454,-4765
1736072806.341869;m3-45;From: 2152 (m3-195);Len: 114;Rssi: -78;PowerLevel: m17dBm;DATA: 98,10629342490369879,26406,-6869,1070,1166235,7161971,-5706,3485,-7435,-2410,-8454,-4765
1736072806.579359;m3-38;From: 2152 (m3-195);Len: 114;Rssi: -67;PowerLevel: m17dBm;DATA: 98,10629342490369879,26406,-6869,1070,1166235,7161971,-5706,3485,-7435,-2410,-8454,-4765
1736072806.579993;m3-37;From: 2152 (m3-195);Len: 114;Rssi: -71;PowerLevel: m17dBm;DATA: 98,10629342490369879,26406,-6869,1070,1166235,7161971,-5706,3485,-7435,-2410,-8454,-4765
1736072806.580943;m3-36;From: 2152 (m3-195);Len: 114;Rssi: -73;PowerLevel: m17dBm;DATA: 98,10629342490369879,26406,-6869,1070,1166235,7161971,-5706,3485,-7435,-2410,-8454,-4765
1736072806.581405;m3-40;From: 2152 (m3-195);Len: 114;Rssi: -71;PowerLevel: m17dBm;DATA: 98,10629342490369879,26406,-6869,1070,1166235,7161971,-5706,3485,-7435,-2410,-8454,-4765
1736072806.589665;m3-42;From: 2152 (m3-195);Len: 114;Rssi: -59;PowerLevel: m17dBm;DATA: 98,10629342490369879,26406,-6869,1070,1166235,7161971,-5706,3485,-7435,-2410,-8454,-4765
1736072806.590828;m3-44;From: 2152 (m3-195);Len: 114;Rssi: -60;PowerLevel: m17dBm;DATA: 98,10629342490369879,26406,-6869,1070,1166235,7161971,-5706,3485,-7435,-2410,-8454,-4765
1736072806.828602;m3-26;From: 2152 (m3-195);Len: 114;Rssi: -91;PowerLevel: m17dBm;DATA: 98,10629342490369879,26406,-6869,1070,1166235,7161971,-5706,3485,-7435,-2410,-8454,-4765
1736072806.829529;m3-42;From: 2152 (m3-195);Len: 114;Rssi: -59;PowerLevel: m17dBm;DATA: 98,10629342490369879,26406,-6869,1070,1166235,7161971,-5706,3485,-7435,-2410,-8454,-4765
1736072806.830073;m3-22;From: 2152 (m3-195);Len: 114;Rssi: -91;PowerLevel: m17dBm;DATA: 98,10629342490369879,26406,-6869,1070,1166235,7161971,-5706,3485,-7435,-2410,-8454,-4765
1736072806.830608;m3-44;From: 2152 (m3-195);Len: 114;Rssi: -60;PowerLevel: m17dBm;DATA: 98,10629342490369879,26406,-6869,1070,1166235,7161971,-5706,3485,-7435,-2410,-8454,-4765
1736072806.835087;m3-31;From: 2152 (m3-195);Len: 114;Rssi: -91;PowerLevel: m17dBm;DATA: 98,10629342490369879,26406,-6869,1070,1166235,7161971,-5706,3485,-7435,-2410,-8454,-4765
1736072806.835391;m3-38;From: 2152 (m3-195);Len: 114;Rssi: -67;PowerLevel: m17dBm;DATA: 98,10629342490369879,26406,-6869,1070,1166235,7161971,-5706,3485,-7435,-2410,-8454,-4765
1736072806.835928;m3-37;From: 2152 (m3-195);Len: 114;Rssi: -71;PowerLevel: m17dBm;DATA: 98,10629342490369879,26406,-6869,1070,1166235,7161971,-5706,3485,-7435,-2410,-8454,-4765
1736072806.837080;m3-36;From: 2152 (m3-195);Len: 114;Rssi: -73;PowerLevel: m17dBm;DATA: 98,10629342490369879,26406,-6869,1070,1166235,7161971,-5706,3485,-7435,-2410,-8454,-4765
1736072806.837314;m3-40;From: 2152 (m3-195);Len: 114;Rssi: -71;PowerLevel: m17dBm;DATA: 98,10629342490369879,26406,-6869,1070,1166235,7161971,-5706,3485,-7435,-2410,-8454,-4765
1736072806.837772;m3-43;From: 2152 (m3-195);Len: 114;Rssi: -70;PowerLevel: m17dBm;DATA: 98,10629342490369879,26406,-6869,1070,1166235,7161971,-5706,3485,-7435,-2410,-8454,-4765
1736072806.837904;m3-45;From: 2152 (m3-195);Len: 114;Rssi: -78;PowerLevel: m17dBm;DATA: 98,10629342490369879,26406,-6869,1070,1166235,7161971,-5706,3485,-7435,-2410,-8454,-4765
1736072806.842675;m3-41;From: 2152 (m3-195);Len: 114;Rssi: -78;PowerLevel: m17dBm;DATA: 98,10629342490369879,26406,-6869,1070,1166235,7161971,-5706,3485,-7435,-2410,-8454,-4765
1736072807.082664;m3-41;From: 2152 (m3-195);Len: 114;Rssi: -78;PowerLevel: m17dBm;DATA: 98,10629342490369879,26406,-6869,1070,1166235,7161971,-5706,3485,-7435,-2410,-8454,-4765
1736072807.085454;m3-42;From: 2152 (m3-195);Len: 114;Rssi: -58;PowerLevel: m17dBm;DATA: 98,10629342490369879,26406,-6869,1070,1166235,7161971,-5706,3485,-7435,-2410,-8454,-4765
1736072807.086652;m3-44;From: 2152 (m3-195);Len: 114;Rssi: -58;PowerLevel: m17dBm;DATA: 98,10629342490369879,26406,-6869,1070,1166235,7161971,-5706,3485,-7435,-2410,-8454,-4765
1736072807.090887;m3-31;From: 2152 (m3-195);Len: 114;Rssi: -91;PowerLevel: m17dBm;DATA: 98,10629342490369879,26406,-6869,1070,1166235,7161971,-5706,3485,-7435,-2410,-8454,-4765
1736072807.091541;m3-38;From: 2152 (m3-195);Len: 114;Rssi: -67;PowerLevel: m17dBm;DATA: 98,10629342490369879,26406,-6869,1070,1166235,7161971,-5706,3485,-7435,-2410,-8454,-4765
1736072807.092010;m3-37;From: 2152 (m3-195);Len: 114;Rssi: -71;PowerLevel: m17dBm;DATA: 98,10629342490369879,26406,-6869,1070,1166235,7161971,-5706,3485,-7435,-2410,-8454,-4765
1736072807.092893;m3-36;From: 2152 (m3-195);Len: 114;Rssi: -72;PowerLevel: m17dBm;DATA: 98,10629342490369879,26406,-6869,1070,1166235,7161971,-5706,3485,-7435,-2410,-8454,-4765
1736072807.093126;m3-40;From: 2152 (m3-195);Len: 114;Rssi: -71;PowerLevel: m17dBm;DATA: 98,10629342490369879,26406,-6869,1070,1166235,7161971,-5706,3485,-7435,-2410,-8454,-4765
1736072807.093595;m3-43;From: 2152 (m3-195);Len: 114;Rssi: -70;PowerLevel: m17dBm;DATA: 98,10629342490369879,26406,-6869,1070,1166235,7161971,-5706,3485,-7435,-2410,-8454,-4765
1736072807.093745;m3-45;From: 2152 (m3-195);Len: 114;Rssi: -78;PowerLevel: m17dBm;DATA: 98,10629342490369879,26406,-6869,1070,1166235,7161971,-5706,3485,-7435,-2410,-8454,-4765
1736072807.331418;m3-38;From: 2152 (m3-195);Len: 114;Rssi: -67;PowerLevel: m17dBm;DATA: 98,10629342490369879,26406,-6869,1070,1166235,7161971,-5706,3485,-7435,-2410,-8454,-4765
1736072807.332052;m3-37;From: 2152 (m3-195);Len: 114;Rssi: -71;PowerLevel: m17dBm;DATA: 98,10629342490369879,26406,-6869,1070,1166235,7161971,-5706,3485,-7435,-2410,-8454,-4765
1736072807.333040;m3-36;From: 2152 (m3-195);Len: 114;Rssi: -73;PowerLevel: m17dBm;DATA: 98,10629342490369879,26406,-6869,1070,1166235,7161971,-5706,3485,-7435,-2410,-8454,-4765
1736072807.333293;m3-40;From: 2152 (m3-195);Len: 114;Rssi: -71;PowerLevel: m17dBm;DATA: 98,10629342490369879,26406,-6869,1070,1166235,7161971,-5706,3485,-7435,-2410,-8454,-4765
1736072807.333781;m3-43;From: 2152 (m3-195);Len: 114;Rssi: -70;PowerLevel: m17dBm;DATA: 98,10629342490369879,26406,-6869,1070,1166235,7161971,-5706,3485,-7435,-2410,-8454,-4765
1736072807.333939;m3-45;From: 2152 (m3-195);Len: 114;Rssi: -78;PowerLevel: m17dBm;DATA: 98,10629342490369879,26406,-6869,1070,1166235,7161971,-5706,3485,-7435,-2410,-8454,-4765
1736072807.338782;m3-41;From: 2152 (m3-195);Len: 114;Rssi: -78;PowerLevel: m17dBm;DATA: 98,10629342490369879,26406,-6869,1070,1166235,7161971,-5706,3485,-7435,-2410,-8454,-4765
1736072807.341468;m3-42;From: 2152 (m3-195);Len: 114;Rssi: -60;PowerLevel: m17dBm;DATA: 98,10629342490369879,26406,-6869,1070,1166235,7161971,-5706,3485,-7435,-2410,-8454,-4765
1736072807.342634;m3-44;From: 2152 (m3-195);Len: 114;Rssi: -59;PowerLevel: m17dBm;DATA: 98,10629342490369879,26406,-6869,1070,1166235,7161971,-5706,3485,-7435,-2410,-8454,-4765
1736072807.829081;m3-36;From: 2152 (m3-195);Len: 114;Rssi: -73;PowerLevel: m17dBm;DATA: 98,10629342490369879,26406,-6869,1070,1166235,7161971,-5706,3485,-7435,-2410,-8454,-4765
1736072807.829344;m3-40;From: 2152 (m3-195);Len: 114;Rssi: -70;PowerLevel: m17dBm;DATA: 98,10629342490369879,26406,-6869,1070,1166235,7161971,-5706,3485,-7435,-2410,-8454,-4765
1736072807.829868;m3-43;From: 2152 (m3-195);Len: 114;Rssi: -70;PowerLevel: m17dBm;DATA: 98,10629342490369879,26406,-6869,1070,1166235,7161971,-5706,3485,-7435,-2410,-8454,-4765
1736072807.830031;m3-45;From: 2152 (m3-195);Len: 114;Rssi: -78;PowerLevel: m17dBm;DATA: 98,10629342490369879,26406,-6869,1070,1166235,7161971,-5706,3485,-7435,-2410,-8454,-4765
1736072807.834729;m3-41;From: 2152 (m3-195);Len: 114;Rssi: -78;PowerLevel: m17dBm;DATA: 98,10629342490369879,26406,-6869,1070,1166235,7161971,-5706,3485,-7435,-2410,-8454,-4765
1736072807.836554;m3-26;From: 2152 (m3-195);Len: 114;Rssi: -90;PowerLevel: m17dBm;DATA: 98,10629342490369879,26406,-6869,1070,1166235,7161971,-5706,3485,-7435,-2410,-8454,-4765
1736072807.837456;m3-42;From: 2152 (m3-195);Len: 114;Rssi: -59;PowerLevel: m17dBm;DATA: 98,10629342490369879,26406,-6869,1070,1166235,7161971,-5706,3485,-7435,-2410,-8454,-4765
1736072807.837978;m3-22;From: 2152 (m3-195);Len: 114;Rssi: -91;PowerLevel: m17dBm;DATA: 98,10629342490369879,26406,-6869,1070,1166235,7161971,-5706,3485,-7435,-2410,-8454,-4765
1736072807.838539;m3-44;From: 2152 (m3-195);Len: 114;Rssi: -60;PowerLevel: m17dBm;DATA: 98,10629342490369879,26406,-6869,1070,1166235,7161971,-5706,3485,-7435,-2410,-8454,-4765
1736072807.842916;m3-31;From: 2152 (m3-195);Len: 114;Rssi: -91;PowerLevel: m17dBm;DATA: 98,10629342490369879,26406,-6869,1070,1166235,7161971,-5706,3485,-7435,-2410,-8454,-4765
1736072807.843173;m3-38;From: 2152 (m3-195);Len: 114;Rssi: -67;PowerLevel: m17dBm;DATA: 98,10629342490369879,26406,-6869,1070,1166235,7161971,-5706,3485,-7435,-2410,-8454,-4765
1736072807.843729;m3-25;From: 2152 (m3-195);Len: 114;Rssi: -91;PowerLevel: m17dBm;DATA: 98,10629342490369879,26406,-6869,1070,1166235,7161971,-5706,3485,-7435,-2410,-8454,-4765
1736072807.843896;m3-37;From: 2152 (m3-195);Len: 114;Rssi: -71;PowerLevel: m17dBm;DATA: 98,10629342490369879,26406,-6869,1070,1166235,7161971,-5706,3485,-7435,-2410,-8454,-4765
1736072808.077787;m3-22;From: 2152 (m3-195);Len: 114;Rssi: -91;PowerLevel: m17dBm;DATA: 98,10629342490369879,26406,-6869,1070,1166235,7161971,-5706,3485,-7435,-2410,-8454,-4765
1736072808.078585;m3-44;From: 2152 (m3-195);Len: 114;Rssi: -59;PowerLevel: m17dBm;DATA: 98,10629342490369879,26406,-6869,1070,1166235,7161971,-5706,3485,-7435,-2410,-8454,-4765
1736072808.082963;m3-31;From: 2152 (m3-195);Len: 114;Rssi: -91;PowerLevel: m17dBm;DATA: 98,10629342490369879,26406,-6869,1070,1166235,7161971,-5706,3485,-7435,-2410,-8454,-4765
1736072808.083350;m3-38;From: 2152 (m3-195);Len: 114;Rssi: -67;PowerLevel: m17dBm;DATA: 98,10629342490369879,26406,-6869,1070,1166235,7161971,-5706,3485,-7435,-2410,-8454,-4765
1736072808.083842;m3-23;From: 2152 (m3-195);Len: 114;Rssi: -91;PowerLevel: m17dBm;DATA: 98,10629342490369879,26406,-6869,1070,1166235,7161971,-5706,3485,-7435,-2410,-8454,-4765
1736072808.084007;m3-25;From: 2152 (m3-195);Len: 114;Rssi: -91;PowerLevel: m17dBm;DATA: 98,10629342490369879,26406,-6869,1070,1166235,7161971,-5706,3485,-7435,-2410,-8454,-4765
1736072808.084147;m3-37;From: 2152 (m3-195);Len: 114;Rssi: -71;PowerLevel: m17dBm;DATA: 98,10629342490369879,26406,-6869,1070,1166235,7161971,-5706,3485,-7435,-2410,-8454,-4765
1736072808.084836;m3-36;From: 2152 (m3-195);Len: 114;Rssi: -73;PowerLevel: m17dBm;DATA: 98,10629342490369879,26406,-6869,1070,1166235,7161971,-5706,3485,-7435,-2410,-8454,-4765
1736072808.085058;m3-40;From: 2152 (m3-195);Len: 114;Rssi: -70;PowerLevel: m17dBm;DATA: 98,10629342490369879,26406,-6869,1070,1166235,7161971,-5706,3485,-7435,-2410,-8454,-4765
1736072808.085523;m3-43;From: 2152 (m3-195);Len: 114;Rssi: -70;PowerLevel: m17dBm;DATA: 98,10629342490369879,26406,-6869,1070,1166235,7161971,-5706,3485,-7435,-2410,-8454,-4765
1736072808.085673;m3-45;From: 2152 (m3-195);Len: 114;Rssi: -78;PowerLevel: m17dBm;DATA: 98,10629342490369879,26406,-6869,1070,1166235,7161971,-5706,3485,-7435,-2410,-8454,-4765
1736072808.090499;m3-41;From: 2152 (m3-195);Len: 114;Rssi: -78;PowerLevel: m17dBm;DATA: 98,10629342490369879,26406,-6869,1070,1166235,7161971,-5706,3485,-7435,-2410,-8454,-4765
1736072808.092285;m3-26;From: 2152 (m3-195);Len: 114;Rssi: -91;PowerLevel: m17dBm;DATA: 98,10629342490369879,26406,-6869,1070,1166235,7161971,-5706,3485,-7435,-2410,-8454,-4765
1736072808.093343;m3-42;From: 2152 (m3-195);Len: 114;Rssi: -60;PowerLevel: m17dBm;DATA: 98,10629342490369879,26406,-6869,1070,1166235,7161971,-5706,3485,-7435,-2410,-8454,-4765
1736072808.330780;m3-41;From: 2152 (m3-195);Len: 114;Rssi: -78;PowerLevel: m17dBm;DATA: 98,10629342490369879,26406,-6869,1070,1166235,7161971,-5706,3485,-7435,-2410,-8454,-4765
1736072808.332448;m3-26;From: 2152 (m3-195);Len: 114;Rssi: -91;PowerLevel: m17dBm;DATA: 98,10629342490369879,26406,-6869,1070,1166235,7161971,-5706,3485,-7435,-2410,-8454,-4765
1736072808.333303;m3-42;From: 2152 (m3-195);Len: 114;Rssi: -60;PowerLevel: m17dBm;DATA: 98,10629342490369879,26406,-6869,1070,1166235,7161971,-5706,3485,-7435,-2410,-8454,-4765
1736072808.333878;m3-22;From: 2152 (m3-195);Len: 114;Rssi: -91;PowerLevel: m17dBm;DATA: 98,10629342490369879,26406,-6869,1070,1166235,7161971,-5706,3485,-7435,-2410,-8454,-4765
1736072808.334729;m3-44;From: 2152 (m3-195);Len: 114;Rssi: -60;PowerLevel: m17dBm;DATA: 98,10629342490369879,26406,-6869,1070,1166235,7161971,-5706,3485,-7435,-2410,-8454,-4765
1736072808.339072;m3-31;From: 2152 (m3-195);Len: 114;Rssi: -91;PowerLevel: m17dBm;DATA: 98,10629342490369879,26406,-6869,1070,1166235,7161971,-5706,3485,-7435,-2410,-8454,-4765
1736072808.339390;m3-38;From: 2152 (m3-195);Len: 114;Rssi: -67;PowerLevel: m17dBm;DATA: 98,10629342490369879,26406,-6869,1070,1166235,7161971,-5706,3485,-7435,-2410,-8454,-4765
1736072808.339920;m3-25;From: 2152 (m3-195);Len: 114;Rssi: -91;PowerLevel: m17dBm;DATA: 98,10629342490369879,26406,-6869,1070,1166235,7161971,-5706,3485,-7435,-2410,-8454,-4765
1736072808.340084;m3-37;From: 2152 (m3-195);Len: 114;Rssi: -71;PowerLevel: m17dBm;DATA: 98,10629342490369879,26406,-6869,1070,1166235,7161971,-5706,3485,-7435,-2410,-8454,-4765
1736072808.340803;m3-36;From: 2152 (m3-195);Len: 114;Rssi: -72;PowerLevel: m17dBm;DATA: 98,10629342490369879,26406,-6869,1070,1166235,7161971,-5706,3485,-7435,-2410,-8454,-4765
1736072808.341015;m3-40;From: 2152 (m3-195);Len: 114;Rssi: -71;PowerLevel: m17dBm;DATA: 98,10629342490369879,26406,-6869,1070,1166235,7161971,-5706,3485,-7435,-2410,-8454,-4765
1736072808.341437;m3-43;From: 2152 (m3-195);Len: 114;Rssi: -70;PowerLevel: m17dBm;DATA: 98,10629342490369879,26406,-6869,1070,1166235,7161971,-5706,3485,-7435,-2410,-8454,-4765
1736072808.341572;m3-45;From: 2152 (m3-195);Len: 114;Rssi: -78;PowerLevel: m17dBm;DATA: 98,10629342490369879,26406,-6869,1070,1166235,7161971,-5706,3485,-7435,-2410,-8454,-4765
1736072808.579040;m3-25;From: 2152 (m3-195);Len: 114;Rssi: -91;PowerLevel: m17dBm;DATA: 98,10629342490369879,26406,-6869,1070,1166235,7161971,-5706,3485,-7435,-2410,-8454,-4765
1736072808.579337;m3-31;From: 2152 (m3-195);Len: 114;Rssi: -91;PowerLevel: m17dBm;DATA: 98,10629342490369879,26406,-6869,1070,1166235,7161971,-5706,3485,-7435,-2410,-8454,-4765
1736072808.579611;m3-38;From: 2152 (m3-195);Len: 114;Rssi: -67;PowerLevel: m17dBm;DATA: 98,10629342490369879,26406,-6869,1070,1166235,7161971,-5706,3485,-7435,-2410,-8454,-4765
1736072808.580074;m3-23;From: 2152 (m3-195);Len: 114;Rssi: -91;PowerLevel: m17dBm;DATA: 98,10629342490369879,26406,-6869,1070,1166235,7161971,-5706,3485,-7435,-2410,-8454,-4765
1736072808.580225;m3-37;From: 2152 (m3-195);Len: 114;Rssi: -71;PowerLevel: m17dBm;DATA: 98,10629342490369879,26406,-6869,1070,1166235,7161971,-5706,3485,-7435,-2410,-8454,-4765
1736072808.580787;m3-36;From: 2152 (m3-195);Len: 114;Rssi: -72;PowerLevel: m17dBm;DATA: 98,10629342490369879,26406,-6869,1070,1166235,7161971,-5706,3485,-7435,-2410,-8454,-4765
1736072808.581271;m3-40;From: 2152 (m3-195);Len: 114;Rssi: -70;PowerLevel: m17dBm;DATA: 98,10629342490369879,26406,-6869,1070,1166235,7161971,-5706,3485,-7435,-2410,-8454,-4765
1736072808.581469;m3-43;From: 2152 (m3-195);Len: 114;Rssi: -70;PowerLevel: m17dBm;DATA: 98,10629342490369879,26406,-6869,1070,1166235,7161971,-5706,3485,-7435,-2410,-8454,-4765
1736072808.581872;m3-45;From: 2152 (m3-195);Len: 114;Rssi: -78;PowerLevel: m17dBm;DATA: 98,10629342490369879,26406,-6869,1070,1166235,7161971,-5706,3485,-7435,-2410,-8454,-4765
1736072808.586597;m3-41;From: 2152 (m3-195);Len: 114;Rssi: -78;PowerLevel: m17dBm;DATA: 98,10629342490369879,26406,-6869,1070,1166235,7161971,-5706,3485,-7435,-2410,-8454,-4765
1736072808.588502;m3-26;From: 2152 (m3-195);Len: 114;Rssi: -90;PowerLevel: m17dBm;DATA: 98,10629342490369879,26406,-6869,1070,1166235,7161971,-5706,3485,-7435,-2410,-8454,-4765
1736072808.589302;m3-42;From: 2152 (m3-195);Len: 114;Rssi: -61;PowerLevel: m17dBm;DATA: 98,10629342490369879,26406,-6869,1070,1166235,7161971,-5706,3485,-7435,-2410,-8454,-4765
1736072808.589834;m3-22;From: 2152 (m3-195);Len: 114;Rssi: -91;PowerLevel: m17dBm;DATA: 98,10629342490369879,26406,-6869,1070,1166235,7161971,-5706,3485,-7435,-2410,-8454,-4765
1736072808.590404;m3-44;From: 2152 (m3-195);Len: 114;Rssi: -60;PowerLevel: m17dBm;DATA: 98,10629342490369879,26406,-6869,1070,1166235,7161971,-5706,3485,-7435,-2410,-8454,-4765
1736072808.828479;m3-26;From: 2152 (m3-195);Len: 114;Rssi: -91;PowerLevel: m17dBm;DATA: 98,10629342490369879,26406,-6869,1070,1166235,7161971,-5706,3485,-7435,-2410,-8454,-4765
1736072808.829198;m3-42;From: 2152 (m3-195);Len: 114;Rssi: -61;PowerLevel: m17dBm;DATA: 98,10629342490369879,26406,-6869,1070,1166235,7161971,-5706,3485,-7435,-2410,-8454,-4765
1736072808.829762;m3-22;From: 2152 (m3-195);Len: 114;Rssi: -91;PowerLevel: m17dBm;DATA: 98,10629342490369879,26406,-6869,1070,1166235,7161971,-5706,3485,-7435,-2410,-8454,-4765
1736072808.830455;m3-44;From: 2152 (m3-195);Len: 114;Rssi: -60;PowerLevel: m17dBm;DATA: 98,10629342490369879,26406,-6869,1070,1166235,7161971,-5706,3485,-7435,-2410,-8454,-4765
1736072808.834824;m3-31;From: 2152 (m3-195);Len: 114;Rssi: -91;PowerLevel: m17dBm;DATA: 98,10629342490369879,26406,-6869,1070,1166235,7161971,-5706,3485,-7435,-2410,-8454,-4765
1736072808.835478;m3-38;From: 2152 (m3-195);Len: 114;Rssi: -67;PowerLevel: m17dBm;DATA: 98,10629342490369879,26406,-6869,1070,1166235,7161971,-5706,3485,-7435,-2410,-8454,-4765
1736072808.835936;m3-37;From: 2152 (m3-195);Len: 114;Rssi: -71;PowerLevel: m17dBm;DATA: 98,10629342490369879,26406,-6869,1070,1166235,7161971,-5706,3485,-7435,-2410,-8454,-4765
1736072808.836828;m3-36;From: 2152 (m3-195);Len: 114;Rssi: -72;PowerLevel: m17dBm;DATA: 98,10629342490369879,26406,-6869,1070,1166235,7161971,-5706,3485,-7435,-2410,-8454,-4765
1736072808.837069;m3-40;From: 2152 (m3-195);Len: 114;Rssi: -71;PowerLevel: m17dBm;DATA: 98,10629342490369879,26406,-6869,1070,1166235,7161971,-5706,3485,-7435,-2410,-8454,-4765
1736072808.837556;m3-43;From: 2152 (m3-195);Len: 114;Rssi: -70;PowerLevel: m17dBm;DATA: 98,10629342490369879,26406,-6869,1070,1166235,7161971,-5706,3485,-7435,-2410,-8454,-4765
1736072808.837708;m3-45;From: 2152 (m3-195);Len: 114;Rssi: -78;PowerLevel: m17dBm;DATA: 98,10629342490369879,26406,-6869,1070,1166235,7161971,-5706,3485,-7435,-2410,-8454,-4765
1736072808.842585;m3-41;From: 2152 (m3-195);Len: 114;Rssi: -78;PowerLevel: m17dBm;DATA: 98,10629342490369879,26406,-6869,1070,1166235,7161971,-5706,3485,-7435,-2410,-8454,-4765
1736072809.082651;m3-41;From: 2152 (m3-195);Len: 114;Rssi: -78;PowerLevel: m17dBm;DATA: 98,10629342490369879,26406,-6869,1070,1166235,7161971,-5706,3485,-7435,-2410,-8454,-4765
1736072809.085452;m3-42;From: 2152 (m3-195);Len: 114;Rssi: -59;PowerLevel: m17dBm;DATA: 98,10629342490369879,26406,-6869,1070,1166235,7161971,-5706,3485,-7435,-2410,-8454,-4765
1736072809.086615;m3-44;From: 2152 (m3-195);Len: 114;Rssi: -60;PowerLevel: m17dBm;DATA: 98,10629342490369879,26406,-6869,1070,1166235,7161971,-5706,3485,-7435,-2410,-8454,-4765
1736072809.091121;m3-38;From: 2152 (m3-195);Len: 114;Rssi: -67;PowerLevel: m17dBm;DATA: 98,10629342490369879,26406,-6869,1070,1166235,7161971,-5706,3485,-7435,-2410,-8454,-4765
1736072809.091791;m3-37;From: 2152 (m3-195);Len: 114;Rssi: -71;PowerLevel: m17dBm;DATA: 98,10629342490369879,26406,-6869,1070,1166235,7161971,-5706,3485,-7435,-2410,-8454,-4765
1736072809.092901;m3-36;From: 2152 (m3-195);Len: 114;Rssi: -72;PowerLevel: m17dBm;DATA: 98,10629342490369879,26406,-6869,1070,1166235,7161971,-5706,3485,-7435,-2410,-8454,-4765
1736072809.093094;m3-40;From: 2152 (m3-195);Len: 114;Rssi: -71;PowerLevel: m17dBm;DATA: 98,10629342490369879,26406,-6869,1070,1166235,7161971,-5706,3485,-7435,-2410,-8454,-4765
1736072809.093573;m3-43;From: 2152 (m3-195);Len: 114;Rssi: -70;PowerLevel: m17dBm;DATA: 98,10629342490369879,26406,-6869,1070,1166235,7161971,-5706,3485,-7435,-2410,-8454,-4765
1736072809.093725;m3-45;From: 2152 (m3-195);Len: 114;Rssi: -78;PowerLevel: m17dBm;DATA: 98,10629342490369879,26406,-6869,1070,1166235,7161971,-5706,3485,-7435,-2410,-8454,-4765
1736072809.578659;m3-41;From: 2152 (m3-195);Len: 114;Rssi: -78;PowerLevel: m17dBm;DATA: 98,10629342490369879,26406,-6869,1070,1166235,7161971,-5706,3485,-7435,-2410,-8454,-4765
1736072809.581590;m3-42;From: 2152 (m3-195);Len: 114;Rssi: -58;PowerLevel: m17dBm;DATA: 98,10629342490369879,26406,-6869,1070,1166235,7161971,-5706,3485,-7435,-2410,-8454,-4765
1736072809.582779;m3-44;From: 2152 (m3-195);Len: 114;Rssi: -59;PowerLevel: m17dBm;DATA: 98,10629342490369879,26406,-6869,1070,1166235,7161971,-5706,3485,-7435,-2410,-8454,-4765
1736072809.587154;m3-38;From: 2152 (m3-195);Len: 114;Rssi: -67;PowerLevel: m17dBm;DATA: 98,10629342490369879,26406,-6869,1070,1166235,7161971,-5706,3485,-7435,-2410,-8454,-4765
1736072809.587819;m3-37;From: 2152 (m3-195);Len: 114;Rssi: -71;PowerLevel: m17dBm;DATA: 98,10629342490369879,26406,-6869,1070,1166235,7161971,-5706,3485,-7435,-2410,-8454,-4765
1736072809.588991;m3-36;From: 2152 (m3-195);Len: 114;Rssi: -73;PowerLevel: m17dBm;DATA: 98,10629342490369879,26406,-6869,1070,1166235,7161971,-5706,3485,-7435,-2410,-8454,-4765
1736072809.589182;m3-40;From: 2152 (m3-195);Len: 114;Rssi: -70;PowerLevel: m17dBm;DATA: 98,10629342490369879,26406,-6869,1070,1166235,7161971,-5706,3485,-7435,-2410,-8454,-4765
1736072809.589666;m3-43;From: 2152 (m3-195);Len: 114;Rssi: -70;PowerLevel: m17dBm;DATA: 98,10629342490369879,26406,-6869,1070,1166235,7161971,-5706,3485,-7435,-2410,-8454,-4765
1736072809.589827;m3-45;From: 2152 (m3-195);Len: 114;Rssi: -78;PowerLevel: m17dBm;DATA: 98,10629342490369879,26406,-6869,1070,1166235,7161971,-5706,3485,-7435,-2410,-8454,-4765
1736072809.828927;m3-36;From: 2152 (m3-195);Len: 114;Rssi: -72;PowerLevel: m17dBm;DATA: 98,10629342490369879,26406,-6869,1070,1166235,7161971,-5706,3485,-7435,-2410,-8454,-4765
1736072809.829181;m3-40;From: 2152 (m3-195);Len: 114;Rssi: -71;PowerLevel: m17dBm;DATA: 98,10629342490369879,26406,-6869,1070,1166235,7161971,-5706,3485,-7435,-2410,-8454,-4765
1736072809.829719;m3-43;From: 2152 (m3-195);Len: 114;Rssi: -70;PowerLevel: m17dBm;DATA: 98,10629342490369879,26406,-6869,1070,1166235,7161971,-5706,3485,-7435,-2410,-8454,-4765
1736072809.829882;m3-45;From: 2152 (m3-195);Len: 114;Rssi: -78;PowerLevel: m17dBm;DATA: 98,10629342490369879,26406,-6869,1070,1166235,7161971,-5706,3485,-7435,-2410,-8454,-4765
1736072809.834445;m3-41;From: 2152 (m3-195);Len: 114;Rssi: -78;PowerLevel: m17dBm;DATA: 98,10629342490369879,26406,-6869,1070,1166235,7161971,-5706,3485,-7435,-2410,-8454,-4765
1736072809.836440;m3-26;From: 2152 (m3-195);Len: 114;Rssi: -90;PowerLevel: m17dBm;DATA: 98,10629342490369879,26406,-6869,1070,1166235,7161971,-5706,3485,-7435,-2410,-8454,-4765
1736072809.837216;m3-42;From: 2152 (m3-195);Len: 114;Rssi: -61;PowerLevel: m17dBm;DATA: 98,10629342490369879,26406,-6869,1070,1166235,7161971,-5706,3485,-7435,-2410,-8454,-4765
1736072809.837844;m3-22;From: 2152 (m3-195);Len: 114;Rssi: -91;PowerLevel: m17dBm;DATA: 98,10629342490369879,26406,-6869,1070,1166235,7161971,-5706,3485,-7435,-2410,-8454,-4765
1736072809.838484;m3-44;From: 2152 (m3-195);Len: 114;Rssi: -60;PowerLevel: m17dBm;DATA: 98,10629342490369879,26406,-6869,1070,1166235,7161971,-5706,3485,-7435,-2410,-8454,-4765
1736072809.842831;m3-31;From: 2152 (m3-195);Len: 114;Rssi: -91;PowerLevel: m17dBm;DATA: 98,10629342490369879,26406,-6869,1070,1166235,7161971,-5706,3485,-7435,-2410,-8454,-4765
1736072809.843088;m3-38;From: 2152 (m3-195);Len: 114;Rssi: -67;PowerLevel: m17dBm;DATA: 98,10629342490369879,26406,-6869,1070,1166235,7161971,-5706,3485,-7435,-2410,-8454,-4765
1736072809.843652;m3-25;From: 2152 (m3-195);Len: 114;Rssi: -91;PowerLevel: m17dBm;DATA: 98,10629342490369879,26406,-6869,1070,1166235,7161971,-5706,3485,-7435,-2410,-8454,-4765
1736072809.843814;m3-37;From: 2152 (m3-195);Len: 114;Rssi: -71;PowerLevel: m17dBm;DATA: 98,10629342490369879,26406,-6869,1070,1166235,7161971,-5706,3485,-7435,-2410,-8454,-4765
1736072810.078722;m3-44;From: 2152 (m3-195);Len: 114;Rssi: -60;PowerLevel: m17dBm;DATA: 98,10629342490369879,26406,-6869,1070,1166235,7161971,-5706,3485,-7435,-2410,-8454,-4765
1736072810.083015;m3-38;From: 2152 (m3-195);Len: 114;Rssi: -67;PowerLevel: m17dBm;DATA: 98,10629342490369879,26406,-6869,1070,1166235,7161971,-5706,3485,-7435,-2410,-8454,-4765
1736072810.083696;m3-37;From: 2152 (m3-195);Len: 114;Rssi: -71;PowerLevel: m17dBm;DATA: 98,10629342490369879,26406,-6869,1070,1166235,7161971,-5706,3485,-7435,-2410,-8454,-4765
1736072810.084711;m3-36;From: 2152 (m3-195);Len: 114;Rssi: -73;PowerLevel: m17dBm;DATA: 98,10629342490369879,26406,-6869,1070,1166235,7161971,-5706,3485,-7435,-2410,-8454,-4765
1736072810.084902;m3-40;From: 2152 (m3-195);Len: 114;Rssi: -70;PowerLevel: m17dBm;DATA: 98,10629342490369879,26406,-6869,1070,1166235,7161971,-5706,3485,-7435,-2410,-8454,-4765
1736072810.093246;m3-42;From: 2152 (m3-195);Len: 114;Rssi: -60;PowerLevel: m17dBm;DATA: 98,10629342490369879,26406,-6869,1070,1166235,7161971,-5706,3485,-7435,-2410,-8454,-4765
1736072810.330469;m3-41;From: 2152 (m3-195);Len: 114;Rssi: -78;PowerLevel: m17dBm;DATA: 98,10629342490369879,26406,-6869,1070,1166235,7161971,-5706,3485,-7435,-2410,-8454,-4765
1736072810.332075;m3-26;From: 2152 (m3-195);Len: 114;Rssi: -90;PowerLevel: m17dBm;DATA: 98,10629342490369879,26406,-6869,1070,1166235,7161971,-5706,3485,-7435,-2410,-8454,-4765
1736072810.333198;m3-42;From: 2152 (m3-195);Len: 114;Rssi: -60;PowerLevel: m17dBm;DATA: 98,10629342490369879,26406,-6869,1070,1166235,7161971,-5706,3485,-7435,-2410,-8454,-4765
1736072810.333702;m3-22;From: 2152 (m3-195);Len: 114;Rssi: -91;PowerLevel: m17dBm;DATA: 98,10629342490369879,26406,-6869,1070,1166235,7161971,-5706,3485,-7435,-2410,-8454,-4765
1736072810.334487;m3-44;From: 2152 (m3-195);Len: 114;Rssi: -60;PowerLevel: m17dBm;DATA: 98,10629342490369879,26406,-6869,1070,1166235,7161971,-5706,3485,-7435,-2410,-8454,-4765
1736072810.338615;m3-31;From: 2152 (m3-195);Len: 114;Rssi: -91;PowerLevel: m17dBm;DATA: 98,10629342490369879,26406,-6869,1070,1166235,7161971,-5706,3485,-7435,-2410,-8454,-4765
1736072810.339204;m3-25;From: 2152 (m3-195);Len: 114;Rssi: -91;PowerLevel: m17dBm;DATA: 98,10629342490369879,26406,-6869,1070,1166235,7161971,-5706,3485,-7435,-2410,-8454,-4765
1736072810.339461;m3-38;From: 2152 (m3-195);Len: 114;Rssi: -67;PowerLevel: m17dBm;DATA: 98,10629342490369879,26406,-6869,1070,1166235,7161971,-5706,3485,-7435,-2410,-8454,-4765
1736072810.339879;m3-37;From: 2152 (m3-195);Len: 114;Rssi: -71;PowerLevel: m17dBm;DATA: 98,10629342490369879,26406,-6869,1070,1166235,7161971,-5706,3485,-7435,-2410,-8454,-4765
1736072810.340850;m3-36;From: 2152 (m3-195);Len: 114;Rssi: -73;PowerLevel: m17dBm;DATA: 98,10629342490369879,26406,-6869,1070,1166235,7161971,-5706,3485,-7435,-2410,-8454,-4765
1736072810.341027;m3-40;From: 2152 (m3-195);Len: 114;Rssi: -71;PowerLevel: m17dBm;DATA: 98,10629342490369879,26406,-6869,1070,1166235,7161971,-5706,3485,-7435,-2410,-8454,-4765
1736072810.341491;m3-43;From: 2152 (m3-195);Len: 114;Rssi: -70;PowerLevel: m17dBm;DATA: 98,10629342490369879,26406,-6869,1070,1166235,7161971,-5706,3485,-7435,-2410,-8454,-4765
1736072810.341640;m3-45;From: 2152 (m3-195);Len: 114;Rssi: -78;PowerLevel: m17dBm;DATA: 98,10629342490369879,26406,-6869,1070,1166235,7161971,-5706,3485,-7435,-2410,-8454,-4765
1736072810.578992;m3-38;From: 2152 (m3-195);Len: 114;Rssi: -67;PowerLevel: m17dBm;DATA: 98,10629342490369879,26406,-6869,1070,1166235,7161971,-5706,3485,-7435,-2410,-8454,-4765
1736072810.579602;m3-37;From: 2152 (m3-195);Len: 114;Rssi: -71;PowerLevel: m17dBm;DATA: 98,10629342490369879,26406,-6869,1070,1166235,7161971,-5706,3485,-7435,-2410,-8454,-4765
1736072810.580698;m3-36;From: 2152 (m3-195);Len: 114;Rssi: -73;PowerLevel: m17dBm;DATA: 98,10629342490369879,26406,-6869,1070,1166235,7161971,-5706,3485,-7435,-2410,-8454,-4765
1736072810.580933;m3-40;From: 2152 (m3-195);Len: 114;Rssi: -71;PowerLevel: m17dBm;DATA: 98,10629342490369879,26406,-6869,1070,1166235,7161971,-5706,3485,-7435,-2410,-8454,-4765
1736072810.581354;m3-43;From: 2152 (m3-195);Len: 114;Rssi: -70;PowerLevel: m17dBm;DATA: 98,10629342490369879,26406,-6869,1070,1166235,7161971,-5706,3485,-7435,-2410,-8454,-4765
1736072810.589434;m3-42;From: 2152 (m3-195);Len: 114;Rssi: -59;PowerLevel: m17dBm;DATA: 98,10629342490369879,26406,-6869,1070,1166235,7161971,-5706,3485,-7435,-2410,-8454,-4765
1736072810.590477;m3-44;From: 2152 (m3-195);Len: 114;Rssi: -60;PowerLevel: m17dBm;DATA: 98,10629342490369879,26406,-6869,1070,1166235,7161971,-5706,3485,-7435,-2410,-8454,-4765
1736072810.828281;m3-26;From: 2152 (m3-195);Len: 114;Rssi: -90;PowerLevel: m17dBm;DATA: 98,10629342490369879,26406,-6869,1070,1166235,7161971,-5706,3485,-7435,-2410,-8454,-4765
1736072810.829220;m3-42;From: 2152 (m3-195);Len: 114;Rssi: -61;PowerLevel: m17dBm;DATA: 98,10629342490369879,26406,-6869,1070,1166235,7161971,-5706,3485,-7435,-2410,-8454,-4765
1736072810.829747;m3-22;From: 2152 (m3-195);Len: 114;Rssi: -91;PowerLevel: m17dBm;DATA: 98,10629342490369879,26406,-6869,1070,1166235,7161971,-5706,3485,-7435,-2410,-8454,-4765
1736072810.830268;m3-44;From: 2152 (m3-195);Len: 114;Rssi: -60;PowerLevel: m17dBm;DATA: 98,10629342490369879,26406,-6869,1070,1166235,7161971,-5706,3485,-7435,-2410,-8454,-4765
1736072810.834804;m3-31;From: 2152 (m3-195);Len: 114;Rssi: -91;PowerLevel: m17dBm;DATA: 98,10629342490369879,26406,-6869,1070,1166235,7161971,-5706,3485,-7435,-2410,-8454,-4765
1736072810.835059;m3-38;From: 2152 (m3-195);Len: 114;Rssi: -67;PowerLevel: m17dBm;DATA: 98,10629342490369879,26406,-6869,1070,1166235,7161971,-5706,3485,-7435,-2410,-8454,-4765
1736072810.835624;m3-25;From: 2152 (m3-195);Len: 114;Rssi: -91;PowerLevel: m17dBm;DATA: 98,10629342490369879,26406,-6869,1070,1166235,7161971,-5706,3485,-7435,-2410,-8454,-4765
1736072810.835795;m3-37;From: 2152 (m3-195);Len: 114;Rssi: -71;PowerLevel: m17dBm;DATA: 98,10629342490369879,26406,-6869,1070,1166235,7161971,-5706,3485,-7435,-2410,-8454,-4765
1736072810.836725;m3-36;From: 2152 (m3-195);Len: 114;Rssi: -73;PowerLevel: m17dBm;DATA: 98,10629342490369879,26406,-6869,1070,1166235,7161971,-5706,3485,-7435,-2410,-8454,-4765
1736072810.836948;m3-40;From: 2152 (m3-195);Len: 114;Rssi: -71;PowerLevel: m17dBm;DATA: 98,10629342490369879,26406,-6869,1070,1166235,7161971,-5706,3485,-7435,-2410,-8454,-4765
1736072810.837434;m3-43;From: 2152 (m3-195);Len: 114;Rssi: -70;PowerLevel: m17dBm;DATA: 98,10629342490369879,26406,-6869,1070,1166235,7161971,-5706,3485,-7435,-2410,-8454,-4765
1736072810.837588;m3-45;From: 2152 (m3-195);Len: 114;Rssi: -78;PowerLevel: m17dBm;DATA: 98,10629342490369879,26406,-6869,1070,1166235,7161971,-5706,3485,-7435,-2410,-8454,-4765
1736072810.842431;m3-41;From: 2152 (m3-195);Len: 114;Rssi: -78;PowerLevel: m17dBm;DATA: 98,10629342490369879,26406,-6869,1070,1166235,7161971,-5706,3485,-7435,-2410,-8454,-4765
1736072811.082362;m3-41;From: 2152 (m3-195);Len: 114;Rssi: -78;PowerLevel: m17dBm;DATA: 98,10629342490369879,26406,-6869,1070,1166235,7161971,-5706,3485,-7435,-2410,-8454,-4765
1736072811.085219;m3-42;From: 2152 (m3-195);Len: 114;Rssi: -61;PowerLevel: m17dBm;DATA: 98,10629342490369879,26406,-6869,1070,1166235,7161971,-5706,3485,-7435,-2410,-8454,-4765
1736072811.086411;m3-44;From: 2152 (m3-195);Len: 114;Rssi: -60;PowerLevel: m17dBm;DATA: 98,10629342490369879,26406,-6869,1070,1166235,7161971,-5706,3485,-7435,-2410,-8454,-4765
1736072811.090636;m3-31;From: 2152 (m3-195);Len: 114;Rssi: -91;PowerLevel: m17dBm;DATA: 98,10629342490369879,26406,-6869,1070,1166235,7161971,-5706,3485,-7435,-2410,-8454,-4765
1736072811.090961;m3-38;From: 2152 (m3-195);Len: 114;Rssi: -67;PowerLevel: m17dBm;DATA: 98,10629342490369879,26406,-6869,1070,1166235,7161971,-5706,3485,-7435,-2410,-8454,-4765
1736072811.091613;m3-37;From: 2152 (m3-195);Len: 114;Rssi: -71;PowerLevel: m17dBm;DATA: 98,10629342490369879,26406,-6869,1070,1166235,7161971,-5706,3485,-7435,-2410,-8454,-4765
1736072811.092552;m3-36;From: 2152 (m3-195);Len: 114;Rssi: -73;PowerLevel: m17dBm;DATA: 98,10629342490369879,26406,-6869,1070,1166235,7161971,-5706,3485,-7435,-2410,-8454,-4765
1736072811.093055;m3-40;From: 2152 (m3-195);Len: 114;Rssi: -71;PowerLevel: m17dBm;DATA: 98,10629342490369879,26406,-6869,1070,1166235,7161971,-5706,3485,-7435,-2410,-8454,-4765
1736072811.093262;m3-43;From: 2152 (m3-195);Len: 114;Rssi: -70;PowerLevel: m17dBm;DATA: 98,10629342490369879,26406,-6869,1070,1166235,7161971,-5706,3485,-7435,-2410,-8454,-4765
1736072811.093669;m3-45;From: 2152 (m3-195);Len: 114;Rssi: -78;PowerLevel: m17dBm;DATA: 98,10629342490369879,26406,-6869,1070,1166235,7161971,-5706,3485,-7435,-2410,-8454,-4765
1736072811.330781;m3-31;From: 2152 (m3-195);Len: 114;Rssi: -91;PowerLevel: m17dBm;DATA: 98,10629342490369879,26406,-6869,1070,1166235,7161971,-5706,3485,-7435,-2410,-8454,-4765
1736072811.331447;m3-38;From: 2152 (m3-195);Len: 114;Rssi: -67;PowerLevel: m17dBm;DATA: 98,10629342490369879,26406,-6869,1070,1166235,7161971,-5706,3485,-7435,-2410,-8454,-4765
1736072811.331908;m3-37;From: 2152 (m3-195);Len: 114;Rssi: -71;PowerLevel: m17dBm;DATA: 98,10629342490369879,26406,-6869,1070,1166235,7161971,-5706,3485,-7435,-2410,-8454,-4765
1736072811.332732;m3-36;From: 2152 (m3-195);Len: 114;Rssi: -73;PowerLevel: m17dBm;DATA: 98,10629342490369879,26406,-6869,1070,1166235,7161971,-5706,3485,-7435,-2410,-8454,-4765
1736072811.332976;m3-40;From: 2152 (m3-195);Len: 114;Rssi: -71;PowerLevel: m17dBm;DATA: 98,10629342490369879,26406,-6869,1070,1166235,7161971,-5706,3485,-7435,-2410,-8454,-4765
1736072811.333450;m3-43;From: 2152 (m3-195);Len: 114;Rssi: -70;PowerLevel: m17dBm;DATA: 98,10629342490369879,26406,-6869,1070,1166235,7161971,-5706,3485,-7435,-2410,-8454,-4765
1736072811.333602;m3-45;From: 2152 (m3-195);Len: 114;Rssi: -78;PowerLevel: m17dBm;DATA: 98,10629342490369879,26406,-6869,1070,1166235,7161971,-5706,3485,-7435,-2410,-8454,-4765
1736072811.338451;m3-41;From: 2152 (m3-195);Len: 114;Rssi: -78;PowerLevel: m17dBm;DATA: 98,10629342490369879,26406,-6869,1070,1166235,7161971,-5706,3485,-7435,-2410,-8454,-4765
1736072811.341211;m3-42;From: 2152 (m3-195);Len: 114;Rssi: -59;PowerLevel: m17dBm;DATA: 98,10629342490369879,26406,-6869,1070,1166235,7161971,-5706,3485,-7435,-2410,-8454,-4765
1736072811.342380;m3-44;From: 2152 (m3-195);Len: 114;Rssi: -60;PowerLevel: m17dBm;DATA: 98,10629342490369879,26406,-6869,1070,1166235,7161971,-5706,3485,-7435,-2410,-8454,-4765
1736072811.829243;m3-43;From: 2152 (m3-195);Len: 114;Rssi: -70;PowerLevel: m17dBm;DATA: 98,10629342490369879,26406,-6869,1070,1166235,7161971,-5706,3485,-7435,-2410,-8454,-4765
1736072811.829829;m3-45;From: 2152 (m3-195);Len: 114;Rssi: -78;PowerLevel: m17dBm;DATA: 98,10629342490369879,26406,-6869,1070,1166235,7161971,-5706,3485,-7435,-2410,-8454,-4765
1736072811.834517;m3-41;From: 2152 (m3-195);Len: 114;Rssi: -78;PowerLevel: m17dBm;DATA: 98,10629342490369879,26406,-6869,1070,1166235,7161971,-5706,3485,-7435,-2410,-8454,-4765
1736072812.082702;m3-31;From: 2152 (m3-195);Len: 114;Rssi: -91;PowerLevel: m17dBm;DATA: 98,10629342490369879,26406,-6869,1070,1166235,7161971,-5706,3485,-7435,-2410,-8454,-4765
1736072812.085000;m3-43;From: 2152 (m3-195);Len: 114;Rssi: -70;PowerLevel: m17dBm;DATA: 98,10629342490369879,26406,-6869,1070,1166235,7161971,-5706,3485,-7435,-2410,-8454,-4765
1736072812.085634;m3-45;From: 2152 (m3-195);Len: 114;Rssi: -78;PowerLevel: m17dBm;DATA: 98,10629342490369879,26406,-6869,1070,1166235,7161971,-5706,3485,-7435,-2410,-8454,-4765
1736072812.090343;m3-41;From: 2152 (m3-195);Len: 114;Rssi: -78;PowerLevel: m17dBm;DATA: 98,10629342490369879,26406,-6869,1070,1166235,7161971,-5706,3485,-7435,-2410,-8454,-4765
1736072812.092024;m3-26;From: 2152 (m3-195);Len: 114;Rssi: -90;PowerLevel: m17dBm;DATA: 98,10629342490369879,26406,-6869,1070,1166235,7161971,-5706,3485,-7435,-2410,-8454,-4765
1736072812.093607;m3-22;From: 2152 (m3-195);Len: 114;Rssi: -91;PowerLevel: m17dBm;DATA: 98,10629342490369879,26406,-6869,1070,1166235,7161971,-5706,3485,-7435,-2410,-8454,-4765
1736072815.330695;m3-31;From: 2152 (m3-195);Len: 114;Rssi: -89;PowerLevel: m12dBm;DATA: 98,10629342490369879,26406,-6869,1070,1166235,7161971,-5706,3485,-7435,-2410,-8454,-4765
1736072815.331347;m3-23;From: 2152 (m3-195);Len: 114;Rssi: -91;PowerLevel: m12dBm;DATA: 98,10629342490369879,26406,-6869,1070,1166235,7161971,-5706,3485,-7435,-2410,-8454,-4765
1736072815.331532;m3-25;From: 2152 (m3-195);Len: 114;Rssi: -89;PowerLevel: m12dBm;DATA: 98,10629342490369879,26406,-6869,1070,1166235,7161971,-5706,3485,-7435,-2410,-8454,-4765
1736072815.332867;m3-39;[in broadcast_data() INFO] POWER LEVEL: m12dBm
1736072815.333141;m3-43;From: 2152 (m3-195);Len: 114;Rssi: -67;PowerLevel: m12dBm;DATA: 98,10629342490369879,26406,-6869,1070,1166235,7161971,-5706,3485,-7435,-2410,-8454,-4765
1736072815.333574;m3-45;From: 2152 (m3-195);Len: 114;Rssi: -72;PowerLevel: m12dBm;DATA: 98,10629342490369879,26406,-6869,1070,1166235,7161971,-5706,3485,-7435,-2410,-8454,-4765
1736072815.338437;m3-41;From: 2152 (m3-195);Len: 114;Rssi: -73;PowerLevel: m12dBm;DATA: 98,10629342490369879,26406,-6869,1070,1166235,7161971,-5706,3485,-7435,-2410,-8454,-4765
1736072815.340125;m3-26;From: 2152 (m3-195);Len: 114;Rssi: -87;PowerLevel: m12dBm;DATA: 98,10629342490369879,26406,-6869,1070,1166235,7161971,-5706,3485,-7435,-2410,-8454,-4765
1736072815.341657;m3-22;From: 2152 (m3-195);Len: 114;Rssi: -88;PowerLevel: m12dBm;DATA: 98,10629342490369879,26406,-6869,1070,1166235,7161971,-5706,3485,-7435,-2410,-8454,-4765
1736072815.581625;m3-22;From: 2152 (m3-195);Len: 114;Rssi: -88;PowerLevel: m12dBm;DATA: 98,10629342490369879,26406,-6869,1070,1166235,7161971,-5706,3485,-7435,-2410,-8454,-4765
1736072815.586514;m3-31;From: 2152 (m3-195);Len: 114;Rssi: -89;PowerLevel: m12dBm;DATA: 98,10629342490369879,26406,-6869,1070,1166235,7161971,-5706,3485,-7435,-2410,-8454,-4765
1736072815.589292;m3-45;From: 2152 (m3-195);Len: 114;Rssi: -73;PowerLevel: m12dBm;DATA: 98,10629342490369879,26406,-6869,1070,1166235,7161971,-5706,3485,-7435,-2410,-8454,-4765
1736072815.594053;m3-41;From: 2152 (m3-195);Len: 114;Rssi: -73;PowerLevel: m12dBm;DATA: 98,10629342490369879,26406,-6869,1070,1166235,7161971,-5706,3485,-7435,-2410,-8454,-4765
1736072816.082437;m3-31;From: 2152 (m3-195);Len: 114;Rssi: -89;PowerLevel: m12dBm;DATA: 98,10629342490369879,26406,-6869,1070,1166235,7161971,-5706,3485,-7435,-2410,-8454,-4765
1736072816.093413;m3-22;From: 2152 (m3-195);Len: 114;Rssi: -89;PowerLevel: m12dBm;DATA: 98,10629342490369879,26406,-6869,1070,1166235,7161971,-5706,3485,-7435,-2410,-8454,-4765
1736072816.338442;m3-31;From: 2152 (m3-195);Len: 114;Rssi: -89;PowerLevel: m12dBm;DATA: 98,10629342490369879,26406,-6869,1070,1166235,7161971,-5706,3485,-7435,-2410,-8454,-4765
1736072816.587928;m3-26;From: 2152 (m3-195);Len: 114;Rssi: -87;PowerLevel: m12dBm;DATA: 98,10629342490369879,26406,-6869,1070,1166235,7161971,-5706,3485,-7435,-2410,-8454,-4765
1736072816.589629;m3-22;From: 2152 (m3-195);Len: 114;Rssi: -88;PowerLevel: m12dBm;DATA: 98,10629342490369879,26406,-6869,1070,1166235,7161971,-5706,3485,-7435,-2410,-8454,-4765
1736072816.594399;m3-25;From: 2152 (m3-195);Len: 114;Rssi: -89;PowerLevel: m12dBm;DATA: 98,10629342490369879,26406,-6869,1070,1166235,7161971,-5706,3485,-7435,-2410,-8454,-4765
1736072816.594656;m3-31;From: 2152 (m3-195);Len: 114;Rssi: -90;PowerLevel: m12dBm;DATA: 98,10629342490369879,26406,-6869,1070,1166235,7161971,-5706,3485,-7435,-2410,-8454,-4765
1736072816.595112;m3-23;From: 2152 (m3-195);Len: 114;Rssi: -91;PowerLevel: m12dBm;DATA: 98,10629342490369879,26406,-6869,1070,1166235,7161971,-5706,3485,-7435,-2410,-8454,-4765
1736072817.083862;m3-26;From: 2152 (m3-195);Len: 114;Rssi: -87;PowerLevel: m12dBm;DATA: 98,10629342490369879,26406,-6869,1070,1166235,7161971,-5706,3485,-7435,-2410,-8454,-4765
1736072817.085392;m3-22;From: 2152 (m3-195);Len: 114;Rssi: -88;PowerLevel: m12dBm;DATA: 98,10629342490369879,26406,-6869,1070,1166235,7161971,-5706,3485,-7435,-2410,-8454,-4765
1736072817.090533;m3-23;From: 2152 (m3-195);Len: 114;Rssi: -91;PowerLevel: m12dBm;DATA: 98,10629342490369879,26406,-6869,1070,1166235,7161971,-5706,3485,-7435,-2410,-8454,-4765
1736072817.090788;m3-25;From: 2152 (m3-195);Len: 114;Rssi: -89;PowerLevel: m12dBm;DATA: 98,10629342490369879,26406,-6869,1070,1166235,7161971,-5706,3485,-7435,-2410,-8454,-4765
1736072817.090949;m3-31;From: 2152 (m3-195);Len: 114;Rssi: -89;PowerLevel: m12dBm;DATA: 98,10629342490369879,26406,-6869,1070,1166235,7161971,-5706,3485,-7435,-2410,-8454,-4765
1736072817.330525;m3-25;From: 2152 (m3-195);Len: 114;Rssi: -89;PowerLevel: m12dBm;DATA: 98,10629342490369879,26406,-6869,1070,1166235,7161971,-5706,3485,-7435,-2410,-8454,-4765
1736072817.330779;m3-31;From: 2152 (m3-195);Len: 114;Rssi: -89;PowerLevel: m12dBm;DATA: 98,10629342490369879,26406,-6869,1070,1166235,7161971,-5706,3485,-7435,-2410,-8454,-4765
1736072817.331303;m3-23;From: 2152 (m3-195);Len: 114;Rssi: -91;PowerLevel: m12dBm;DATA: 98,10629342490369879,26406,-6869,1070,1166235,7161971,-5706,3485,-7435,-2410,-8454,-4765
1736072817.339941;m3-26;From: 2152 (m3-195);Len: 114;Rssi: -86;PowerLevel: m12dBm;DATA: 98,10629342490369879,26406,-6869,1070,1166235,7161971,-5706,3485,-7435,-2410,-8454,-4765
1736072817.341485;m3-22;From: 2152 (m3-195);Len: 114;Rssi: -88;PowerLevel: m12dBm;DATA: 98,10629342490369879,26406,-6869,1070,1166235,7161971,-5706,3485,-7435,-2410,-8454,-4765
1736072817.579819;m3-26;From: 2152 (m3-195);Len: 114;Rssi: -86;PowerLevel: m12dBm;DATA: 98,10629342490369879,26406,-6869,1070,1166235,7161971,-5706,3485,-7435,-2410,-8454,-4765
1736072817.581455;m3-22;From: 2152 (m3-195);Len: 114;Rssi: -88;PowerLevel: m12dBm;DATA: 98,10629342490369879,26406,-6869,1070,1166235,7161971,-5706,3485,-7435,-2410,-8454,-4765
1736072817.586555;m3-23;From: 2152 (m3-195);Len: 114;Rssi: -91;PowerLevel: m12dBm;DATA: 98,10629342490369879,26406,-6869,1070,1166235,7161971,-5706,3485,-7435,-2410,-8454,-4765
1736072817.586814;m3-25;From: 2152 (m3-195);Len: 114;Rssi: -89;PowerLevel: m12dBm;DATA: 98,10629342490369879,26406,-6869,1070,1166235,7161971,-5706,3485,-7435,-2410,-8454,-4765
1736072817.837420;m3-22;From: 2152 (m3-195);Len: 114;Rssi: -88;PowerLevel: m12dBm;DATA: 98,10629342490369879,26406,-6869,1070,1166235,7161971,-5706,3485,-7435,-2410,-8454,-4765
1736072818.331893;m3-26;From: 2152 (m3-195);Len: 114;Rssi: -86;PowerLevel: m12dBm;DATA: 98,10629342490369879,26406,-6869,1070,1166235,7161971,-5706,3485,-7435,-2410,-8454,-4765
1736072818.333447;m3-22;From: 2152 (m3-195);Len: 114;Rssi: -88;PowerLevel: m12dBm;DATA: 98,10629342490369879,26406,-6869,1070,1166235,7161971,-5706,3485,-7435,-2410,-8454,-4765
1736072818.338665;m3-23;From: 2152 (m3-195);Len: 114;Rssi: -91;PowerLevel: m12dBm;DATA: 98,10629342490369879,26406,-6869,1070,1166235,7161971,-5706,3485,-7435,-2410,-8454,-4765
1736072818.338918;m3-25;From: 2152 (m3-195);Len: 114;Rssi: -89;PowerLevel: m12dBm;DATA: 98,10629342490369879,26406,-6869,1070,1166235,7161971,-5706,3485,-7435,-2410,-8454,-4765
1736072818.829477;m3-22;From: 2152 (m3-195);Len: 114;Rssi: -88;PowerLevel: m12dBm;DATA: 98,10629342490369879,26406,-6869,1070,1166235,7161971,-5706,3485,-7435,-2410,-8454,-4765
1736072818.834546;m3-23;From: 2152 (m3-195);Len: 114;Rssi: -91;PowerLevel: m12dBm;DATA: 98,10629342490369879,26406,-6869,1070,1166235,7161971,-5706,3485,-7435,-2410,-8454,-4765
1736072818.834805;m3-25;From: 2152 (m3-195);Len: 114;Rssi: -89;PowerLevel: m12dBm;DATA: 98,10629342490369879,26406,-6869,1070,1166235,7161971,-5706,3485,-7435,-2410,-8454,-4765
1736072818.843550;m3-26;From: 2152 (m3-195);Len: 114;Rssi: -86;PowerLevel: m12dBm;DATA: 98,10629342490369879,26406,-6869,1070,1166235,7161971,-5706,3485,-7435,-2410,-8454,-4765
1736072819.341383;m3-22;From: 2152 (m3-195);Len: 114;Rssi: -89;PowerLevel: m12dBm;DATA: 98,10629342490369879,26406,-6869,1070,1166235,7161971,-5706,3485,-7435,-2410,-8454,-4765
1736072819.579715;m3-26;From: 2152 (m3-195);Len: 114;Rssi: -86;PowerLevel: m12dBm;DATA: 98,10629342490369879,26406,-6869,1070,1166235,7161971,-5706,3485,-7435,-2410,-8454,-4765
1736072819.581313;m3-22;From: 2152 (m3-195);Len: 114;Rssi: -89;PowerLevel: m12dBm;DATA: 98,10629342490369879,26406,-6869,1070,1166235,7161971,-5706,3485,-7435,-2410,-8454,-4765
1736072819.586601;m3-23;From: 2152 (m3-195);Len: 114;Rssi: -91;PowerLevel: m12dBm;DATA: 98,10629342490369879,26406,-6869,1070,1166235,7161971,-5706,3485,-7435,-2410,-8454,-4765
1736072819.586857;m3-25;From: 2152 (m3-195);Len: 114;Rssi: -89;PowerLevel: m12dBm;DATA: 98,10629342490369879,26406,-6869,1070,1166235,7161971,-5706,3485,-7435,-2410,-8454,-4765
1736072819.835617;m3-26;From: 2152 (m3-195);Len: 114;Rssi: -87;PowerLevel: m12dBm;DATA: 98,10629342490369879,26406,-6869,1070,1166235,7161971,-5706,3485,-7435,-2410,-8454,-4765
1736072819.842370;m3-23;From: 2152 (m3-195);Len: 114;Rssi: -91;PowerLevel: m12dBm;DATA: 98,10629342490369879,26406,-6869,1070,1166235,7161971,-5706,3485,-7435,-2410,-8454,-4765
1736072819.842626;m3-25;From: 2152 (m3-195);Len: 114;Rssi: -89;PowerLevel: m12dBm;DATA: 98,10629342490369879,26406,-6869,1070,1166235,7161971,-5706,3485,-7435,-2410,-8454,-4765
1736072820.587668;m3-26;From: 2152 (m3-195);Len: 114;Rssi: -86;PowerLevel: m12dBm;DATA: 98,10629342490369879,26406,-6869,1070,1166235,7161971,-5706,3485,-7435,-2410,-8454,-4765
1736072820.594367;m3-23;From: 2152 (m3-195);Len: 114;Rssi: -91;PowerLevel: m12dBm;DATA: 98,10629342490369879,26406,-6869,1070,1166235,7161971,-5706,3485,-7435,-2410,-8454,-4765
1736072820.594624;m3-25;From: 2152 (m3-195);Len: 114;Rssi: -89;PowerLevel: m12dBm;DATA: 98,10629342490369879,26406,-6869,1070,1166235,7161971,-5706,3485,-7435,-2410,-8454,-4765
1736072821.083525;m3-26;From: 2152 (m3-195);Len: 114;Rssi: -86;PowerLevel: m12dBm;DATA: 98,10629342490369879,26406,-6869,1070,1166235,7161971,-5706,3485,-7435,-2410,-8454,-4765
1736072821.090368;m3-23;From: 2152 (m3-195);Len: 114;Rssi: -91;PowerLevel: m12dBm;DATA: 98,10629342490369879,26406,-6869,1070,1166235,7161971,-5706,3485,-7435,-2410,-8454,-4765
1736072821.090625;m3-25;From: 2152 (m3-195);Len: 114;Rssi: -89;PowerLevel: m12dBm;DATA: 98,10629342490369879,26406,-6869,1070,1166235,7161971,-5706,3485,-7435,-2410,-8454,-4765
1736072821.579640;m3-26;From: 2152 (m3-195);Len: 114;Rssi: -87;PowerLevel: m12dBm;DATA: 98,10629342490369879,26406,-6869,1070,1166235,7161971,-5706,3485,-7435,-2410,-8454,-4765
1736072821.586490;m3-23;From: 2152 (m3-195);Len: 114;Rssi: -91;PowerLevel: m12dBm;DATA: 98,10629342490369879,26406,-6869,1070,1166235,7161971,-5706,3485,-7435,-2410,-8454,-4765
1736072821.586746;m3-25;From: 2152 (m3-195);Len: 114;Rssi: -89;PowerLevel: m12dBm;DATA: 98,10629342490369879,26406,-6869,1070,1166235,7161971,-5706,3485,-7435,-2410,-8454,-4765
1736072822.338496;m3-23;From: 2152 (m3-195);Len: 114;Rssi: -91;PowerLevel: m12dBm;DATA: 98,10629342490369879,26406,-6869,1070,1166235,7161971,-5706,3485,-7435,-2410,-8454,-4765
1736072822.338760;m3-25;From: 2152 (m3-195);Len: 114;Rssi: -89;PowerLevel: m12dBm;DATA: 98,10629342490369879,26406,-6869,1070,1166235,7161971,-5706,3485,-7435,-2410,-8454,-4765
1736072825.828489;m3-39;[in broadcast_data() INFO] POWER LEVEL: m10dBm
1736072826.082217;m3-23;From: 2152 (m3-195);Len: 114;Rssi: -90;PowerLevel: m10dBm;DATA: 98,10629342490369879,26406,-6869,1070,1166235,7161971,-5706,3485,-7435,-2410,-8454,-4765
1736072826.082477;m3-25;From: 2152 (m3-195);Len: 114;Rssi: -85;PowerLevel: m10dBm;DATA: 98,10629342490369879,26406,-6869,1070,1166235,7161971,-5706,3485,-7435,-2410,-8454,-4765
1736072826.594140;m3-23;From: 2152 (m3-195);Len: 114;Rssi: -91;PowerLevel: m10dBm;DATA: 98,10629342490369879,26406,-6869,1070,1166235,7161971,-5706,3485,-7435,-2410,-8454,-4765
1736072827.345918;m3-23;From: 2152 (m3-195);Len: 114;Rssi: -90;PowerLevel: m10dBm;DATA: 98,10629342490369879,26406,-6869,1070,1166235,7161971,-5706,3485,-7435,-2410,-8454,-4765
1736072827.346221;m3-25;From: 2152 (m3-195);Len: 114;Rssi: -85;PowerLevel: m10dBm;DATA: 98,10629342490369879,26406,-6869,1070,1166235,7161971,-5706,3485,-7435,-2410,-8454,-4765
1736072827.842143;m3-23;From: 2152 (m3-195);Len: 114;Rssi: -90;PowerLevel: m10dBm;DATA: 98,10629342490369879,26406,-6869,1070,1166235,7161971,-5706,3485,-7435,-2410,-8454,-4765
1736072828.081951;m3-23;From: 2152 (m3-195);Len: 114;Rssi: -91;PowerLevel: m10dBm;DATA: 98,10629342490369879,26406,-6869,1070,1166235,7161971,-5706,3485,-7435,-2410,-8454,-4765
1736072828.338166;m3-23;From: 2152 (m3-195);Len: 114;Rssi: -90;PowerLevel: m10dBm;DATA: 98,10629342490369879,26406,-6869,1070,1166235,7161971,-5706,3485,-7435,-2410,-8454,-4765
1736072828.593956;m3-23;From: 2152 (m3-195);Len: 114;Rssi: -90;PowerLevel: m10dBm;DATA: 98,10629342490369879,26406,-6869,1070,1166235,7161971,-5706,3485,-7435,-2410,-8454,-4765
1736072828.833959;m3-23;From: 2152 (m3-195);Len: 114;Rssi: -90;PowerLevel: m10dBm;DATA: 98,10629342490369879,26406,-6869,1070,1166235,7161971,-5706,3485,-7435,-2410,-8454,-4765
1736072829.089966;m3-23;From: 2152 (m3-195);Len: 114;Rssi: -91;PowerLevel: m10dBm;DATA: 98,10629342490369879,26406,-6869,1070,1166235,7161971,-5706,3485,-7435,-2410,-8454,-4765
1736072836.323603;m3-39;[in broadcast_data() INFO] POWER LEVEL: m7dBm
1736072846.834928;m3-39;[in broadcast_data() INFO] POWER LEVEL: m5dBm
1736072857.330070;m3-39;[in broadcast_data() INFO] POWER LEVEL: m4dBm
1736072857.588151;m3-83;From: 2152 (m3-195);Len: 113;Rssi: -91;PowerLevel: m4dBm;DATA: 98,10629342490369879,26406,-6869,1070,1166235,7161971,-5706,3485,-7435,-2410,-8454,-4765
1736072858.083852;m3-83;From: 2152 (m3-195);Len: 113;Rssi: -91;owerLevel: m4dAm;DATA: 94|IV4490369879,26406,-6869+107014:6235,7161971,-5706,3485,-7435,-2410,-8454,-4765
1736072862.339749;m3-83;From: 2152 (m3-195);Len: 113;Rssi: -91;PowerLevel: m4dBm;DATA: 98,10629342490369879,26406,-6869,1070,1166235,7161971,-5706,3485,-7435,-2410,-8454,-4765
1736072863.587643;m3-83;From: 2152 (m3-195);Len: 113;Rssi: -91;PowerLevel: m4dBm;DATA: 98,10629342490369879,26406,-6869,1070,1166235,7161971,-5706,3485,-7435,-2410,-8454,-4765
1736072863.595433;m3-12;From: 2152 (m3-195);Len: 113;Rssi: -91;PowerLevel: m4dBm;DATA: 98,10629342490369879,26406,-6869,1070,1166235,7161971,-5706,3485,-7435,-2410,-8454,-4765
1736072867.841145;m3-39;[in broadcast_data() INFO] POWER LEVEL: m3dBm
1736072867.843439;m3-83;From: 2152 (m3-195);Len: 113;Rssi: -91;PowerLevel: m3dBm;DATA: 98,10629342490369879,26406,-6869,1070,1166235,7161971,-5706,3485,-7435,-2410,-8454,-4765
1736072868.091031;m3-12;From: 2152 (m3-195);Len: 113;Rssi: -91;PowerLevel: m3dBm;DATA: 98,10629342490369879,26406,-6869,1070,1166235,7161971,-5706,3485,-7435,-2410,-8454,-4765
1736072868.586973;m3-12;From: 2152 (m3-195);Len: 113;Rssi: -91;PowerLevel: m3dBm;DATA: 98,10629342490369879,26406,-6869,1070,1166235,7161971,-5706,3485,-7435,-2410,-8454,-4765
1736072868.595311;m3-83;From: 2152 (m3-195);Len: 113;Rssi: -91;PowerLevel: m3dBm;DATA: 98,10629342490369879,26406,-6869,1070,1166235,7161971,-5706,3485,-7435,-2410,-8454,-4765
1736072869.098654;m3-12;From: 2152 (m3-195);Len: 113;Rssi: -91;PowerLevel: m3dBm;DATA: 98,10629342490369879,26406,-6869,1070,1166235,7161971,-5706,3485,-7435,-2410,-8454,-4765
1736072869.834768;m3-12;From: 2152 (m3-195);Len: 113;Rssi: -91;PowerLevel: m3dBm;DATA: 98,10629342490369879,26406,-6869,1070,1166235,7161971,-5706,3485,-7435,-2410,-8454,-4765
1736072869.843180;m3-83;From: 2152 (m3-195);Len: 113;Rssi: -91;PowerLevel: m3dBm;DATA: 98,10629342490369879,26406,-6869,1070,1166235,7161971,-5706,3485,-7435,-2410,-8454,-4765
1736072870.339005;m3-83;From: 2152 (m3-195);Len: 113;Rssi: -91;PowerLevel: m3dBm;DATA: 98,10629342490369879,26406,-6869,1070,1166235,7161971,-5706,3485,-7435,-2410,-8454,-4765
1736072870.835171;m3-83;From: 2152 (m3-195);Len: 113;Rssi: -91;PowerLevel: m3dBm;DATA: 98,10629342490369879,26406,-6869,1070,1166235,7161971,-5706,3485,-7435,-2410,-8454,-4765
1736072871.338696;m3-12;From: 2152 (m3-195);Len: 113;Rssi: -91;PowerLevel: m3dBm;DATA: 98,10629342490369879,26406,-6869,1070,1166235,7161971,-5706,3485,-7435,-2410,-8454,-4765
1736072871.834670;m3-12;From: 2152 (m3-195);Len: 113;Rssi: -91;PowerLevel: m3dBm;DATA: 98,10629342490369879,26406,-6869,1070,1166235,7161971,-5706,3485,-7435,-2410,-8454,-4765
1736072872.090467;m3-12;From: 2152 (m3-195);Len: 113;Rssi: -91;PowerLevel: m3dBm;DATA: 98,10629342490369879,26406,-6869,1070,1166235,7161971,-5706,3485,-7435,-2410,-8454,-4765
1736072872.098879;m3-83;From: 2152 (m3-195);Len: 113;Rssi: -91;PowerLevel: m3dBm;DATA: 98,10629342490369879,26406,-6869,1070,1166235,7161971,-5706,3485,-7435,-2410,-8454,-4765
1736072873.091021;m3-83;From: 2152 (m3-195);Len: 113;Rssi: -91;PowerLevel: m3dBm;DATA: 98,10629342490369879,26406,-6869,1070,1166235,7161971,-5706,3485,-7435,-2410,-8454,-4765
1736072874.346568;m3-12;From: 2152 (m3-195);Len: 113;Rssi: -91;PowerLevel: m3dBm;DATA: 98,10629342490369879,26406,-6869,1070,1166235,7161971,-5706,3485,-7435,-2410,-8454,-4765
1736072874.834943;m3-83;From: 2152 (m3-195);Len: 113;Rssi: -91;PowerLevel: m3dBm;DATA: 98,10629342490369879,26406,-6869,1070,1166235,7161971,-5706,3485,-7435,-2410,-8454,-4765
1736072874.842480;m3-12;From: 2152 (m3-195);Len: 113;Rssi: -91;PowerLevel: m3dBm;DATA: 98,10629342490369879,26406,-6869,1070,1166235,7161971,-5706,3485,-7435,-2410,-8454,-4765
1736072878.336556;m3-39;[in broadcast_data() INFO] POWER LEVEL: m2dBm
1736072878.338690;m3-83;From: 2152 (m3-195);Len: 113;Rssi: -91;PowerLevel: m2dBm;DATA: 98,10629342490369879,26406,-6869,1070,1166235,7161971,-5706,3485,-7435,-2410,-8454,-4765
1736072878.346249;m3-12;From: 2152 (m3-195);Len: 113;Rssi: -91;PowerLevel: m2dBm;DATA: 98,10629342490369879,26406,-6869,1070,1166235,7161971,-5706,3485,-7435,-2410,-8454,-4765
1736072878.586164;m3-12;From: 2152 (m3-195);Len: 113;Rssi: -91;PowerLevel: m2dBm;DATA: 98,10629342490369879,26406,-6869,1070,1166235,7161971,-5706,3485,-7435,-2410,-8454,-4765
1736072878.842055;m3-12;From: 2152 (m3-195);Len: 113;Rssi: -91;PowerLevel: m2dBm;DATA: 98,10629342490369879,26406,-6869,1070,1166235,7161971,-5706,3485,-7435,-2410,-8454,-4765
1736072878.850440;m3-83;From: 2152 (m3-195);Len: 113;Rssi: -91;PowerLevel: m2dBm;DATA: 98,10629342490369879,26406,-6869,1070,1166235,7161971,-5706,3485,-7435,-2410,-8454,-4765
1736072879.337957;m3-12;From: 2152 (m3-195);Len: 113;Rssi: -91;PowerLevel: m2dBm;DATA: 98,10629342490369879,26406,-6869,1070,1166235,7161971,-5706,3485,-7435,-2410,-8454,-4765
1736072879.346455;m3-83;From: 2152 (m3-195);Len: 113;Rssi: -91;PowerLevel: m2dBm;DATA: 98,10629342490369879,26406,-6869,1070,1166235,7161971,-5706,3485,-7435,-2410,-8454,-4765
1736072880.098440;m3-83;From: 2152 (m3-195);Len: 113;Rssi: -91;PowerLevel: m2dBm;DATA: 98,10629342490369879,26406,-6869,1070,1166235,7161971,-5706,3485,-7435,-2410,-8454,-4765
1736072880.346053;m3-12;From: 2152 (m3-195);Len: 113;Rssi: -91;PowerLevel: m2dBm;DATA: 98,10629342490369879,26406,-6869,1070,1166235,7161971,-5706,3485,-7435,-2410,-8454,-4765
1736072880.586023;m3-12;From: 2152 (m3-195);Len: 113;Rssi: -91;PowerLevel: m2dBm;DATA: 98,10629342490369879,26406,-6869,1070,1166235,7161971,-5706,3485,-7435,-2410,-8454,-4765
1736072880.592970;m3-5;From: 2152 (m3-195);Len: 113;Rssi: -91;PowerLevel: m2dBm;DATA: 98,10629342490369879,26406,-6869,1070,1166235,7161971,-5706,3485,-7435,-2410,-8454,-4765
1736072880.594565;m3-83;From: 2152 (m3-195);Len: 113;Rssi: -91;PowerLevel: m2dBm;DATA: 98,10629342490369879,26406,-6869,1070,1166235,7161971,-5706,3485,-7435,-2410,-8454,-4765
1736072881.337845;m3-12;From: 2152 (m3-195);Len: 113;Rssi: -91;PowerLevel: m2dBm;DATA: 98,10629342490369879,26406,-6869,1070,1166235,7161971,-5706,3485,-7435,-2410,-8454,-4765
1736072881.344703;m3-5;From: 2152 (m3-195);Len: 113;Rssi: -91;PowerLevel: m2dBm;DATA: 98,10629342490369879,26406,-6869,1070,1166235,7161971,-5706,3485,-7435,-2410,-8454,-4765
1736072881.346311;m3-83;From: 2152 (m3-195);Len: 113;Rssi: -91;PowerLevel: m2dBm;DATA: 98,10629342490369879,26406,-6869,1070,1166235,7161971,-5706,3485,-7435,-2410,-8454,-4765
1736072881.586432;m3-83;From: 2152 (m3-195);Len: 113;Rssi: -91;PowerLevel: m2dBm;DATA: 98,10629342490369879,26406,-6869,1070,1166235,7161971,-5706,3485,-7435,-2410,-8454,-4765
1736072881.593943;m3-12;From: 2152 (m3-195);Len: 113;Rssi: -91;PowerLevel: m2dBm;DATA: 98,10629342490369879,26406,-6869,1070,1166235,7161971,-5706,3485,-7435,-2410,-8454,-4765
1736072882.089945;m3-12;From: 2152 (m3-195);Len: 113;Rssi: -91;PowerLevel: m2dBm;DATA: 98,10629342490369879,26406,-6869,1070,1166235,7161971,-5706,3485,-7435,-2410,-8454,-4765
1736072882.585832;m3-12;From: 2152 (m3-195);Len: 113;Rssi: -91;PowerLevel: m2dBm;DATA: 98,10629342490369879,26406,-6869,1070,1166235,7161971,-5706,3485,-7435,-2410,-8454,-4765
1736072882.592806;m3-5;From: 2152 (m3-195);Len: 113;Rssi: -91;PowerLevel: m2dBm;DATA: 98,10629342490369879,26406,-6869,1070,1166235,7161971,-5706,3485,-7435,-2410,-8454,-4765
1736072882.841745;m3-12;From: 2152 (m3-195);Len: 113;Rssi: -91;PowerLevel: m2dBm;DATA: 98,10629342490369879,26406,-6869,1070,1166235,7161971,-5706,3485,-7435,-2410,-8454,-4765
1736072883.337613;m3-12;From: 2152 (m3-195);Len: 113;Rssi: -91;PowerLevel: m2dBm;DATA: 98,10629342490369879,26406,-6869,1070,1166235,7161971,-5706,3485,-7435,-2410,-8454,-4765
1736072883.344520;m3-5;From: 2152 (m3-195);Len: 113;Rssi: -91;PowerLevel: m2dBm;DATA: 98,10629342490369879,26406,-6869,1070,1166235,7161971,-5706,3485,-7435,-2410,-8454,-4765
1736072883.346415;m3-83;From: 2152 (m3-195);Len: 113;Rssi: -91;PowerLevel: m2dBm;DATA: 98,10629342490369879,26406,-6869,1070,1166235,7161971,-5706,3485,-7435,-2410,-8454,-4765
1736072883.842288;m3-83;From: 2152 (m3-195);Len: 113;Rssi: -91;PowerLevel: m2dBm;DATA: 98,10629342490369879,26406,-6869,1070,1166235,7161971,-5706,3485,-7435,-2410,-8454,-4765
1736072883.849671;m3-12;From: 2152 (m3-195);Len: 113;Rssi: -91;PowerLevel: m2dBm;DATA: 98,10629342490369879,26406,-6869,1070,1166235,7161971,-5706,3485,-7435,-2410,-8454,-4765
1736072884.345609;m3-12;From: 2152 (m3-195);Len: 113;Rssi: -91;PowerLevel: m2dBm;DATA: 98,10629342490369879,26406,-6869,1070,1166235,7161971,-5706,3485,-7435,-2410,-8454,-4765
1736072884.594365;m3-83;From: 2152 (m3-195);Len: 113;Rssi: -91;PowerLevel: m2dBm;DATA: 98,10629342490369879,26406,-6869,1070,1166235,7161971,-5706,3485,-7435,-2410,-8454,-4765
1736072885.586556;m3-83;From: 2152 (m3-195);Len: 113;Rssi: -91;PowerLevel: m2dBm;DATA: 98,10629342490369879,26406,-6869,1070,1166235,7161971,-5706,3485,-7435,-2410,-8454,-4765
1736072888.831829;m3-39;[in broadcast_data() INFO] POWER LEVEL: m1dBm
1736072889.088265;m3-5;From: 2152 (m3-195);Len: 113;Rssi: -91;PowerLevel: m1dBm;DATA: 98,10629342490369879,26406,-6869,1070,1166235,7161971,-5706,3485,-7435,-2410,-8454,-4765
1736072889.090029;m3-83;From: 2152 (m3-195);Len: 113;Rssi: -91;PowerLevel: m1dBm;DATA: 98,10629342490369879,26406,-6869,1070,1166235,7161971,-5706,3485,-7435,-2410,-8454,-4765
1736072889.596964;m3-4;From: 2152 (m3-195);Len: 113;Rssi: -91;PowerLevel: m1dBm;DATA: 98,10629342490369879,26406,-6869,1070,1166235,7161971,-5706,3485,-7435,-2410,-8454,-4765
1736072890.096334;m3-80;From: 2152 (m3-195);Len: 113;Rssi: -91;PowerLevel: m1dBm;DATA: 98,10629342490369879,26406,-6869,1070,1166235,7161971,-5706,3485,-7435,-2410,-8454,-4765
1736072894.351718;m3-80;From: 2152 (m3-195);Len: 113;Rssi: -91;PowerLevel: m1dBm;DATA: 98,10629342490369879,26406,-6869,1070,1166235,7161971,-5706,3485,-7435,-2410,-8454,-4765
1736072899.342898;m3-39;[in broadcast_data() INFO] POWER LEVEL: 0_7dBm
1736072899.839597;m3-80;From: 2152 (m3-195);Len: 114;Rssi: -91;PowerLevel: 0_7dBm;DATA: 98,10629342490369879,26406,-6869,1070,1166235,7161971,-5706,3485,-7435,-2410,-8454,-4765
1736072899.841191;m3-88;From: 2152 (m3-195);Len: 114;Rssi: -91;PowerLevel: 0_7dBm;DATA: 98,10629342490369879,26406,-6869,1070,1166235,7161971,-5706,3485,-7435,-2410,-8454,-4765
1736072899.851882;m3-4;From: 2152 (m3-195);Len: 114;Rssi: -91;PowerLevel: 0_7dBm;DATA: 98,10629342490369879,26406,-6869,1070,1166235,7161971,-5706,3485,-7435,-2410,-8454,-4765
1736072900.351197;m3-5;From: 2152 (m3-195);Len: 114;Rssi: -91;PowerLevel: 0_7dBm;DATA: 98,10629342490369879,26406,-6869,1070,1166235,7161971,-5706,3485,-7435,-2410,-8454,-4765
1736072900.351500;m3-80;From: 2152 (m3-195);Len: 114;Rssi: -91;PowerLevel: 0_7dBm;DATA: 98,10629342490369879,26406,-6869,1070,1166235,7161971,-5706,3485,-7435,-2410,-8454,-4765
1736072900.352944;m3-88;From: 2152 (m3-195);Len: 114;Rssi: -91;PowerLevel: 0_7dBm;DATA: 98,10629342490369879,26406,-6869,1070,1166235,7161971,-5706,3485,-7435,-2410,-8454,-4765
1736072900.844102;m3-4;From: 2152 (m3-195);Len: 114;Rssi: -91;PowerLevel: 0_7dBm;DATA: 98,10629342490369879,26406,-6869,1070,1166235,7161971,-5706,3485,-7435,-2410,-8454,-4765
1736072900.847350;m3-5;From: 2152 (m3-195);Len: 114;Rssi: -91;PowerLevel: 0_7dBm;DATA: 98,10629342490369879,26406,-6869,1070,1166235,7161971,-5706,3485,-7435,-2410,-8454,-4765
1736072902.092003;m3-4;From: 2152 (m3-195);Len: 114;Rssi: -91;PowerLevel: 0_7dBm;DATA: 98,10629342490369879,26406,-6869,1070,1166235,7161971,-5706,3485,-7435,-2410,-8454,-4765
1736072902.095363;m3-80;From: 2152 (m3-195);Len: 114;Rssi: -91;PowerLevel: 0_7dBm;DATA: 98,10629342490369879,26406,-6869,1070,1166235,7161971,-5706,3485,-7435,-2410,-8454,-4765
1736072902.591347;m3-80;From: 2152 (m3-195);Len: 114;Rssi: -91;PowerLevel: 0_7dBm;DATA: 98,10629342490369879,26406,-6869,1070,1166235,7161971,-5706,3485,-7435,-2410,-8454,-4765
1736072902.591911;m3-81;From: 2152 (m3-195);Len: 114;Rssi: -91;PowerLevel: 0_7dBm;DATA: 98,10629342490369879,26406,-6869,1070,1166235,7161971,-5706,3485,-7435,-2410,-8454,-4765
1736072902.592643;m3-88;From: 2152 (m3-195);Len: 114;Rssi: -91;PowerLevel: 0_7dBm;DATA: 98,10629342490369879,26406,-6869,1070,1166235,7161971,-5706,3485,-7435,-2410,-8454,-4765
1736072903.087206;m3-81;From: 2152 (m3-195);Len: 114;Rssi: -91;PowerLevel: 0_7dBm;DATA: 98,10629342490369879,26406,-6869,1070,1166235,7161971,-5706,3485,-7435,-2410,-8454,-4765
1736072903.088770;m3-88;From: 2152 (m3-195);Len: 114;Rssi: -91;PowerLevel: 0_7dBm;DATA: 98,10629342490369879,26406,-6869,1070,1166235,7161971,-5706,3485,-7435,-2410,-8454,-4765
1736072903.099905;m3-4;From: 2152 (m3-195);Len: 114;Rssi: -91;PowerLevel: 0_7dBm;DATA: 98,10629342490369879,26406,-6869,1070,1166235,7161971,-5706,3485,-7435,-2410,-8454,-4765
1736072903.103029;m3-5;From: 2152 (m3-195);Len: 114;Rssi: -91;PowerLevel: 0_7dBm;DATA: 98,10629342490369879,26406,-6869,1070,1166235,7161971,-5706,3485,-7435,-2410,-8454,-4765
1736072903.103323;m3-80;From: 2152 (m3-195);Len: 114;Rssi: -91;PowerLevel: 0_7dBm;DATA: 98,10629342490369879,26406,-6869,1070,1166235,7161971,-5706,3485,-7435,-2410,-8454,-4765
1736072903.596020;m3-4;From: 2152 (m3-195);Len: 114;Rssi: -91;PowerLevel: 0_7dBm;DATA: 98,10629342490369879,26406,-6869,1070,1166235,7161971,-5706,3485,-7435,-2410,-8454,-4765
1736072903.599327;m3-5;From: 2152 (m3-195);Len: 114;Rssi: -91;PowerLevel: 0_7dBm;DATA: 98,10629342490369879,26406,-6869,1070,1166235,7161971,-5706,3485,-7435,-2410,-8454,-4765
1736072903.599582;m3-81;From: 2152 (m3-195);Len: 114;Rssi: -91;PowerLevel: 0_7dBm;DATA: 98,10629342490369879,26406,-6869,1070,1166235,7161971,-5706,3485,-7435,-2410,-8454,-4765
1736072903.840876;m3-88;From: 2152 (m3-195);Len: 114;Rssi: -91;PowerLevel: 0_7dBm;DATA: 98,10629342490369879,26406,-6869,1070,1166235,7161971,-5706,3485,-7435,-2410,-8454,-4765
1736072904.347801;m3-4;From: 2152 (m3-195);Len: 114;Rssi: -91;PowerLevel: 0_7dBm;DATA: 98,10629342490369879,26406,-6869,1070,1166235,7161971,-5706,3485,-7435,-2410,-8454,-4765
1736072904.350994;m3-5;From: 2152 (m3-195);Len: 114;Rssi: -91;PowerLevel: 0_7dBm;DATA: 98,10629342490369879,26406,-6869,1070,1166235,7161971,-5706,3485,-7435,-2410,-8454,-4765
1736072904.351284;m3-80;From: 2152 (m3-195);Len: 114;Rssi: -91;PowerLevel: 0_7dBm;DATA: 98,10629342490369879,26406,-6869,1070,1166235,7161971,-5706,3485,-7435,-2410,-8454,-4765
1736072904.843844;m3-4;From: 2152 (m3-195);Len: 114;Rssi: -91;PowerLevel: 0_7dBm;DATA: 98,10629342490369879,26406,-6869,1070,1166235,7161971,-5706,3485,-7435,-2410,-8454,-4765
1736072904.847102;m3-5;From: 2152 (m3-195);Len: 114;Rssi: -91;PowerLevel: 0_7dBm;DATA: 98,10629342490369879,26406,-6869,1070,1166235,7161971,-5706,3485,-7435,-2410,-8454,-4765
1736072904.847414;m3-80;From: 2152 (m3-195);Len: 114;Rssi: -91;PowerLevel: 0_7dBm;DATA: 98,10629342490369879,26406,-6869,1070,1166235,7161971,-5706,3485,-7435,-2410,-8454,-4765
1736072905.343005;m3-80;From: 2152 (m3-195);Len: 114;Rssi: -91;PowerLevel: 0_7dBm;DATA: 98,10629342490369879,26406,-6869,1070,1166235,7161971,-5706,3485,-7435,-2410,-8454,-4765
1736072905.344776;m3-88;From: 2152 (m3-195);Len: 114;Rssi: -91;PowerLevel: 0_7dBm;DATA: 98,10629342490369879,26406,-6869,1070,1166235,7161971,-5706,3485,-7435,-2410,-8454,-4765
1736072906.095019;m3-5;From: 2152 (m3-195);Len: 114;Rssi: -91;PowerLevel: 0_7dBm;DATA: 98,10629342490369879,26406,-6869,1070,1166235,7161971,-5706,3485,-7435,-2410,-8454,-4765
1736072906.095343;m3-80;From: 2152 (m3-195);Len: 114;Rssi: -91;PowerLevel: 0_7dBm;DATA: 98,10629342490369879,26406,-6869,1070,1166235,7161971,-5706,3485,-7435,-2410,-8454,-4765
1736072906.096448;m3-88;From: 2152 (m3-195);Len: 114;Rssi: -91;PowerLevel: 0_7dBm;DATA: 98,10629342490369879,26406,-6869,1070,1166235,7161971,-5706,3485,-7435,-2410,-8454,-4765
1736072906.350881;m3-5;From: 2152 (m3-195);Len: 114;Rssi: -91;PowerLevel: 0_7dBm;DATA: 98,10629342490369879,26406,-6869,1070,1166235,7161971,-5706,3485,-7435,-2410,-8454,-4765
1736072906.351149;m3-80;From: 2152 (m3-195);Len: 114;Rssi: -91;PowerLevel: 0_7dBm;DATA: 98,10629342490369879,26406,-6869,1070,1166235,7161971,-5706,3485,-7435,-2410,-8454,-4765
1736072906.591011;m3-5;From: 2152 (m3-195);Len: 114;Rssi: -91;PowerLevel: 0_7dBm;DATA: 98,10629342490369879,26406,-6869,1070,1166235,7161971,-5706,3485,-7435,-2410,-8454,-4765
1736072906.591334;m3-80;From: 2152 (m3-195);Len: 114;Rssi: -91;PowerLevel: 0_7dBm;DATA: 98,10629342490369879,26406,-6869,1070,1166235,7161971,-5706,3485,-7435,-2410,-8454,-4765
1736072906.592461;m3-88;From: 2152 (m3-195);Len: 114;Rssi: -91;PowerLevel: 0_7dBm;DATA: 98,10629342490369879,26406,-6869,1070,1166235,7161971,-5706,3485,-7435,-2410,-8454,-4765
1736072909.838392;m3-39;[in broadcast_data() INFO] POWER LEVEL: 1_3dBm
1736072910.590713;m3-80;From: 2152 (m3-195);Len: 114;Rssi: -91;PowerLevel: 1_3dBm;DATA: 98,10629342490369879,26406,-6869,1070,1166235,7161971,-5706,3485,-7435,-2410,-8454,-4765
1736072910.603303;m3-4;From: 2152 (m3-195);Len: 114;Rssi: -91;PowerLevel: 1_3dBm;DATA: 98,10629342490369879,26406,-6869,1070,1166235,7161971,-5706,3485,-7435,-2410,-8454,-4765
1736072911.099386;m3-4;From: 2152 (m3-195);Len: 114;Rssi: -91;PowerLevel: 1_3dBm;DATA: 98,10629342490369879,26406,-6869,1070,1166235,7161971,-5706,3485,-7435,-2410,-8454,-4765
1736072911.102407;m3-80;From: 2152 (m3-195);Len: 114;Rssi: -91;PowerLevel: 1_3dBm;DATA: 98,10629342490369879,26406,-6869,1070,1166235,7161971,-5706,3485,-7435,-2410,-8454,-4765
1736072911.104202;m3-88;From: 2152 (m3-195);Len: 114;Rssi: -91;PowerLevel: 1_3dBm;DATA: 98,10629342490369879,26406,-6869,1070,1166235,7161971,-5706,3485,-7435,-2410,-8454,-4765
1736072911.339428;m3-4;From: 2152 (m3-195);Len: 114;Rssi: -91;PowerLevel: 1_3dBm;DATA: 98,10629342490369879,26406,-6869,1070,1166235,7161971,-5706,3485,-7435,-2410,-8454,-4765
1736072911.342650;m3-5;From: 2152 (m3-195);Len: 114;Rssi: -91;PowerLevel: 1_3dBm;DATA: 98,10629342490369879,26406,-6869,1070,1166235,7161971,-5706,3485,-7435,-2410,-8454,-4765
1736072911.344290;m3-88;From: 2152 (m3-195);Len: 114;Rssi: -91;PowerLevel: 1_3dBm;DATA: 98,10629342490369879,26406,-6869,1070,1166235,7161971,-5706,3485,-7435,-2410,-8454,-4765
1736072911.595392;m3-4;From: 2152 (m3-195);Len: 114;Rssi: -91;PowerLevel: 1_3dBm;DATA: 98,10629342490369879,26406,-6869,1070,1166235,7161971,-5706,3485,-7435,-2410,-8454,-4765
1736072911.598683;m3-80;From: 2152 (m3-195);Len: 114;Rssi: -91;PowerLevel: 1_3dBm;DATA: 98,10629342490369879,26406,-6869,1070,1166235,7161971,-5706,3485,-7435,-2410,-8454,-4765
1736072911.599281;m3-81;From: 2152 (m3-195);Len: 114;Rssi: -91;PowerLevel: 1_3dBm;DATA: 98,10629342490369879,26406,-6869,1070,1166235,7161971,-5706,3485,-7435,-2410,-8454,-4765
1736072911.600052;m3-88;From: 2152 (m3-195);Len: 114;Rssi: -91;PowerLevel: 1_3dBm;DATA: 98,10629342490369879,26406,-6869,1070,1166235,7161971,-5706,3485,-7435,-2410,-8454,-4765
1736072912.603265;m3-4;From: 2152 (m3-195);Len: 114;Rssi: -91;PowerLevel: 1_3dBm;DATA: 98,10629342490369879,26406,-6869,1070,1166235,7161971,-5706,3485,-7435,-2410,-8454,-4765
1736072912.843271;m3-4;From: 2152 (m3-195);Len: 114;Rssi: -91;PowerLevel: 1_3dBm;DATA: 98,10629342490369879,26406,-6869,1070,1166235,7161971,-5706,3485,-7435,-2410,-8454,-4765
1736072912.846574;m3-5;From: 2152 (m3-195);Len: 114;Rssi: -91;PowerLevel: 1_3dBm;DATA: 98,10629342490369879,26406,-6869,1070,1166235,7161971,-5706,3485,-7435,-2410,-8454,-4765
1736072912.846829;m3-80;From: 2152 (m3-195);Len: 114;Rssi: -91;PowerLevel: 1_3dBm;DATA: 98,10629342490369879,26406,-6869,1070,1166235,7161971,-5706,3485,-7435,-2410,-8454,-4765
1736072912.848073;m3-88;From: 2152 (m3-195);Len: 114;Rssi: -91;PowerLevel: 1_3dBm;DATA: 98,10629342490369879,26406,-6869,1070,1166235,7161971,-5706,3485,-7435,-2410,-8454,-4765
1736072913.339380;m3-4;From: 2152 (m3-195);Len: 114;Rssi: -91;PowerLevel: 1_3dBm;DATA: 98,10629342490369879,26406,-6869,1070,1166235,7161971,-5706,3485,-7435,-2410,-8454,-4765
1736072913.342588;m3-5;From: 2152 (m3-195);Len: 114;Rssi: -91;PowerLevel: 1_3dBm;DATA: 98,10629342490369879,26406,-6869,1070,1166235,7161971,-5706,3485,-7435,-2410,-8454,-4765
1736072913.344174;m3-88;From: 2152 (m3-195);Len: 114;Rssi: -91;PowerLevel: 1_3dBm;DATA: 98,10629342490369879,26406,-6869,1070,1166235,7161971,-5706,3485,-7435,-2410,-8454,-4765
1736072913.838610;m3-81;From: 2152 (m3-195);Len: 114;Rssi: -91;PowerLevel: 1_3dBm;DATA: 98,10629342490369879,26406,-6869,1070,1166235,7161971,-5706,3485,-7435,-2410,-8454,-4765
1736072913.851121;m3-4;From: 2152 (m3-195);Len: 114;Rssi: -91;PowerLevel: 1_3dBm;DATA: 98,10629342490369879,26406,-6869,1070,1166235,7161971,-5706,3485,-7435,-2410,-8454,-4765
1736072913.854335;m3-5;From: 2152 (m3-195);Len: 114;Rssi: -91;PowerLevel: 1_3dBm;DATA: 98,10629342490369879,26406,-6869,1070,1166235,7161971,-5706,3485,-7435,-2410,-8454,-4765
1736072913.854592;m3-80;From: 2152 (m3-195);Len: 114;Rssi: -91;PowerLevel: 1_3dBm;DATA: 98,10629342490369879,26406,-6869,1070,1166235,7161971,-5706,3485,-7435,-2410,-8454,-4765
1736072915.102319;m3-80;From: 2152 (m3-195);Len: 114;Rssi: -91;PowerLevel: 1_3dBm;DATA: 98,10629342490369879,26406,-6869,1070,1166235,7161971,-5706,3485,-7435,-2410,-8454,-4765
1736072915.102605;m3-81;From: 2152 (m3-195);Len: 114;Rssi: -91;PowerLevel: 1_3dBm;DATA: 98,10629342490369879,26406,-6869,1070,1166235,7161971,-5706,3485,-7435,-2410,-8454,-4765
1736072915.103735;m3-88;From: 2152 (m3-195);Len: 114;Rssi: -91;PowerLevel: 1_3dBm;DATA: 98,10629342490369879,26406,-6869,1070,1166235,7161971,-5706,3485,-7435,-2410,-8454,-4765
1736072915.595202;m3-4;From: 2152 (m3-195);Len: 114;Rssi: -91;PowerLevel: 1_3dBm;DATA: 98,10629342490369879,26406,-6869,1070,1166235,7161971,-5706,3485,-7435,-2410,-8454,-4765
1736072915.598497;m3-5;From: 2152 (m3-195);Len: 114;Rssi: -91;PowerLevel: 1_3dBm;DATA: 98,10629342490369879,26406,-6869,1070,1166235,7161971,-5706,3485,-7435,-2410,-8454,-4765
1736072915.598773;m3-81;From: 2152 (m3-195);Len: 114;Rssi: -91;PowerLevel: 1_3dBm;DATA: 98,10629342490369879,26406,-6869,1070,1166235,7161971,-5706,3485,-7435,-2410,-8454,-4765
1736072915.839856;m3-88;From: 2152 (m3-195);Len: 114;Rssi: -91;PowerLevel: 1_3dBm;DATA: 98,10629342490369879,26406,-6869,1070,1166235,7161971,-5706,3485,-7435,-2410,-8454,-4765
1736072915.854181;m3-5;From: 2152 (m3-195);Len: 114;Rssi: -91;PowerLevel: 1_3dBm;DATA: 98,10629342490369879,26406,-6869,1070,1166235,7161971,-5706,3485,-7435,-2410,-8454,-4765
1736072915.854441;m3-80;From: 2152 (m3-195);Len: 114;Rssi: -91;PowerLevel: 1_3dBm;DATA: 98,10629342490369879,26406,-6869,1070,1166235,7161971,-5706,3485,-7435,-2410,-8454,-4765
1736072916.091023;m3-4;From: 2152 (m3-195);Len: 114;Rssi: -91;PowerLevel: 1_3dBm;DATA: 98,10629342490369879,26406,-6869,1070,1166235,7161971,-5706,3485,-7435,-2410,-8454,-4765
1736072916.094160;m3-5;From: 2152 (m3-195);Len: 114;Rssi: -91;PowerLevel: 1_3dBm;DATA: 98,10629342490369879,26406,-6869,1070,1166235,7161971,-5706,3485,-7435,-2410,-8454,-4765
1736072916.094417;m3-80;From: 2152 (m3-195);Len: 114;Rssi: -91;PowerLevel: 1_3dBm;DATA: 98,10629342490369879,26406,-6869,1070,1166235,7161971,-5706,3485,-7435,-2410,-8454,-4765
1736072916.094883;m3-81;From: 2152 (m3-195);Len: 114;Rssi: -91;PowerLevel: 1_3dBm;DATA: 98,10629342490369879,26406,-6869,1070,1166235,7161971,-5706,3485,-7435,-2410,-8454,-4765
1736072916.846288;m3-5;From: 2152 (m3-195);Len: 114;Rssi: -91;PowerLevel: 1_3dBm;DATA: 98,10629342490369879,26406,-6869,1070,1166235,7161971,-5706,3485,-7435,-2410,-8454,-4765
1736072916.846546;m3-80;From: 2152 (m3-195);Len: 114;Rssi: -91;PowerLevel: 1_3dBm;DATA: 98,10629342490369879,26406,-6869,1070,1166235,7161971,-5706,3485,-7435,-2410,-8454,-4765
1736072916.848020;m3-88;From: 2152 (m3-195);Len: 114;Rssi: -91;PowerLevel: 1_3dBm;DATA: 98,10629342490369879,26406,-6869,1070,1166235,7161971,-5706,3485,-7435,-2410,-8454,-4765
1736072917.099138;m3-4;From: 2152 (m3-195);Len: 114;Rssi: -91;PowerLevel: 1_3dBm;DATA: 98,10629342490369879,26406,-6869,1070,1166235,7161971,-5706,3485,-7435,-2410,-8454,-4765
1736072917.102084;m3-5;From: 2152 (m3-195);Len: 114;Rssi: -91;PowerLevel: 1_3dBm;DATA: 98,10629342490369879,26406,-6869,1070,1166235,7161971,-5706,3485,-7435,-2410,-8454,-4765
1736072917.102373;m3-80;From: 2152 (m3-195);Len: 114;Rssi: -91;PowerLevel: 1_3dBm;DATA: 98,10629342490369879,26406,-6869,1070,1166235,7161971,-5706,3485,-7435,-2410,-8454,-4765
1736072917.103814;m3-88;From: 2152 (m3-195);Len: 114;Rssi: -91;PowerLevel: 1_3dBm;DATA: 98,10629342490369879,26406,-6869,1070,1166235,7161971,-5706,3485,-7435,-2410,-8454,-4765
1736072920.333456;m3-39;[in broadcast_data() INFO] POWER LEVEL: 1_8dBm
1736072921.341977;m3-5;From: 2152 (m3-195);Len: 114;Rssi: -91;PowerLevel: 1_8dBm;DATA: 98,10629342490369879,26406,-6869,1070,1166235,7161971,-5706,3485,-7435,-2410,-8454,-4765
1736072921.342337;m3-80;From: 2152 (m3-195);Len: 114;Rssi: -91;PowerLevel: 1_8dBm;DATA: 98,10629342490369879,26406,-6869,1070,1166235,7161971,-5706,3485,-7435,-2410,-8454,-4765
1736072921.343369;m3-58;From: 2152 (m3-195);Len: 114;Rssi: -91;PowerLevel: 1_8dBm;DATA: 98,10629342490369879,26406,-6869,1070,1166235,7161971,-5706,3485,-7435,-2410,-8454,-4765
1736072921.839820;m3-88;From: 2152 (m3-195);Len: 114;Rssi: -91;PowerLevel: 1_8dBm;DATA: 98,10629342490369879,26406,-6869,1070,1166235,7161971,-5706,3485,-7435,-2410,-8454,-4765
1736072921.850848;m3-4;From: 2152 (m3-195);Len: 114;Rssi: -91;PowerLevel: 1_8dBm;DATA: 98,10629342490369879,26406,-6869,1070,1166235,7161971,-5706,3485,-7435,-2410,-8454,-4765
1736072922.346713;m3-4;From: 2152 (m3-195);Len: 114;Rssi: -91;PowerLevel: 1_8dBm;DATA: 98,10629342490369879,26406,-6869,1070,1166235,7161971,-5706,3485,-7435,-2410,-8454,-4765
1736072922.350269;m3-81;From: 2152 (m3-195);Len: 114;Rssi: -91;PowerLevel: 1_8dBm;DATA: 98,10629342490369879,26406,-6869,1070,1166235,7161971,-5706,3485,-7435,-2410,-8454,-4765
1736072922.351216;m3-58;From: 2152 (m3-195);Len: 114;Rssi: -91;PowerLevel: 1_8dBm;DATA: 98,10629342490369879,26406,-6869,1070,1166235,7161971,-5706,3485,-7435,-2410,-8454,-4765
1736072922.842761;m3-4;From: 2152 (m3-195);Len: 114;Rssi: -91;PowerLevel: 1_8dBm;DATA: 98,10629342490369879,26406,-6869,1070,1166235,7161971,-5706,3485,-7435,-2410,-8454,-4765
1736072922.846122;m3-81;From: 2152 (m3-195);Len: 114;Rssi: -91;PowerLevel: 1_8dBm;DATA: 98,10629342490369879,26406,-6869,1070,1166235,7161971,-5706,3485,-7435,-2410,-8454,-4765
1736072923.103478;m3-88;From: 2152 (m3-195);Len: 114;Rssi: -91;PowerLevel: 1_8dBm;DATA: 98,10629342490369879,26406,-6869,1070,1166235,7161971,-5706,3485,-7435,-2410,-8454,-4765
1736072923.594680;m3-4;From: 2152 (m3-195);Len: 114;Rssi: -91;PowerLevel: 1_8dBm;DATA: 98,10629342490369879,26406,-6869,1070,1166235,7161971,-5706,3485,-7435,-2410,-8454,-4765
1736072923.598002;m3-81;From: 2152 (m3-195);Len: 114;Rssi: -91;PowerLevel: 1_8dBm;DATA: 98,10629342490369879,26406,-6869,1070,1166235,7161971,-5706,3485,-7435,-2410,-8454,-4765
1736072923.599659;m3-88;From: 2152 (m3-195);Len: 114;Rssi: -91;PowerLevel: 1_8dBm;DATA: 98,10629342490369879,26406,-6869,1070,1166235,7161971,-5706,3485,-7435,-2410,-8454,-4765
1736072924.090553;m3-4;From: 2152 (m3-195);Len: 114;Rssi: -91;PowerLevel: 1_8dBm;DATA: 98,10629342490369879,26406,-6869,1070,1166235,7161971,-5706,3485,-7435,-2410,-8454,-4765
1736072924.095225;m3-58;From: 2152 (m3-195);Len: 114;Rssi: -91;PowerLevel: 1_8dBm;DATA: 98,10629342490369879,26406,-6869,1070,1166235,7161971,-5706,3485,-7435,-2410,-8454,-4765
1736072924.095532;m3-88;From: 2152 (m3-195);Len: 114;Rssi: -91;PowerLevel: 1_8dBm;DATA: 98,10629342490369879,26406,-6869,1070,1166235,7161971,-5706,3485,-7435,-2410,-8454,-4765
1736072924.349997;m3-81;From: 2152 (m3-195);Len: 114;Rssi: -91;PowerLevel: 1_8dBm;DATA: 98,10629342490369879,26406,-6869,1070,1166235,7161971,-5706,3485,-7435,-2410,-8454,-4765
1736072924.351289;m3-88;From: 2152 (m3-195);Len: 114;Rssi: -91;PowerLevel: 1_8dBm;DATA: 98,10629342490369879,26406,-6869,1070,1166235,7161971,-5706,3485,-7435,-2410,-8454,-4765
1736072924.591485;m3-88;From: 2152 (m3-195);Len: 114;Rssi: -91;PowerLevel: 1_8dBm;DATA: 98,10629342490369879,26406,-6869,1070,1166235,7161971,-5706,3485,-7435,-2410,-8454,-4765
1736072924.847433;m3-88;From: 2152 (m3-195);Len: 114;Rssi: -91;PowerLevel: 1_8dBm;DATA: 98,10629342490369879,26406,-6869,1070,1166235,7161971,-5706,3485,-7435,-2410,-8454,-4765
1736072926.093954;m3-81;From: 2152 (m3-195);Len: 114;Rssi: -91;PowerLevel: 1_8dBm;DATA: 98,10629342490369879,26406,-6869,1070,1166235,7161971,-5706,3485,-7435,-2410,-8454,-4765
1736072926.349748;m3-81;From: 2152 (m3-195);Len: 114;Rssi: -91;PowerLevel: 1_8dBm;DATA: 98,10629342490369879,26406,-6869,1070,1166235,7161971,-5706,3485,-7435,-2410,-8454,-4765
1736072930.844729;m3-39;[in broadcast_data() INFO] POWER LEVEL: 2_3dBm
1736072930.845429;m3-81;From: 2152 (m3-195);Len: 114;Rssi: -91;PowerLevel: 2_3dBm;DATA: 98,10629342490369879,26406,-6869,1070,1166235,7161971,-5706,3485,-7435,-2410,-8454,-4765
1736072930.853771;m3-11;From: 2152 (m3-195);Len: 114;Rssi: -91;PowerLevel: 2_3dBm;DATA: 98,10629342490369879,26406,-6869,1070,1166235,7161971,-5706,3485,-7435,-2410,-8454,-4765
1736072932.093515;m3-81;From: 2152 (m3-195);Len: 114;Rssi: -91;PowerLevel: 2_3dBm;DATA: 98,10629342490369879,26406,-6869,1070,1166235,7161971,-5706,3485,-7435,-2410,-8454,-4765
1736072932.094630;m3-58;From: 2152 (m3-195);Len: 114;Rssi: -91;PowerLevel: 2_3dBm;DATA: 98,10629342490369879,26406,-6869,1070,1166235,7161971,-5706,3485,-7435,-2410,-8454,-4765
1736072933.101389;m3-81;From: 2152 (m3-195);Len: 114;Rssi: -91;PowerLevel: 2_3dBm;DATA: 98,10629342490369879,26406,-6869,1070,1166235,7161971,-5706,3485,-7435,-2410,-8454,-4765
1736072934.845296;m3-81;From: 2152 (m3-195);Len: 114;Rssi: -91;PowerLevel: 2_3dBm;DATA: 98,10629342490369879,26406,-6869,1070,1166235,7161971,-5706,3485,-7435,-2410,-8454,-4765
1736072935.341168;m3-81;From: 2152 (m3-195);Len: 114;Rssi: -91;PowerLevel: 2_3dBm;DATA: 98,10629342490369879,26406,-6869,1070,1166235,7161971,-5706,3485,-7435,-2410,-8454,-4765
1736072936.349185;m3-81;From: 2152 (m3-195);Len: 114;Rssi: -91;PowerLevel: 2_3dBm;DATA: 98,10629342490369879,26406,-6869,1070,1166235,7161971,-5706,3485,-7435,-2410,-8454,-4765
1736072937.101024;m3-81;From: 2152 (m3-195);Len: 114;Rssi: -91;PowerLevel: 2_3dBm;DATA: 98,10629342490369879,26406,-6869,1070,1166235,7161971,-5706,3485,-7435,-2410,-8454,-4765
1736072937.597036;m3-81;From: 2152 (m3-195);Len: 114;Rssi: -91;PowerLevel: 2_3dBm;DATA: 98,10629342490369879,26406,-6869,1070,1166235,7161971,-5706,3485,-7435,-2410,-8454,-4765
1736072941.339936;m3-39;[in broadcast_data() INFO] POWER LEVEL: 2_8dBm
1736072941.342167;m3-58;From: 2152 (m3-195);Len: 114;Rssi: -91;PowerLevel: 2_8dBm;DATA: 98,10629342490369879,26406,-6869,1070,1166235,7161971,-5706,3485,-7435,-2410,-8454,-4765
1736072941.356712;m3-81;From: 2152 (m3-195);Len: 114;Rssi: -91;PowerLevel: 2_8dBm;DATA: 98,10629342490369879,26406,-6869,1070,1166235,7161971,-5706,3485,-7435,-2410,-8454,-4765
1736072941.605071;m3-11;From: 2152 (m3-195);Len: 114;Rssi: -91;PowerLevel: 2_8dBm;DATA: 98,10629342490369879,26406,-6869,1070,1166235,7161971,-5706,3485,-7435,-2410,-8454,-4765
1736072943.342098;m3-58;From: 2152 (m3-195);Len: 114;Rssi: -91;PowerLevel: 2_8dBm;DATA: 98,10629342490369879,26406,-6869,1070,1166235,7161971,-5706,3485,-7435,-2410,-8454,-4765
1736072943.356494;m3-81;From: 2152 (m3-195);Len: 114;Rssi: -91;PowerLevel: 2_8dBm;DATA: 98,10629342490369879,26406,-6869,1070,1166235,7161971,-5706,3485,-7435,-2410,-8454,-4765
1736072943.854036;m3-58;From: 2152 (m3-195);Len: 114;Rssi: -91;PowerLevel: 2_8dBm;DATA: 98,10629342490369879,26406,-6869,1070,1166235,7161971,-5706,3485,-7435,-2410,-8454,-4765
1736072945.101965;m3-58;From: 2152 (m3-195);Len: 114;Rssi: -91;PowerLevel: 2_8dBm;DATA: 98,10629342490369879,26406,-6869,1070,1166235,7161971,-5706,3485,-7435,-2410,-8454,-4765
1736072945.596694;m3-76;From: 2152 (m3-195);Len: 114;Rssi: -91;PowerLevel: 2_8dBm;DATA: 98,10629342490369879,26406,-6869,1070,1166235,7161971,-5706,3485,-7435,-2410,-8454,-4765
1736072945.597784;m3-58;From: 2152 (m3-195);Len: 114;Rssi: -91;PowerLevel: 2_8dBm;DATA: 98,10629342490369879,26406,-6869,1070,1166235,7161971,-5706,3485,-7435,-2410,-8454,-4765
1736072945.853804;m3-58;From: 2152 (m3-195);Len: 114;Rssi: -91;PowerLevel: 2_8dBm;DATA: 98,10629342490369879,26406,-6869,1070,1166235,7161971,-5706,3485,-7435,-2410,-8454,-4765
1736072946.844563;m3-76;From: 2152 (m3-195);Len: 114;Rssi: -91;PowerLevel: 2_8dBm;DATA: 98,10629342490369879,26406,-6869,1070,1166235,7161971,-5706,3485,-7435,-2410,-8454,-4765
1736072947.341932;m3-58;From: 2152 (m3-195);Len: 114;Rssi: -91;PowerLevel: 2_8dBm;DATA: 98,10629342490369879,26406,-6869,1070,1166235,7161971,-5706,3485,-7435,-2410,-8454,-4765
1736072947.853854;m3-58;From: 2152 (m3-195);Len: 114;Rssi: -91;PowerLevel: 2_8dBm;DATA: 98,10629342490369879,26406,-6869,1070,1166235,7161971,-5706,3485,-7435,-2410,-8454,-4765
1736072951.835280;m3-39;[in broadcast_data() INFO] POWER LEVEL: 3dBm
1736072951.853653;m3-58;From: 2152 (m3-195);Len: 112;Rssi: -91;PowerLevel: 3dBm;DATA: 98,10629342490369879,26406,-6869,1070,1166235,7161971,-5706,3485,-7435,-2410,-8454,-4765
1736072952.356221;m3-11;From: 2152 (m3-195);Len: 112;Rssi: -91;PowerLevel: 3dBm;DATA: 98,10629342490369879,26406,-6869,1070,1166235,7161971,-5706,3485,-7435,-2410,-8454,-4765
1736072952.852192;m3-11;From: 2152 (m3-195);Len: 112;Rssi: -91;PowerLevel: 3dBm;DATA: 98,10629342490369879,26406,-6869,1070,1166235,7161971,-5706,3485,-7435,-2410,-8454,-4765
1736072953.597504;m3-58;From: 2152 (m3-195);Len: 112;Rssi: -91;PowerLevel: 3dBm;DATA: 98,10629342490369879,26406,-6869,1070,1166235,7161971,-5706,3485,-7435,-2410,-8454,-4765
1736072954.604001;m3-76;From: 2152 (m3-195);Len: 112;Rssi: -91;PowerLevel: 3dBm;DATA: 98,10629342490369879,26406,-6869,1070,1166235,7161971,-5706,3485,-7435,-2410,-8454,-4765
1736072954.605065;m3-58;From: 2152 (m3-195);Len: 112;Rssi: -91;PowerLevel: 3dBm;DATA: 98,10629342490369879,26406,-6869,1070,1166235,7161971,-5706,3485,-7435,-2410,-8454,-4765
1736072956.093240;m3-58;From: 2152 (m3-195);Len: 112;Rssi: -91;PowerLevel: 3dBm;DATA: 98,10629342490369879,26406,-6869,1070,1166235,7161971,-5706,3485,-7435,-2410,-8454,-4765
1736072956.349202;m3-58;From: 2152 (m3-195);Len: 112;Rssi: -91;PowerLevel: 3dBm;DATA: 98,10629342490369879,26406,-6869,1070,1166235,7161971,-5706,3485,-7435,-2410,-8454,-4765
1736072958.099911;m3-11;From: 2152 (m3-195);Len: 112;Rssi: -91;PowerLevel: 3dBm;DATA: 98,10629342490369879,26406,-6869,1070,1166235,7161971,-5706,3485,-7435,-2410,-8454,-4765
1736072958.107485;m3-76;From: 2152 (m3-195);Len: 112;Rssi: -91;PowerLevel: 3dBm;DATA: 98,10629342490369879,26406,-6869,1070,1166235,7161971,-5706,3485,-7435,-2410,-8454,-4765
1736072958.604161;m3-9;From: 2152 (m3-195);Len: 112;Rssi: -91;PowerLevel: 3dBm;DATA: 98,10629342490369879,26406,-6869,1070,1166235,7161971,-5706,3485,-7435,-2410,-8454,-4765
1736072958.605012;m3-58;From: 2152 (m3-195);Len: 112;Rssi: -91;PowerLevel: 3dBm;DATA: 98,10629342490369879,26406,-6869,1070,1166235,7161971,-5706,3485,-7435,-2410,-8454,-4765
1736072962.346463;m3-39;[in bc_task() INFO] state PHY_STATE_IDLE
1736072962.346713;m3-39;
