1736071910.713408;m3-36;[in bc_task() INFO] > PLL_ON
1736071910.714073;m3-36;
1736071915.704954;m3-36;[in bc_task() INFO] > PHY_IDLE
1736071915.705268;m3-36;
1736071920.712071;m3-39;From: 9577 (m3-79);Len: 114;Rssi: -74;PowerLevel: m17dBm;DATA: 98,10629342490369879,26406,-6869,1070,1166235,7161971,-5706,3485,-7435,-2410,-8454,-4765
1736071920.712413;m3-41;From: 9577 (m3-79);Len: 114;Rssi: -67;PowerLevel: m17dBm;DATA: 98,10629342490369879,26406,-6869,1070,1166235,7161971,-5706,3485,-7435,-2410,-8454,-4765
1736071920.712895;m3-36;[in broadcast_data() INFO] POWER LEVEL: m17dBm
1736071920.713088;m3-37;From: 9577 (m3-79);Len: 114;Rssi: -61;PowerLevel: m17dBm;DATA: 98,10629342490369879,26406,-6869,1070,1166235,7161971,-5706,3485,-7435,-2410,-8454,-4765
1736071920.713233;m3-38;From: 9577 (m3-79);Len: 114;Rssi: -71;PowerLevel: m17dBm;DATA: 98,10629342490369879,26406,-6869,1070,1166235,7161971,-5706,3485,-7435,-2410,-8454,-4765
1736071920.713377;m3-42;From: 9577 (m3-79);Len: 114;Rssi: -70;PowerLevel: m17dBm;DATA: 98,10629342490369879,26406,-6869,1070,1166235,7161971,-5706,3485,-7435,-2410,-8454,-4765
1736071920.713516;m3-44;From: 9577 (m3-79);Len: 114;Rssi: -76;PowerLevel: m17dBm;DATA: 98,10629342490369879,26406,-6869,1070,1166235,7161971,-5706,3485,-7435,-2410,-8454,-4765
1736071920.964257;m3-31;From: 9577 (m3-79);Len: 114;Rssi: -84;PowerLevel: m17dBm;DATA: 98,10629342490369879,26406,-6869,1070,1166235,7161971,-5706,3485,-7435,-2410,-8454,-4765
1736071920.967762;m3-39;From: 9577 (m3-79);Len: 114;Rssi: -74;PowerLevel: m17dBm;DATA: 98,10629342490369879,26406,-6869,1070,1166235,7161971,-5706,3485,-7435,-2410,-8454,-4765
1736071920.968026;m3-41;From: 9577 (m3-79);Len: 114;Rssi: -67;PowerLevel: m17dBm;DATA: 98,10629342490369879,26406,-6869,1070,1166235,7161971,-5706,3485,-7435,-2410,-8454,-4765
1736071920.968499;m3-37;From: 9577 (m3-79);Len: 114;Rssi: -61;PowerLevel: m17dBm;DATA: 98,10629342490369879,26406,-6869,1070,1166235,7161971,-5706,3485,-7435,-2410,-8454,-4765
1736071920.968656;m3-38;From: 9577 (m3-79);Len: 114;Rssi: -71;PowerLevel: m17dBm;DATA: 98,10629342490369879,26406,-6869,1070,1166235,7161971,-5706,3485,-7435,-2410,-8454,-4765
1736071920.968793;m3-42;From: 9577 (m3-79);Len: 114;Rssi: -70;PowerLevel: m17dBm;DATA: 98,10629342490369879,26406,-6869,1070,1166235,7161971,-5706,3485,-7435,-2410,-8454,-4765
1736071920.968925;m3-43;From: 9577 (m3-79);Len: 114;Rssi: -82;PowerLevel: m17dBm;DATA: 98,10629342490369879,26406,-6869,1070,1166235,7161971,-5706,3485,-7435,-2410,-8454,-4765
1736071920.969052;m3-44;From: 9577 (m3-79);Len: 114;Rssi: -76;PowerLevel: m17dBm;DATA: 98,10629342490369879,26406,-6869,1070,1166235,7161971,-5706,3485,-7435,-2410,-8454,-4765
1736071920.969179;m3-45;From: 9577 (m3-79);Len: 114;Rssi: -76;PowerLevel: m17dBm;DATA: 98,10629342490369879,26406,-6869,1070,1166235,7161971,-5706,3485,-7435,-2410,-8454,-4765
1736071920.972902;m3-40;From: 9577 (m3-79);Len: 114;Rssi: -76;PowerLevel: m17dBm;DATA: 98,10629342490369879,26406,-6869,1070,1166235,7161971,-5706,3485,-7435,-2410,-8454,-4765
1736071921.212979;m3-40;From: 9577 (m3-79);Len: 114;Rssi: -76;PowerLevel: m17dBm;DATA: 98,10629342490369879,26406,-6869,1070,1166235,7161971,-5706,3485,-7435,-2410,-8454,-4765
1736071921.218860;m3-22;From: 9577 (m3-79);Len: 114;Rssi: -91;PowerLevel: m17dBm;DATA: 98,10629342490369879,26406,-6869,1070,1166235,7161971,-5706,3485,-7435,-2410,-8454,-4765
1736071921.219974;m3-31;From: 9577 (m3-79);Len: 114;Rssi: -84;PowerLevel: m17dBm;DATA: 98,10629342490369879,26406,-6869,1070,1166235,7161971,-5706,3485,-7435,-2410,-8454,-4765
1736071921.223508;m3-25;From: 9577 (m3-79);Len: 114;Rssi: -89;PowerLevel: m17dBm;DATA: 98,10629342490369879,26406,-6869,1070,1166235,7161971,-5706,3485,-7435,-2410,-8454,-4765
1736071921.223771;m3-26;From: 9577 (m3-79);Len: 114;Rssi: -91;PowerLevel: m17dBm;DATA: 98,10629342490369879,26406,-6869,1070,1166235,7161971,-5706,3485,-7435,-2410,-8454,-4765
1736071921.223937;m3-39;From: 9577 (m3-79);Len: 114;Rssi: -74;PowerLevel: m17dBm;DATA: 98,10629342490369879,26406,-6869,1070,1166235,7161971,-5706,3485,-7435,-2410,-8454,-4765
1736071921.224411;m3-37;From: 9577 (m3-79);Len: 114;Rssi: -61;PowerLevel: m17dBm;DATA: 98,10629342490369879,26406,-6869,1070,1166235,7161971,-5706,3485,-7435,-2410,-8454,-4765
1736071921.224567;m3-38;From: 9577 (m3-79);Len: 114;Rssi: -71;PowerLevel: m17dBm;DATA: 98,10629342490369879,26406,-6869,1070,1166235,7161971,-5706,3485,-7435,-2410,-8454,-4765
1736071921.224704;m3-41;From: 9577 (m3-79);Len: 114;Rssi: -67;PowerLevel: m17dBm;DATA: 98,10629342490369879,26406,-6869,1070,1166235,7161971,-5706,3485,-7435,-2410,-8454,-4765
1736071921.224834;m3-42;From: 9577 (m3-79);Len: 114;Rssi: -70;PowerLevel: m17dBm;DATA: 98,10629342490369879,26406,-6869,1070,1166235,7161971,-5706,3485,-7435,-2410,-8454,-4765
1736071921.224964;m3-43;From: 9577 (m3-79);Len: 114;Rssi: -82;PowerLevel: m17dBm;DATA: 98,10629342490369879,26406,-6869,1070,1166235,7161971,-5706,3485,-7435,-2410,-8454,-4765
1736071921.225092;m3-45;From: 9577 (m3-79);Len: 114;Rssi: -76;PowerLevel: m17dBm;DATA: 98,10629342490369879,26406,-6869,1070,1166235,7161971,-5706,3485,-7435,-2410,-8454,-4765
1736071921.225487;m3-44;From: 9577 (m3-79);Len: 114;Rssi: -76;PowerLevel: m17dBm;DATA: 98,10629342490369879,26406,-6869,1070,1166235,7161971,-5706,3485,-7435,-2410,-8454,-4765
1736071921.460421;m3-31;From: 9577 (m3-79);Len: 114;Rssi: -84;PowerLevel: m17dBm;DATA: 98,10629342490369879,26406,-6869,1070,1166235,7161971,-5706,3485,-7435,-2410,-8454,-4765
1736071921.463753;m3-39;From: 9577 (m3-79);Len: 114;Rssi: -74;PowerLevel: m17dBm;DATA: 98,10629342490369879,26406,-6869,1070,1166235,7161971,-5706,3485,-7435,-2410,-8454,-4765
1736071921.464017;m3-41;From: 9577 (m3-79);Len: 114;Rssi: -67;PowerLevel: m17dBm;DATA: 98,10629342490369879,26406,-6869,1070,1166235,7161971,-5706,3485,-7435,-2410,-8454,-4765
1736071921.464486;m3-37;From: 9577 (m3-79);Len: 114;Rssi: -61;PowerLevel: m17dBm;DATA: 98,10629342490369879,26406,-6869,1070,1166235,7161971,-5706,3485,-7435,-2410,-8454,-4765
1736071921.464646;m3-38;From: 9577 (m3-79);Len: 114;Rssi: -71;PowerLevel: m17dBm;DATA: 98,10629342490369879,26406,-6869,1070,1166235,7161971,-5706,3485,-7435,-2410,-8454,-4765
1736071921.464785;m3-42;From: 9577 (m3-79);Len: 114;Rssi: -70;PowerLevel: m17dBm;DATA: 98,10629342490369879,26406,-6869,1070,1166235,7161971,-5706,3485,-7435,-2410,-8454,-4765
1736071921.464918;m3-43;From: 9577 (m3-79);Len: 114;Rssi: -82;PowerLevel: m17dBm;DATA: 98,10629342490369879,26406,-6869,1070,1166235,7161971,-5706,3485,-7435,-2410,-8454,-4765
1736071921.465047;m3-45;From: 9577 (m3-79);Len: 114;Rssi: -76;PowerLevel: m17dBm;DATA: 98,10629342490369879,26406,-6869,1070,1166235,7161971,-5706,3485,-7435,-2410,-8454,-4765
1736071921.465443;m3-44;From: 9577 (m3-79);Len: 114;Rssi: -76;PowerLevel: m17dBm;DATA: 98,10629342490369879,26406,-6869,1070,1166235,7161971,-5706,3485,-7435,-2410,-8454,-4765
1736071921.468999;m3-40;From: 9577 (m3-79);Len: 114;Rssi: -76;PowerLevel: m17dBm;DATA: 98,10629342490369879,26406,-6869,1070,1166235,7161971,-5706,3485,-7435,-2410,-8454,-4765
1736071921.959740;m3-39;From: 9577 (m3-79);Len: 114;Rssi: -74;PowerLevel: m17dBm;DATA: 98,10629342490369879,26406,-6869,1070,1166235,7161971,-5706,3485,-7435,-2410,-8454,-4765
1736071921.960009;m3-41;From: 9577 (m3-79);Len: 114;Rssi: -67;PowerLevel: m17dBm;DATA: 98,10629342490369879,26406,-6869,1070,1166235,7161971,-5706,3485,-7435,-2410,-8454,-4765
1736071921.960487;m3-37;From: 9577 (m3-79);Len: 114;Rssi: -61;PowerLevel: m17dBm;DATA: 98,10629342490369879,26406,-6869,1070,1166235,7161971,-5706,3485,-7435,-2410,-8454,-4765
1736071921.960646;m3-38;From: 9577 (m3-79);Len: 114;Rssi: -71;PowerLevel: m17dBm;DATA: 98,10629342490369879,26406,-6869,1070,1166235,7161971,-5706,3485,-7435,-2410,-8454,-4765
1736071921.960786;m3-42;From: 9577 (m3-79);Len: 114;Rssi: -70;PowerLevel: m17dBm;DATA: 98,10629342490369879,26406,-6869,1070,1166235,7161971,-5706,3485,-7435,-2410,-8454,-4765
1736071921.960918;m3-43;From: 9577 (m3-79);Len: 114;Rssi: -82;PowerLevel: m17dBm;DATA: 98,10629342490369879,26406,-6869,1070,1166235,7161971,-5706,3485,-7435,-2410,-8454,-4765
1736071921.961047;m3-45;From: 9577 (m3-79);Len: 114;Rssi: -76;PowerLevel: m17dBm;DATA: 98,10629342490369879,26406,-6869,1070,1166235,7161971,-5706,3485,-7435,-2410,-8454,-4765
1736071921.961472;m3-44;From: 9577 (m3-79);Len: 114;Rssi: -76;PowerLevel: m17dBm;DATA: 98,10629342490369879,26406,-6869,1070,1166235,7161971,-5706,3485,-7435,-2410,-8454,-4765
1736071921.965007;m3-40;From: 9577 (m3-79);Len: 114;Rssi: -76;PowerLevel: m17dBm;DATA: 98,10629342490369879,26406,-6869,1070,1166235,7161971,-5706,3485,-7435,-2410,-8454,-4765
1736071921.971902;m3-31;From: 9577 (m3-79);Len: 114;Rssi: -84;PowerLevel: m17dBm;DATA: 98,10629342490369879,26406,-6869,1070,1166235,7161971,-5706,3485,-7435,-2410,-8454,-4765
1736071922.211994;m3-31;From: 9577 (m3-79);Len: 114;Rssi: -84;PowerLevel: m17dBm;DATA: 98,10629342490369879,26406,-6869,1070,1166235,7161971,-5706,3485,-7435,-2410,-8454,-4765
1736071922.215807;m3-39;From: 9577 (m3-79);Len: 114;Rssi: -74;PowerLevel: m17dBm;DATA: 98,10629342490369879,26406,-6869,1070,1166235,7161971,-5706,3485,-7435,-2410,-8454,-4765
1736071922.216069;m3-41;From: 9577 (m3-79);Len: 114;Rssi: -67;PowerLevel: m17dBm;DATA: 98,10629342490369879,26406,-6869,1070,1166235,7161971,-5706,3485,-7435,-2410,-8454,-4765
1736071922.216539;m3-37;From: 9577 (m3-79);Len: 114;Rssi: -61;PowerLevel: m17dBm;DATA: 98,10629342490369879,26406,-6869,1070,1166235,7161971,-5706,3485,-7435,-2410,-8454,-4765
1736071922.216698;m3-38;From: 9577 (m3-79);Len: 114;Rssi: -71;PowerLevel: m17dBm;DATA: 98,10629342490369879,26406,-6869,1070,1166235,7161971,-5706,3485,-7435,-2410,-8454,-4765
1736071922.216839;m3-42;From: 9577 (m3-79);Len: 114;Rssi: -70;PowerLevel: m17dBm;DATA: 98,10629342490369879,26406,-6869,1070,1166235,7161971,-5706,3485,-7435,-2410,-8454,-4765
1736071922.216974;m3-43;From: 9577 (m3-79);Len: 114;Rssi: -82;PowerLevel: m17dBm;DATA: 98,10629342490369879,26406,-6869,1070,1166235,7161971,-5706,3485,-7435,-2410,-8454,-4765
1736071922.217104;m3-44;From: 9577 (m3-79);Len: 114;Rssi: -75;PowerLevel: m17dBm;DATA: 98,10629342490369879,26406,-6869,1070,1166235,7161971,-5706,3485,-7435,-2410,-8454,-4765
1736071922.217233;m3-45;From: 9577 (m3-79);Len: 114;Rssi: -76;PowerLevel: m17dBm;DATA: 98,10629342490369879,26406,-6869,1070,1166235,7161971,-5706,3485,-7435,-2410,-8454,-4765
1736071922.221005;m3-40;From: 9577 (m3-79);Len: 114;Rssi: -76;PowerLevel: m17dBm;DATA: 98,10629342490369879,26406,-6869,1070,1166235,7161971,-5706,3485,-7435,-2410,-8454,-4765
1736071922.460822;m3-40;From: 9577 (m3-79);Len: 114;Rssi: -76;PowerLevel: m17dBm;DATA: 98,10629342490369879,26406,-6869,1070,1166235,7161971,-5706,3485,-7435,-2410,-8454,-4765
1736071922.471653;m3-39;From: 9577 (m3-79);Len: 114;Rssi: -74;PowerLevel: m17dBm;DATA: 98,10629342490369879,26406,-6869,1070,1166235,7161971,-5706,3485,-7435,-2410,-8454,-4765
1736071922.471915;m3-41;From: 9577 (m3-79);Len: 114;Rssi: -67;PowerLevel: m17dBm;DATA: 98,10629342490369879,26406,-6869,1070,1166235,7161971,-5706,3485,-7435,-2410,-8454,-4765
1736071922.472384;m3-37;From: 9577 (m3-79);Len: 114;Rssi: -61;PowerLevel: m17dBm;DATA: 98,10629342490369879,26406,-6869,1070,1166235,7161971,-5706,3485,-7435,-2410,-8454,-4765
1736071922.472546;m3-38;From: 9577 (m3-79);Len: 114;Rssi: -71;PowerLevel: m17dBm;DATA: 98,10629342490369879,26406,-6869,1070,1166235,7161971,-5706,3485,-7435,-2410,-8454,-4765
1736071922.472687;m3-42;From: 9577 (m3-79);Len: 114;Rssi: -70;PowerLevel: m17dBm;DATA: 98,10629342490369879,26406,-6869,1070,1166235,7161971,-5706,3485,-7435,-2410,-8454,-4765
1736071922.472821;m3-44;From: 9577 (m3-79);Len: 114;Rssi: -76;PowerLevel: m17dBm;DATA: 98,10629342490369879,26406,-6869,1070,1166235,7161971,-5706,3485,-7435,-2410,-8454,-4765
1736071922.472950;m3-45;From: 9577 (m3-79);Len: 114;Rssi: -76;PowerLevel: m17dBm;DATA: 98,10629342490369879,26406,-6869,1070,1166235,7161971,-5706,3485,-7435,-2410,-8454,-4765
1736071922.711740;m3-25;From: 9577 (m3-79);Len: 114;Rssi: -89;PowerLevel: m17dBm;DATA: 98,10629342490369879,26406,-6869,1070,1166235,7161971,-5706,3485,-7435,-2410,-8454,-4765
1736071922.712003;m3-26;From: 9577 (m3-79);Len: 114;Rssi: -91;PowerLevel: m17dBm;DATA: 98,10629342490369879,26406,-6869,1070,1166235,7161971,-5706,3485,-7435,-2410,-8454,-4765
1736071922.712182;m3-39;From: 9577 (m3-79);Len: 114;Rssi: -74;PowerLevel: m17dBm;DATA: 98,10629342490369879,26406,-6869,1070,1166235,7161971,-5706,3485,-7435,-2410,-8454,-4765
1736071922.712328;m3-41;From: 9577 (m3-79);Len: 114;Rssi: -67;PowerLevel: m17dBm;DATA: 98,10629342490369879,26406,-6869,1070,1166235,7161971,-5706,3485,-7435,-2410,-8454,-4765
1736071922.712769;m3-37;From: 9577 (m3-79);Len: 114;Rssi: -61;PowerLevel: m17dBm;DATA: 98,10629342490369879,26406,-6869,1070,1166235,7161971,-5706,3485,-7435,-2410,-8454,-4765
1736071922.712914;m3-38;From: 9577 (m3-79);Len: 114;Rssi: -71;PowerLevel: m17dBm;DATA: 98,10629342490369879,26406,-6869,1070,1166235,7161971,-5706,3485,-7435,-2410,-8454,-4765
1736071922.713047;m3-42;From: 9577 (m3-79);Len: 114;Rssi: -70;PowerLevel: m17dBm;DATA: 98,10629342490369879,26406,-6869,1070,1166235,7161971,-5706,3485,-7435,-2410,-8454,-4765
1736071922.713176;m3-43;From: 9577 (m3-79);Len: 114;Rssi: -82;PowerLevel: m17dBm;DATA: 98,10629342490369879,26406,-6869,1070,1166235,7161971,-5706,3485,-7435,-2410,-8454,-4765
1736071922.713302;m3-44;From: 9577 (m3-79);Len: 114;Rssi: -76;PowerLevel: m17dBm;DATA: 98,10629342490369879,26406,-6869,1070,1166235,7161971,-5706,3485,-7435,-2410,-8454,-4765
1736071922.713429;m3-45;From: 9577 (m3-79);Len: 114;Rssi: -76;PowerLevel: m17dBm;DATA: 98,10629342490369879,26406,-6869,1070,1166235,7161971,-5706,3485,-7435,-2410,-8454,-4765
1736071922.716804;m3-40;From: 9577 (m3-79);Len: 114;Rssi: -76;PowerLevel: m17dBm;DATA: 98,10629342490369879,26406,-6869,1070,1166235,7161971,-5706,3485,-7435,-2410,-8454,-4765
1736071922.722737;m3-22;From: 9577 (m3-79);Len: 114;Rssi: -91;PowerLevel: m17dBm;DATA: 98,10629342490369879,26406,-6869,1070,1166235,7161971,-5706,3485,-7435,-2410,-8454,-4765
1736071922.723686;m3-31;From: 9577 (m3-79);Len: 114;Rssi: -84;PowerLevel: m17dBm;DATA: 98,10629342490369879,26406,-6869,1070,1166235,7161971,-5706,3485,-7435,-2410,-8454,-4765
1736071922.962711;m3-22;From: 9577 (m3-79);Len: 114;Rssi: -91;PowerLevel: m17dBm;DATA: 98,10629342490369879,26406,-6869,1070,1166235,7161971,-5706,3485,-7435,-2410,-8454,-4765
1736071922.963778;m3-31;From: 9577 (m3-79);Len: 114;Rssi: -84;PowerLevel: m17dBm;DATA: 98,10629342490369879,26406,-6869,1070,1166235,7161971,-5706,3485,-7435,-2410,-8454,-4765
1736071922.967447;m3-25;From: 9577 (m3-79);Len: 114;Rssi: -89;PowerLevel: m17dBm;DATA: 98,10629342490369879,26406,-6869,1070,1166235,7161971,-5706,3485,-7435,-2410,-8454,-4765
1736071922.967710;m3-26;From: 9577 (m3-79);Len: 114;Rssi: -91;PowerLevel: m17dBm;DATA: 98,10629342490369879,26406,-6869,1070,1166235,7161971,-5706,3485,-7435,-2410,-8454,-4765
1736071922.967874;m3-39;From: 9577 (m3-79);Len: 114;Rssi: -74;PowerLevel: m17dBm;DATA: 98,10629342490369879,26406,-6869,1070,1166235,7161971,-5706,3485,-7435,-2410,-8454,-4765
1736071922.968327;m3-37;From: 9577 (m3-79);Len: 114;Rssi: -61;PowerLevel: m17dBm;DATA: 98,10629342490369879,26406,-6869,1070,1166235,7161971,-5706,3485,-7435,-2410,-8454,-4765
1736071922.968478;m3-38;From: 9577 (m3-79);Len: 114;Rssi: -71;PowerLevel: m17dBm;DATA: 98,10629342490369879,26406,-6869,1070,1166235,7161971,-5706,3485,-7435,-2410,-8454,-4765
1736071922.968612;m3-41;From: 9577 (m3-79);Len: 114;Rssi: -67;PowerLevel: m17dBm;DATA: 98,10629342490369879,26406,-6869,1070,1166235,7161971,-5706,3485,-7435,-2410,-8454,-4765
1736071922.968742;m3-42;From: 9577 (m3-79);Len: 114;Rssi: -70;PowerLevel: m17dBm;DATA: 98,10629342490369879,26406,-6869,1070,1166235,7161971,-5706,3485,-7435,-2410,-8454,-4765
1736071922.968874;m3-43;From: 9577 (m3-79);Len: 114;Rssi: -82;PowerLevel: m17dBm;DATA: 98,10629342490369879,26406,-6869,1070,1166235,7161971,-5706,3485,-7435,-2410,-8454,-4765
1736071922.969001;m3-45;From: 9577 (m3-79);Len: 114;Rssi: -76;PowerLevel: m17dBm;DATA: 98,10629342490369879,26406,-6869,1070,1166235,7161971,-5706,3485,-7435,-2410,-8454,-4765
1736071922.969397;m3-44;From: 9577 (m3-79);Len: 114;Rssi: -76;PowerLevel: m17dBm;DATA: 98,10629342490369879,26406,-6869,1070,1166235,7161971,-5706,3485,-7435,-2410,-8454,-4765
1736071922.972717;m3-40;From: 9577 (m3-79);Len: 114;Rssi: -76;PowerLevel: m17dBm;DATA: 98,10629342490369879,26406,-6869,1070,1166235,7161971,-5706,3485,-7435,-2410,-8454,-4765
1736071923.212867;m3-40;From: 9577 (m3-79);Len: 114;Rssi: -75;PowerLevel: m17dBm;DATA: 98,10629342490369879,26406,-6869,1070,1166235,7161971,-5706,3485,-7435,-2410,-8454,-4765
1736071923.219851;m3-31;From: 9577 (m3-79);Len: 114;Rssi: -84;PowerLevel: m17dBm;DATA: 98,10629342490369879,26406,-6869,1070,1166235,7161971,-5706,3485,-7435,-2410,-8454,-4765
1736071923.223482;m3-25;From: 9577 (m3-79);Len: 114;Rssi: -90;PowerLevel: m17dBm;DATA: 98,10629342490369879,26406,-6869,1070,1166235,7161971,-5706,3485,-7435,-2410,-8454,-4765
1736071923.223743;m3-39;From: 9577 (m3-79);Len: 114;Rssi: -74;PowerLevel: m17dBm;DATA: 98,10629342490369879,26406,-6869,1070,1166235,7161971,-5706,3485,-7435,-2410,-8454,-4765
1736071923.223904;m3-41;From: 9577 (m3-79);Len: 114;Rssi: -67;PowerLevel: m17dBm;DATA: 98,10629342490369879,26406,-6869,1070,1166235,7161971,-5706,3485,-7435,-2410,-8454,-4765
1736071923.224360;m3-37;From: 9577 (m3-79);Len: 114;Rssi: -61;PowerLevel: m17dBm;DATA: 98,10629342490369879,26406,-6869,1070,1166235,7161971,-5706,3485,-7435,-2410,-8454,-4765
1736071923.224513;m3-38;From: 9577 (m3-79);Len: 114;Rssi: -71;PowerLevel: m17dBm;DATA: 98,10629342490369879,26406,-6869,1070,1166235,7161971,-5706,3485,-7435,-2410,-8454,-4765
1736071923.224650;m3-42;From: 9577 (m3-79);Len: 114;Rssi: -70;PowerLevel: m17dBm;DATA: 98,10629342490369879,26406,-6869,1070,1166235,7161971,-5706,3485,-7435,-2410,-8454,-4765
1736071923.224781;m3-43;From: 9577 (m3-79);Len: 114;Rssi: -82;PowerLevel: m17dBm;DATA: 98,10629342490369879,26406,-6869,1070,1166235,7161971,-5706,3485,-7435,-2410,-8454,-4765
1736071923.224908;m3-44;From: 9577 (m3-79);Len: 114;Rssi: -76;PowerLevel: m17dBm;DATA: 98,10629342490369879,26406,-6869,1070,1166235,7161971,-5706,3485,-7435,-2410,-8454,-4765
1736071923.225036;m3-45;From: 9577 (m3-79);Len: 114;Rssi: -76;PowerLevel: m17dBm;DATA: 98,10629342490369879,26406,-6869,1070,1166235,7161971,-5706,3485,-7435,-2410,-8454,-4765
1736071923.715902;m3-31;From: 9577 (m3-79);Len: 114;Rssi: -84;PowerLevel: m17dBm;DATA: 98,10629342490369879,26406,-6869,1070,1166235,7161971,-5706,3485,-7435,-2410,-8454,-4765
1736071923.719559;m3-39;From: 9577 (m3-79);Len: 114;Rssi: -75;PowerLevel: m17dBm;DATA: 98,10629342490369879,26406,-6869,1070,1166235,7161971,-5706,3485,-7435,-2410,-8454,-4765
1736071923.719821;m3-41;From: 9577 (m3-79);Len: 114;Rssi: -67;PowerLevel: m17dBm;DATA: 98,10629342490369879,26406,-6869,1070,1166235,7161971,-5706,3485,-7435,-2410,-8454,-4765
1736071923.720291;m3-37;From: 9577 (m3-79);Len: 114;Rssi: -61;PowerLevel: m17dBm;DATA: 98,10629342490369879,26406,-6869,1070,1166235,7161971,-5706,3485,-7435,-2410,-8454,-4765
1736071923.720454;m3-38;From: 9577 (m3-79);Len: 114;Rssi: -71;PowerLevel: m17dBm;DATA: 98,10629342490369879,26406,-6869,1070,1166235,7161971,-5706,3485,-7435,-2410,-8454,-4765
1736071923.720593;m3-42;From: 9577 (m3-79);Len: 114;Rssi: -70;PowerLevel: m17dBm;DATA: 98,10629342490369879,26406,-6869,1070,1166235,7161971,-5706,3485,-7435,-2410,-8454,-4765
1736071923.720724;m3-43;From: 9577 (m3-79);Len: 114;Rssi: -82;PowerLevel: m17dBm;DATA: 98,10629342490369879,26406,-6869,1070,1166235,7161971,-5706,3485,-7435,-2410,-8454,-4765
1736071923.720854;m3-44;From: 9577 (m3-79);Len: 114;Rssi: -76;PowerLevel: m17dBm;DATA: 98,10629342490369879,26406,-6869,1070,1166235,7161971,-5706,3485,-7435,-2410,-8454,-4765
1736071923.720980;m3-45;From: 9577 (m3-79);Len: 114;Rssi: -76;PowerLevel: m17dBm;DATA: 98,10629342490369879,26406,-6869,1070,1166235,7161971,-5706,3485,-7435,-2410,-8454,-4765
1736071923.724643;m3-40;From: 9577 (m3-79);Len: 114;Rssi: -76;PowerLevel: m17dBm;DATA: 98,10629342490369879,26406,-6869,1070,1166235,7161971,-5706,3485,-7435,-2410,-8454,-4765
1736071923.959608;m3-41;From: 9577 (m3-79);Len: 114;Rssi: -67;PowerLevel: m17dBm;DATA: 98,10629342490369879,26406,-6869,1070,1166235,7161971,-5706,3485,-7435,-2410,-8454,-4765
1736071923.960168;m3-37;From: 9577 (m3-79);Len: 114;Rssi: -61;PowerLevel: m17dBm;DATA: 98,10629342490369879,26406,-6869,1070,1166235,7161971,-5706,3485,-7435,-2410,-8454,-4765
1736071923.960357;m3-38;From: 9577 (m3-79);Len: 114;Rssi: -71;PowerLevel: m17dBm;DATA: 98,10629342490369879,26406,-6869,1070,1166235,7161971,-5706,3485,-7435,-2410,-8454,-4765
1736071923.960507;m3-42;From: 9577 (m3-79);Len: 114;Rssi: -70;PowerLevel: m17dBm;DATA: 98,10629342490369879,26406,-6869,1070,1166235,7161971,-5706,3485,-7435,-2410,-8454,-4765
1736071923.960642;m3-43;From: 9577 (m3-79);Len: 114;Rssi: -82;PowerLevel: m17dBm;DATA: 98,10629342490369879,26406,-6869,1070,1166235,7161971,-5706,3485,-7435,-2410,-8454,-4765
1736071923.960772;m3-45;From: 9577 (m3-79);Len: 114;Rssi: -76;PowerLevel: m17dBm;DATA: 98,10629342490369879,26406,-6869,1070,1166235,7161971,-5706,3485,-7435,-2410,-8454,-4765
1736071923.961172;m3-44;From: 9577 (m3-79);Len: 114;Rssi: -76;PowerLevel: m17dBm;DATA: 98,10629342490369879,26406,-6869,1070,1166235,7161971,-5706,3485,-7435,-2410,-8454,-4765
1736071923.964650;m3-40;From: 9577 (m3-79);Len: 114;Rssi: -76;PowerLevel: m17dBm;DATA: 98,10629342490369879,26406,-6869,1070,1166235,7161971,-5706,3485,-7435,-2410,-8454,-4765
1736071923.970805;m3-22;From: 9577 (m3-79);Len: 114;Rssi: -91;PowerLevel: m17dBm;DATA: 98,10629342490369879,26406,-6869,1070,1166235,7161971,-5706,3485,-7435,-2410,-8454,-4765
1736071923.971702;m3-31;From: 9577 (m3-79);Len: 114;Rssi: -85;PowerLevel: m17dBm;DATA: 98,10629342490369879,26406,-6869,1070,1166235,7161971,-5706,3485,-7435,-2410,-8454,-4765
1736071923.975327;m3-25;From: 9577 (m3-79);Len: 114;Rssi: -90;PowerLevel: m17dBm;DATA: 98,10629342490369879,26406,-6869,1070,1166235,7161971,-5706,3485,-7435,-2410,-8454,-4765
1736071923.975591;m3-26;From: 9577 (m3-79);Len: 114;Rssi: -91;PowerLevel: m17dBm;DATA: 98,10629342490369879,26406,-6869,1070,1166235,7161971,-5706,3485,-7435,-2410,-8454,-4765
1736071923.975751;m3-39;From: 9577 (m3-79);Len: 114;Rssi: -75;PowerLevel: m17dBm;DATA: 98,10629342490369879,26406,-6869,1070,1166235,7161971,-5706,3485,-7435,-2410,-8454,-4765
1736071924.215659;m3-39;From: 9577 (m3-79);Len: 114;Rssi: -74;PowerLevel: m17dBm;DATA: 98,10629342490369879,26406,-6869,1070,1166235,7161971,-5706,3485,-7435,-2410,-8454,-4765
1736071924.215922;m3-41;From: 9577 (m3-79);Len: 114;Rssi: -67;PowerLevel: m17dBm;DATA: 98,10629342490369879,26406,-6869,1070,1166235,7161971,-5706,3485,-7435,-2410,-8454,-4765
1736071924.216393;m3-37;From: 9577 (m3-79);Len: 114;Rssi: -61;PowerLevel: m17dBm;DATA: 98,10629342490369879,26406,-6869,1070,1166235,7161971,-5706,3485,-7435,-2410,-8454,-4765
1736071924.216552;m3-38;From: 9577 (m3-79);Len: 114;Rssi: -71;PowerLevel: m17dBm;DATA: 98,10629342490369879,26406,-6869,1070,1166235,7161971,-5706,3485,-7435,-2410,-8454,-4765
1736071924.216692;m3-42;From: 9577 (m3-79);Len: 114;Rssi: -70;PowerLevel: m17dBm;DATA: 98,10629342490369879,26406,-6869,1070,1166235,7161971,-5706,3485,-7435,-2410,-8454,-4765
1736071924.216822;m3-44;From: 9577 (m3-79);Len: 114;Rssi: -76;PowerLevel: m17dBm;DATA: 98,10629342490369879,26406,-6869,1070,1166235,7161971,-5706,3485,-7435,-2410,-8454,-4765
1736071924.216949;m3-45;From: 9577 (m3-79);Len: 114;Rssi: -76;PowerLevel: m17dBm;DATA: 98,10629342490369879,26406,-6869,1070,1166235,7161971,-5706,3485,-7435,-2410,-8454,-4765
1736071924.460781;m3-40;From: 9577 (m3-79);Len: 114;Rssi: -76;PowerLevel: m17dBm;DATA: 98,10629342490369879,26406,-6869,1070,1166235,7161971,-5706,3485,-7435,-2410,-8454,-4765
1736071924.466695;m3-22;From: 9577 (m3-79);Len: 114;Rssi: -91;PowerLevel: m17dBm;DATA: 98,10629342490369879,26406,-6869,1070,1166235,7161971,-5706,3485,-7435,-2410,-8454,-4765
1736071924.467829;m3-31;From: 9577 (m3-79);Len: 114;Rssi: -84;PowerLevel: m17dBm;DATA: 98,10629342490369879,26406,-6869,1070,1166235,7161971,-5706,3485,-7435,-2410,-8454,-4765
1736071924.471405;m3-26;From: 9577 (m3-79);Len: 114;Rssi: -91;PowerLevel: m17dBm;DATA: 98,10629342490369879,26406,-6869,1070,1166235,7161971,-5706,3485,-7435,-2410,-8454,-4765
1736071924.471664;m3-39;From: 9577 (m3-79);Len: 114;Rssi: -74;PowerLevel: m17dBm;DATA: 98,10629342490369879,26406,-6869,1070,1166235,7161971,-5706,3485,-7435,-2410,-8454,-4765
1736071924.472149;m3-25;From: 9577 (m3-79);Len: 114;Rssi: -90;PowerLevel: m17dBm;DATA: 98,10629342490369879,26406,-6869,1070,1166235,7161971,-5706,3485,-7435,-2410,-8454,-4765
1736071924.472310;m3-37;From: 9577 (m3-79);Len: 114;Rssi: -61;PowerLevel: m17dBm;DATA: 98,10629342490369879,26406,-6869,1070,1166235,7161971,-5706,3485,-7435,-2410,-8454,-4765
1736071924.472453;m3-38;From: 9577 (m3-79);Len: 114;Rssi: -71;PowerLevel: m17dBm;DATA: 98,10629342490369879,26406,-6869,1070,1166235,7161971,-5706,3485,-7435,-2410,-8454,-4765
1736071924.472586;m3-41;From: 9577 (m3-79);Len: 114;Rssi: -67;PowerLevel: m17dBm;DATA: 98,10629342490369879,26406,-6869,1070,1166235,7161971,-5706,3485,-7435,-2410,-8454,-4765
1736071924.472718;m3-42;From: 9577 (m3-79);Len: 114;Rssi: -70;PowerLevel: m17dBm;DATA: 98,10629342490369879,26406,-6869,1070,1166235,7161971,-5706,3485,-7435,-2410,-8454,-4765
1736071924.472845;m3-43;From: 9577 (m3-79);Len: 114;Rssi: -82;PowerLevel: m17dBm;DATA: 98,10629342490369879,26406,-6869,1070,1166235,7161971,-5706,3485,-7435,-2410,-8454,-4765
1736071924.472974;m3-45;From: 9577 (m3-79);Len: 114;Rssi: -76;PowerLevel: m17dBm;DATA: 98,10629342490369879,26406,-6869,1070,1166235,7161971,-5706,3485,-7435,-2410,-8454,-4765
1736071924.473370;m3-44;From: 9577 (m3-79);Len: 114;Rssi: -76;PowerLevel: m17dBm;DATA: 98,10629342490369879,26406,-6869,1070,1166235,7161971,-5706,3485,-7435,-2410,-8454,-4765
1736071924.711484;m3-39;From: 9577 (m3-79);Len: 114;Rssi: -75;PowerLevel: m17dBm;DATA: 98,10629342490369879,26406,-6869,1070,1166235,7161971,-5706,3485,-7435,-2410,-8454,-4765
1736071924.711747;m3-41;From: 9577 (m3-79);Len: 114;Rssi: -67;PowerLevel: m17dBm;DATA: 98,10629342490369879,26406,-6869,1070,1166235,7161971,-5706,3485,-7435,-2410,-8454,-4765
1736071924.712217;m3-37;From: 9577 (m3-79);Len: 114;Rssi: -61;PowerLevel: m17dBm;DATA: 98,10629342490369879,26406,-6869,1070,1166235,7161971,-5706,3485,-7435,-2410,-8454,-4765
1736071924.712376;m3-38;From: 9577 (m3-79);Len: 114;Rssi: -71;PowerLevel: m17dBm;DATA: 98,10629342490369879,26406,-6869,1070,1166235,7161971,-5706,3485,-7435,-2410,-8454,-4765
1736071924.712518;m3-42;From: 9577 (m3-79);Len: 114;Rssi: -70;PowerLevel: m17dBm;DATA: 98,10629342490369879,26406,-6869,1070,1166235,7161971,-5706,3485,-7435,-2410,-8454,-4765
1736071924.712917;m3-44;From: 9577 (m3-79);Len: 114;Rssi: -76;PowerLevel: m17dBm;DATA: 98,10629342490369879,26406,-6869,1070,1166235,7161971,-5706,3485,-7435,-2410,-8454,-4765
1736071924.962593;m3-22;From: 9577 (m3-79);Len: 114;Rssi: -91;PowerLevel: m17dBm;DATA: 98,10629342490369879,26406,-6869,1070,1166235,7161971,-5706,3485,-7435,-2410,-8454,-4765
1736071924.963589;m3-31;From: 9577 (m3-79);Len: 114;Rssi: -84;PowerLevel: m17dBm;DATA: 98,10629342490369879,26406,-6869,1070,1166235,7161971,-5706,3485,-7435,-2410,-8454,-4765
1736071924.967300;m3-25;From: 9577 (m3-79);Len: 114;Rssi: -90;PowerLevel: m17dBm;DATA: 98,10629342490369879,26406,-6869,1070,1166235,7161971,-5706,3485,-7435,-2410,-8454,-4765
1736071924.967566;m3-26;From: 9577 (m3-79);Len: 114;Rssi: -91;PowerLevel: m17dBm;DATA: 98,10629342490369879,26406,-6869,1070,1166235,7161971,-5706,3485,-7435,-2410,-8454,-4765
1736071924.967729;m3-39;From: 9577 (m3-79);Len: 114;Rssi: -74;PowerLevel: m17dBm;DATA: 98,10629342490369879,26406,-6869,1070,1166235,7161971,-5706,3485,-7435,-2410,-8454,-4765
1736071924.968181;m3-37;From: 9577 (m3-79);Len: 114;Rssi: -61;PowerLevel: m17dBm;DATA: 98,10629342490369879,26406,-6869,1070,1166235,7161971,-5706,3485,-7435,-2410,-8454,-4765
1736071924.968331;m3-38;From: 9577 (m3-79);Len: 114;Rssi: -71;PowerLevel: m17dBm;DATA: 98,10629342490369879,26406,-6869,1070,1166235,7161971,-5706,3485,-7435,-2410,-8454,-4765
1736071924.968467;m3-41;From: 9577 (m3-79);Len: 114;Rssi: -67;PowerLevel: m17dBm;DATA: 98,10629342490369879,26406,-6869,1070,1166235,7161971,-5706,3485,-7435,-2410,-8454,-4765
1736071924.968596;m3-42;From: 9577 (m3-79);Len: 114;Rssi: -70;PowerLevel: m17dBm;DATA: 98,10629342490369879,26406,-6869,1070,1166235,7161971,-5706,3485,-7435,-2410,-8454,-4765
1736071924.968740;m3-43;From: 9577 (m3-79);Len: 114;Rssi: -82;PowerLevel: m17dBm;DATA: 98,10629342490369879,26406,-6869,1070,1166235,7161971,-5706,3485,-7435,-2410,-8454,-4765
1736071924.968868;m3-45;From: 9577 (m3-79);Len: 114;Rssi: -76;PowerLevel: m17dBm;DATA: 98,10629342490369879,26406,-6869,1070,1166235,7161971,-5706,3485,-7435,-2410,-8454,-4765
1736071924.969264;m3-44;From: 9577 (m3-79);Len: 114;Rssi: -76;PowerLevel: m17dBm;DATA: 98,10629342490369879,26406,-6869,1070,1166235,7161971,-5706,3485,-7435,-2410,-8454,-4765
1736071924.972630;m3-40;From: 9577 (m3-79);Len: 114;Rssi: -76;PowerLevel: m17dBm;DATA: 98,10629342490369879,26406,-6869,1070,1166235,7161971,-5706,3485,-7435,-2410,-8454,-4765
1736071925.212761;m3-40;From: 9577 (m3-79);Len: 114;Rssi: -76;PowerLevel: m17dBm;DATA: 98,10629342490369879,26406,-6869,1070,1166235,7161971,-5706,3485,-7435,-2410,-8454,-4765
1736071925.219890;m3-31;From: 9577 (m3-79);Len: 114;Rssi: -84;PowerLevel: m17dBm;DATA: 98,10629342490369879,26406,-6869,1070,1166235,7161971,-5706,3485,-7435,-2410,-8454,-4765
1736071925.223438;m3-39;From: 9577 (m3-79);Len: 114;Rssi: -74;PowerLevel: m17dBm;DATA: 98,10629342490369879,26406,-6869,1070,1166235,7161971,-5706,3485,-7435,-2410,-8454,-4765
1736071925.223700;m3-41;From: 9577 (m3-79);Len: 114;Rssi: -67;PowerLevel: m17dBm;DATA: 98,10629342490369879,26406,-6869,1070,1166235,7161971,-5706,3485,-7435,-2410,-8454,-4765
1736071925.224170;m3-37;From: 9577 (m3-79);Len: 114;Rssi: -61;PowerLevel: m17dBm;DATA: 98,10629342490369879,26406,-6869,1070,1166235,7161971,-5706,3485,-7435,-2410,-8454,-4765
1736071925.224329;m3-38;From: 9577 (m3-79);Len: 114;Rssi: -71;PowerLevel: m17dBm;DATA: 98,10629342490369879,26406,-6869,1070,1166235,7161971,-5706,3485,-7435,-2410,-8454,-4765
1736071925.224466;m3-42;From: 9577 (m3-79);Len: 114;Rssi: -70;PowerLevel: m17dBm;DATA: 98,10629342490369879,26406,-6869,1070,1166235,7161971,-5706,3485,-7435,-2410,-8454,-4765
1736071925.224597;m3-43;From: 9577 (m3-79);Len: 114;Rssi: -81;PowerLevel: m17dBm;DATA: 98,10629342490369879,26406,-6869,1070,1166235,7161971,-5706,3485,-7435,-2410,-8454,-4765
1736071925.224725;m3-44;From: 9577 (m3-79);Len: 114;Rssi: -76;PowerLevel: m17dBm;DATA: 98,10629342490369879,26406,-6869,1070,1166235,7161971,-5706,3485,-7435,-2410,-8454,-4765
1736071925.224854;m3-45;From: 9577 (m3-79);Len: 114;Rssi: -76;PowerLevel: m17dBm;DATA: 98,10629342490369879,26406,-6869,1070,1166235,7161971,-5706,3485,-7435,-2410,-8454,-4765
1736071925.459833;m3-31;From: 9577 (m3-79);Len: 114;Rssi: -84;PowerLevel: m17dBm;DATA: 98,10629342490369879,26406,-6869,1070,1166235,7161971,-5706,3485,-7435,-2410,-8454,-4765
1736071925.463466;m3-39;From: 9577 (m3-79);Len: 114;Rssi: -75;PowerLevel: m17dBm;DATA: 98,10629342490369879,26406,-6869,1070,1166235,7161971,-5706,3485,-7435,-2410,-8454,-4765
1736071925.463726;m3-41;From: 9577 (m3-79);Len: 114;Rssi: -67;PowerLevel: m17dBm;DATA: 98,10629342490369879,26406,-6869,1070,1166235,7161971,-5706,3485,-7435,-2410,-8454,-4765
1736071925.464193;m3-37;From: 9577 (m3-79);Len: 114;Rssi: -61;PowerLevel: m17dBm;DATA: 98,10629342490369879,26406,-6869,1070,1166235,7161971,-5706,3485,-7435,-2410,-8454,-4765
1736071925.464351;m3-38;From: 9577 (m3-79);Len: 114;Rssi: -71;PowerLevel: m17dBm;DATA: 98,10629342490369879,26406,-6869,1070,1166235,7161971,-5706,3485,-7435,-2410,-8454,-4765
1736071925.464492;m3-42;From: 9577 (m3-79);Len: 114;Rssi: -70;PowerLevel: m17dBm;DATA: 98,10629342490369879,26406,-6869,1070,1166235,7161971,-5706,3485,-7435,-2410,-8454,-4765
1736071925.464625;m3-43;From: 9577 (m3-79);Len: 114;Rssi: -82;PowerLevel: m17dBm;DATA: 98,10629342490369879,26406,-6869,1070,1166235,7161971,-5706,3485,-7435,-2410,-8454,-4765
1736071925.464754;m3-44;From: 9577 (m3-79);Len: 114;Rssi: -76;PowerLevel: m17dBm;DATA: 98,10629342490369879,26406,-6869,1070,1166235,7161971,-5706,3485,-7435,-2410,-8454,-4765
1736071925.464882;m3-45;From: 9577 (m3-79);Len: 114;Rssi: -76;PowerLevel: m17dBm;DATA: 98,10629342490369879,26406,-6869,1070,1166235,7161971,-5706,3485,-7435,-2410,-8454,-4765
1736071925.468597;m3-40;From: 9577 (m3-79);Len: 114;Rssi: -76;PowerLevel: m17dBm;DATA: 98,10629342490369879,26406,-6869,1070,1166235,7161971,-5706,3485,-7435,-2410,-8454,-4765
1736071925.959778;m3-37;From: 9577 (m3-79);Len: 114;Rssi: -61;PowerLevel: m17dBm;DATA: 98,10629342490369879,26406,-6869,1070,1166235,7161971,-5706,3485,-7435,-2410,-8454,-4765
1736071925.960027;m3-38;From: 9577 (m3-79);Len: 114;Rssi: -71;PowerLevel: m17dBm;DATA: 98,10629342490369879,26406,-6869,1070,1166235,7161971,-5706,3485,-7435,-2410,-8454,-4765
1736071925.960189;m3-42;From: 9577 (m3-79);Len: 114;Rssi: -70;PowerLevel: m17dBm;DATA: 98,10629342490369879,26406,-6869,1070,1166235,7161971,-5706,3485,-7435,-2410,-8454,-4765
1736071925.960333;m3-43;From: 9577 (m3-79);Len: 114;Rssi: -82;PowerLevel: m17dBm;DATA: 98,10629342490369879,26406,-6869,1070,1166235,7161971,-5706,3485,-7435,-2410,-8454,-4765
1736071925.960746;m3-44;From: 9577 (m3-79);Len: 114;Rssi: -76;PowerLevel: m17dBm;DATA: 98,10629342490369879,26406,-6869,1070,1166235,7161971,-5706,3485,-7435,-2410,-8454,-4765
1736071925.960887;m3-45;From: 9577 (m3-79);Len: 114;Rssi: -76;PowerLevel: m17dBm;DATA: 98,10629342490369879,26406,-6869,1070,1166235,7161971,-5706,3485,-7435,-2410,-8454,-4765
1736071925.964525;m3-40;From: 9577 (m3-79);Len: 114;Rssi: -76;PowerLevel: m17dBm;DATA: 98,10629342490369879,26406,-6869,1070,1166235,7161971,-5706,3485,-7435,-2410,-8454,-4765
1736071925.971648;m3-31;From: 9577 (m3-79);Len: 114;Rssi: -84;PowerLevel: m17dBm;DATA: 98,10629342490369879,26406,-6869,1070,1166235,7161971,-5706,3485,-7435,-2410,-8454,-4765
1736071925.975309;m3-39;From: 9577 (m3-79);Len: 114;Rssi: -75;PowerLevel: m17dBm;DATA: 98,10629342490369879,26406,-6869,1070,1166235,7161971,-5706,3485,-7435,-2410,-8454,-4765
1736071925.975571;m3-41;From: 9577 (m3-79);Len: 114;Rssi: -67;PowerLevel: m17dBm;DATA: 98,10629342490369879,26406,-6869,1070,1166235,7161971,-5706,3485,-7435,-2410,-8454,-4765
1736071926.210591;m3-22;From: 9577 (m3-79);Len: 114;Rssi: -91;PowerLevel: m17dBm;DATA: 98,10629342490369879,26406,-6869,1070,1166235,7161971,-5706,3485,-7435,-2410,-8454,-4765
1736071926.211490;m3-31;From: 9577 (m3-79);Len: 114;Rssi: -84;PowerLevel: m17dBm;DATA: 98,10629342490369879,26406,-6869,1070,1166235,7161971,-5706,3485,-7435,-2410,-8454,-4765
1736071926.215299;m3-26;From: 9577 (m3-79);Len: 114;Rssi: -91;PowerLevel: m17dBm;DATA: 98,10629342490369879,26406,-6869,1070,1166235,7161971,-5706,3485,-7435,-2410,-8454,-4765
1736071926.215563;m3-39;From: 9577 (m3-79);Len: 114;Rssi: -74;PowerLevel: m17dBm;DATA: 98,10629342490369879,26406,-6869,1070,1166235,7161971,-5706,3485,-7435,-2410,-8454,-4765
1736071926.216028;m3-25;From: 9577 (m3-79);Len: 114;Rssi: -89;PowerLevel: m17dBm;DATA: 98,10629342490369879,26406,-6869,1070,1166235,7161971,-5706,3485,-7435,-2410,-8454,-4765
1736071926.216187;m3-37;From: 9577 (m3-79);Len: 114;Rssi: -61;PowerLevel: m17dBm;DATA: 98,10629342490369879,26406,-6869,1070,1166235,7161971,-5706,3485,-7435,-2410,-8454,-4765
1736071926.216328;m3-38;From: 9577 (m3-79);Len: 114;Rssi: -71;PowerLevel: m17dBm;DATA: 98,10629342490369879,26406,-6869,1070,1166235,7161971,-5706,3485,-7435,-2410,-8454,-4765
1736071926.216460;m3-41;From: 9577 (m3-79);Len: 114;Rssi: -67;PowerLevel: m17dBm;DATA: 98,10629342490369879,26406,-6869,1070,1166235,7161971,-5706,3485,-7435,-2410,-8454,-4765
1736071926.216591;m3-42;From: 9577 (m3-79);Len: 114;Rssi: -70;PowerLevel: m17dBm;DATA: 98,10629342490369879,26406,-6869,1070,1166235,7161971,-5706,3485,-7435,-2410,-8454,-4765
1736071926.216721;m3-43;From: 9577 (m3-79);Len: 114;Rssi: -81;PowerLevel: m17dBm;DATA: 98,10629342490369879,26406,-6869,1070,1166235,7161971,-5706,3485,-7435,-2410,-8454,-4765
1736071926.216849;m3-45;From: 9577 (m3-79);Len: 114;Rssi: -76;PowerLevel: m17dBm;DATA: 98,10629342490369879,26406,-6869,1070,1166235,7161971,-5706,3485,-7435,-2410,-8454,-4765
1736071926.217245;m3-44;From: 9577 (m3-79);Len: 114;Rssi: -76;PowerLevel: m17dBm;DATA: 98,10629342490369879,26406,-6869,1070,1166235,7161971,-5706,3485,-7435,-2410,-8454,-4765
1736071926.220639;m3-40;From: 9577 (m3-79);Len: 114;Rssi: -76;PowerLevel: m17dBm;DATA: 98,10629342490369879,26406,-6869,1070,1166235,7161971,-5706,3485,-7435,-2410,-8454,-4765
1736071926.471409;m3-39;From: 9577 (m3-79);Len: 114;Rssi: -74;PowerLevel: m17dBm;DATA: 98,10629342490369879,26406,-6869,1070,1166235,7161971,-5706,3485,-7435,-2410,-8454,-4765
1736071926.471668;m3-41;From: 9577 (m3-79);Len: 114;Rssi: -67;PowerLevel: m17dBm;DATA: 98,10629342490369879,26406,-6869,1070,1166235,7161971,-5706,3485,-7435,-2410,-8454,-4765
1736071926.472138;m3-37;From: 9577 (m3-79);Len: 114;Rssi: -61;PowerLevel: m17dBm;DATA: 98,10629342490369879,26406,-6869,1070,1166235,7161971,-5706,3485,-7435,-2410,-8454,-4765
1736071926.472296;m3-38;From: 9577 (m3-79);Len: 114;Rssi: -71;PowerLevel: m17dBm;DATA: 98,10629342490369879,26406,-6869,1070,1166235,7161971,-5706,3485,-7435,-2410,-8454,-4765
1736071926.472435;m3-42;From: 9577 (m3-79);Len: 114;Rssi: -70;PowerLevel: m17dBm;DATA: 98,10629342490369879,26406,-6869,1070,1166235,7161971,-5706,3485,-7435,-2410,-8454,-4765
1736071926.472568;m3-44;From: 9577 (m3-79);Len: 114;Rssi: -76;PowerLevel: m17dBm;DATA: 98,10629342490369879,26406,-6869,1070,1166235,7161971,-5706,3485,-7435,-2410,-8454,-4765
1736071926.711196;m3-25;From: 9577 (m3-79);Len: 114;Rssi: -89;PowerLevel: m17dBm;DATA: 98,10629342490369879,26406,-6869,1070,1166235,7161971,-5706,3485,-7435,-2410,-8454,-4765
1736071926.711498;m3-26;From: 9577 (m3-79);Len: 114;Rssi: -91;PowerLevel: m17dBm;DATA: 98,10629342490369879,26406,-6869,1070,1166235,7161971,-5706,3485,-7435,-2410,-8454,-4765
1736071926.711662;m3-39;From: 9577 (m3-79);Len: 114;Rssi: -74;PowerLevel: m17dBm;DATA: 98,10629342490369879,26406,-6869,1070,1166235,7161971,-5706,3485,-7435,-2410,-8454,-4765
1736071926.711808;m3-41;From: 9577 (m3-79);Len: 114;Rssi: -67;PowerLevel: m17dBm;DATA: 98,10629342490369879,26406,-6869,1070,1166235,7161971,-5706,3485,-7435,-2410,-8454,-4765
1736071926.712252;m3-37;From: 9577 (m3-79);Len: 114;Rssi: -60;PowerLevel: m17dBm;DATA: 98,10629342490369879,26406,-6869,1070,1166235,7161971,-5706,3485,-7435,-2410,-8454,-4765
1736071926.712399;m3-38;From: 9577 (m3-79);Len: 114;Rssi: -71;PowerLevel: m17dBm;DATA: 98,10629342490369879,26406,-6869,1070,1166235,7161971,-5706,3485,-7435,-2410,-8454,-4765
1736071926.712532;m3-42;From: 9577 (m3-79);Len: 114;Rssi: -70;PowerLevel: m17dBm;DATA: 98,10629342490369879,26406,-6869,1070,1166235,7161971,-5706,3485,-7435,-2410,-8454,-4765
1736071926.712663;m3-43;From: 9577 (m3-79);Len: 114;Rssi: -82;PowerLevel: m17dBm;DATA: 98,10629342490369879,26406,-6869,1070,1166235,7161971,-5706,3485,-7435,-2410,-8454,-4765
1736071926.712790;m3-44;From: 9577 (m3-79);Len: 114;Rssi: -76;PowerLevel: m17dBm;DATA: 98,10629342490369879,26406,-6869,1070,1166235,7161971,-5706,3485,-7435,-2410,-8454,-4765
1736071926.712919;m3-45;From: 9577 (m3-79);Len: 114;Rssi: -76;PowerLevel: m17dBm;DATA: 98,10629342490369879,26406,-6869,1070,1166235,7161971,-5706,3485,-7435,-2410,-8454,-4765
1736071926.716648;m3-40;From: 9577 (m3-79);Len: 114;Rssi: -76;PowerLevel: m17dBm;DATA: 98,10629342490369879,26406,-6869,1070,1166235,7161971,-5706,3485,-7435,-2410,-8454,-4765
1736071926.722342;m3-22;From: 9577 (m3-79);Len: 114;Rssi: -91;PowerLevel: m17dBm;DATA: 98,10629342490369879,26406,-6869,1070,1166235,7161971,-5706,3485,-7435,-2410,-8454,-4765
1736071926.723452;m3-31;From: 9577 (m3-79);Len: 114;Rssi: -84;PowerLevel: m17dBm;DATA: 98,10629342490369879,26406,-6869,1070,1166235,7161971,-5706,3485,-7435,-2410,-8454,-4765
1736071926.962425;m3-22;From: 9577 (m3-79);Len: 114;Rssi: -91;PowerLevel: m17dBm;DATA: 98,10629342490369879,26406,-6869,1070,1166235,7161971,-5706,3485,-7435,-2410,-8454,-4765
1736071926.963460;m3-31;From: 9577 (m3-79);Len: 114;Rssi: -84;PowerLevel: m17dBm;DATA: 98,10629342490369879,26406,-6869,1070,1166235,7161971,-5706,3485,-7435,-2410,-8454,-4765
1736071926.967179;m3-25;From: 9577 (m3-79);Len: 114;Rssi: -90;PowerLevel: m17dBm;DATA: 98,10629342490369879,26406,-6869,1070,1166235,7161971,-5706,3485,-7435,-2410,-8454,-4765
1736071926.967486;m3-26;From: 9577 (m3-79);Len: 114;Rssi: -91;PowerLevel: m17dBm;DATA: 98,10629342490369879,26406,-6869,1070,1166235,7161971,-5706,3485,-7435,-2410,-8454,-4765
1736071926.967667;m3-39;From: 9577 (m3-79);Len: 114;Rssi: -74;PowerLevel: m17dBm;DATA: 98,10629342490369879,26406,-6869,1070,1166235,7161971,-5706,3485,-7435,-2410,-8454,-4765
1736071926.967813;m3-41;From: 9577 (m3-79);Len: 114;Rssi: -67;PowerLevel: m17dBm;DATA: 98,10629342490369879,26406,-6869,1070,1166235,7161971,-5706,3485,-7435,-2410,-8454,-4765
1736071926.968252;m3-37;From: 9577 (m3-79);Len: 114;Rssi: -61;PowerLevel: m17dBm;DATA: 98,10629342490369879,26406,-6869,1070,1166235,7161971,-5706,3485,-7435,-2410,-8454,-4765
1736071926.968397;m3-38;From: 9577 (m3-79);Len: 114;Rssi: -71;PowerLevel: m17dBm;DATA: 98,10629342490369879,26406,-6869,1070,1166235,7161971,-5706,3485,-7435,-2410,-8454,-4765
1736071926.968528;m3-42;From: 9577 (m3-79);Len: 114;Rssi: -70;PowerLevel: m17dBm;DATA: 98,10629342490369879,26406,-6869,1070,1166235,7161971,-5706,3485,-7435,-2410,-8454,-4765
1736071926.968657;m3-43;From: 9577 (m3-79);Len: 114;Rssi: -81;PowerLevel: m17dBm;DATA: 98,10629342490369879,26406,-6869,1070,1166235,7161971,-5706,3485,-7435,-2410,-8454,-4765
1736071926.968784;m3-44;From: 9577 (m3-79);Len: 114;Rssi: -75;PowerLevel: m17dBm;DATA: 98,10629342490369879,26406,-6869,1070,1166235,7161971,-5706,3485,-7435,-2410,-8454,-4765
1736071926.968909;m3-45;From: 9577 (m3-79);Len: 114;Rssi: -76;PowerLevel: m17dBm;DATA: 98,10629342490369879,26406,-6869,1070,1166235,7161971,-5706,3485,-7435,-2410,-8454,-4765
1736071926.972403;m3-40;From: 9577 (m3-79);Len: 114;Rssi: -76;PowerLevel: m17dBm;DATA: 98,10629342490369879,26406,-6869,1070,1166235,7161971,-5706,3485,-7435,-2410,-8454,-4765
1736071927.212647;m3-40;From: 9577 (m3-79);Len: 114;Rssi: -76;PowerLevel: m17dBm;DATA: 98,10629342490369879,26406,-6869,1070,1166235,7161971,-5706,3485,-7435,-2410,-8454,-4765
1736071927.218504;m3-22;From: 9577 (m3-79);Len: 114;Rssi: -91;PowerLevel: m17dBm;DATA: 98,10629342490369879,26406,-6869,1070,1166235,7161971,-5706,3485,-7435,-2410,-8454,-4765
1736071927.219613;m3-31;From: 9577 (m3-79);Len: 114;Rssi: -84;PowerLevel: m17dBm;DATA: 98,10629342490369879,26406,-6869,1070,1166235,7161971,-5706,3485,-7435,-2410,-8454,-4765
1736071927.223130;m3-25;From: 9577 (m3-79);Len: 114;Rssi: -90;PowerLevel: m17dBm;DATA: 98,10629342490369879,26406,-6869,1070,1166235,7161971,-5706,3485,-7435,-2410,-8454,-4765
1736071927.223435;m3-26;From: 9577 (m3-79);Len: 114;Rssi: -91;PowerLevel: m17dBm;DATA: 98,10629342490369879,26406,-6869,1070,1166235,7161971,-5706,3485,-7435,-2410,-8454,-4765
1736071927.223602;m3-39;From: 9577 (m3-79);Len: 114;Rssi: -75;PowerLevel: m17dBm;DATA: 98,10629342490369879,26406,-6869,1070,1166235,7161971,-5706,3485,-7435,-2410,-8454,-4765
1736071927.223748;m3-41;From: 9577 (m3-79);Len: 114;Rssi: -67;PowerLevel: m17dBm;DATA: 98,10629342490369879,26406,-6869,1070,1166235,7161971,-5706,3485,-7435,-2410,-8454,-4765
1736071927.224192;m3-37;From: 9577 (m3-79);Len: 114;Rssi: -61;PowerLevel: m17dBm;DATA: 98,10629342490369879,26406,-6869,1070,1166235,7161971,-5706,3485,-7435,-2410,-8454,-4765
1736071927.224339;m3-38;From: 9577 (m3-79);Len: 114;Rssi: -71;PowerLevel: m17dBm;DATA: 98,10629342490369879,26406,-6869,1070,1166235,7161971,-5706,3485,-7435,-2410,-8454,-4765
1736071927.224472;m3-42;From: 9577 (m3-79);Len: 114;Rssi: -70;PowerLevel: m17dBm;DATA: 98,10629342490369879,26406,-6869,1070,1166235,7161971,-5706,3485,-7435,-2410,-8454,-4765
1736071927.224604;m3-43;From: 9577 (m3-79);Len: 114;Rssi: -81;PowerLevel: m17dBm;DATA: 98,10629342490369879,26406,-6869,1070,1166235,7161971,-5706,3485,-7435,-2410,-8454,-4765
1736071927.224731;m3-44;From: 9577 (m3-79);Len: 114;Rssi: -76;PowerLevel: m17dBm;DATA: 98,10629342490369879,26406,-6869,1070,1166235,7161971,-5706,3485,-7435,-2410,-8454,-4765
1736071927.224859;m3-45;From: 9577 (m3-79);Len: 114;Rssi: -76;PowerLevel: m17dBm;DATA: 98,10629342490369879,26406,-6869,1070,1166235,7161971,-5706,3485,-7435,-2410,-8454,-4765
1736071927.715575;m3-31;From: 9577 (m3-79);Len: 114;Rssi: -84;PowerLevel: m17dBm;DATA: 98,10629342490369879,26406,-6869,1070,1166235,7161971,-5706,3485,-7435,-2410,-8454,-4765
1736071927.720082;m3-43;From: 9577 (m3-79);Len: 114;Rssi: -82;PowerLevel: m17dBm;DATA: 98,10629342490369879,26406,-6869,1070,1166235,7161971,-5706,3485,-7435,-2410,-8454,-4765
1736071927.720344;m3-45;From: 9577 (m3-79);Len: 114;Rssi: -76;PowerLevel: m17dBm;DATA: 98,10629342490369879,26406,-6869,1070,1166235,7161971,-5706,3485,-7435,-2410,-8454,-4765
1736071927.724519;m3-40;From: 9577 (m3-79);Len: 114;Rssi: -76;PowerLevel: m17dBm;DATA: 98,10629342490369879,26406,-6869,1070,1166235,7161971,-5706,3485,-7435,-2410,-8454,-4765
1736071927.960007;m3-43;From: 9577 (m3-79);Len: 114;Rssi: -82;PowerLevel: m17dBm;DATA: 98,10629342490369879,26406,-6869,1070,1166235,7161971,-5706,3485,-7435,-2410,-8454,-4765
1736071927.960271;m3-45;From: 9577 (m3-79);Len: 114;Rssi: -76;PowerLevel: m17dBm;DATA: 98,10629342490369879,26406,-6869,1070,1166235,7161971,-5706,3485,-7435,-2410,-8454,-4765
1736071927.964520;m3-40;From: 9577 (m3-79);Len: 114;Rssi: -76;PowerLevel: m17dBm;DATA: 98,10629342490369879,26406,-6869,1070,1166235,7161971,-5706,3485,-7435,-2410,-8454,-4765
1736071927.971528;m3-31;From: 9577 (m3-79);Len: 114;Rssi: -84;PowerLevel: m17dBm;DATA: 98,10629342490369879,26406,-6869,1070,1166235,7161971,-5706,3485,-7435,-2410,-8454,-4765
1736071931.207935;m3-36;[in broadcast_data() INFO] POWER LEVEL: m12dBm
1736071931.212438;m3-40;From: 9577 (m3-79);Len: 114;Rssi: -70;PowerLevel: m12dBm;DATA: 98,10629342490369879,26406,-6869,1070,1166235,7161971,-5706,3485,-7435,-2410,-8454,-4765
1736071931.218335;m3-22;From: 9577 (m3-79);Len: 114;Rssi: -90;PowerLevel: m12dBm;DATA: 98,10629342490369879,26406,-6869,1070,1166235,7161971,-5706,3485,-7435,-2410,-8454,-4765
1736071931.218877;m3-11;From: 9577 (m3-79);Len: 114;Rssi: -91;PowerLevel: m12dBm;DATA: 98,10629342490369879,26406,-6869,1070,1166235,7161971,-5706,3485,-7435,-2410,-8454,-4765
1736071931.219360;m3-31;From: 9577 (m3-79);Len: 114;Rssi: -80;PowerLevel: m12dBm;DATA: 98,10629342490369879,26406,-6869,1070,1166235,7161971,-5706,3485,-7435,-2410,-8454,-4765
1736071931.222712;m3-23;From: 9577 (m3-79);Len: 114;Rssi: -91;PowerLevel: m12dBm;DATA: 98,10629342490369879,26406,-6869,1070,1166235,7161971,-5706,3485,-7435,-2410,-8454,-4765
1736071931.223323;m3-25;From: 9577 (m3-79);Len: 114;Rssi: -85;PowerLevel: m12dBm;DATA: 98,10629342490369879,26406,-6869,1070,1166235,7161971,-5706,3485,-7435,-2410,-8454,-4765
1736071931.223514;m3-26;From: 9577 (m3-79);Len: 114;Rssi: -88;PowerLevel: m12dBm;DATA: 98,10629342490369879,26406,-6869,1070,1166235,7161971,-5706,3485,-7435,-2410,-8454,-4765
1736071931.223938;m3-43;From: 9577 (m3-79);Len: 114;Rssi: -76;PowerLevel: m12dBm;DATA: 98,10629342490369879,26406,-6869,1070,1166235,7161971,-5706,3485,-7435,-2410,-8454,-4765
1736071931.224089;m3-45;From: 9577 (m3-79);Len: 114;Rssi: -70;PowerLevel: m12dBm;DATA: 98,10629342490369879,26406,-6869,1070,1166235,7161971,-5706,3485,-7435,-2410,-8454,-4765
1736071931.468309;m3-40;From: 9577 (m3-79);Len: 114;Rssi: -70;PowerLevel: m12dBm;DATA: 98,10629342490369879,26406,-6869,1070,1166235,7161971,-5706,3485,-7435,-2410,-8454,-4765
1736071931.714198;m3-22;From: 9577 (m3-79);Len: 114;Rssi: -89;PowerLevel: m12dBm;DATA: 98,10629342490369879,26406,-6869,1070,1166235,7161971,-5706,3485,-7435,-2410,-8454,-4765
1736071931.714743;m3-11;From: 9577 (m3-79);Len: 114;Rssi: -91;PowerLevel: m12dBm;DATA: 98,10629342490369879,26406,-6869,1070,1166235,7161971,-5706,3485,-7435,-2410,-8454,-4765
1736071931.715178;m3-31;From: 9577 (m3-79);Len: 114;Rssi: -79;PowerLevel: m12dBm;DATA: 98,10629342490369879,26406,-6869,1070,1166235,7161971,-5706,3485,-7435,-2410,-8454,-4765
1736071931.719034;m3-25;From: 9577 (m3-79);Len: 114;Rssi: -85;PowerLevel: m12dBm;DATA: 98,10629342490369879,26406,-6869,1070,1166235,7161971,-5706,3485,-7435,-2410,-8454,-4765
1736071931.719656;m3-43;From: 9577 (m3-79);Len: 114;Rssi: -76;PowerLevel: m12dBm;DATA: 98,10629342490369879,26406,-6869,1070,1166235,7161971,-5706,3485,-7435,-2410,-8454,-4765
1736071932.211360;m3-31;From: 9577 (m3-79);Len: 114;Rssi: -80;PowerLevel: m12dBm;DATA: 98,10629342490369879,26406,-6869,1070,1166235,7161971,-5706,3485,-7435,-2410,-8454,-4765
1736071932.214683;m3-23;From: 9577 (m3-79);Len: 114;Rssi: -91;PowerLevel: m12dBm;DATA: 98,10629342490369879,26406,-6869,1070,1166235,7161971,-5706,3485,-7435,-2410,-8454,-4765
1736071932.215287;m3-25;From: 9577 (m3-79);Len: 114;Rssi: -85;PowerLevel: m12dBm;DATA: 98,10629342490369879,26406,-6869,1070,1166235,7161971,-5706,3485,-7435,-2410,-8454,-4765
1736071932.215741;m3-43;From: 9577 (m3-79);Len: 114;Rssi: -76;PowerLevel: m12dBm;DATA: 98,10629342490369879,26406,-6869,1070,1166235,7161971,-5706,3485,-7435,-2410,-8454,-4765
1736071932.225858;m3-22;From: 9577 (m3-79);Len: 114;Rssi: -90;PowerLevel: m12dBm;DATA: 98,10629342490369879,26406,-6869,1070,1166235,7161971,-5706,3485,-7435,-2410,-8454,-4765
1736071932.226451;m3-11;From: 9577 (m3-79);Len: 114;Rssi: -91;PowerLevel: m12dBm;DATA: 98,10629342490369879,26406,-6869,1070,1166235,7161971,-5706,3485,-7435,-2410,-8454,-4765
1736071932.466046;m3-22;From: 9577 (m3-79);Len: 114;Rssi: -90;PowerLevel: m12dBm;DATA: 98,10629342490369879,26406,-6869,1070,1166235,7161971,-5706,3485,-7435,-2410,-8454,-4765
1736071932.466633;m3-11;From: 9577 (m3-79);Len: 114;Rssi: -91;PowerLevel: m12dBm;DATA: 98,10629342490369879,26406,-6869,1070,1166235,7161971,-5706,3485,-7435,-2410,-8454,-4765
1736071932.470582;m3-23;From: 9577 (m3-79);Len: 114;Rssi: -91;PowerLevel: m12dBm;DATA: 98,10629342490369879,26406,-6869,1070,1166235,7161971,-5706,3485,-7435,-2410,-8454,-4765
1736071932.471144;m3-25;From: 9577 (m3-79);Len: 114;Rssi: -85;PowerLevel: m12dBm;DATA: 98,10629342490369879,26406,-6869,1070,1166235,7161971,-5706,3485,-7435,-2410,-8454,-4765
1736071932.471369;m3-26;From: 9577 (m3-79);Len: 114;Rssi: -87;PowerLevel: m12dBm;DATA: 98,10629342490369879,26406,-6869,1070,1166235,7161971,-5706,3485,-7435,-2410,-8454,-4765
1736071932.962022;m3-22;From: 9577 (m3-79);Len: 114;Rssi: -90;PowerLevel: m12dBm;DATA: 98,10629342490369879,26406,-6869,1070,1166235,7161971,-5706,3485,-7435,-2410,-8454,-4765
1736071932.962607;m3-11;From: 9577 (m3-79);Len: 114;Rssi: -91;PowerLevel: m12dBm;DATA: 98,10629342490369879,26406,-6869,1070,1166235,7161971,-5706,3485,-7435,-2410,-8454,-4765
1736071932.966378;m3-23;From: 9577 (m3-79);Len: 114;Rssi: -91;PowerLevel: m12dBm;DATA: 98,10629342490369879,26406,-6869,1070,1166235,7161971,-5706,3485,-7435,-2410,-8454,-4765
1736071932.966639;m3-26;From: 9577 (m3-79);Len: 114;Rssi: -88;PowerLevel: m12dBm;DATA: 98,10629342490369879,26406,-6869,1070,1166235,7161971,-5706,3485,-7435,-2410,-8454,-4765
1736071932.967107;m3-25;From: 9577 (m3-79);Len: 114;Rssi: -85;PowerLevel: m12dBm;DATA: 98,10629342490369879,26406,-6869,1070,1166235,7161971,-5706,3485,-7435,-2410,-8454,-4765
1736071933.462607;m3-23;From: 9577 (m3-79);Len: 114;Rssi: -91;PowerLevel: m12dBm;DATA: 98,10629342490369879,26406,-6869,1070,1166235,7161971,-5706,3485,-7435,-2410,-8454,-4765
1736071933.462871;m3-26;From: 9577 (m3-79);Len: 114;Rssi: -88;PowerLevel: m12dBm;DATA: 98,10629342490369879,26406,-6869,1070,1166235,7161971,-5706,3485,-7435,-2410,-8454,-4765
1736071933.463401;m3-25;From: 9577 (m3-79);Len: 114;Rssi: -84;PowerLevel: m12dBm;DATA: 98,10629342490369879,26406,-6869,1070,1166235,7161971,-5706,3485,-7435,-2410,-8454,-4765
1736071933.473820;m3-22;From: 9577 (m3-79);Len: 114;Rssi: -90;PowerLevel: m12dBm;DATA: 98,10629342490369879,26406,-6869,1070,1166235,7161971,-5706,3485,-7435,-2410,-8454,-4765
1736071933.474403;m3-11;From: 9577 (m3-79);Len: 114;Rssi: -91;PowerLevel: m12dBm;DATA: 98,10629342490369879,26406,-6869,1070,1166235,7161971,-5706,3485,-7435,-2410,-8454,-4765
1736071933.713920;m3-22;From: 9577 (m3-79);Len: 114;Rssi: -89;PowerLevel: m12dBm;DATA: 98,10629342490369879,26406,-6869,1070,1166235,7161971,-5706,3485,-7435,-2410,-8454,-4765
1736071933.970347;m3-11;From: 9577 (m3-79);Len: 114;Rssi: -91;PowerLevel: m12dBm;DATA: 98,10629342490369879,26406,-6869,1070,1166235,7161971,-5706,3485,-7435,-2410,-8454,-4765
1736071934.710919;m3-25;From: 9577 (m3-79);Len: 114;Rssi: -85;PowerLevel: m12dBm;DATA: 98,10629342490369879,26406,-6869,1070,1166235,7161971,-5706,3485,-7435,-2410,-8454,-4765
1736071934.711537;m3-4;From: 9577 (m3-79);Len: 114;Rssi: -91;PowerLevel: m12dBm;DATA: 98,10629342490369879,26406,-6869,1070,1166235,7161971,-5706,3485,-7435,-2410,-8454,-4765
1736071934.721898;m3-22;From: 9577 (m3-79);Len: 114;Rssi: -90;PowerLevel: m12dBm;DATA: 98,10629342490369879,26406,-6869,1070,1166235,7161971,-5706,3485,-7435,-2410,-8454,-4765
1736071934.726342;m3-23;From: 9577 (m3-79);Len: 114;Rssi: -91;PowerLevel: m12dBm;DATA: 98,10629342490369879,26406,-6869,1070,1166235,7161971,-5706,3485,-7435,-2410,-8454,-4765
1736071934.726605;m3-26;From: 9577 (m3-79);Len: 114;Rssi: -87;PowerLevel: m12dBm;DATA: 98,10629342490369879,26406,-6869,1070,1166235,7161971,-5706,3485,-7435,-2410,-8454,-4765
1736071935.217862;m3-22;From: 9577 (m3-79);Len: 114;Rssi: -90;PowerLevel: m12dBm;DATA: 98,10629342490369879,26406,-6869,1070,1166235,7161971,-5706,3485,-7435,-2410,-8454,-4765
1736071935.218446;m3-11;From: 9577 (m3-79);Len: 114;Rssi: -91;PowerLevel: m12dBm;DATA: 98,10629342490369879,26406,-6869,1070,1166235,7161971,-5706,3485,-7435,-2410,-8454,-4765
1736071935.222423;m3-23;From: 9577 (m3-79);Len: 114;Rssi: -91;PowerLevel: m12dBm;DATA: 98,10629342490369879,26406,-6869,1070,1166235,7161971,-5706,3485,-7435,-2410,-8454,-4765
1736071935.222683;m3-26;From: 9577 (m3-79);Len: 114;Rssi: -88;PowerLevel: m12dBm;DATA: 98,10629342490369879,26406,-6869,1070,1166235,7161971,-5706,3485,-7435,-2410,-8454,-4765
1736071935.223152;m3-25;From: 9577 (m3-79);Len: 114;Rssi: -85;PowerLevel: m12dBm;DATA: 98,10629342490369879,26406,-6869,1070,1166235,7161971,-5706,3485,-7435,-2410,-8454,-4765
1736071935.713836;m3-22;From: 9577 (m3-79);Len: 114;Rssi: -90;PowerLevel: m12dBm;DATA: 98,10629342490369879,26406,-6869,1070,1166235,7161971,-5706,3485,-7435,-2410,-8454,-4765
1736071935.714427;m3-11;From: 9577 (m3-79);Len: 114;Rssi: -91;PowerLevel: m12dBm;DATA: 98,10629342490369879,26406,-6869,1070,1166235,7161971,-5706,3485,-7435,-2410,-8454,-4765
1736071935.718345;m3-23;From: 9577 (m3-79);Len: 114;Rssi: -91;PowerLevel: m12dBm;DATA: 98,10629342490369879,26406,-6869,1070,1166235,7161971,-5706,3485,-7435,-2410,-8454,-4765
1736071935.718609;m3-26;From: 9577 (m3-79);Len: 114;Rssi: -87;PowerLevel: m12dBm;DATA: 98,10629342490369879,26406,-6869,1070,1166235,7161971,-5706,3485,-7435,-2410,-8454,-4765
1736071935.719074;m3-25;From: 9577 (m3-79);Len: 114;Rssi: -85;PowerLevel: m12dBm;DATA: 98,10629342490369879,26406,-6869,1070,1166235,7161971,-5706,3485,-7435,-2410,-8454,-4765
1736071936.226053;m3-11;From: 9577 (m3-79);Len: 114;Rssi: -91;PowerLevel: m12dBm;DATA: 98,10629342490369879,26406,-6869,1070,1166235,7161971,-5706,3485,-7435,-2410,-8454,-4765
1736071936.961869;m3-11;From: 9577 (m3-79);Len: 114;Rssi: -91;PowerLevel: m12dBm;DATA: 98,10629342490369879,26406,-6869,1070,1166235,7161971,-5706,3485,-7435,-2410,-8454,-4765
1736071936.962234;m3-22;From: 9577 (m3-79);Len: 114;Rssi: -90;PowerLevel: m12dBm;DATA: 98,10629342490369879,26406,-6869,1070,1166235,7161971,-5706,3485,-7435,-2410,-8454,-4765
1736071936.966396;m3-23;From: 9577 (m3-79);Len: 114;Rssi: -91;PowerLevel: m12dBm;DATA: 98,10629342490369879,26406,-6869,1070,1166235,7161971,-5706,3485,-7435,-2410,-8454,-4765
1736071936.966659;m3-25;From: 9577 (m3-79);Len: 114;Rssi: -85;PowerLevel: m12dBm;DATA: 98,10629342490369879,26406,-6869,1070,1166235,7161971,-5706,3485,-7435,-2410,-8454,-4765
1736071936.966821;m3-26;From: 9577 (m3-79);Len: 114;Rssi: -88;PowerLevel: m12dBm;DATA: 98,10629342490369879,26406,-6869,1070,1166235,7161971,-5706,3485,-7435,-2410,-8454,-4765
1736071937.462331;m3-23;From: 9577 (m3-79);Len: 114;Rssi: -91;PowerLevel: m12dBm;DATA: 98,10629342490369879,26406,-6869,1070,1166235,7161971,-5706,3485,-7435,-2410,-8454,-4765
1736071937.462596;m3-26;From: 9577 (m3-79);Len: 114;Rssi: -88;PowerLevel: m12dBm;DATA: 98,10629342490369879,26406,-6869,1070,1166235,7161971,-5706,3485,-7435,-2410,-8454,-4765
1736071937.463058;m3-25;From: 9577 (m3-79);Len: 114;Rssi: -84;PowerLevel: m12dBm;DATA: 98,10629342490369879,26406,-6869,1070,1166235,7161971,-5706,3485,-7435,-2410,-8454,-4765
1736071937.473547;m3-22;From: 9577 (m3-79);Len: 114;Rssi: -90;PowerLevel: m12dBm;DATA: 98,10629342490369879,26406,-6869,1070,1166235,7161971,-5706,3485,-7435,-2410,-8454,-4765
1736071937.474142;m3-11;From: 9577 (m3-79);Len: 114;Rssi: -91;PowerLevel: m12dBm;DATA: 98,10629342490369879,26406,-6869,1070,1166235,7161971,-5706,3485,-7435,-2410,-8454,-4765
1736071937.474325;m3-12;From: 9577 (m3-79);Len: 114;Rssi: -91;PowerLevel: m12dBm;DATA: 98,10629342490369879,26406,-6869,1070,1166235,7161971,-5706,3485,-7435,-2410,-8454,-4765
1736071937.969607;m3-22;From: 9577 (m3-79);Len: 114;Rssi: -90;PowerLevel: m12dBm;DATA: 98,10629342490369879,26406,-6869,1070,1166235,7161971,-5706,3485,-7435,-2410,-8454,-4765
1736071937.970191;m3-11;From: 9577 (m3-79);Len: 114;Rssi: -91;PowerLevel: m12dBm;DATA: 98,10629342490369879,26406,-6869,1070,1166235,7161971,-5706,3485,-7435,-2410,-8454,-4765
1736071937.974022;m3-23;From: 9577 (m3-79);Len: 114;Rssi: -91;PowerLevel: m12dBm;DATA: 98,10629342490369879,26406,-6869,1070,1166235,7161971,-5706,3485,-7435,-2410,-8454,-4765
1736071937.974320;m3-26;From: 9577 (m3-79);Len: 114;Rssi: -88;PowerLevel: m12dBm;DATA: 98,10629342490369879,26406,-6869,1070,1166235,7161971,-5706,3485,-7435,-2410,-8454,-4765
1736071937.974791;m3-25;From: 9577 (m3-79);Len: 114;Rssi: -85;PowerLevel: m12dBm;DATA: 98,10629342490369879,26406,-6869,1070,1166235,7161971,-5706,3485,-7435,-2410,-8454,-4765
1736071938.225527;m3-22;From: 9577 (m3-79);Len: 114;Rssi: -90;PowerLevel: m12dBm;DATA: 98,10629342490369879,26406,-6869,1070,1166235,7161971,-5706,3485,-7435,-2410,-8454,-4765
1736071938.466173;m3-11;From: 9577 (m3-79);Len: 114;Rssi: -91;PowerLevel: m12dBm;DATA: 98,10629342490369879,26406,-6869,1070,1166235,7161971,-5706,3485,-7435,-2410,-8454,-4765
1736071941.713832;m3-11;From: 9577 (m3-79);Len: 114;Rssi: -91;PowerLevel: m10dBm;DATA: 98,10629342490369879,26406,-6869,1070,1166235,7161971,-5706,3485,-7435,-2410,-8454,-4765
1736071941.714510;m3-12;From: 9577 (m3-79);Len: 114;Rssi: -91;PowerLevel: m10dBm;DATA: 98,10629342490369879,26406,-6869,1070,1166235,7161971,-5706,3485,-7435,-2410,-8454,-4765
1736071941.718039;m3-23;From: 9577 (m3-79);Len: 114;Rssi: -91;PowerLevel: m10dBm;DATA: 98,10629342490369879,26406,-6869,1070,1166235,7161971,-5706,3485,-7435,-2410,-8454,-4765
1736071941.718336;m3-26;From: 9577 (m3-79);Len: 114;Rssi: -85;PowerLevel: m10dBm;DATA: 98,10629342490369879,26406,-6869,1070,1166235,7161971,-5706,3485,-7435,-2410,-8454,-4765
1736071941.718804;m3-25;From: 9577 (m3-79);Len: 114;Rssi: -82;PowerLevel: m10dBm;DATA: 98,10629342490369879,26406,-6869,1070,1166235,7161971,-5706,3485,-7435,-2410,-8454,-4765
1736071941.718962;m3-36;[in broadcast_data() INFO] POWER LEVEL: m10dBm
1736071941.719134;m3-4;From: 9577 (m3-79);Len: 114;Rssi: -91;PowerLevel: m10dBm;DATA: 98,10629342490369879,26406,-6869,1070,1166235,7161971,-5706,3485,-7435,-2410,-8454,-4765
1736071941.969723;m3-11;From: 9577 (m3-79);Len: 114;Rssi: -91;PowerLevel: m10dBm;DATA: 98,10629342490369879,26406,-6869,1070,1166235,7161971,-5706,3485,-7435,-2410,-8454,-4765
1736071941.969985;m3-12;From: 9577 (m3-79);Len: 114;Rssi: -91;PowerLevel: m10dBm;DATA: 98,10629342490369879,26406,-6869,1070,1166235,7161971,-5706,3485,-7435,-2410,-8454,-4765
1736071941.973954;m3-23;From: 9577 (m3-79);Len: 114;Rssi: -91;PowerLevel: m10dBm;DATA: 98,10629342490369879,26406,-6869,1070,1166235,7161971,-5706,3485,-7435,-2410,-8454,-4765
1736071941.974251;m3-26;From: 9577 (m3-79);Len: 114;Rssi: -84;PowerLevel: m10dBm;DATA: 98,10629342490369879,26406,-6869,1070,1166235,7161971,-5706,3485,-7435,-2410,-8454,-4765
1736071941.974724;m3-4;From: 9577 (m3-79);Len: 114;Rssi: -91;PowerLevel: m10dBm;DATA: 98,10629342490369879,26406,-6869,1070,1166235,7161971,-5706,3485,-7435,-2410,-8454,-4765
1736071942.214132;m3-23;From: 9577 (m3-79);Len: 114;Rssi: -91;PowerLevel: m10dBm;DATA: 98,10629342490369879,26406,-6869,1070,1166235,7161971,-5706,3485,-7435,-2410,-8454,-4765
1736071942.214398;m3-26;From: 9577 (m3-79);Len: 114;Rssi: -85;PowerLevel: m10dBm;DATA: 98,10629342490369879,26406,-6869,1070,1166235,7161971,-5706,3485,-7435,-2410,-8454,-4765
1736071942.214867;m3-4;From: 9577 (m3-79);Len: 114;Rssi: -91;PowerLevel: m10dBm;DATA: 98,10629342490369879,26406,-6869,1070,1166235,7161971,-5706,3485,-7435,-2410,-8454,-4765
1736071942.215894;m3-9;From: 9577 (m3-79);Len: 114;Rssi: -91;PowerLevel: m10dBm;DATA: 98,10629342490369879,26406,-6869,1070,1166235,7161971,-5706,3485,-7435,-2410,-8454,-4765
1736071942.225668;m3-11;From: 9577 (m3-79);Len: 114;Rssi: -90;PowerLevel: m10dBm;DATA: 98,10629342490369879,26406,-6869,1070,1166235,7161971,-5706,3485,-7435,-2410,-8454,-4765
1736071942.225931;m3-12;From: 9577 (m3-79);Len: 114;Rssi: -91;PowerLevel: m10dBm;DATA: 98,10629342490369879,26406,-6869,1070,1166235,7161971,-5706,3485,-7435,-2410,-8454,-4765
1736071942.465672;m3-11;From: 9577 (m3-79);Len: 114;Rssi: -90;PowerLevel: m10dBm;DATA: 98,10629342490369879,26406,-6869,1070,1166235,7161971,-5706,3485,-7435,-2410,-8454,-4765
1736071942.465931;m3-12;From: 9577 (m3-79);Len: 114;Rssi: -91;PowerLevel: m10dBm;DATA: 98,10629342490369879,26406,-6869,1070,1166235,7161971,-5706,3485,-7435,-2410,-8454,-4765
1736071942.469949;m3-23;From: 9577 (m3-79);Len: 114;Rssi: -91;PowerLevel: m10dBm;DATA: 98,10629342490369879,26406,-6869,1070,1166235,7161971,-5706,3485,-7435,-2410,-8454,-4765
1736071942.470306;m3-26;From: 9577 (m3-79);Len: 114;Rssi: -85;PowerLevel: m10dBm;DATA: 98,10629342490369879,26406,-6869,1070,1166235,7161971,-5706,3485,-7435,-2410,-8454,-4765
1736071942.470782;m3-4;From: 9577 (m3-79);Len: 114;Rssi: -91;PowerLevel: m10dBm;DATA: 98,10629342490369879,26406,-6869,1070,1166235,7161971,-5706,3485,-7435,-2410,-8454,-4765
1736071942.471659;m3-9;From: 9577 (m3-79);Len: 114;Rssi: -91;PowerLevel: m10dBm;DATA: 98,10629342490369879,26406,-6869,1070,1166235,7161971,-5706,3485,-7435,-2410,-8454,-4765
1736071942.961696;m3-12;From: 9577 (m3-79);Len: 114;Rssi: -91;PowerLevel: m10dBm;DATA: 98,10629342490369879,26406,-6869,1070,1166235,7161971,-5706,3485,-7435,-2410,-8454,-4765
1736071942.977534;m3-11;From: 9577 (m3-79);Len: 114;Rssi: -91;PowerLevel: m10dBm;DATA: 98,10629342490369879,26406,-6869,1070,1166235,7161971,-5706,3485,-7435,-2410,-8454,-4765
1736071943.217576;m3-11;From: 9577 (m3-79);Len: 114;Rssi: -90;PowerLevel: m10dBm;DATA: 98,10629342490369879,26406,-6869,1070,1166235,7161971,-5706,3485,-7435,-2410,-8454,-4765
1736071943.462609;m3-4;From: 9577 (m3-79);Len: 114;Rssi: -91;PowerLevel: m10dBm;DATA: 98,10629342490369879,26406,-6869,1070,1166235,7161971,-5706,3485,-7435,-2410,-8454,-4765
1736071943.473603;m3-11;From: 9577 (m3-79);Len: 114;Rssi: -90;PowerLevel: m10dBm;DATA: 98,10629342490369879,26406,-6869,1070,1166235,7161971,-5706,3485,-7435,-2410,-8454,-4765
1736071943.474177;m3-12;From: 9577 (m3-79);Len: 114;Rssi: -91;PowerLevel: m10dBm;DATA: 98,10629342490369879,26406,-6869,1070,1166235,7161971,-5706,3485,-7435,-2410,-8454,-4765
1736071943.713527;m3-11;From: 9577 (m3-79);Len: 114;Rssi: -91;PowerLevel: m10dBm;DATA: 98,10629342490369879,26406,-6869,1070,1166235,7161971,-5706,3485,-7435,-2410,-8454,-4765
1736071943.713785;m3-12;From: 9577 (m3-79);Len: 114;Rssi: -91;PowerLevel: m10dBm;DATA: 98,10629342490369879,26406,-6869,1070,1166235,7161971,-5706,3485,-7435,-2410,-8454,-4765
1736071943.717854;m3-23;From: 9577 (m3-79);Len: 114;Rssi: -91;PowerLevel: m10dBm;DATA: 98,10629342490369879,26406,-6869,1070,1166235,7161971,-5706,3485,-7435,-2410,-8454,-4765
1736071944.213878;m3-23;From: 9577 (m3-79);Len: 114;Rssi: -91;PowerLevel: m10dBm;DATA: 98,10629342490369879,26406,-6869,1070,1166235,7161971,-5706,3485,-7435,-2410,-8454,-4765
1736071944.214550;m3-4;From: 9577 (m3-79);Len: 114;Rssi: -91;PowerLevel: m10dBm;DATA: 98,10629342490369879,26406,-6869,1070,1166235,7161971,-5706,3485,-7435,-2410,-8454,-4765
1736071944.225462;m3-11;From: 9577 (m3-79);Len: 114;Rssi: -91;PowerLevel: m10dBm;DATA: 98,10629342490369879,26406,-6869,1070,1166235,7161971,-5706,3485,-7435,-2410,-8454,-4765
1736071944.226002;m3-12;From: 9577 (m3-79);Len: 114;Rssi: -91;PowerLevel: m10dBm;DATA: 98,10629342490369879,26406,-6869,1070,1166235,7161971,-5706,3485,-7435,-2410,-8454,-4765
1736071944.721408;m3-11;From: 9577 (m3-79);Len: 114;Rssi: -91;PowerLevel: m10dBm;DATA: 98,10629342490369879,26406,-6869,1070,1166235,7161971,-5706,3485,-7435,-2410,-8454,-4765
1736071944.722020;m3-12;From: 9577 (m3-79);Len: 114;Rssi: -91;PowerLevel: m10dBm;DATA: 98,10629342490369879,26406,-6869,1070,1166235,7161971,-5706,3485,-7435,-2410,-8454,-4765
1736071945.217641;m3-12;From: 9577 (m3-79);Len: 114;Rssi: -91;PowerLevel: m10dBm;DATA: 98,10629342490369879,26406,-6869,1070,1166235,7161971,-5706,3485,-7435,-2410,-8454,-4765
1736071945.222502;m3-4;From: 9577 (m3-79);Len: 114;Rssi: -91;PowerLevel: m10dBm;DATA: 98,10629342490369879,26406,-6869,1070,1166235,7161971,-5706,3485,-7435,-2410,-8454,-4765
1736071945.461680;m3-23;From: 9577 (m3-79);Len: 114;Rssi: -91;PowerLevel: m10dBm;DATA: 98,10629342490369879,26406,-6869,1070,1166235,7161971,-5706,3485,-7435,-2410,-8454,-4765
1736071945.462356;m3-4;From: 9577 (m3-79);Len: 114;Rssi: -91;PowerLevel: m10dBm;DATA: 98,10629342490369879,26406,-6869,1070,1166235,7161971,-5706,3485,-7435,-2410,-8454,-4765
1736071945.473600;m3-12;From: 9577 (m3-79);Len: 114;Rssi: -91;PowerLevel: m10dBm;DATA: 98,10629342490369879,26406,-6869,1070,1166235,7161971,-5706,3485,-7435,-2410,-8454,-4765
1736071945.969614;m3-12;From: 9577 (m3-79);Len: 114;Rssi: -91;PowerLevel: m10dBm;DATA: 98,10629342490369879,26406,-6869,1070,1166235,7161971,-5706,3485,-7435,-2410,-8454,-4765
1736071945.973641;m3-23;From: 9577 (m3-79);Len: 114;Rssi: -91;PowerLevel: m10dBm;DATA: 98,10629342490369879,26406,-6869,1070,1166235,7161971,-5706,3485,-7435,-2410,-8454,-4765
1736071945.974311;m3-4;From: 9577 (m3-79);Len: 114;Rssi: -91;PowerLevel: m10dBm;DATA: 98,10629342490369879,26406,-6869,1070,1166235,7161971,-5706,3485,-7435,-2410,-8454,-4765
1736071945.975324;m3-9;From: 9577 (m3-79);Len: 114;Rssi: -91;PowerLevel: m10dBm;DATA: 98,10629342490369879,26406,-6869,1070,1166235,7161971,-5706,3485,-7435,-2410,-8454,-4765
1736071946.965652;m3-23;From: 9577 (m3-79);Len: 114;Rssi: -91;PowerLevel: m10dBm;DATA: 98,10629342490369879,26406,-6869,1070,1166235,7161971,-5706,3485,-7435,-2410,-8454,-4765
1736071946.966352;m3-4;From: 9577 (m3-79);Len: 114;Rssi: -91;PowerLevel: m10dBm;DATA: 98,10629342490369879,26406,-6869,1070,1166235,7161971,-5706,3485,-7435,-2410,-8454,-4765
1736071946.977460;m3-12;From: 9577 (m3-79);Len: 114;Rssi: -91;PowerLevel: m10dBm;DATA: 98,10629342490369879,26406,-6869,1070,1166235,7161971,-5706,3485,-7435,-2410,-8454,-4765
1736071947.473609;m3-12;From: 9577 (m3-79);Len: 114;Rssi: -91;PowerLevel: m10dBm;DATA: 98,10629342490369879,26406,-6869,1070,1166235,7161971,-5706,3485,-7435,-2410,-8454,-4765
1736071947.713518;m3-12;From: 9577 (m3-79);Len: 114;Rssi: -91;PowerLevel: m10dBm;DATA: 98,10629342490369879,26406,-6869,1070,1166235,7161971,-5706,3485,-7435,-2410,-8454,-4765
1736071947.969398;m3-12;From: 9577 (m3-79);Len: 114;Rssi: -91;PowerLevel: m10dBm;DATA: 98,10629342490369879,26406,-6869,1070,1166235,7161971,-5706,3485,-7435,-2410,-8454,-4765
1736071947.974202;m3-4;From: 9577 (m3-79);Len: 114;Rssi: -91;PowerLevel: m10dBm;DATA: 98,10629342490369879,26406,-6869,1070,1166235,7161971,-5706,3485,-7435,-2410,-8454,-4765
1736071948.213706;m3-23;From: 9577 (m3-79);Len: 114;Rssi: -91;PowerLevel: m10dBm;DATA: 98,10629342490369879,26406,-6869,1070,1166235,7161971,-5706,3485,-7435,-2410,-8454,-4765
1736071948.214378;m3-4;From: 9577 (m3-79);Len: 114;Rssi: -91;PowerLevel: m10dBm;DATA: 98,10629342490369879,26406,-6869,1070,1166235,7161971,-5706,3485,-7435,-2410,-8454,-4765
1736071948.215324;m3-9;From: 9577 (m3-79);Len: 114;Rssi: -91;PowerLevel: m10dBm;DATA: 98,10629342490369879,26406,-6869,1070,1166235,7161971,-5706,3485,-7435,-2410,-8454,-4765
1736071948.225260;m3-12;From: 9577 (m3-79);Len: 114;Rssi: -91;PowerLevel: m10dBm;DATA: 98,10629342490369879,26406,-6869,1070,1166235,7161971,-5706,3485,-7435,-2410,-8454,-4765
1736071948.721427;m3-12;From: 9577 (m3-79);Len: 114;Rssi: -91;PowerLevel: m10dBm;DATA: 98,10629342490369879,26406,-6869,1070,1166235,7161971,-5706,3485,-7435,-2410,-8454,-4765
1736071948.725391;m3-23;From: 9577 (m3-79);Len: 114;Rssi: -91;PowerLevel: m10dBm;DATA: 98,10629342490369879,26406,-6869,1070,1166235,7161971,-5706,3485,-7435,-2410,-8454,-4765
1736071948.726048;m3-4;From: 9577 (m3-79);Len: 114;Rssi: -91;PowerLevel: m10dBm;DATA: 98,10629342490369879,26406,-6869,1070,1166235,7161971,-5706,3485,-7435,-2410,-8454,-4765
1736071948.727018;m3-9;From: 9577 (m3-79);Len: 114;Rssi: -91;PowerLevel: m10dBm;DATA: 98,10629342490369879,26406,-6869,1070,1166235,7161971,-5706,3485,-7435,-2410,-8454,-4765
1736071952.213530;m3-23;From: 9577 (m3-79);Len: 113;Rssi: -89;PowerLevel: m7dBm;DATA: 98,10629342490369879,26406,-6869,1070,1166235,7161971,-5706,3485,-7435,-2410,-8454,-4765
1736071952.214266;m3-36;[in broadcast_data() INFO] POWER LEVEL: m7dBm
1736071952.214489;m3-4;From: 9577 (m3-79);Len: 113;Rssi: -90;PowerLevel: m7dBm;DATA: 98,10629342490369879,26406,-6869,1070,1166235,7161971,-5706,3485,-7435,-2410,-8454,-4765
1736071952.214982;m3-9;From: 9577 (m3-79);Len: 113;Rssi: -91;PowerLevel: m7dBm;DATA: 98,10629342490369879,26406,-6869,1070,1166235,7161971,-5706,3485,-7435,-2410,-8454,-4765
1736071952.225351;m3-12;From: 9577 (m3-79);Len: 113;Rssi: -90;PowerLevel: m7dBm;DATA: 98,10629342490369879,26406,-6869,1070,1166235,7161971,-5706,3485,-7435,-2410,-8454,-4765
1736071952.465081;m3-12;From: 9577 (m3-79);Len: 113;Rssi: -90;PowerLevel: m7dBm;DATA: 98,10629342490369879,26406,-6869,1070,1166235,7161971,-5706,3485,-7435,-2410,-8454,-4765
1736071952.469255;m3-23;From: 9577 (m3-79);Len: 113;Rssi: -89;PowerLevel: m7dBm;DATA: 98,10629342490369879,26406,-6869,1070,1166235,7161971,-5706,3485,-7435,-2410,-8454,-4765
1736071952.469895;m3-4;From: 9577 (m3-79);Len: 113;Rssi: -90;PowerLevel: m7dBm;DATA: 98,10629342490369879,26406,-6869,1070,1166235,7161971,-5706,3485,-7435,-2410,-8454,-4765
1736071952.470889;m3-9;From: 9577 (m3-79);Len: 113;Rssi: -91;PowerLevel: m7dBm;DATA: 98,10629342490369879,26406,-6869,1070,1166235,7161971,-5706,3485,-7435,-2410,-8454,-4765
1736071952.720926;m3-12;From: 9577 (m3-79);Len: 113;Rssi: -90;PowerLevel: m7dBm;DATA: 98,10629342490369879,26406,-6869,1070,1166235,7161971,-5706,3485,-7435,-2410,-8454,-4765
1736071952.725819;m3-4;From: 9577 (m3-79);Len: 113;Rssi: -90;PowerLevel: m7dBm;DATA: 98,10629342490369879,26406,-6869,1070,1166235,7161971,-5706,3485,-7435,-2410,-8454,-4765
1736071952.726687;m3-9;From: 9577 (m3-79);Len: 113;Rssi: -91;PowerLevel: m7dBm;DATA: 98,10629342490369879,26406,-6869,1070,1166235,7161971,-5706,3485,-7435,-2410,-8454,-4765
1736071953.217160;m3-12;From: 9577 (m3-79);Len: 113;Rssi: -91;PowerLevel: m7dBm;DATA: 98,10629342490369879,26406,-6869,1070,1166235,7161971,-5706,3485,-7435,-2410,-8454,-4765
1736071953.222046;m3-4;From: 9577 (m3-79);Len: 113;Rssi: -90;PowerLevel: m7dBm;DATA: 98,10629342490369879,26406,-6869,1070,1166235,7161971,-5706,3485,-7435,-2410,-8454,-4765
1736071953.222973;m3-9;From: 9577 (m3-79);Len: 113;Rssi: -91;PowerLevel: m7dBm;DATA: 98,10629342490369879,26406,-6869,1070,1166235,7161971,-5706,3485,-7435,-2410,-8454,-4765
1736071953.713128;m3-12;From: 9577 (m3-79);Len: 113;Rssi: -91;PowerLevel: m7dBm;DATA: 98,10629342490369879,26406,-6869,1070,1166235,7161971,-5706,3485,-7435,-2410,-8454,-4765
1736071953.717865;m3-4;From: 9577 (m3-79);Len: 113;Rssi: -90;PowerLevel: m7dBm;DATA: 98,10629342490369879,26406,-6869,1070,1166235,7161971,-5706,3485,-7435,-2410,-8454,-4765
1736071953.973788;m3-4;From: 9577 (m3-79);Len: 113;Rssi: -90;PowerLevel: m7dBm;DATA: 98,10629342490369879,26406,-6869,1070,1166235,7161971,-5706,3485,-7435,-2410,-8454,-4765
1736071953.974814;m3-9;From: 9577 (m3-79);Len: 113;Rssi: -91;PowerLevel: m7dBm;DATA: 98,10629342490369879,26406,-6869,1070,1166235,7161971,-5706,3485,-7435,-2410,-8454,-4765
1736071954.469915;m3-4;From: 9577 (m3-79);Len: 113;Rssi: -90;PowerLevel: m7dBm;DATA: 98,10629342490369879,26406,-6869,1070,1166235,7161971,-5706,3485,-7435,-2410,-8454,-4765
1736071954.470826;m3-9;From: 9577 (m3-79);Len: 113;Rssi: -91;PowerLevel: m7dBm;DATA: 98,10629342490369879,26406,-6869,1070,1166235,7161971,-5706,3485,-7435,-2410,-8454,-4765
1736071954.965811;m3-4;From: 9577 (m3-79);Len: 113;Rssi: -90;PowerLevel: m7dBm;DATA: 98,10629342490369879,26406,-6869,1070,1166235,7161971,-5706,3485,-7435,-2410,-8454,-4765
1736071954.966743;m3-9;From: 9577 (m3-79);Len: 113;Rssi: -91;PowerLevel: m7dBm;DATA: 98,10629342490369879,26406,-6869,1070,1166235,7161971,-5706,3485,-7435,-2410,-8454,-4765
1736071955.477651;m3-4;From: 9577 (m3-79);Len: 113;Rssi: -90;PowerLevel: m7dBm;DATA: 98,10629342490369879,26406,-6869,1070,1166235,7161971,-5706,3485,-7435,-2410,-8454,-4765
1736071955.973677;m3-4;From: 9577 (m3-79);Len: 113;Rssi: -90;PowerLevel: m7dBm;DATA: 98,10629342490369879,26406,-6869,1070,1166235,7161971,-5706,3485,-7435,-2410,-8454,-4765
1736071956.214949;m3-9;From: 9577 (m3-79);Len: 113;Rssi: -91;PowerLevel: m7dBm;DATA: 98,10629342490369879,26406,-6869,1070,1166235,7161971,-5706,3485,-7435,-2410,-8454,-4765
1736071956.726737;m3-9;From: 9577 (m3-79);Len: 113;Rssi: -91;PowerLevel: m7dBm;DATA: 98,10629342490369879,26406,-6869,1070,1166235,7161971,-5706,3485,-7435,-2410,-8454,-4765
1736071956.966726;m3-9;From: 9577 (m3-79);Len: 113;Rssi: -91;PowerLevel: m7dBm;DATA: 98,10629342490369879,26406,-6869,1070,1166235,7161971,-5706,3485,-7435,-2410,-8454,-4765
1736071957.222737;m3-9;From: 9577 (m3-79);Len: 113;Rssi: -91;PowerLevel: m7dBm;DATA: 98,10629342490369879,26406,-6869,1070,1166235,7161971,-5706,3485,-7435,-2410,-8454,-4765
1736071958.470748;m3-9;From: 9577 (m3-79);Len: 113;Rssi: -91;PowerLevel: m7dBm;DATA: 98,10629342490369879,26406,-6869,1070,1166235,7161971,-5706,3485,-7435,-2410,-8454,-4765
1736071958.966576;m3-9;From: 9577 (m3-79);Len: 113;Rssi: -91;PowerLevel: m7dBm;DATA: 98,10629342490369879,26406,-6869,1070,1166235,7161971,-5706,3485,-7435,-2410,-8454,-4765
1736071959.478510;m3-9;From: 9577 (m3-79);Len: 113;Rssi: -91;PowerLevel: m7dBm;DATA: 98,10629342490369879,26406,-6869,1070,1166235,7161971,-5706,3485,-7435,-2410,-8454,-4765
1736071962.709897;m3-36;[in broadcast_data() INFO] POWER LEVEL: m5dBm
1736071962.726504;m3-9;From: 9577 (m3-79);Len: 113;Rssi: -90;PowerLevel: m5dBm;DATA: 98,10629342490369879,26406,-6869,1070,1166235,7161971,-5706,3485,-7435,-2410,-8454,-4765
1736071962.966351;m3-9;From: 9577 (m3-79);Len: 113;Rssi: -90;PowerLevel: m5dBm;DATA: 98,10629342490369879,26406,-6869,1070,1166235,7161971,-5706,3485,-7435,-2410,-8454,-4765
1736071963.478210;m3-9;From: 9577 (m3-79);Len: 113;Rssi: -90;PowerLevel: m5dBm;DATA: 98,10629342490369879,26406,-6869,1070,1166235,7161971,-5706,3485,-7435,-2410,-8454,-4765
1736071964.726319;m3-9;From: 9577 (m3-79);Len: 113;Rssi: -90;PowerLevel: m5dBm;DATA: 98,10629342490369879,26406,-6869,1070,1166235,7161971,-5706,3485,-7435,-2410,-8454,-4765
1736071965.222280;m3-9;From: 9577 (m3-79);Len: 113;Rssi: -90;PowerLevel: m5dBm;DATA: 98,10629342490369879,26406,-6869,1070,1166235,7161971,-5706,3485,-7435,-2410,-8454,-4765
1736071973.221341;m3-36;[in broadcast_data() INFO] POWER LEVEL: m4dBm
1736071975.477483;m3-88;From: 9577 (m3-79);Len: 113;Rssi: -91;PowerLevel: m4dBm;DATA: 98,10629342490369879,26406,-6869,1070,1166235,7161971,-5706,3485,-7435,-2410,-8454,-4765
1736071983.716598;m3-36;[in broadcast_data() INFO] POWER LEVEL: m3dBm
1736071985.221081;m3-88;From: 9577 (m3-79);Len: 113;Rssi: -91;PowerLevel: m3dBm;DATA: 98,10629342490369879,26406,-6869,1070,1166235,7161971,-5706,3485,-7435,-2410,-8454,-4765
1736071986.724780;m3-88;From: 9577 (m3-79);Len: 113;Rssi: -91;PowerLevel: m3dBm;DATA: 98,10629342490369879,26406,-6869,1070,1166235,7161971,-5706,3485,-7435,-2410,-8454,-4765
1736071988.468841;m3-88;From: 9577 (m3-79);Len: 113;Rssi: -91;PowerLevel: m3dBm;DATA: 98,10629342490369879,26406,-6869,1070,1166235,7161971,-5706,3485,-7435,-2410,-8454,-4765
1736071988.980619;m3-88;From: 9577 (m3-79);Len: 113;Rssi: -91;PowerLevel: m3dBm;DATA: 98,10629342490369879,26406,-6869,1070,1166235,7161971,-5706,3485,-7435,-2410,-8454,-4765
1736071989.476795;m3-88;From: 9577 (m3-79);Len: 113;Rssi: -91;PowerLevel: m3dBm;DATA: 98,10629342490369879,26406,-6869,1070,1166235,7161971,-5706,3485,-7435,-2410,-8454,-4765
1736071989.716657;m3-88;From: 9577 (m3-79);Len: 113;Rssi: -91;PowerLevel: m3dBm;DATA: 98,10629342490369879,26406,-6869,1070,1166235,7161971,-5706,3485,-7435,-2410,-8454,-4765
1736071989.717512;m3-5;From: 9577 (m3-79);Len: 113;Rssi: -91;PowerLevel: m3dBm;DATA: 98,10629342490369879,26406,-6869,1070,1166235,7161971,-5706,3485,-7435,-2410,-8454,-4765
1736071990.228490;m3-88;From: 9577 (m3-79);Len: 113;Rssi: -91;PowerLevel: m3dBm;DATA: 98,10629342490369879,26406,-6869,1070,1166235,7161971,-5706,3485,-7435,-2410,-8454,-4765
1736071990.229121;m3-5;From: 9577 (m3-79);Len: 113;Rssi: -91;PowerLevel: m3dBm;DATA: 98,10629342490369879,26406,-6869,1070,1166235,7161971,-5706,3485,-7435,-2410,-8454,-4765
1736071990.725558;m3-5;From: 9577 (m3-79);Len: 113;Rssi: -91;PowerLevel: m3dBm;DATA: 98,10629342490369879,26406,-6869,1070,1166235,7161971,-5706,3485,-7435,-2410,-8454,-4765
1736071994.211933;m3-36;[in broadcast_data() INFO] POWER LEVEL: m2dBm
1736071994.724540;m3-88;From: 9577 (m3-79);Len: 113;Rssi: -91;PowerLevel: m2dBm;DATA: 98,10629342490369879,26406,-6869,1070,1166235,7161971,-5706,3485,-7435,-2410,-8454,-4765
1736071995.220288;m3-88;From: 9577 (m3-79);Len: 113;Rssi: -91;PowerLevel: m2dBm;DATA: 98,10629342490369879,26406,-6869,1070,1166235,7161971,-5706,3485,-7435,-2410,-8454,-4765
1736071995.221102;m3-5;From: 9577 (m3-79);Len: 113;Rssi: -91;PowerLevel: m2dBm;DATA: 98,10629342490369879,26406,-6869,1070,1166235,7161971,-5706,3485,-7435,-2410,-8454,-4765
1736071995.716883;m3-5;From: 9577 (m3-79);Len: 113;Rssi: -91;PowerLevel: m2dBm;DATA: 98,10629342490369879,26406,-6869,1070,1166235,7161971,-5706,3485,-7435,-2410,-8454,-4765
1736071995.732215;m3-88;From: 9577 (m3-79);Len: 113;Rssi: -91;PowerLevel: m2dBm;DATA: 98,10629342490369879,26406,-6869,1070,1166235,7161971,-5706,3485,-7435,-2410,-8454,-4765
1736071996.980126;m3-88;From: 9577 (m3-79);Len: 113;Rssi: -91;PowerLevel: m2dBm;DATA: 98,10629342490369879,26406,-6869,1070,1166235,7161971,-5706,3485,-7435,-2410,-8454,-4765
1736071996.980758;m3-5;From: 9577 (m3-79);Len: 113;Rssi: -91;PowerLevel: m2dBm;DATA: 98,10629342490369879,26406,-6869,1070,1166235,7161971,-5706,3485,-7435,-2410,-8454,-4765
1736071997.476265;m3-88;From: 9577 (m3-79);Len: 113;Rssi: -91;PowerLevel: m2dBm;DATA: 98,10629342490369879,26406,-6869,1070,1166235,7161971,-5706,3485,-7435,-2410,-8454,-4765
1736071997.476903;m3-5;From: 9577 (m3-79);Len: 113;Rssi: -91;PowerLevel: m2dBm;DATA: 98,10629342490369879,26406,-6869,1070,1166235,7161971,-5706,3485,-7435,-2410,-8454,-4765
1736071997.972170;m3-88;From: 9577 (m3-79);Len: 113;Rssi: -91;PowerLevel: m2dBm;DATA: 98,10629342490369879,26406,-6869,1070,1166235,7161971,-5706,3485,-7435,-2410,-8454,-4765
1736071997.972800;m3-5;From: 9577 (m3-79);Len: 113;Rssi: -91;PowerLevel: m2dBm;DATA: 98,10629342490369879,26406,-6869,1070,1166235,7161971,-5706,3485,-7435,-2410,-8454,-4765
1736071999.716733;m3-5;From: 9577 (m3-79);Len: 113;Rssi: -91;PowerLevel: m2dBm;DATA: 98,10629342490369879,26406,-6869,1070,1166235,7161971,-5706,3485,-7435,-2410,-8454,-4765
1736071999.732024;m3-88;From: 9577 (m3-79);Len: 113;Rssi: -91;PowerLevel: m2dBm;DATA: 98,10629342490369879,26406,-6869,1070,1166235,7161971,-5706,3485,-7435,-2410,-8454,-4765
1736072000.979934;m3-88;From: 9577 (m3-79);Len: 113;Rssi: -91;PowerLevel: m2dBm;DATA: 98,10629342490369879,26406,-6869,1070,1166235,7161971,-5706,3485,-7435,-2410,-8454,-4765
1736072000.980569;m3-5;From: 9577 (m3-79);Len: 113;Rssi: -91;PowerLevel: m2dBm;DATA: 98,10629342490369879,26406,-6869,1070,1166235,7161971,-5706,3485,-7435,-2410,-8454,-4765
1736072001.220656;m3-5;From: 9577 (m3-79);Len: 113;Rssi: -91;PowerLevel: m2dBm;DATA: 98,10629342490369879,26406,-6869,1070,1166235,7161971,-5706,3485,-7435,-2410,-8454,-4765
1736072004.723306;m3-36;[in broadcast_data() INFO] POWER LEVEL: m1dBm
1736072005.475823;m3-88;From: 9577 (m3-79);Len: 113;Rssi: -91;PowerLevel: m1dBm;DATA: 98,10629342490369879,26406,-6869,1070,1166235,7161971,-5706,3485,-7435,-2410,-8454,-4765
1736072005.476460;m3-5;From: 9577 (m3-79);Len: 113;Rssi: -91;PowerLevel: m1dBm;DATA: 98,10629342490369879,26406,-6869,1070,1166235,7161971,-5706,3485,-7435,-2410,-8454,-4765
1736072005.971655;m3-88;From: 9577 (m3-79);Len: 113;Rssi: -91;PowerLevel: m1dBm;DATA: 98,10629342490369879,26406,-6869,1070,1166235,7161971,-5706,3485,-7435,-2410,-8454,-4765
1736072005.972306;m3-5;From: 9577 (m3-79);Len: 113;Rssi: -91;PowerLevel: m1dBm;DATA: 98,10629342490369879,26406,-6869,1070,1166235,7161971,-5706,3485,-7435,-2410,-8454,-4765
1736072007.219682;m3-88;From: 9577 (m3-79);Len: 113;Rssi: -91;PowerLevel: m1dBm;DATA: 98,10629342490369879,26406,-6869,1070,1166235,7161971,-5706,3485,-7435,-2410,-8454,-4765
1736072007.731541;m3-88;From: 9577 (m3-79);Len: 113;Rssi: -91;PowerLevel: m1dBm;DATA: 98,10629342490369879,26406,-6869,1070,1166235,7161971,-5706,3485,-7435,-2410,-8454,-4765
1736072007.732167;m3-5;From: 9577 (m3-79);Len: 113;Rssi: -91;PowerLevel: m1dBm;DATA: 98,10629342490369879,26406,-6869,1070,1166235,7161971,-5706,3485,-7435,-2410,-8454,-4765
1736072008.227531;m3-88;From: 9577 (m3-79);Len: 113;Rssi: -91;PowerLevel: m1dBm;DATA: 98,10629342490369879,26406,-6869,1070,1166235,7161971,-5706,3485,-7435,-2410,-8454,-4765
1736072008.228163;m3-5;From: 9577 (m3-79);Len: 113;Rssi: -91;PowerLevel: m1dBm;DATA: 98,10629342490369879,26406,-6869,1070,1166235,7161971,-5706,3485,-7435,-2410,-8454,-4765
1736072008.723521;m3-88;From: 9577 (m3-79);Len: 113;Rssi: -91;PowerLevel: m1dBm;DATA: 98,10629342490369879,26406,-6869,1070,1166235,7161971,-5706,3485,-7435,-2410,-8454,-4765
1736072008.724194;m3-5;From: 9577 (m3-79);Len: 113;Rssi: -91;PowerLevel: m1dBm;DATA: 98,10629342490369879,26406,-6869,1070,1166235,7161971,-5706,3485,-7435,-2410,-8454,-4765
1736072009.475600;m3-88;From: 9577 (m3-79);Len: 113;Rssi: -91;PowerLevel: m1dBm;DATA: 98,10629342490369879,26406,-6869,1070,1166235,7161971,-5706,3485,-7435,-2410,-8454,-4765
1736072009.476277;m3-5;From: 9577 (m3-79);Len: 113;Rssi: -91;PowerLevel: m1dBm;DATA: 98,10629342490369879,26406,-6869,1070,1166235,7161971,-5706,3485,-7435,-2410,-8454,-4765
1736072009.971377;m3-88;From: 9577 (m3-79);Len: 113;Rssi: -91;PowerLevel: m1dBm;DATA: 98,10629342490369879,26406,-6869,1070,1166235,7161971,-5706,3485,-7435,-2410,-8454,-4765
1736072009.972007;m3-5;From: 9577 (m3-79);Len: 113;Rssi: -91;PowerLevel: m1dBm;DATA: 98,10629342490369879,26406,-6869,1070,1166235,7161971,-5706,3485,-7435,-2410,-8454,-4765
1736072010.468059;m3-5;From: 9577 (m3-79);Len: 113;Rssi: -91;PowerLevel: m1dBm;DATA: 98,10629342490369879,26406,-6869,1070,1166235,7161971,-5706,3485,-7435,-2410,-8454,-4765
1736072010.723921;m3-5;From: 9577 (m3-79);Len: 113;Rssi: -91;PowerLevel: m1dBm;DATA: 98,10629342490369879,26406,-6869,1070,1166235,7161971,-5706,3485,-7435,-2410,-8454,-4765
1736072015.218575;m3-36;[in broadcast_data() INFO] POWER LEVEL: 0_7dBm
1736072015.731636;m3-5;From: 9577 (m3-79);Len: 114;Rssi: -91;PowerLevel: 0_7dBm;DATA: 98,10629342490369879,26406,-6869,1070,1166235,7161971,-5706,3485,-7435,-2410,-8454,-4765
1736072016.227672;m3-5;From: 9577 (m3-79);Len: 114;Rssi: -91;PowerLevel: 0_7dBm;DATA: 98,10629342490369879,26406,-6869,1070,1166235,7161971,-5706,3485,-7435,-2410,-8454,-4765
1736072016.483488;m3-5;From: 9577 (m3-79);Len: 114;Rssi: -91;PowerLevel: 0_7dBm;DATA: 98,10629342490369879,26406,-6869,1070,1166235,7161971,-5706,3485,-7435,-2410,-8454,-4765
1736072017.219545;m3-5;From: 9577 (m3-79);Len: 114;Rssi: -91;PowerLevel: 0_7dBm;DATA: 98,10629342490369879,26406,-6869,1070,1166235,7161971,-5706,3485,-7435,-2410,-8454,-4765
1736072025.713972;m3-36;[in broadcast_data() INFO] POWER LEVEL: 1_3dBm
1736072036.225209;m3-36;[in broadcast_data() INFO] POWER LEVEL: 1_8dBm
1736072046.720606;m3-36;[in broadcast_data() INFO] POWER LEVEL: 2_3dBm
1736072057.215968;m3-36;[in broadcast_data() INFO] POWER LEVEL: 2_8dBm
1736072067.727496;m3-36;[in broadcast_data() INFO] POWER LEVEL: 3dBm
1736072078.222855;m3-36;[in bc_task() INFO] state PHY_STATE_IDLE
1736072078.223172;m3-36;
