1736072467.848742;m3-38;[in bc_task() INFO] > PLL_ON
1736072467.849381;m3-38;
1736072472.856408;m3-38;[in bc_task() INFO] > PHY_IDLE
1736072472.856704;m3-38;
1736072477.847980;m3-38;[in broadcast_data() INFO] POWER LEVEL: m17dBm
1736072477.862987;m3-31;From: 3858 (m3-111);Len: 114;Rssi: -76;PowerLevel: m17dBm;DATA: 98,10629342490369879,26406,-6869,1070,1166235,7161971,-5706,3485,-7435,-2410,-8454,-4765
1736072477.863310;m3-36;From: 3858 (m3-111);Len: 114;Rssi: -72;PowerLevel: m17dBm;DATA: 98,10629342490369879,26406,-6869,1070,1166235,7161971,-5706,3485,-7435,-2410,-8454,-4765
1736072477.863486;m3-39;From: 3858 (m3-111);Len: 114;Rssi: -69;PowerLevel: m17dBm;DATA: 98,10629342490369879,26406,-6869,1070,1166235,7161971,-5706,3485,-7435,-2410,-8454,-4765
1736072477.863934;m3-37;From: 3858 (m3-111);Len: 114;Rssi: -61;PowerLevel: m17dBm;DATA: 98,10629342490369879,26406,-6869,1070,1166235,7161971,-5706,3485,-7435,-2410,-8454,-4765
1736072477.864095;m3-40;From: 3858 (m3-111);Len: 114;Rssi: -83;PowerLevel: m17dBm;DATA: 98,10629342490369879,26406,-6869,1070,1166235,7161971,-5706,3485,-7435,-2410,-8454,-4765
1736072477.864242;m3-41;From: 3858 (m3-111);Len: 114;Rssi: -67;PowerLevel: m17dBm;DATA: 98,10629342490369879,26406,-6869,1070,1166235,7161971,-5706,3485,-7435,-2410,-8454,-4765
1736072477.864377;m3-42;From: 3858 (m3-111);Len: 114;Rssi: -67;PowerLevel: m17dBm;DATA: 98,10629342490369879,26406,-6869,1070,1166235,7161971,-5706,3485,-7435,-2410,-8454,-4765
1736072477.864511;m3-43;From: 3858 (m3-111);Len: 114;Rssi: -80;PowerLevel: m17dBm;DATA: 98,10629342490369879,26406,-6869,1070,1166235,7161971,-5706,3485,-7435,-2410,-8454,-4765
1736072477.864641;m3-44;From: 3858 (m3-111);Len: 114;Rssi: -81;PowerLevel: m17dBm;DATA: 98,10629342490369879,26406,-6869,1070,1166235,7161971,-5706,3485,-7435,-2410,-8454,-4765
1736072477.865033;m3-45;From: 3858 (m3-111);Len: 114;Rssi: -67;PowerLevel: m17dBm;DATA: 98,10629342490369879,26406,-6869,1070,1166235,7161971,-5706,3485,-7435,-2410,-8454,-4765
1736072478.104241;m3-45;From: 3858 (m3-111);Len: 114;Rssi: -67;PowerLevel: m17dBm;DATA: 98,10629342490369879,26406,-6869,1070,1166235,7161971,-5706,3485,-7435,-2410,-8454,-4765
1736072478.118753;m3-31;From: 3858 (m3-111);Len: 114;Rssi: -76;PowerLevel: m17dBm;DATA: 98,10629342490369879,26406,-6869,1070,1166235,7161971,-5706,3485,-7435,-2410,-8454,-4765
1736072478.119018;m3-36;From: 3858 (m3-111);Len: 114;Rssi: -72;PowerLevel: m17dBm;DATA: 98,10629342490369879,26406,-6869,1070,1166235,7161971,-5706,3485,-7435,-2410,-8454,-4765
1736072478.119187;m3-39;From: 3858 (m3-111);Len: 114;Rssi: -69;PowerLevel: m17dBm;DATA: 98,10629342490369879,26406,-6869,1070,1166235,7161971,-5706,3485,-7435,-2410,-8454,-4765
1736072478.119699;m3-37;From: 3858 (m3-111);Len: 114;Rssi: -61;PowerLevel: m17dBm;DATA: 98,10629342490369879,26406,-6869,1070,1166235,7161971,-5706,3485,-7435,-2410,-8454,-4765
1736072478.119858;m3-40;From: 3858 (m3-111);Len: 114;Rssi: -84;PowerLevel: m17dBm;DATA: 98,10629342490369879,26406,-6869,1070,1166235,7161971,-5706,3485,-7435,-2410,-8454,-4765
1736072478.119999;m3-41;From: 3858 (m3-111);Len: 114;Rssi: -67;PowerLevel: m17dBm;DATA: 98,10629342490369879,26406,-6869,1070,1166235,7161971,-5706,3485,-7435,-2410,-8454,-4765
1736072478.120132;m3-42;From: 3858 (m3-111);Len: 114;Rssi: -67;PowerLevel: m17dBm;DATA: 98,10629342490369879,26406,-6869,1070,1166235,7161971,-5706,3485,-7435,-2410,-8454,-4765
1736072478.120263;m3-43;From: 3858 (m3-111);Len: 114;Rssi: -80;PowerLevel: m17dBm;DATA: 98,10629342490369879,26406,-6869,1070,1166235,7161971,-5706,3485,-7435,-2410,-8454,-4765
1736072478.120391;m3-44;From: 3858 (m3-111);Len: 114;Rssi: -82;PowerLevel: m17dBm;DATA: 98,10629342490369879,26406,-6869,1070,1166235,7161971,-5706,3485,-7435,-2410,-8454,-4765
1736072478.358750;m3-31;From: 3858 (m3-111);Len: 114;Rssi: -76;PowerLevel: m17dBm;DATA: 98,10629342490369879,26406,-6869,1070,1166235,7161971,-5706,3485,-7435,-2410,-8454,-4765
1736072478.359023;m3-36;From: 3858 (m3-111);Len: 114;Rssi: -72;PowerLevel: m17dBm;DATA: 98,10629342490369879,26406,-6869,1070,1166235,7161971,-5706,3485,-7435,-2410,-8454,-4765
1736072478.359221;m3-39;From: 3858 (m3-111);Len: 114;Rssi: -69;PowerLevel: m17dBm;DATA: 98,10629342490369879,26406,-6869,1070,1166235,7161971,-5706,3485,-7435,-2410,-8454,-4765
1736072478.359738;m3-37;From: 3858 (m3-111);Len: 114;Rssi: -61;PowerLevel: m17dBm;DATA: 98,10629342490369879,26406,-6869,1070,1166235,7161971,-5706,3485,-7435,-2410,-8454,-4765
1736072478.359893;m3-40;From: 3858 (m3-111);Len: 114;Rssi: -84;PowerLevel: m17dBm;DATA: 98,10629342490369879,26406,-6869,1070,1166235,7161971,-5706,3485,-7435,-2410,-8454,-4765
1736072478.360032;m3-41;From: 3858 (m3-111);Len: 114;Rssi: -67;PowerLevel: m17dBm;DATA: 98,10629342490369879,26406,-6869,1070,1166235,7161971,-5706,3485,-7435,-2410,-8454,-4765
1736072478.360166;m3-42;From: 3858 (m3-111);Len: 114;Rssi: -67;PowerLevel: m17dBm;DATA: 98,10629342490369879,26406,-6869,1070,1166235,7161971,-5706,3485,-7435,-2410,-8454,-4765
1736072478.360296;m3-43;From: 3858 (m3-111);Len: 114;Rssi: -80;PowerLevel: m17dBm;DATA: 98,10629342490369879,26406,-6869,1070,1166235,7161971,-5706,3485,-7435,-2410,-8454,-4765
1736072478.360426;m3-44;From: 3858 (m3-111);Len: 114;Rssi: -82;PowerLevel: m17dBm;DATA: 98,10629342490369879,26406,-6869,1070,1166235,7161971,-5706,3485,-7435,-2410,-8454,-4765
1736072478.360820;m3-45;From: 3858 (m3-111);Len: 114;Rssi: -67;PowerLevel: m17dBm;DATA: 98,10629342490369879,26406,-6869,1070,1166235,7161971,-5706,3485,-7435,-2410,-8454,-4765
1736072478.364421;m3-26;From: 3858 (m3-111);Len: 114;Rssi: -91;PowerLevel: m17dBm;DATA: 98,10629342490369879,26406,-6869,1070,1166235,7161971,-5706,3485,-7435,-2410,-8454,-4765
1736072478.614782;m3-36;From: 3858 (m3-111);Len: 114;Rssi: -72;PowerLevel: m17dBm;DATA: 98,10629342490369879,26406,-6869,1070,1166235,7161971,-5706,3485,-7435,-2410,-8454,-4765
1736072478.615054;m3-39;From: 3858 (m3-111);Len: 114;Rssi: -69;PowerLevel: m17dBm;DATA: 98,10629342490369879,26406,-6869,1070,1166235,7161971,-5706,3485,-7435,-2410,-8454,-4765
1736072478.615574;m3-37;From: 3858 (m3-111);Len: 114;Rssi: -61;PowerLevel: m17dBm;DATA: 98,10629342490369879,26406,-6869,1070,1166235,7161971,-5706,3485,-7435,-2410,-8454,-4765
1736072478.615745;m3-41;From: 3858 (m3-111);Len: 114;Rssi: -67;PowerLevel: m17dBm;DATA: 98,10629342490369879,26406,-6869,1070,1166235,7161971,-5706,3485,-7435,-2410,-8454,-4765
1736072478.615888;m3-42;From: 3858 (m3-111);Len: 114;Rssi: -67;PowerLevel: m17dBm;DATA: 98,10629342490369879,26406,-6869,1070,1166235,7161971,-5706,3485,-7435,-2410,-8454,-4765
1736072478.616288;m3-45;From: 3858 (m3-111);Len: 114;Rssi: -67;PowerLevel: m17dBm;DATA: 98,10629342490369879,26406,-6869,1070,1166235,7161971,-5706,3485,-7435,-2410,-8454,-4765
1736072478.854728;m3-25;From: 3858 (m3-111);Len: 114;Rssi: -91;PowerLevel: m17dBm;DATA: 98,10629342490369879,26406,-6869,1070,1166235,7161971,-5706,3485,-7435,-2410,-8454,-4765
1736072478.854995;m3-31;From: 3858 (m3-111);Len: 114;Rssi: -76;PowerLevel: m17dBm;DATA: 98,10629342490369879,26406,-6869,1070,1166235,7161971,-5706,3485,-7435,-2410,-8454,-4765
1736072478.855160;m3-36;From: 3858 (m3-111);Len: 114;Rssi: -72;PowerLevel: m17dBm;DATA: 98,10629342490369879,26406,-6869,1070,1166235,7161971,-5706,3485,-7435,-2410,-8454,-4765
1736072478.855351;m3-39;From: 3858 (m3-111);Len: 114;Rssi: -69;PowerLevel: m17dBm;DATA: 98,10629342490369879,26406,-6869,1070,1166235,7161971,-5706,3485,-7435,-2410,-8454,-4765
1736072478.855793;m3-37;From: 3858 (m3-111);Len: 114;Rssi: -61;PowerLevel: m17dBm;DATA: 98,10629342490369879,26406,-6869,1070,1166235,7161971,-5706,3485,-7435,-2410,-8454,-4765
1736072478.855942;m3-40;From: 3858 (m3-111);Len: 114;Rssi: -84;PowerLevel: m17dBm;DATA: 98,10629342490369879,26406,-6869,1070,1166235,7161971,-5706,3485,-7435,-2410,-8454,-4765
1736072478.856079;m3-41;From: 3858 (m3-111);Len: 114;Rssi: -67;PowerLevel: m17dBm;DATA: 98,10629342490369879,26406,-6869,1070,1166235,7161971,-5706,3485,-7435,-2410,-8454,-4765
1736072478.856211;m3-42;From: 3858 (m3-111);Len: 114;Rssi: -67;PowerLevel: m17dBm;DATA: 98,10629342490369879,26406,-6869,1070,1166235,7161971,-5706,3485,-7435,-2410,-8454,-4765
1736072478.856359;m3-43;From: 3858 (m3-111);Len: 114;Rssi: -80;PowerLevel: m17dBm;DATA: 98,10629342490369879,26406,-6869,1070,1166235,7161971,-5706,3485,-7435,-2410,-8454,-4765
1736072478.856488;m3-44;From: 3858 (m3-111);Len: 114;Rssi: -82;PowerLevel: m17dBm;DATA: 98,10629342490369879,26406,-6869,1070,1166235,7161971,-5706,3485,-7435,-2410,-8454,-4765
1736072478.856883;m3-45;From: 3858 (m3-111);Len: 114;Rssi: -67;PowerLevel: m17dBm;DATA: 98,10629342490369879,26406,-6869,1070,1166235,7161971,-5706,3485,-7435,-2410,-8454,-4765
1736072478.860250;m3-26;From: 3858 (m3-111);Len: 114;Rssi: -91;PowerLevel: m17dBm;DATA: 98,10629342490369879,26406,-6869,1070,1166235,7161971,-5706,3485,-7435,-2410,-8454,-4765
1736072479.110625;m3-25;From: 3858 (m3-111);Len: 114;Rssi: -91;PowerLevel: m17dBm;DATA: 98,10629342490369879,26406,-6869,1070,1166235,7161971,-5706,3485,-7435,-2410,-8454,-4765
1736072479.110893;m3-31;From: 3858 (m3-111);Len: 114;Rssi: -76;PowerLevel: m17dBm;DATA: 98,10629342490369879,26406,-6869,1070,1166235,7161971,-5706,3485,-7435,-2410,-8454,-4765
1736072479.111058;m3-36;From: 3858 (m3-111);Len: 114;Rssi: -72;PowerLevel: m17dBm;DATA: 98,10629342490369879,26406,-6869,1070,1166235,7161971,-5706,3485,-7435,-2410,-8454,-4765
1736072479.111202;m3-39;From: 3858 (m3-111);Len: 114;Rssi: -69;PowerLevel: m17dBm;DATA: 98,10629342490369879,26406,-6869,1070,1166235,7161971,-5706,3485,-7435,-2410,-8454,-4765
1736072479.111687;m3-37;From: 3858 (m3-111);Len: 114;Rssi: -61;PowerLevel: m17dBm;DATA: 98,10629342490369879,26406,-6869,1070,1166235,7161971,-5706,3485,-7435,-2410,-8454,-4765
1736072479.111835;m3-40;From: 3858 (m3-111);Len: 114;Rssi: -84;PowerLevel: m17dBm;DATA: 98,10629342490369879,26406,-6869,1070,1166235,7161971,-5706,3485,-7435,-2410,-8454,-4765
1736072479.111970;m3-41;From: 3858 (m3-111);Len: 114;Rssi: -67;PowerLevel: m17dBm;DATA: 98,10629342490369879,26406,-6869,1070,1166235,7161971,-5706,3485,-7435,-2410,-8454,-4765
1736072479.112101;m3-42;From: 3858 (m3-111);Len: 114;Rssi: -67;PowerLevel: m17dBm;DATA: 98,10629342490369879,26406,-6869,1070,1166235,7161971,-5706,3485,-7435,-2410,-8454,-4765
1736072479.112231;m3-43;From: 3858 (m3-111);Len: 114;Rssi: -80;PowerLevel: m17dBm;DATA: 98,10629342490369879,26406,-6869,1070,1166235,7161971,-5706,3485,-7435,-2410,-8454,-4765
1736072479.112363;m3-44;From: 3858 (m3-111);Len: 114;Rssi: -82;PowerLevel: m17dBm;DATA: 98,10629342490369879,26406,-6869,1070,1166235,7161971,-5706,3485,-7435,-2410,-8454,-4765
1736072479.112757;m3-45;From: 3858 (m3-111);Len: 114;Rssi: -67;PowerLevel: m17dBm;DATA: 98,10629342490369879,26406,-6869,1070,1166235,7161971,-5706,3485,-7435,-2410,-8454,-4765
1736072479.116224;m3-26;From: 3858 (m3-111);Len: 114;Rssi: -91;PowerLevel: m17dBm;DATA: 98,10629342490369879,26406,-6869,1070,1166235,7161971,-5706,3485,-7435,-2410,-8454,-4765
1736072479.356424;m3-26;From: 3858 (m3-111);Len: 114;Rssi: -91;PowerLevel: m17dBm;DATA: 98,10629342490369879,26406,-6869,1070,1166235,7161971,-5706,3485,-7435,-2410,-8454,-4765
1736072479.366558;m3-25;From: 3858 (m3-111);Len: 114;Rssi: -91;PowerLevel: m17dBm;DATA: 98,10629342490369879,26406,-6869,1070,1166235,7161971,-5706,3485,-7435,-2410,-8454,-4765
1736072479.366824;m3-31;From: 3858 (m3-111);Len: 114;Rssi: -76;PowerLevel: m17dBm;DATA: 98,10629342490369879,26406,-6869,1070,1166235,7161971,-5706,3485,-7435,-2410,-8454,-4765
1736072479.366988;m3-39;From: 3858 (m3-111);Len: 114;Rssi: -69;PowerLevel: m17dBm;DATA: 98,10629342490369879,26406,-6869,1070,1166235,7161971,-5706,3485,-7435,-2410,-8454,-4765
1736072479.367487;m3-36;From: 3858 (m3-111);Len: 114;Rssi: -72;PowerLevel: m17dBm;DATA: 98,10629342490369879,26406,-6869,1070,1166235,7161971,-5706,3485,-7435,-2410,-8454,-4765
1736072479.367662;m3-37;From: 3858 (m3-111);Len: 114;Rssi: -61;PowerLevel: m17dBm;DATA: 98,10629342490369879,26406,-6869,1070,1166235,7161971,-5706,3485,-7435,-2410,-8454,-4765
1736072479.367806;m3-40;From: 3858 (m3-111);Len: 114;Rssi: -84;PowerLevel: m17dBm;DATA: 98,10629342490369879,26406,-6869,1070,1166235,7161971,-5706,3485,-7435,-2410,-8454,-4765
1736072479.367942;m3-41;From: 3858 (m3-111);Len: 114;Rssi: -67;PowerLevel: m17dBm;DATA: 98,10629342490369879,26406,-6869,1070,1166235,7161971,-5706,3485,-7435,-2410,-8454,-4765
1736072479.368091;m3-42;From: 3858 (m3-111);Len: 114;Rssi: -67;PowerLevel: m17dBm;DATA: 98,10629342490369879,26406,-6869,1070,1166235,7161971,-5706,3485,-7435,-2410,-8454,-4765
1736072479.368221;m3-43;From: 3858 (m3-111);Len: 114;Rssi: -80;PowerLevel: m17dBm;DATA: 98,10629342490369879,26406,-6869,1070,1166235,7161971,-5706,3485,-7435,-2410,-8454,-4765
1736072479.368351;m3-44;From: 3858 (m3-111);Len: 114;Rssi: -81;PowerLevel: m17dBm;DATA: 98,10629342490369879,26406,-6869,1070,1166235,7161971,-5706,3485,-7435,-2410,-8454,-4765
1736072479.368754;m3-45;From: 3858 (m3-111);Len: 114;Rssi: -67;PowerLevel: m17dBm;DATA: 98,10629342490369879,26406,-6869,1070,1166235,7161971,-5706,3485,-7435,-2410,-8454,-4765
1736072479.862549;m3-31;From: 3858 (m3-111);Len: 114;Rssi: -76;PowerLevel: m17dBm;DATA: 98,10629342490369879,26406,-6869,1070,1166235,7161971,-5706,3485,-7435,-2410,-8454,-4765
1736072479.862822;m3-36;From: 3858 (m3-111);Len: 114;Rssi: -72;PowerLevel: m17dBm;DATA: 98,10629342490369879,26406,-6869,1070,1166235,7161971,-5706,3485,-7435,-2410,-8454,-4765
1736072479.862990;m3-39;From: 3858 (m3-111);Len: 114;Rssi: -69;PowerLevel: m17dBm;DATA: 98,10629342490369879,26406,-6869,1070,1166235,7161971,-5706,3485,-7435,-2410,-8454,-4765
1736072479.863488;m3-37;From: 3858 (m3-111);Len: 114;Rssi: -61;PowerLevel: m17dBm;DATA: 98,10629342490369879,26406,-6869,1070,1166235,7161971,-5706,3485,-7435,-2410,-8454,-4765
1736072479.863659;m3-40;From: 3858 (m3-111);Len: 114;Rssi: -83;PowerLevel: m17dBm;DATA: 98,10629342490369879,26406,-6869,1070,1166235,7161971,-5706,3485,-7435,-2410,-8454,-4765
1736072479.863803;m3-41;From: 3858 (m3-111);Len: 114;Rssi: -67;PowerLevel: m17dBm;DATA: 98,10629342490369879,26406,-6869,1070,1166235,7161971,-5706,3485,-7435,-2410,-8454,-4765
1736072479.863940;m3-42;From: 3858 (m3-111);Len: 114;Rssi: -67;PowerLevel: m17dBm;DATA: 98,10629342490369879,26406,-6869,1070,1166235,7161971,-5706,3485,-7435,-2410,-8454,-4765
1736072479.864075;m3-43;From: 3858 (m3-111);Len: 114;Rssi: -80;PowerLevel: m17dBm;DATA: 98,10629342490369879,26406,-6869,1070,1166235,7161971,-5706,3485,-7435,-2410,-8454,-4765
1736072479.864208;m3-44;From: 3858 (m3-111);Len: 114;Rssi: -82;PowerLevel: m17dBm;DATA: 98,10629342490369879,26406,-6869,1070,1166235,7161971,-5706,3485,-7435,-2410,-8454,-4765
1736072479.864607;m3-45;From: 3858 (m3-111);Len: 114;Rssi: -67;PowerLevel: m17dBm;DATA: 98,10629342490369879,26406,-6869,1070,1166235,7161971,-5706,3485,-7435,-2410,-8454,-4765
1736072479.868065;m3-26;From: 3858 (m3-111);Len: 114;Rssi: -91;PowerLevel: m17dBm;DATA: 98,10629342490369879,26406,-6869,1070,1166235,7161971,-5706,3485,-7435,-2410,-8454,-4765
1736072480.358633;m3-31;From: 3858 (m3-111);Len: 114;Rssi: -76;PowerLevel: m17dBm;DATA: 98,10629342490369879,26406,-6869,1070,1166235,7161971,-5706,3485,-7435,-2410,-8454,-4765
1736072480.358901;m3-36;From: 3858 (m3-111);Len: 114;Rssi: -72;PowerLevel: m17dBm;DATA: 98,10629342490369879,26406,-6869,1070,1166235,7161971,-5706,3485,-7435,-2410,-8454,-4765
1736072480.359067;m3-39;From: 3858 (m3-111);Len: 114;Rssi: -69;PowerLevel: m17dBm;DATA: 98,10629342490369879,26406,-6869,1070,1166235,7161971,-5706,3485,-7435,-2410,-8454,-4765
1736072480.359602;m3-37;From: 3858 (m3-111);Len: 114;Rssi: -61;PowerLevel: m17dBm;DATA: 98,10629342490369879,26406,-6869,1070,1166235,7161971,-5706,3485,-7435,-2410,-8454,-4765
1736072480.359769;m3-40;From: 3858 (m3-111);Len: 114;Rssi: -84;PowerLevel: m17dBm;DATA: 98,10629342490369879,26406,-6869,1070,1166235,7161971,-5706,3485,-7435,-2410,-8454,-4765
1736072480.359906;m3-41;From: 3858 (m3-111);Len: 114;Rssi: -67;PowerLevel: m17dBm;DATA: 98,10629342490369879,26406,-6869,1070,1166235,7161971,-5706,3485,-7435,-2410,-8454,-4765
1736072480.360039;m3-42;From: 3858 (m3-111);Len: 114;Rssi: -67;PowerLevel: m17dBm;DATA: 98,10629342490369879,26406,-6869,1070,1166235,7161971,-5706,3485,-7435,-2410,-8454,-4765
1736072480.360171;m3-43;From: 3858 (m3-111);Len: 114;Rssi: -80;PowerLevel: m17dBm;DATA: 98,10629342490369879,26406,-6869,1070,1166235,7161971,-5706,3485,-7435,-2410,-8454,-4765
1736072480.360315;m3-44;From: 3858 (m3-111);Len: 114;Rssi: -82;PowerLevel: m17dBm;DATA: 98,10629342490369879,26406,-6869,1070,1166235,7161971,-5706,3485,-7435,-2410,-8454,-4765
1736072480.360713;m3-45;From: 3858 (m3-111);Len: 114;Rssi: -67;PowerLevel: m17dBm;DATA: 98,10629342490369879,26406,-6869,1070,1166235,7161971,-5706,3485,-7435,-2410,-8454,-4765
1736072480.614610;m3-25;From: 3858 (m3-111);Len: 114;Rssi: -91;PowerLevel: m17dBm;DATA: 98,10629342490369879,26406,-6869,1070,1166235,7161971,-5706,3485,-7435,-2410,-8454,-4765
1736072480.614878;m3-31;From: 3858 (m3-111);Len: 114;Rssi: -76;PowerLevel: m17dBm;DATA: 98,10629342490369879,26406,-6869,1070,1166235,7161971,-5706,3485,-7435,-2410,-8454,-4765
1736072480.615045;m3-36;From: 3858 (m3-111);Len: 114;Rssi: -72;PowerLevel: m17dBm;DATA: 98,10629342490369879,26406,-6869,1070,1166235,7161971,-5706,3485,-7435,-2410,-8454,-4765
1736072480.615194;m3-39;From: 3858 (m3-111);Len: 114;Rssi: -69;PowerLevel: m17dBm;DATA: 98,10629342490369879,26406,-6869,1070,1166235,7161971,-5706,3485,-7435,-2410,-8454,-4765
1736072480.615701;m3-37;From: 3858 (m3-111);Len: 114;Rssi: -61;PowerLevel: m17dBm;DATA: 98,10629342490369879,26406,-6869,1070,1166235,7161971,-5706,3485,-7435,-2410,-8454,-4765
1736072480.615854;m3-40;From: 3858 (m3-111);Len: 114;Rssi: -84;PowerLevel: m17dBm;DATA: 98,10629342490369879,26406,-6869,1070,1166235,7161971,-5706,3485,-7435,-2410,-8454,-4765
1736072480.615989;m3-41;From: 3858 (m3-111);Len: 114;Rssi: -67;PowerLevel: m17dBm;DATA: 98,10629342490369879,26406,-6869,1070,1166235,7161971,-5706,3485,-7435,-2410,-8454,-4765
1736072480.616122;m3-42;From: 3858 (m3-111);Len: 114;Rssi: -67;PowerLevel: m17dBm;DATA: 98,10629342490369879,26406,-6869,1070,1166235,7161971,-5706,3485,-7435,-2410,-8454,-4765
1736072480.616252;m3-43;From: 3858 (m3-111);Len: 114;Rssi: -80;PowerLevel: m17dBm;DATA: 98,10629342490369879,26406,-6869,1070,1166235,7161971,-5706,3485,-7435,-2410,-8454,-4765
1736072480.616382;m3-44;From: 3858 (m3-111);Len: 114;Rssi: -82;PowerLevel: m17dBm;DATA: 98,10629342490369879,26406,-6869,1070,1166235,7161971,-5706,3485,-7435,-2410,-8454,-4765
1736072480.616776;m3-45;From: 3858 (m3-111);Len: 114;Rssi: -67;PowerLevel: m17dBm;DATA: 98,10629342490369879,26406,-6869,1070,1166235,7161971,-5706,3485,-7435,-2410,-8454,-4765
1736072480.620062;m3-26;From: 3858 (m3-111);Len: 114;Rssi: -91;PowerLevel: m17dBm;DATA: 98,10629342490369879,26406,-6869,1070,1166235,7161971,-5706,3485,-7435,-2410,-8454,-4765
1736072480.854670;m3-36;From: 3858 (m3-111);Len: 114;Rssi: -72;PowerLevel: m17dBm;DATA: 98,10629342490369879,26406,-6869,1070,1166235,7161971,-5706,3485,-7435,-2410,-8454,-4765
1736072480.854936;m3-39;From: 3858 (m3-111);Len: 114;Rssi: -69;PowerLevel: m17dBm;DATA: 98,10629342490369879,26406,-6869,1070,1166235,7161971,-5706,3485,-7435,-2410,-8454,-4765
1736072480.855472;m3-37;From: 3858 (m3-111);Len: 114;Rssi: -61;PowerLevel: m17dBm;DATA: 98,10629342490369879,26406,-6869,1070,1166235,7161971,-5706,3485,-7435,-2410,-8454,-4765
1736072480.855648;m3-41;From: 3858 (m3-111);Len: 114;Rssi: -67;PowerLevel: m17dBm;DATA: 98,10629342490369879,26406,-6869,1070,1166235,7161971,-5706,3485,-7435,-2410,-8454,-4765
1736072480.855795;m3-42;From: 3858 (m3-111);Len: 114;Rssi: -67;PowerLevel: m17dBm;DATA: 98,10629342490369879,26406,-6869,1070,1166235,7161971,-5706,3485,-7435,-2410,-8454,-4765
1736072480.856199;m3-45;From: 3858 (m3-111);Len: 114;Rssi: -67;PowerLevel: m17dBm;DATA: 98,10629342490369879,26406,-6869,1070,1166235,7161971,-5706,3485,-7435,-2410,-8454,-4765
1736072481.110363;m3-25;From: 3858 (m3-111);Len: 114;Rssi: -91;PowerLevel: m17dBm;DATA: 98,10629342490369879,26406,-6869,1070,1166235,7161971,-5706,3485,-7435,-2410,-8454,-4765
1736072481.110630;m3-31;From: 3858 (m3-111);Len: 114;Rssi: -76;PowerLevel: m17dBm;DATA: 98,10629342490369879,26406,-6869,1070,1166235,7161971,-5706,3485,-7435,-2410,-8454,-4765
1736072481.110796;m3-36;From: 3858 (m3-111);Len: 114;Rssi: -72;PowerLevel: m17dBm;DATA: 98,10629342490369879,26406,-6869,1070,1166235,7161971,-5706,3485,-7435,-2410,-8454,-4765
1736072481.110959;m3-39;From: 3858 (m3-111);Len: 114;Rssi: -69;PowerLevel: m17dBm;DATA: 98,10629342490369879,26406,-6869,1070,1166235,7161971,-5706,3485,-7435,-2410,-8454,-4765
1736072481.111440;m3-37;From: 3858 (m3-111);Len: 114;Rssi: -61;PowerLevel: m17dBm;DATA: 98,10629342490369879,26406,-6869,1070,1166235,7161971,-5706,3485,-7435,-2410,-8454,-4765
1736072481.111596;m3-40;From: 3858 (m3-111);Len: 114;Rssi: -84;PowerLevel: m17dBm;DATA: 98,10629342490369879,26406,-6869,1070,1166235,7161971,-5706,3485,-7435,-2410,-8454,-4765
1736072481.111733;m3-41;From: 3858 (m3-111);Len: 114;Rssi: -67;PowerLevel: m17dBm;DATA: 98,10629342490369879,26406,-6869,1070,1166235,7161971,-5706,3485,-7435,-2410,-8454,-4765
1736072481.111865;m3-42;From: 3858 (m3-111);Len: 114;Rssi: -67;PowerLevel: m17dBm;DATA: 98,10629342490369879,26406,-6869,1070,1166235,7161971,-5706,3485,-7435,-2410,-8454,-4765
1736072481.111996;m3-43;From: 3858 (m3-111);Len: 114;Rssi: -80;PowerLevel: m17dBm;DATA: 98,10629342490369879,26406,-6869,1070,1166235,7161971,-5706,3485,-7435,-2410,-8454,-4765
1736072481.112124;m3-44;From: 3858 (m3-111);Len: 114;Rssi: -82;PowerLevel: m17dBm;DATA: 98,10629342490369879,26406,-6869,1070,1166235,7161971,-5706,3485,-7435,-2410,-8454,-4765
1736072481.112522;m3-45;From: 3858 (m3-111);Len: 114;Rssi: -67;PowerLevel: m17dBm;DATA: 98,10629342490369879,26406,-6869,1070,1166235,7161971,-5706,3485,-7435,-2410,-8454,-4765
1736072481.116102;m3-26;From: 3858 (m3-111);Len: 114;Rssi: -91;PowerLevel: m17dBm;DATA: 98,10629342490369879,26406,-6869,1070,1166235,7161971,-5706,3485,-7435,-2410,-8454,-4765
1736072481.366597;m3-36;From: 3858 (m3-111);Len: 114;Rssi: -72;PowerLevel: m17dBm;DATA: 98,10629342490369879,26406,-6869,1070,1166235,7161971,-5706,3485,-7435,-2410,-8454,-4765
1736072481.366866;m3-39;From: 3858 (m3-111);Len: 114;Rssi: -69;PowerLevel: m17dBm;DATA: 98,10629342490369879,26406,-6869,1070,1166235,7161971,-5706,3485,-7435,-2410,-8454,-4765
1736072481.367399;m3-37;From: 3858 (m3-111);Len: 114;Rssi: -61;PowerLevel: m17dBm;DATA: 98,10629342490369879,26406,-6869,1070,1166235,7161971,-5706,3485,-7435,-2410,-8454,-4765
1736072481.367574;m3-41;From: 3858 (m3-111);Len: 114;Rssi: -67;PowerLevel: m17dBm;DATA: 98,10629342490369879,26406,-6869,1070,1166235,7161971,-5706,3485,-7435,-2410,-8454,-4765
1736072481.367723;m3-42;From: 3858 (m3-111);Len: 114;Rssi: -67;PowerLevel: m17dBm;DATA: 98,10629342490369879,26406,-6869,1070,1166235,7161971,-5706,3485,-7435,-2410,-8454,-4765
1736072481.368132;m3-45;From: 3858 (m3-111);Len: 114;Rssi: -67;PowerLevel: m17dBm;DATA: 98,10629342490369879,26406,-6869,1070,1166235,7161971,-5706,3485,-7435,-2410,-8454,-4765
1736072481.606606;m3-31;From: 3858 (m3-111);Len: 114;Rssi: -76;PowerLevel: m17dBm;DATA: 98,10629342490369879,26406,-6869,1070,1166235,7161971,-5706,3485,-7435,-2410,-8454,-4765
1736072481.606873;m3-36;From: 3858 (m3-111);Len: 114;Rssi: -72;PowerLevel: m17dBm;DATA: 98,10629342490369879,26406,-6869,1070,1166235,7161971,-5706,3485,-7435,-2410,-8454,-4765
1736072481.607039;m3-39;From: 3858 (m3-111);Len: 114;Rssi: -69;PowerLevel: m17dBm;DATA: 98,10629342490369879,26406,-6869,1070,1166235,7161971,-5706,3485,-7435,-2410,-8454,-4765
1736072481.607528;m3-37;From: 3858 (m3-111);Len: 114;Rssi: -61;PowerLevel: m17dBm;DATA: 98,10629342490369879,26406,-6869,1070,1166235,7161971,-5706,3485,-7435,-2410,-8454,-4765
1736072481.607687;m3-40;From: 3858 (m3-111);Len: 114;Rssi: -84;PowerLevel: m17dBm;DATA: 98,10629342490369879,26406,-6869,1070,1166235,7161971,-5706,3485,-7435,-2410,-8454,-4765
1736072481.607824;m3-41;From: 3858 (m3-111);Len: 114;Rssi: -67;PowerLevel: m17dBm;DATA: 98,10629342490369879,26406,-6869,1070,1166235,7161971,-5706,3485,-7435,-2410,-8454,-4765
1736072481.607957;m3-42;From: 3858 (m3-111);Len: 114;Rssi: -67;PowerLevel: m17dBm;DATA: 98,10629342490369879,26406,-6869,1070,1166235,7161971,-5706,3485,-7435,-2410,-8454,-4765
1736072481.608085;m3-43;From: 3858 (m3-111);Len: 114;Rssi: -80;PowerLevel: m17dBm;DATA: 98,10629342490369879,26406,-6869,1070,1166235,7161971,-5706,3485,-7435,-2410,-8454,-4765
1736072481.608230;m3-44;From: 3858 (m3-111);Len: 114;Rssi: -82;PowerLevel: m17dBm;DATA: 98,10629342490369879,26406,-6869,1070,1166235,7161971,-5706,3485,-7435,-2410,-8454,-4765
1736072481.608629;m3-45;From: 3858 (m3-111);Len: 114;Rssi: -67;PowerLevel: m17dBm;DATA: 98,10629342490369879,26406,-6869,1070,1166235,7161971,-5706,3485,-7435,-2410,-8454,-4765
1736072481.612109;m3-26;From: 3858 (m3-111);Len: 114;Rssi: -91;PowerLevel: m17dBm;DATA: 98,10629342490369879,26406,-6869,1070,1166235,7161971,-5706,3485,-7435,-2410,-8454,-4765
1736072481.862505;m3-31;From: 3858 (m3-111);Len: 114;Rssi: -76;PowerLevel: m17dBm;DATA: 98,10629342490369879,26406,-6869,1070,1166235,7161971,-5706,3485,-7435,-2410,-8454,-4765
1736072481.862772;m3-36;From: 3858 (m3-111);Len: 114;Rssi: -72;PowerLevel: m17dBm;DATA: 98,10629342490369879,26406,-6869,1070,1166235,7161971,-5706,3485,-7435,-2410,-8454,-4765
1736072481.862938;m3-39;From: 3858 (m3-111);Len: 114;Rssi: -69;PowerLevel: m17dBm;DATA: 98,10629342490369879,26406,-6869,1070,1166235,7161971,-5706,3485,-7435,-2410,-8454,-4765
1736072481.863445;m3-37;From: 3858 (m3-111);Len: 114;Rssi: -61;PowerLevel: m17dBm;DATA: 98,10629342490369879,26406,-6869,1070,1166235,7161971,-5706,3485,-7435,-2410,-8454,-4765
1736072481.863609;m3-40;From: 3858 (m3-111);Len: 114;Rssi: -84;PowerLevel: m17dBm;DATA: 98,10629342490369879,26406,-6869,1070,1166235,7161971,-5706,3485,-7435,-2410,-8454,-4765
1736072481.863747;m3-41;From: 3858 (m3-111);Len: 114;Rssi: -67;PowerLevel: m17dBm;DATA: 98,10629342490369879,26406,-6869,1070,1166235,7161971,-5706,3485,-7435,-2410,-8454,-4765
1736072481.863880;m3-42;From: 3858 (m3-111);Len: 114;Rssi: -67;PowerLevel: m17dBm;DATA: 98,10629342490369879,26406,-6869,1070,1166235,7161971,-5706,3485,-7435,-2410,-8454,-4765
1736072481.864013;m3-43;From: 3858 (m3-111);Len: 114;Rssi: -80;PowerLevel: m17dBm;DATA: 98,10629342490369879,26406,-6869,1070,1166235,7161971,-5706,3485,-7435,-2410,-8454,-4765
1736072481.864142;m3-44;From: 3858 (m3-111);Len: 114;Rssi: -82;PowerLevel: m17dBm;DATA: 98,10629342490369879,26406,-6869,1070,1166235,7161971,-5706,3485,-7435,-2410,-8454,-4765
1736072481.864540;m3-45;From: 3858 (m3-111);Len: 114;Rssi: -67;PowerLevel: m17dBm;DATA: 98,10629342490369879,26406,-6869,1070,1166235,7161971,-5706,3485,-7435,-2410,-8454,-4765
1736072482.118403;m3-31;From: 3858 (m3-111);Len: 114;Rssi: -76;PowerLevel: m17dBm;DATA: 98,10629342490369879,26406,-6869,1070,1166235,7161971,-5706,3485,-7435,-2410,-8454,-4765
1736072482.118667;m3-36;From: 3858 (m3-111);Len: 114;Rssi: -72;PowerLevel: m17dBm;DATA: 98,10629342490369879,26406,-6869,1070,1166235,7161971,-5706,3485,-7435,-2410,-8454,-4765
1736072482.118836;m3-39;From: 3858 (m3-111);Len: 114;Rssi: -69;PowerLevel: m17dBm;DATA: 98,10629342490369879,26406,-6869,1070,1166235,7161971,-5706,3485,-7435,-2410,-8454,-4765
1736072482.119322;m3-37;From: 3858 (m3-111);Len: 114;Rssi: -61;PowerLevel: m17dBm;DATA: 98,10629342490369879,26406,-6869,1070,1166235,7161971,-5706,3485,-7435,-2410,-8454,-4765
1736072482.119483;m3-40;From: 3858 (m3-111);Len: 114;Rssi: -84;PowerLevel: m17dBm;DATA: 98,10629342490369879,26406,-6869,1070,1166235,7161971,-5706,3485,-7435,-2410,-8454,-4765
1736072482.119620;m3-41;From: 3858 (m3-111);Len: 114;Rssi: -67;PowerLevel: m17dBm;DATA: 98,10629342490369879,26406,-6869,1070,1166235,7161971,-5706,3485,-7435,-2410,-8454,-4765
1736072482.119755;m3-42;From: 3858 (m3-111);Len: 114;Rssi: -67;PowerLevel: m17dBm;DATA: 98,10629342490369879,26406,-6869,1070,1166235,7161971,-5706,3485,-7435,-2410,-8454,-4765
1736072482.119885;m3-43;From: 3858 (m3-111);Len: 114;Rssi: -80;PowerLevel: m17dBm;DATA: 98,10629342490369879,26406,-6869,1070,1166235,7161971,-5706,3485,-7435,-2410,-8454,-4765
1736072482.120016;m3-44;From: 3858 (m3-111);Len: 114;Rssi: -82;PowerLevel: m17dBm;DATA: 98,10629342490369879,26406,-6869,1070,1166235,7161971,-5706,3485,-7435,-2410,-8454,-4765
1736072482.120411;m3-45;From: 3858 (m3-111);Len: 114;Rssi: -67;PowerLevel: m17dBm;DATA: 98,10629342490369879,26406,-6869,1070,1166235,7161971,-5706,3485,-7435,-2410,-8454,-4765
1736072482.614592;m3-31;From: 3858 (m3-111);Len: 114;Rssi: -76;PowerLevel: m17dBm;DATA: 98,10629342490369879,26406,-6869,1070,1166235,7161971,-5706,3485,-7435,-2410,-8454,-4765
1736072482.615035;m3-36;From: 3858 (m3-111);Len: 114;Rssi: -72;PowerLevel: m17dBm;DATA: 98,10629342490369879,26406,-6869,1070,1166235,7161971,-5706,3485,-7435,-2410,-8454,-4765
1736072482.615208;m3-39;From: 3858 (m3-111);Len: 114;Rssi: -69;PowerLevel: m17dBm;DATA: 98,10629342490369879,26406,-6869,1070,1166235,7161971,-5706,3485,-7435,-2410,-8454,-4765
1736072482.615735;m3-37;From: 3858 (m3-111);Len: 114;Rssi: -61;PowerLevel: m17dBm;DATA: 98,10629342490369879,26406,-6869,1070,1166235,7161971,-5706,3485,-7435,-2410,-8454,-4765
1736072482.615966;m3-40;From: 3858 (m3-111);Len: 114;Rssi: -84;PowerLevel: m17dBm;DATA: 98,10629342490369879,26406,-6869,1070,1166235,7161971,-5706,3485,-7435,-2410,-8454,-4765
1736072482.616114;m3-41;From: 3858 (m3-111);Len: 114;Rssi: -67;PowerLevel: m17dBm;DATA: 98,10629342490369879,26406,-6869,1070,1166235,7161971,-5706,3485,-7435,-2410,-8454,-4765
1736072482.616249;m3-42;From: 3858 (m3-111);Len: 114;Rssi: -67;PowerLevel: m17dBm;DATA: 98,10629342490369879,26406,-6869,1070,1166235,7161971,-5706,3485,-7435,-2410,-8454,-4765
1736072482.616379;m3-43;From: 3858 (m3-111);Len: 114;Rssi: -80;PowerLevel: m17dBm;DATA: 98,10629342490369879,26406,-6869,1070,1166235,7161971,-5706,3485,-7435,-2410,-8454,-4765
1736072482.616788;m3-45;From: 3858 (m3-111);Len: 114;Rssi: -67;PowerLevel: m17dBm;DATA: 98,10629342490369879,26406,-6869,1070,1166235,7161971,-5706,3485,-7435,-2410,-8454,-4765
1736072482.854629;m3-36;From: 3858 (m3-111);Len: 114;Rssi: -72;PowerLevel: m17dBm;DATA: 98,10629342490369879,26406,-6869,1070,1166235,7161971,-5706,3485,-7435,-2410,-8454,-4765
1736072482.854961;m3-39;From: 3858 (m3-111);Len: 114;Rssi: -69;PowerLevel: m17dBm;DATA: 98,10629342490369879,26406,-6869,1070,1166235,7161971,-5706,3485,-7435,-2410,-8454,-4765
1736072482.855539;m3-37;From: 3858 (m3-111);Len: 114;Rssi: -61;PowerLevel: m17dBm;DATA: 98,10629342490369879,26406,-6869,1070,1166235,7161971,-5706,3485,-7435,-2410,-8454,-4765
1736072482.855777;m3-40;From: 3858 (m3-111);Len: 114;Rssi: -84;PowerLevel: m17dBm;DATA: 98,10629342490369879,26406,-6869,1070,1166235,7161971,-5706,3485,-7435,-2410,-8454,-4765
1736072482.855931;m3-41;From: 3858 (m3-111);Len: 114;Rssi: -67;PowerLevel: m17dBm;DATA: 98,10629342490369879,26406,-6869,1070,1166235,7161971,-5706,3485,-7435,-2410,-8454,-4765
1736072482.856067;m3-42;From: 3858 (m3-111);Len: 114;Rssi: -67;PowerLevel: m17dBm;DATA: 98,10629342490369879,26406,-6869,1070,1166235,7161971,-5706,3485,-7435,-2410,-8454,-4765
1736072482.856200;m3-43;From: 3858 (m3-111);Len: 114;Rssi: -80;PowerLevel: m17dBm;DATA: 98,10629342490369879,26406,-6869,1070,1166235,7161971,-5706,3485,-7435,-2410,-8454,-4765
1736072482.856332;m3-44;From: 3858 (m3-111);Len: 114;Rssi: -82;PowerLevel: m17dBm;DATA: 98,10629342490369879,26406,-6869,1070,1166235,7161971,-5706,3485,-7435,-2410,-8454,-4765
1736072482.856737;m3-45;From: 3858 (m3-111);Len: 114;Rssi: -67;PowerLevel: m17dBm;DATA: 98,10629342490369879,26406,-6869,1070,1166235,7161971,-5706,3485,-7435,-2410,-8454,-4765
1736072482.859949;m3-26;From: 3858 (m3-111);Len: 114;Rssi: -91;PowerLevel: m17dBm;DATA: 98,10629342490369879,26406,-6869,1070,1166235,7161971,-5706,3485,-7435,-2410,-8454,-4765
1736072482.870087;m3-25;From: 3858 (m3-111);Len: 114;Rssi: -91;PowerLevel: m17dBm;DATA: 98,10629342490369879,26406,-6869,1070,1166235,7161971,-5706,3485,-7435,-2410,-8454,-4765
1736072482.870383;m3-31;From: 3858 (m3-111);Len: 114;Rssi: -76;PowerLevel: m17dBm;DATA: 98,10629342490369879,26406,-6869,1070,1166235,7161971,-5706,3485,-7435,-2410,-8454,-4765
1736072483.110525;m3-36;From: 3858 (m3-111);Len: 114;Rssi: -72;PowerLevel: m17dBm;DATA: 98,10629342490369879,26406,-6869,1070,1166235,7161971,-5706,3485,-7435,-2410,-8454,-4765
1736072483.110888;m3-39;From: 3858 (m3-111);Len: 114;Rssi: -69;PowerLevel: m17dBm;DATA: 98,10629342490369879,26406,-6869,1070,1166235,7161971,-5706,3485,-7435,-2410,-8454,-4765
1736072483.111419;m3-37;From: 3858 (m3-111);Len: 114;Rssi: -61;PowerLevel: m17dBm;DATA: 98,10629342490369879,26406,-6869,1070,1166235,7161971,-5706,3485,-7435,-2410,-8454,-4765
1736072483.111590;m3-41;From: 3858 (m3-111);Len: 114;Rssi: -67;PowerLevel: m17dBm;DATA: 98,10629342490369879,26406,-6869,1070,1166235,7161971,-5706,3485,-7435,-2410,-8454,-4765
1736072483.111793;m3-42;From: 3858 (m3-111);Len: 114;Rssi: -67;PowerLevel: m17dBm;DATA: 98,10629342490369879,26406,-6869,1070,1166235,7161971,-5706,3485,-7435,-2410,-8454,-4765
1736072483.112211;m3-45;From: 3858 (m3-111);Len: 114;Rssi: -67;PowerLevel: m17dBm;DATA: 98,10629342490369879,26406,-6869,1070,1166235,7161971,-5706,3485,-7435,-2410,-8454,-4765
1736072483.355943;m3-26;From: 3858 (m3-111);Len: 114;Rssi: -91;PowerLevel: m17dBm;DATA: 98,10629342490369879,26406,-6869,1070,1166235,7161971,-5706,3485,-7435,-2410,-8454,-4765
1736072483.366339;m3-25;From: 3858 (m3-111);Len: 114;Rssi: -91;PowerLevel: m17dBm;DATA: 98,10629342490369879,26406,-6869,1070,1166235,7161971,-5706,3485,-7435,-2410,-8454,-4765
1736072483.366775;m3-31;From: 3858 (m3-111);Len: 114;Rssi: -76;PowerLevel: m17dBm;DATA: 98,10629342490369879,26406,-6869,1070,1166235,7161971,-5706,3485,-7435,-2410,-8454,-4765
1736072483.367005;m3-39;From: 3858 (m3-111);Len: 114;Rssi: -69;PowerLevel: m17dBm;DATA: 98,10629342490369879,26406,-6869,1070,1166235,7161971,-5706,3485,-7435,-2410,-8454,-4765
1736072483.367507;m3-36;From: 3858 (m3-111);Len: 114;Rssi: -72;PowerLevel: m17dBm;DATA: 98,10629342490369879,26406,-6869,1070,1166235,7161971,-5706,3485,-7435,-2410,-8454,-4765
1736072483.367670;m3-37;From: 3858 (m3-111);Len: 114;Rssi: -61;PowerLevel: m17dBm;DATA: 98,10629342490369879,26406,-6869,1070,1166235,7161971,-5706,3485,-7435,-2410,-8454,-4765
1736072483.367813;m3-40;From: 3858 (m3-111);Len: 114;Rssi: -84;PowerLevel: m17dBm;DATA: 98,10629342490369879,26406,-6869,1070,1166235,7161971,-5706,3485,-7435,-2410,-8454,-4765
1736072483.368014;m3-41;From: 3858 (m3-111);Len: 114;Rssi: -67;PowerLevel: m17dBm;DATA: 98,10629342490369879,26406,-6869,1070,1166235,7161971,-5706,3485,-7435,-2410,-8454,-4765
1736072483.368149;m3-42;From: 3858 (m3-111);Len: 114;Rssi: -67;PowerLevel: m17dBm;DATA: 98,10629342490369879,26406,-6869,1070,1166235,7161971,-5706,3485,-7435,-2410,-8454,-4765
1736072483.368282;m3-43;From: 3858 (m3-111);Len: 114;Rssi: -80;PowerLevel: m17dBm;DATA: 98,10629342490369879,26406,-6869,1070,1166235,7161971,-5706,3485,-7435,-2410,-8454,-4765
1736072483.368416;m3-44;From: 3858 (m3-111);Len: 114;Rssi: -82;PowerLevel: m17dBm;DATA: 98,10629342490369879,26406,-6869,1070,1166235,7161971,-5706,3485,-7435,-2410,-8454,-4765
1736072483.368826;m3-45;From: 3858 (m3-111);Len: 114;Rssi: -67;PowerLevel: m17dBm;DATA: 98,10629342490369879,26406,-6869,1070,1166235,7161971,-5706,3485,-7435,-2410,-8454,-4765
1736072483.606347;m3-25;From: 3858 (m3-111);Len: 114;Rssi: -91;PowerLevel: m17dBm;DATA: 98,10629342490369879,26406,-6869,1070,1166235,7161971,-5706,3485,-7435,-2410,-8454,-4765
1736072483.606762;m3-31;From: 3858 (m3-111);Len: 114;Rssi: -76;PowerLevel: m17dBm;DATA: 98,10629342490369879,26406,-6869,1070,1166235,7161971,-5706,3485,-7435,-2410,-8454,-4765
1736072483.607017;m3-36;From: 3858 (m3-111);Len: 114;Rssi: -72;PowerLevel: m17dBm;DATA: 98,10629342490369879,26406,-6869,1070,1166235,7161971,-5706,3485,-7435,-2410,-8454,-4765
1736072483.607173;m3-39;From: 3858 (m3-111);Len: 114;Rssi: -69;PowerLevel: m17dBm;DATA: 98,10629342490369879,26406,-6869,1070,1166235,7161971,-5706,3485,-7435,-2410,-8454,-4765
1736072483.607670;m3-37;From: 3858 (m3-111);Len: 114;Rssi: -61;PowerLevel: m17dBm;DATA: 98,10629342490369879,26406,-6869,1070,1166235,7161971,-5706,3485,-7435,-2410,-8454,-4765
1736072483.607886;m3-40;From: 3858 (m3-111);Len: 114;Rssi: -85;PowerLevel: m17dBm;DATA: 98,10629342490369879,26406,-6869,1070,1166235,7161971,-5706,3485,-7435,-2410,-8454,-4765
1736072483.608031;m3-41;From: 3858 (m3-111);Len: 114;Rssi: -67;PowerLevel: m17dBm;DATA: 98,10629342490369879,26406,-6869,1070,1166235,7161971,-5706,3485,-7435,-2410,-8454,-4765
1736072483.608180;m3-42;From: 3858 (m3-111);Len: 114;Rssi: -67;PowerLevel: m17dBm;DATA: 98,10629342490369879,26406,-6869,1070,1166235,7161971,-5706,3485,-7435,-2410,-8454,-4765
1736072483.608313;m3-43;From: 3858 (m3-111);Len: 114;Rssi: -80;PowerLevel: m17dBm;DATA: 98,10629342490369879,26406,-6869,1070,1166235,7161971,-5706,3485,-7435,-2410,-8454,-4765
1736072483.608443;m3-44;From: 3858 (m3-111);Len: 114;Rssi: -82;PowerLevel: m17dBm;DATA: 98,10629342490369879,26406,-6869,1070,1166235,7161971,-5706,3485,-7435,-2410,-8454,-4765
1736072483.608848;m3-45;From: 3858 (m3-111);Len: 114;Rssi: -67;PowerLevel: m17dBm;DATA: 98,10629342490369879,26406,-6869,1070,1166235,7161971,-5706,3485,-7435,-2410,-8454,-4765
1736072483.611875;m3-26;From: 3858 (m3-111);Len: 114;Rssi: -91;PowerLevel: m17dBm;DATA: 98,10629342490369879,26406,-6869,1070,1166235,7161971,-5706,3485,-7435,-2410,-8454,-4765
1736072483.862196;m3-25;From: 3858 (m3-111);Len: 114;Rssi: -91;PowerLevel: m17dBm;DATA: 98,10629342490369879,26406,-6869,1070,1166235,7161971,-5706,3485,-7435,-2410,-8454,-4765
1736072483.862550;m3-31;From: 3858 (m3-111);Len: 114;Rssi: -76;PowerLevel: m17dBm;DATA: 98,10629342490369879,26406,-6869,1070,1166235,7161971,-5706,3485,-7435,-2410,-8454,-4765
1736072483.862806;m3-39;From: 3858 (m3-111);Len: 114;Rssi: -69;PowerLevel: m17dBm;DATA: 98,10629342490369879,26406,-6869,1070,1166235,7161971,-5706,3485,-7435,-2410,-8454,-4765
1736072483.863402;m3-36;From: 3858 (m3-111);Len: 114;Rssi: -72;PowerLevel: m17dBm;DATA: 98,10629342490369879,26406,-6869,1070,1166235,7161971,-5706,3485,-7435,-2410,-8454,-4765
1736072483.863635;m3-37;From: 3858 (m3-111);Len: 114;Rssi: -61;PowerLevel: m17dBm;DATA: 98,10629342490369879,26406,-6869,1070,1166235,7161971,-5706,3485,-7435,-2410,-8454,-4765
1736072483.863791;m3-41;From: 3858 (m3-111);Len: 114;Rssi: -67;PowerLevel: m17dBm;DATA: 98,10629342490369879,26406,-6869,1070,1166235,7161971,-5706,3485,-7435,-2410,-8454,-4765
1736072483.863928;m3-42;From: 3858 (m3-111);Len: 114;Rssi: -67;PowerLevel: m17dBm;DATA: 98,10629342490369879,26406,-6869,1070,1166235,7161971,-5706,3485,-7435,-2410,-8454,-4765
1736072483.864059;m3-43;From: 3858 (m3-111);Len: 114;Rssi: -80;PowerLevel: m17dBm;DATA: 98,10629342490369879,26406,-6869,1070,1166235,7161971,-5706,3485,-7435,-2410,-8454,-4765
1736072483.864191;m3-44;From: 3858 (m3-111);Len: 114;Rssi: -82;PowerLevel: m17dBm;DATA: 98,10629342490369879,26406,-6869,1070,1166235,7161971,-5706,3485,-7435,-2410,-8454,-4765
1736072483.864601;m3-45;From: 3858 (m3-111);Len: 114;Rssi: -67;PowerLevel: m17dBm;DATA: 98,10629342490369879,26406,-6869,1070,1166235,7161971,-5706,3485,-7435,-2410,-8454,-4765
1736072484.358419;m3-25;From: 3858 (m3-111);Len: 114;Rssi: -91;PowerLevel: m17dBm;DATA: 98,10629342490369879,26406,-6869,1070,1166235,7161971,-5706,3485,-7435,-2410,-8454,-4765
1736072484.358928;m3-31;From: 3858 (m3-111);Len: 114;Rssi: -76;PowerLevel: m17dBm;DATA: 98,10629342490369879,26406,-6869,1070,1166235,7161971,-5706,3485,-7435,-2410,-8454,-4765
1736072484.359124;m3-36;From: 3858 (m3-111);Len: 114;Rssi: -72;PowerLevel: m17dBm;DATA: 98,10629342490369879,26406,-6869,1070,1166235,7161971,-5706,3485,-7435,-2410,-8454,-4765
1736072484.359446;m3-39;From: 3858 (m3-111);Len: 114;Rssi: -69;PowerLevel: m17dBm;DATA: 98,10629342490369879,26406,-6869,1070,1166235,7161971,-5706,3485,-7435,-2410,-8454,-4765
1736072484.360015;m3-37;From: 3858 (m3-111);Len: 114;Rssi: -61;PowerLevel: m17dBm;DATA: 98,10629342490369879,26406,-6869,1070,1166235,7161971,-5706,3485,-7435,-2410,-8454,-4765
1736072484.360194;m3-41;From: 3858 (m3-111);Len: 114;Rssi: -67;PowerLevel: m17dBm;DATA: 98,10629342490369879,26406,-6869,1070,1166235,7161971,-5706,3485,-7435,-2410,-8454,-4765
1736072484.360337;m3-42;From: 3858 (m3-111);Len: 114;Rssi: -67;PowerLevel: m17dBm;DATA: 98,10629342490369879,26406,-6869,1070,1166235,7161971,-5706,3485,-7435,-2410,-8454,-4765
1736072484.360473;m3-43;From: 3858 (m3-111);Len: 114;Rssi: -80;PowerLevel: m17dBm;DATA: 98,10629342490369879,26406,-6869,1070,1166235,7161971,-5706,3485,-7435,-2410,-8454,-4765
1736072484.360608;m3-44;From: 3858 (m3-111);Len: 114;Rssi: -82;PowerLevel: m17dBm;DATA: 98,10629342490369879,26406,-6869,1070,1166235,7161971,-5706,3485,-7435,-2410,-8454,-4765
1736072484.360757;m3-45;From: 3858 (m3-111);Len: 114;Rssi: -67;PowerLevel: m17dBm;DATA: 98,10629342490369879,26406,-6869,1070,1166235,7161971,-5706,3485,-7435,-2410,-8454,-4765
1736072484.614220;m3-25;From: 3858 (m3-111);Len: 114;Rssi: -91;PowerLevel: m17dBm;DATA: 98,10629342490369879,26406,-6869,1070,1166235,7161971,-5706,3485,-7435,-2410,-8454,-4765
1736072484.614672;m3-31;From: 3858 (m3-111);Len: 114;Rssi: -76;PowerLevel: m17dBm;DATA: 98,10629342490369879,26406,-6869,1070,1166235,7161971,-5706,3485,-7435,-2410,-8454,-4765
1736072484.615038;m3-36;From: 3858 (m3-111);Len: 114;Rssi: -72;PowerLevel: m17dBm;DATA: 98,10629342490369879,26406,-6869,1070,1166235,7161971,-5706,3485,-7435,-2410,-8454,-4765
1736072484.615222;m3-39;From: 3858 (m3-111);Len: 114;Rssi: -69;PowerLevel: m17dBm;DATA: 98,10629342490369879,26406,-6869,1070,1166235,7161971,-5706,3485,-7435,-2410,-8454,-4765
1736072484.615795;m3-37;From: 3858 (m3-111);Len: 114;Rssi: -61;PowerLevel: m17dBm;DATA: 98,10629342490369879,26406,-6869,1070,1166235,7161971,-5706,3485,-7435,-2410,-8454,-4765
1736072484.615986;m3-40;From: 3858 (m3-111);Len: 114;Rssi: -84;PowerLevel: m17dBm;DATA: 98,10629342490369879,26406,-6869,1070,1166235,7161971,-5706,3485,-7435,-2410,-8454,-4765
1736072484.616129;m3-41;From: 3858 (m3-111);Len: 114;Rssi: -67;PowerLevel: m17dBm;DATA: 98,10629342490369879,26406,-6869,1070,1166235,7161971,-5706,3485,-7435,-2410,-8454,-4765
1736072484.616263;m3-42;From: 3858 (m3-111);Len: 114;Rssi: -67;PowerLevel: m17dBm;DATA: 98,10629342490369879,26406,-6869,1070,1166235,7161971,-5706,3485,-7435,-2410,-8454,-4765
1736072484.616395;m3-43;From: 3858 (m3-111);Len: 114;Rssi: -80;PowerLevel: m17dBm;DATA: 98,10629342490369879,26406,-6869,1070,1166235,7161971,-5706,3485,-7435,-2410,-8454,-4765
1736072484.616524;m3-44;From: 3858 (m3-111);Len: 114;Rssi: -82;PowerLevel: m17dBm;DATA: 98,10629342490369879,26406,-6869,1070,1166235,7161971,-5706,3485,-7435,-2410,-8454,-4765
1736072484.616937;m3-45;From: 3858 (m3-111);Len: 114;Rssi: -67;PowerLevel: m17dBm;DATA: 98,10629342490369879,26406,-6869,1070,1166235,7161971,-5706,3485,-7435,-2410,-8454,-4765
1736072484.619566;m3-26;From: 3858 (m3-111);Len: 114;Rssi: -91;PowerLevel: m17dBm;DATA: 98,10629342490369879,26406,-6869,1070,1166235,7161971,-5706,3485,-7435,-2410,-8454,-4765
1736072484.854721;m3-40;From: 3858 (m3-111);Len: 114;Rssi: -83;PowerLevel: m17dBm;DATA: 98,10629342490369879,26406,-6869,1070,1166235,7161971,-5706,3485,-7435,-2410,-8454,-4765
1736072484.855081;m3-43;From: 3858 (m3-111);Len: 114;Rssi: -80;PowerLevel: m17dBm;DATA: 98,10629342490369879,26406,-6869,1070,1166235,7161971,-5706,3485,-7435,-2410,-8454,-4765
1736072484.855606;m3-44;From: 3858 (m3-111);Len: 114;Rssi: -82;PowerLevel: m17dBm;DATA: 98,10629342490369879,26406,-6869,1070,1166235,7161971,-5706,3485,-7435,-2410,-8454,-4765
1736072484.870092;m3-31;From: 3858 (m3-111);Len: 114;Rssi: -76;PowerLevel: m17dBm;DATA: 98,10629342490369879,26406,-6869,1070,1166235,7161971,-5706,3485,-7435,-2410,-8454,-4765
1736072485.110085;m3-25;From: 3858 (m3-111);Len: 114;Rssi: -91;PowerLevel: m17dBm;DATA: 98,10629342490369879,26406,-6869,1070,1166235,7161971,-5706,3485,-7435,-2410,-8454,-4765
1736072485.110390;m3-31;From: 3858 (m3-111);Len: 114;Rssi: -76;PowerLevel: m17dBm;DATA: 98,10629342490369879,26406,-6869,1070,1166235,7161971,-5706,3485,-7435,-2410,-8454,-4765
1736072485.111098;m3-40;From: 3858 (m3-111);Len: 114;Rssi: -83;PowerLevel: m17dBm;DATA: 98,10629342490369879,26406,-6869,1070,1166235,7161971,-5706,3485,-7435,-2410,-8454,-4765
1736072485.111348;m3-43;From: 3858 (m3-111);Len: 114;Rssi: -80;PowerLevel: m17dBm;DATA: 98,10629342490369879,26406,-6869,1070,1166235,7161971,-5706,3485,-7435,-2410,-8454,-4765
1736072485.111511;m3-44;From: 3858 (m3-111);Len: 114;Rssi: -82;PowerLevel: m17dBm;DATA: 98,10629342490369879,26406,-6869,1070,1166235,7161971,-5706,3485,-7435,-2410,-8454,-4765
1736072485.115763;m3-26;From: 3858 (m3-111);Len: 114;Rssi: -91;PowerLevel: m17dBm;DATA: 98,10629342490369879,26406,-6869,1070,1166235,7161971,-5706,3485,-7435,-2410,-8454,-4765
1736072488.358255;m3-31;From: 3858 (m3-111);Len: 114;Rssi: -71;PowerLevel: m12dBm;DATA: 98,10629342490369879,26406,-6869,1070,1166235,7161971,-5706,3485,-7435,-2410,-8454,-4765
1736072488.359204;m3-38;[in broadcast_data() INFO] POWER LEVEL: m12dBm
1736072488.359552;m3-40;From: 3858 (m3-111);Len: 114;Rssi: -80;PowerLevel: m12dBm;DATA: 98,10629342490369879,26406,-6869,1070,1166235,7161971,-5706,3485,-7435,-2410,-8454,-4765
1736072488.359715;m3-43;From: 3858 (m3-111);Len: 114;Rssi: -75;PowerLevel: m12dBm;DATA: 98,10629342490369879,26406,-6869,1070,1166235,7161971,-5706,3485,-7435,-2410,-8454,-4765
1736072488.359863;m3-44;From: 3858 (m3-111);Len: 114;Rssi: -79;PowerLevel: m12dBm;DATA: 98,10629342490369879,26406,-6869,1070,1166235,7161971,-5706,3485,-7435,-2410,-8454,-4765
1736072488.869761;m3-31;From: 3858 (m3-111);Len: 114;Rssi: -70;PowerLevel: m12dBm;DATA: 98,10629342490369879,26406,-6869,1070,1166235,7161971,-5706,3485,-7435,-2410,-8454,-4765
1736072488.870508;m3-40;From: 3858 (m3-111);Len: 114;Rssi: -80;PowerLevel: m12dBm;DATA: 98,10629342490369879,26406,-6869,1070,1166235,7161971,-5706,3485,-7435,-2410,-8454,-4765
1736072488.870804;m3-43;From: 3858 (m3-111);Len: 114;Rssi: -75;PowerLevel: m12dBm;DATA: 98,10629342490369879,26406,-6869,1070,1166235,7161971,-5706,3485,-7435,-2410,-8454,-4765
1736072488.871293;m3-44;From: 3858 (m3-111);Len: 114;Rssi: -78;PowerLevel: m12dBm;DATA: 98,10629342490369879,26406,-6869,1070,1166235,7161971,-5706,3485,-7435,-2410,-8454,-4765
1736072489.108875;m3-22;From: 3858 (m3-111);Len: 114;Rssi: -91;PowerLevel: m12dBm;DATA: 98,10629342490369879,26406,-6869,1070,1166235,7161971,-5706,3485,-7435,-2410,-8454,-4765
1736072489.109141;m3-23;From: 3858 (m3-111);Len: 114;Rssi: -91;PowerLevel: m12dBm;DATA: 98,10629342490369879,26406,-6869,1070,1166235,7161971,-5706,3485,-7435,-2410,-8454,-4765
1736072489.109723;m3-25;From: 3858 (m3-111);Len: 114;Rssi: -90;PowerLevel: m12dBm;DATA: 98,10629342490369879,26406,-6869,1070,1166235,7161971,-5706,3485,-7435,-2410,-8454,-4765
1736072489.110536;m3-40;From: 3858 (m3-111);Len: 114;Rssi: -80;PowerLevel: m12dBm;DATA: 98,10629342490369879,26406,-6869,1070,1166235,7161971,-5706,3485,-7435,-2410,-8454,-4765
1736072489.111122;m3-44;From: 3858 (m3-111);Len: 114;Rssi: -79;PowerLevel: m12dBm;DATA: 98,10629342490369879,26406,-6869,1070,1166235,7161971,-5706,3485,-7435,-2410,-8454,-4765
1736072489.115466;m3-26;From: 3858 (m3-111);Len: 114;Rssi: -88;PowerLevel: m12dBm;DATA: 98,10629342490369879,26406,-6869,1070,1166235,7161971,-5706,3485,-7435,-2410,-8454,-4765
1736072489.606745;m3-40;From: 3858 (m3-111);Len: 114;Rssi: -80;PowerLevel: m12dBm;DATA: 98,10629342490369879,26406,-6869,1070,1166235,7161971,-5706,3485,-7435,-2410,-8454,-4765
1736072490.107460;m3-26;From: 3858 (m3-111);Len: 114;Rssi: -88;PowerLevel: m12dBm;DATA: 98,10629342490369879,26406,-6869,1070,1166235,7161971,-5706,3485,-7435,-2410,-8454,-4765
1736072490.117718;m3-25;From: 3858 (m3-111);Len: 114;Rssi: -89;PowerLevel: m12dBm;DATA: 98,10629342490369879,26406,-6869,1070,1166235,7161971,-5706,3485,-7435,-2410,-8454,-4765
1736072491.364584;m3-22;From: 3858 (m3-111);Len: 114;Rssi: -91;PowerLevel: m12dBm;DATA: 98,10629342490369879,26406,-6869,1070,1166235,7161971,-5706,3485,-7435,-2410,-8454,-4765
1736072491.365465;m3-25;From: 3858 (m3-111);Len: 114;Rssi: -89;PowerLevel: m12dBm;DATA: 98,10629342490369879,26406,-6869,1070,1166235,7161971,-5706,3485,-7435,-2410,-8454,-4765
1736072491.366508;m3-4;From: 3858 (m3-111);Len: 114;Rssi: -91;PowerLevel: m12dBm;DATA: 98,10629342490369879,26406,-6869,1070,1166235,7161971,-5706,3485,-7435,-2410,-8454,-4765
1736072491.371043;m3-26;From: 3858 (m3-111);Len: 114;Rssi: -87;PowerLevel: m12dBm;DATA: 98,10629342490369879,26406,-6869,1070,1166235,7161971,-5706,3485,-7435,-2410,-8454,-4765
1736072491.860515;m3-22;From: 3858 (m3-111);Len: 114;Rssi: -91;PowerLevel: m12dBm;DATA: 98,10629342490369879,26406,-6869,1070,1166235,7161971,-5706,3485,-7435,-2410,-8454,-4765
1736072491.860780;m3-23;From: 3858 (m3-111);Len: 114;Rssi: -91;PowerLevel: m12dBm;DATA: 98,10629342490369879,26406,-6869,1070,1166235,7161971,-5706,3485,-7435,-2410,-8454,-4765
1736072491.861365;m3-25;From: 3858 (m3-111);Len: 114;Rssi: -89;PowerLevel: m12dBm;DATA: 98,10629342490369879,26406,-6869,1070,1166235,7161971,-5706,3485,-7435,-2410,-8454,-4765
1736072491.867311;m3-26;From: 3858 (m3-111);Len: 114;Rssi: -87;PowerLevel: m12dBm;DATA: 98,10629342490369879,26406,-6869,1070,1166235,7161971,-5706,3485,-7435,-2410,-8454,-4765
1736072492.356461;m3-23;From: 3858 (m3-111);Len: 114;Rssi: -91;PowerLevel: m12dBm;DATA: 98,10629342490369879,26406,-6869,1070,1166235,7161971,-5706,3485,-7435,-2410,-8454,-4765
1736072492.357437;m3-25;From: 3858 (m3-111);Len: 114;Rssi: -90;PowerLevel: m12dBm;DATA: 98,10629342490369879,26406,-6869,1070,1166235,7161971,-5706,3485,-7435,-2410,-8454,-4765
1736072492.363439;m3-26;From: 3858 (m3-111);Len: 114;Rssi: -88;PowerLevel: m12dBm;DATA: 98,10629342490369879,26406,-6869,1070,1166235,7161971,-5706,3485,-7435,-2410,-8454,-4765
1736072493.605338;m3-25;From: 3858 (m3-111);Len: 114;Rssi: -89;PowerLevel: m12dBm;DATA: 98,10629342490369879,26406,-6869,1070,1166235,7161971,-5706,3485,-7435,-2410,-8454,-4765
1736072493.611361;m3-26;From: 3858 (m3-111);Len: 114;Rssi: -87;PowerLevel: m12dBm;DATA: 98,10629342490369879,26406,-6869,1070,1166235,7161971,-5706,3485,-7435,-2410,-8454,-4765
1736072493.620345;m3-23;From: 3858 (m3-111);Len: 114;Rssi: -91;PowerLevel: m12dBm;DATA: 98,10629342490369879,26406,-6869,1070,1166235,7161971,-5706,3485,-7435,-2410,-8454,-4765
1736072493.860434;m3-22;From: 3858 (m3-111);Len: 114;Rssi: -91;PowerLevel: m12dBm;DATA: 98,10629342490369879,26406,-6869,1070,1166235,7161971,-5706,3485,-7435,-2410,-8454,-4765
1736072493.860698;m3-23;From: 3858 (m3-111);Len: 114;Rssi: -91;PowerLevel: m12dBm;DATA: 98,10629342490369879,26406,-6869,1070,1166235,7161971,-5706,3485,-7435,-2410,-8454,-4765
1736072493.861282;m3-25;From: 3858 (m3-111);Len: 114;Rssi: -89;PowerLevel: m12dBm;DATA: 98,10629342490369879,26406,-6869,1070,1166235,7161971,-5706,3485,-7435,-2410,-8454,-4765
1736072493.862400;m3-4;From: 3858 (m3-111);Len: 114;Rssi: -91;PowerLevel: m12dBm;DATA: 98,10629342490369879,26406,-6869,1070,1166235,7161971,-5706,3485,-7435,-2410,-8454,-4765
1736072493.867174;m3-26;From: 3858 (m3-111);Len: 114;Rssi: -88;PowerLevel: m12dBm;DATA: 98,10629342490369879,26406,-6869,1070,1166235,7161971,-5706,3485,-7435,-2410,-8454,-4765
1736072494.107025;m3-26;From: 3858 (m3-111);Len: 114;Rssi: -88;PowerLevel: m12dBm;DATA: 98,10629342490369879,26406,-6869,1070,1166235,7161971,-5706,3485,-7435,-2410,-8454,-4765
1736072494.117434;m3-25;From: 3858 (m3-111);Len: 114;Rssi: -89;PowerLevel: m12dBm;DATA: 98,10629342490369879,26406,-6869,1070,1166235,7161971,-5706,3485,-7435,-2410,-8454,-4765
1736072494.356202;m3-22;From: 3858 (m3-111);Len: 114;Rssi: -91;PowerLevel: m12dBm;DATA: 98,10629342490369879,26406,-6869,1070,1166235,7161971,-5706,3485,-7435,-2410,-8454,-4765
1736072494.357208;m3-25;From: 3858 (m3-111);Len: 114;Rssi: -89;PowerLevel: m12dBm;DATA: 98,10629342490369879,26406,-6869,1070,1166235,7161971,-5706,3485,-7435,-2410,-8454,-4765
1736072494.363165;m3-26;From: 3858 (m3-111);Len: 114;Rssi: -88;PowerLevel: m12dBm;DATA: 98,10629342490369879,26406,-6869,1070,1166235,7161971,-5706,3485,-7435,-2410,-8454,-4765
1736072494.613302;m3-25;From: 3858 (m3-111);Len: 114;Rssi: -89;PowerLevel: m12dBm;DATA: 98,10629342490369879,26406,-6869,1070,1166235,7161971,-5706,3485,-7435,-2410,-8454,-4765
1736072495.364452;m3-22;From: 3858 (m3-111);Len: 114;Rssi: -91;PowerLevel: m12dBm;DATA: 98,10629342490369879,26406,-6869,1070,1166235,7161971,-5706,3485,-7435,-2410,-8454,-4765
1736072495.364717;m3-23;From: 3858 (m3-111);Len: 114;Rssi: -91;PowerLevel: m12dBm;DATA: 98,10629342490369879,26406,-6869,1070,1166235,7161971,-5706,3485,-7435,-2410,-8454,-4765
1736072495.365307;m3-25;From: 3858 (m3-111);Len: 114;Rssi: -89;PowerLevel: m12dBm;DATA: 98,10629342490369879,26406,-6869,1070,1166235,7161971,-5706,3485,-7435,-2410,-8454,-4765
1736072495.370742;m3-26;From: 3858 (m3-111);Len: 114;Rssi: -88;PowerLevel: m12dBm;DATA: 98,10629342490369879,26406,-6869,1070,1166235,7161971,-5706,3485,-7435,-2410,-8454,-4765
1736072498.854459;m3-38;[in broadcast_data() INFO] POWER LEVEL: m10dBm
1736072499.120706;m3-12;From: 3858 (m3-111);Len: 114;Rssi: -91;PowerLevel: m10dBm;DATA: 98,10629342490369879,26406,-6869,1070,1166235,7161971,-5706,3485,-7435,-2410,-8454,-4765
1736072499.616851;m3-12;From: 3858 (m3-111);Len: 114;Rssi: -91;PowerLevel: m10dBm;DATA: 98,10629342490369879,26406,-6869,1070,1166235,7161971,-5706,3485,-7435,-2410,-8454,-4765
1736072499.619794;m3-23;From: 3858 (m3-111);Len: 114;Rssi: -90;PowerLevel: m10dBm;DATA: 98,10629342490369879,26406,-6869,1070,1166235,7161971,-5706,3485,-7435,-2410,-8454,-4765
1736072499.856600;m3-12;From: 3858 (m3-111);Len: 114;Rssi: -91;PowerLevel: m10dBm;DATA: 98,10629342490369879,26406,-6869,1070,1166235,7161971,-5706,3485,-7435,-2410,-8454,-4765
1736072499.857250;m3-11;From: 3858 (m3-111);Len: 114;Rssi: -91;PowerLevel: m10dBm;DATA: 98,10629342490369879,26406,-6869,1070,1166235,7161971,-5706,3485,-7435,-2410,-8454,-4765
1736072499.860026;m3-22;From: 3858 (m3-111);Len: 114;Rssi: -91;PowerLevel: m10dBm;DATA: 98,10629342490369879,26406,-6869,1070,1166235,7161971,-5706,3485,-7435,-2410,-8454,-4765
1736072499.860288;m3-23;From: 3858 (m3-111);Len: 114;Rssi: -91;PowerLevel: m10dBm;DATA: 98,10629342490369879,26406,-6869,1070,1166235,7161971,-5706,3485,-7435,-2410,-8454,-4765
1736072499.861017;m3-25;From: 3858 (m3-111);Len: 114;Rssi: -86;PowerLevel: m10dBm;DATA: 98,10629342490369879,26406,-6869,1070,1166235,7161971,-5706,3485,-7435,-2410,-8454,-4765
1736072499.861909;m3-4;From: 3858 (m3-111);Len: 114;Rssi: -91;PowerLevel: m10dBm;DATA: 98,10629342490369879,26406,-6869,1070,1166235,7161971,-5706,3485,-7435,-2410,-8454,-4765
1736072499.866821;m3-26;From: 3858 (m3-111);Len: 114;Rssi: -84;PowerLevel: m10dBm;DATA: 98,10629342490369879,26406,-6869,1070,1166235,7161971,-5706,3485,-7435,-2410,-8454,-4765
1736072500.357929;m3-4;From: 3858 (m3-111);Len: 114;Rssi: -91;PowerLevel: m10dBm;DATA: 98,10629342490369879,26406,-6869,1070,1166235,7161971,-5706,3485,-7435,-2410,-8454,-4765
1736072500.368525;m3-12;From: 3858 (m3-111);Len: 114;Rssi: -91;PowerLevel: m10dBm;DATA: 98,10629342490369879,26406,-6869,1070,1166235,7161971,-5706,3485,-7435,-2410,-8454,-4765
1736072500.369027;m3-11;From: 3858 (m3-111);Len: 114;Rssi: -91;PowerLevel: m10dBm;DATA: 98,10629342490369879,26406,-6869,1070,1166235,7161971,-5706,3485,-7435,-2410,-8454,-4765
1736072500.371793;m3-22;From: 3858 (m3-111);Len: 114;Rssi: -91;PowerLevel: m10dBm;DATA: 98,10629342490369879,26406,-6869,1070,1166235,7161971,-5706,3485,-7435,-2410,-8454,-4765
1736072500.372005;m3-23;From: 3858 (m3-111);Len: 114;Rssi: -91;PowerLevel: m10dBm;DATA: 98,10629342490369879,26406,-6869,1070,1166235,7161971,-5706,3485,-7435,-2410,-8454,-4765
1736072500.864589;m3-12;From: 3858 (m3-111);Len: 114;Rssi: -91;PowerLevel: m10dBm;DATA: 98,10629342490369879,26406,-6869,1070,1166235,7161971,-5706,3485,-7435,-2410,-8454,-4765
1736072500.867867;m3-22;From: 3858 (m3-111);Len: 114;Rssi: -91;PowerLevel: m10dBm;DATA: 98,10629342490369879,26406,-6869,1070,1166235,7161971,-5706,3485,-7435,-2410,-8454,-4765
1736072500.868132;m3-23;From: 3858 (m3-111);Len: 114;Rssi: -91;PowerLevel: m10dBm;DATA: 98,10629342490369879,26406,-6869,1070,1166235,7161971,-5706,3485,-7435,-2410,-8454,-4765
1736072500.869733;m3-4;From: 3858 (m3-111);Len: 114;Rssi: -91;PowerLevel: m10dBm;DATA: 98,10629342490369879,26406,-6869,1070,1166235,7161971,-5706,3485,-7435,-2410,-8454,-4765
1736072500.870446;m3-5;From: 3858 (m3-111);Len: 114;Rssi: -91;PowerLevel: m10dBm;DATA: 98,10629342490369879,26406,-6869,1070,1166235,7161971,-5706,3485,-7435,-2410,-8454,-4765
1736072502.112604;m3-12;From: 3858 (m3-111);Len: 114;Rssi: -91;PowerLevel: m10dBm;DATA: 98,10629342490369879,26406,-6869,1070,1166235,7161971,-5706,3485,-7435,-2410,-8454,-4765
1736072502.115868;m3-22;From: 3858 (m3-111);Len: 114;Rssi: -91;PowerLevel: m10dBm;DATA: 98,10629342490369879,26406,-6869,1070,1166235,7161971,-5706,3485,-7435,-2410,-8454,-4765
1736072502.116148;m3-23;From: 3858 (m3-111);Len: 114;Rssi: -91;PowerLevel: m10dBm;DATA: 98,10629342490369879,26406,-6869,1070,1166235,7161971,-5706,3485,-7435,-2410,-8454,-4765
1736072502.117622;m3-4;From: 3858 (m3-111);Len: 114;Rssi: -91;PowerLevel: m10dBm;DATA: 98,10629342490369879,26406,-6869,1070,1166235,7161971,-5706,3485,-7435,-2410,-8454,-4765
1736072502.608658;m3-12;From: 3858 (m3-111);Len: 114;Rssi: -91;PowerLevel: m10dBm;DATA: 98,10629342490369879,26406,-6869,1070,1166235,7161971,-5706,3485,-7435,-2410,-8454,-4765
1736072502.609209;m3-11;From: 3858 (m3-111);Len: 114;Rssi: -91;PowerLevel: m10dBm;DATA: 98,10629342490369879,26406,-6869,1070,1166235,7161971,-5706,3485,-7435,-2410,-8454,-4765
1736072502.611779;m3-22;From: 3858 (m3-111);Len: 114;Rssi: -91;PowerLevel: m10dBm;DATA: 98,10629342490369879,26406,-6869,1070,1166235,7161971,-5706,3485,-7435,-2410,-8454,-4765
1736072502.612324;m3-23;From: 3858 (m3-111);Len: 114;Rssi: -91;PowerLevel: m10dBm;DATA: 98,10629342490369879,26406,-6869,1070,1166235,7161971,-5706,3485,-7435,-2410,-8454,-4765
1736072502.613606;m3-4;From: 3858 (m3-111);Len: 114;Rssi: -91;PowerLevel: m10dBm;DATA: 98,10629342490369879,26406,-6869,1070,1166235,7161971,-5706,3485,-7435,-2410,-8454,-4765
1736072502.867731;m3-22;From: 3858 (m3-111);Len: 114;Rssi: -91;PowerLevel: m10dBm;DATA: 98,10629342490369879,26406,-6869,1070,1166235,7161971,-5706,3485,-7435,-2410,-8454,-4765
1736072502.867994;m3-23;From: 3858 (m3-111);Len: 114;Rssi: -91;PowerLevel: m10dBm;DATA: 98,10629342490369879,26406,-6869,1070,1166235,7161971,-5706,3485,-7435,-2410,-8454,-4765
1736072503.107724;m3-23;From: 3858 (m3-111);Len: 114;Rssi: -91;PowerLevel: m10dBm;DATA: 98,10629342490369879,26406,-6869,1070,1166235,7161971,-5706,3485,-7435,-2410,-8454,-4765
1736072503.109704;m3-4;From: 3858 (m3-111);Len: 114;Rssi: -91;PowerLevel: m10dBm;DATA: 98,10629342490369879,26406,-6869,1070,1166235,7161971,-5706,3485,-7435,-2410,-8454,-4765
1736072503.120164;m3-12;From: 3858 (m3-111);Len: 114;Rssi: -91;PowerLevel: m10dBm;DATA: 98,10629342490369879,26406,-6869,1070,1166235,7161971,-5706,3485,-7435,-2410,-8454,-4765
1736072503.616501;m3-12;From: 3858 (m3-111);Len: 114;Rssi: -91;PowerLevel: m10dBm;DATA: 98,10629342490369879,26406,-6869,1070,1166235,7161971,-5706,3485,-7435,-2410,-8454,-4765
1736072503.619725;m3-23;From: 3858 (m3-111);Len: 114;Rssi: -91;PowerLevel: m10dBm;DATA: 98,10629342490369879,26406,-6869,1070,1166235,7161971,-5706,3485,-7435,-2410,-8454,-4765
1736072503.621479;m3-4;From: 3858 (m3-111);Len: 114;Rssi: -91;PowerLevel: m10dBm;DATA: 98,10629342490369879,26406,-6869,1070,1166235,7161971,-5706,3485,-7435,-2410,-8454,-4765
1736072503.856374;m3-12;From: 3858 (m3-111);Len: 114;Rssi: -91;PowerLevel: m10dBm;DATA: 98,10629342490369879,26406,-6869,1070,1166235,7161971,-5706,3485,-7435,-2410,-8454,-4765
1736072504.112352;m3-12;From: 3858 (m3-111);Len: 114;Rssi: -91;PowerLevel: m10dBm;DATA: 98,10629342490369879,26406,-6869,1070,1166235,7161971,-5706,3485,-7435,-2410,-8454,-4765
1736072504.115737;m3-22;From: 3858 (m3-111);Len: 114;Rssi: -91;PowerLevel: m10dBm;DATA: 98,10629342490369879,26406,-6869,1070,1166235,7161971,-5706,3485,-7435,-2410,-8454,-4765
1736072504.116003;m3-23;From: 3858 (m3-111);Len: 114;Rssi: -91;PowerLevel: m10dBm;DATA: 98,10629342490369879,26406,-6869,1070,1166235,7161971,-5706,3485,-7435,-2410,-8454,-4765
1736072504.117381;m3-4;From: 3858 (m3-111);Len: 114;Rssi: -91;PowerLevel: m10dBm;DATA: 98,10629342490369879,26406,-6869,1070,1166235,7161971,-5706,3485,-7435,-2410,-8454,-4765
1736072504.357735;m3-4;From: 3858 (m3-111);Len: 114;Rssi: -91;PowerLevel: m10dBm;DATA: 98,10629342490369879,26406,-6869,1070,1166235,7161971,-5706,3485,-7435,-2410,-8454,-4765
1736072504.368246;m3-12;From: 3858 (m3-111);Len: 114;Rssi: -91;PowerLevel: m10dBm;DATA: 98,10629342490369879,26406,-6869,1070,1166235,7161971,-5706,3485,-7435,-2410,-8454,-4765
1736072504.368824;m3-11;From: 3858 (m3-111);Len: 114;Rssi: -91;PowerLevel: m10dBm;DATA: 98,10629342490369879,26406,-6869,1070,1166235,7161971,-5706,3485,-7435,-2410,-8454,-4765
1736072504.371443;m3-22;From: 3858 (m3-111);Len: 114;Rssi: -91;PowerLevel: m10dBm;DATA: 98,10629342490369879,26406,-6869,1070,1166235,7161971,-5706,3485,-7435,-2410,-8454,-4765
1736072504.371942;m3-23;From: 3858 (m3-111);Len: 114;Rssi: -91;PowerLevel: m10dBm;DATA: 98,10629342490369879,26406,-6869,1070,1166235,7161971,-5706,3485,-7435,-2410,-8454,-4765
1736072504.608428;m3-12;From: 3858 (m3-111);Len: 114;Rssi: -91;PowerLevel: m10dBm;DATA: 98,10629342490369879,26406,-6869,1070,1166235,7161971,-5706,3485,-7435,-2410,-8454,-4765
1736072504.608956;m3-11;From: 3858 (m3-111);Len: 114;Rssi: -91;PowerLevel: m10dBm;DATA: 98,10629342490369879,26406,-6869,1070,1166235,7161971,-5706,3485,-7435,-2410,-8454,-4765
1736072504.611625;m3-22;From: 3858 (m3-111);Len: 114;Rssi: -91;PowerLevel: m10dBm;DATA: 98,10629342490369879,26406,-6869,1070,1166235,7161971,-5706,3485,-7435,-2410,-8454,-4765
1736072504.612171;m3-23;From: 3858 (m3-111);Len: 114;Rssi: -91;PowerLevel: m10dBm;DATA: 98,10629342490369879,26406,-6869,1070,1166235,7161971,-5706,3485,-7435,-2410,-8454,-4765
1736072504.613378;m3-4;From: 3858 (m3-111);Len: 114;Rssi: -91;PowerLevel: m10dBm;DATA: 98,10629342490369879,26406,-6869,1070,1166235,7161971,-5706,3485,-7435,-2410,-8454,-4765
1736072504.864323;m3-12;From: 3858 (m3-111);Len: 114;Rssi: -91;PowerLevel: m10dBm;DATA: 98,10629342490369879,26406,-6869,1070,1166235,7161971,-5706,3485,-7435,-2410,-8454,-4765
1736072504.864853;m3-11;From: 3858 (m3-111);Len: 114;Rssi: -91;PowerLevel: m10dBm;DATA: 98,10629342490369879,26406,-6869,1070,1166235,7161971,-5706,3485,-7435,-2410,-8454,-4765
1736072504.867414;m3-22;From: 3858 (m3-111);Len: 114;Rssi: -91;PowerLevel: m10dBm;DATA: 98,10629342490369879,26406,-6869,1070,1166235,7161971,-5706,3485,-7435,-2410,-8454,-4765
1736072504.867637;m3-23;From: 3858 (m3-111);Len: 114;Rssi: -91;PowerLevel: m10dBm;DATA: 98,10629342490369879,26406,-6869,1070,1166235,7161971,-5706,3485,-7435,-2410,-8454,-4765
1736072504.869316;m3-4;From: 3858 (m3-111);Len: 114;Rssi: -91;PowerLevel: m10dBm;DATA: 98,10629342490369879,26406,-6869,1070,1166235,7161971,-5706,3485,-7435,-2410,-8454,-4765
1736072505.360306;m3-12;From: 3858 (m3-111);Len: 114;Rssi: -91;PowerLevel: m10dBm;DATA: 98,10629342490369879,26406,-6869,1070,1166235,7161971,-5706,3485,-7435,-2410,-8454,-4765
1736072505.365701;m3-4;From: 3858 (m3-111);Len: 114;Rssi: -91;PowerLevel: m10dBm;DATA: 98,10629342490369879,26406,-6869,1070,1166235,7161971,-5706,3485,-7435,-2410,-8454,-4765
1736072506.112222;m3-12;From: 3858 (m3-111);Len: 114;Rssi: -91;PowerLevel: m10dBm;DATA: 98,10629342490369879,26406,-6869,1070,1166235,7161971,-5706,3485,-7435,-2410,-8454,-4765
1736072506.115589;m3-22;From: 3858 (m3-111);Len: 114;Rssi: -91;PowerLevel: m10dBm;DATA: 98,10629342490369879,26406,-6869,1070,1166235,7161971,-5706,3485,-7435,-2410,-8454,-4765
1736072506.115853;m3-23;From: 3858 (m3-111);Len: 114;Rssi: -91;PowerLevel: m10dBm;DATA: 98,10629342490369879,26406,-6869,1070,1166235,7161971,-5706,3485,-7435,-2410,-8454,-4765
1736072506.117443;m3-4;From: 3858 (m3-111);Len: 114;Rssi: -91;PowerLevel: m10dBm;DATA: 98,10629342490369879,26406,-6869,1070,1166235,7161971,-5706,3485,-7435,-2410,-8454,-4765
1736072509.349581;m3-38;[in broadcast_data() INFO] POWER LEVEL: m7dBm
1736072509.360168;m3-12;From: 3858 (m3-111);Len: 113;Rssi: -91;PowerLevel: m7dBm;DATA: 98,10629342490369879,26406,-6869,1070,1166235,7161971,-5706,3485,-7435,-2410,-8454,-4765
1736072509.360701;m3-11;From: 3858 (m3-111);Len: 113;Rssi: -91;PowerLevel: m7dBm;DATA: 98,10629342490369879,26406,-6869,1070,1166235,7161971,-5706,3485,-7435,-2410,-8454,-4765
1736072509.363272;m3-22;From: 3858 (m3-111);Len: 113;Rssi: -90;PowerLevel: m7dBm;DATA: 98,10629342490369879,26406,-6869,1070,1166235,7161971,-5706,3485,-7435,-2410,-8454,-4765
1736072509.363778;m3-23;From: 3858 (m3-111);Len: 113;Rssi: -90;PowerLevel: m7dBm;DATA: 98,10629342490369879,26406,-6869,1070,1166235,7161971,-5706,3485,-7435,-2410,-8454,-4765
1736072509.365379;m3-4;From: 3858 (m3-111);Len: 113;Rssi: -90;PowerLevel: m7dBm;DATA: 98,10629342490369879,26406,-6869,1070,1166235,7161971,-5706,3485,-7435,-2410,-8454,-4765
1736072509.365990;m3-5;From: 3858 (m3-111);Len: 113;Rssi: -91;PowerLevel: m7dBm;DATA: 98,10629342490369879,26406,-6869,1070,1166235,7161971,-5706,3485,-7435,-2410,-8454,-4765
1736072509.619368;m3-22;From: 3858 (m3-111);Len: 113;Rssi: -90;PowerLevel: m7dBm;DATA: 98,10629342490369879,26406,-6869,1070,1166235,7161971,-5706,3485,-7435,-2410,-8454,-4765
1736072509.619913;m3-23;From: 3858 (m3-111);Len: 113;Rssi: -90;PowerLevel: m7dBm;DATA: 98,10629342490369879,26406,-6869,1070,1166235,7161971,-5706,3485,-7435,-2410,-8454,-4765
1736072509.859182;m3-22;From: 3858 (m3-111);Len: 113;Rssi: -90;PowerLevel: m7dBm;DATA: 98,10629342490369879,26406,-6869,1070,1166235,7161971,-5706,3485,-7435,-2410,-8454,-4765
1736072509.859771;m3-23;From: 3858 (m3-111);Len: 113;Rssi: -90;PowerLevel: m7dBm;DATA: 98,10629342490369879,26406,-6869,1070,1166235,7161971,-5706,3485,-7435,-2410,-8454,-4765
1736072509.861162;m3-4;From: 3858 (m3-111);Len: 113;Rssi: -90;PowerLevel: m7dBm;DATA: 98,10629342490369879,26406,-6869,1070,1166235,7161971,-5706,3485,-7435,-2410,-8454,-4765
1736072509.861758;m3-5;From: 3858 (m3-111);Len: 113;Rssi: -91;PowerLevel: m7dBm;DATA: 98,10629342490369879,26406,-6869,1070,1166235,7161971,-5706,3485,-7435,-2410,-8454,-4765
1736072509.871785;m3-12;From: 3858 (m3-111);Len: 113;Rssi: -91;PowerLevel: m7dBm;DATA: 98,10629342490369879,26406,-6869,1070,1166235,7161971,-5706,3485,-7435,-2410,-8454,-4765
1736072509.872261;m3-11;From: 3858 (m3-111);Len: 113;Rssi: -91;PowerLevel: m7dBm;DATA: 98,10629342490369879,26406,-6869,1070,1166235,7161971,-5706,3485,-7435,-2410,-8454,-4765
1736072510.115151;m3-22;From: 3858 (m3-111);Len: 113;Rssi: -90;PowerLevel: m7dBm;DATA: 98,10629342490369879,26406,-6869,1070,1166235,7161971,-5706,3485,-7435,-2410,-8454,-4765
1736072510.367923;m3-12;From: 3858 (m3-111);Len: 113;Rssi: -91;PowerLevel: m7dBm;DATA: 98,10629342490369879,26406,-6869,1070,1166235,7161971,-5706,3485,-7435,-2410,-8454,-4765
1736072510.373176;m3-4;From: 3858 (m3-111);Len: 113;Rssi: -90;PowerLevel: m7dBm;DATA: 98,10629342490369879,26406,-6869,1070,1166235,7161971,-5706,3485,-7435,-2410,-8454,-4765
1736072510.607938;m3-12;From: 3858 (m3-111);Len: 113;Rssi: -91;PowerLevel: m7dBm;DATA: 98,10629342490369879,26406,-6869,1070,1166235,7161971,-5706,3485,-7435,-2410,-8454,-4765
1736072510.608475;m3-11;From: 3858 (m3-111);Len: 113;Rssi: -91;PowerLevel: m7dBm;DATA: 98,10629342490369879,26406,-6869,1070,1166235,7161971,-5706,3485,-7435,-2410,-8454,-4765
1736072510.610958;m3-22;From: 3858 (m3-111);Len: 113;Rssi: -90;PowerLevel: m7dBm;DATA: 98,10629342490369879,26406,-6869,1070,1166235,7161971,-5706,3485,-7435,-2410,-8454,-4765
1736072510.611638;m3-23;From: 3858 (m3-111);Len: 113;Rssi: -90;PowerLevel: m7dBm;DATA: 98,10629342490369879,26406,-6869,1070,1166235,7161971,-5706,3485,-7435,-2410,-8454,-4765
1736072510.613011;m3-4;From: 3858 (m3-111);Len: 113;Rssi: -90;PowerLevel: m7dBm;DATA: 98,10629342490369879,26406,-6869,1070,1166235,7161971,-5706,3485,-7435,-2410,-8454,-4765
1736072510.863780;m3-12;From: 3858 (m3-111);Len: 113;Rssi: -91;PowerLevel: m7dBm;DATA: 98,10629342490369879,26406,-6869,1070,1166235,7161971,-5706,3485,-7435,-2410,-8454,-4765
1736072510.869156;m3-4;From: 3858 (m3-111);Len: 113;Rssi: -90;PowerLevel: m7dBm;DATA: 98,10629342490369879,26406,-6869,1070,1166235,7161971,-5706,3485,-7435,-2410,-8454,-4765
1736072511.109074;m3-4;From: 3858 (m3-111);Len: 113;Rssi: -90;PowerLevel: m7dBm;DATA: 98,10629342490369879,26406,-6869,1070,1166235,7161971,-5706,3485,-7435,-2410,-8454,-4765
1736072511.109660;m3-5;From: 3858 (m3-111);Len: 113;Rssi: -91;PowerLevel: m7dBm;DATA: 98,10629342490369879,26406,-6869,1070,1166235,7161971,-5706,3485,-7435,-2410,-8454,-4765
1736072511.119821;m3-12;From: 3858 (m3-111);Len: 113;Rssi: -91;PowerLevel: m7dBm;DATA: 98,10629342490369879,26406,-6869,1070,1166235,7161971,-5706,3485,-7435,-2410,-8454,-4765
1736072511.120365;m3-11;From: 3858 (m3-111);Len: 113;Rssi: -91;PowerLevel: m7dBm;DATA: 98,10629342490369879,26406,-6869,1070,1166235,7161971,-5706,3485,-7435,-2410,-8454,-4765
1736072511.122804;m3-22;From: 3858 (m3-111);Len: 113;Rssi: -90;PowerLevel: m7dBm;DATA: 98,10629342490369879,26406,-6869,1070,1166235,7161971,-5706,3485,-7435,-2410,-8454,-4765
1736072511.615838;m3-12;From: 3858 (m3-111);Len: 113;Rssi: -91;PowerLevel: m7dBm;DATA: 98,10629342490369879,26406,-6869,1070,1166235,7161971,-5706,3485,-7435,-2410,-8454,-4765
1736072511.616426;m3-11;From: 3858 (m3-111);Len: 113;Rssi: -91;PowerLevel: m7dBm;DATA: 98,10629342490369879,26406,-6869,1070,1166235,7161971,-5706,3485,-7435,-2410,-8454,-4765
1736072511.618884;m3-22;From: 3858 (m3-111);Len: 113;Rssi: -89;PowerLevel: m7dBm;DATA: 98,10629342490369879,26406,-6869,1070,1166235,7161971,-5706,3485,-7435,-2410,-8454,-4765
1736072511.621039;m3-4;From: 3858 (m3-111);Len: 113;Rssi: -90;PowerLevel: m7dBm;DATA: 98,10629342490369879,26406,-6869,1070,1166235,7161971,-5706,3485,-7435,-2410,-8454,-4765
1736072512.111636;m3-12;From: 3858 (m3-111);Len: 113;Rssi: -91;PowerLevel: m7dBm;DATA: 98,10629342490369879,26406,-6869,1070,1166235,7161971,-5706,3485,-7435,-2410,-8454,-4765
1736072512.112323;m3-11;From: 3858 (m3-111);Len: 113;Rssi: -91;PowerLevel: m7dBm;DATA: 98,10629342490369879,26406,-6869,1070,1166235,7161971,-5706,3485,-7435,-2410,-8454,-4765
1736072512.116907;m3-4;From: 3858 (m3-111);Len: 113;Rssi: -90;PowerLevel: m7dBm;DATA: 98,10629342490369879,26406,-6869,1070,1166235,7161971,-5706,3485,-7435,-2410,-8454,-4765
1736072512.357670;m3-5;From: 3858 (m3-111);Len: 113;Rssi: -91;PowerLevel: m7dBm;DATA: 98,10629342490369879,26406,-6869,1070,1166235,7161971,-5706,3485,-7435,-2410,-8454,-4765
1736072512.367851;m3-11;From: 3858 (m3-111);Len: 113;Rssi: -91;PowerLevel: m7dBm;DATA: 98,10629342490369879,26406,-6869,1070,1166235,7161971,-5706,3485,-7435,-2410,-8454,-4765
1736072512.373177;m3-4;From: 3858 (m3-111);Len: 113;Rssi: -90;PowerLevel: m7dBm;DATA: 98,10629342490369879,26406,-6869,1070,1166235,7161971,-5706,3485,-7435,-2410,-8454,-4765
1736072512.863936;m3-11;From: 3858 (m3-111);Len: 113;Rssi: -91;PowerLevel: m7dBm;DATA: 98,10629342490369879,26406,-6869,1070,1166235,7161971,-5706,3485,-7435,-2410,-8454,-4765
1736072512.869683;m3-5;From: 3858 (m3-111);Len: 113;Rssi: -91;PowerLevel: m7dBm;DATA: 98,10629342490369879,26406,-6869,1070,1166235,7161971,-5706,3485,-7435,-2410,-8454,-4765
1736072513.359946;m3-11;From: 3858 (m3-111);Len: 113;Rssi: -91;PowerLevel: m7dBm;DATA: 98,10629342490369879,26406,-6869,1070,1166235,7161971,-5706,3485,-7435,-2410,-8454,-4765
1736072513.365439;m3-5;From: 3858 (m3-111);Len: 113;Rssi: -91;PowerLevel: m7dBm;DATA: 98,10629342490369879,26406,-6869,1070,1166235,7161971,-5706,3485,-7435,-2410,-8454,-4765
1736072513.871906;m3-11;From: 3858 (m3-111);Len: 113;Rssi: -91;PowerLevel: m7dBm;DATA: 98,10629342490369879,26406,-6869,1070,1166235,7161971,-5706,3485,-7435,-2410,-8454,-4765
1736072514.367792;m3-11;From: 3858 (m3-111);Len: 113;Rssi: -91;PowerLevel: m7dBm;DATA: 98,10629342490369879,26406,-6869,1070,1166235,7161971,-5706,3485,-7435,-2410,-8454,-4765
1736072514.607905;m3-11;From: 3858 (m3-111);Len: 113;Rssi: -91;PowerLevel: m7dBm;DATA: 98,10629342490369879,26406,-6869,1070,1166235,7161971,-5706,3485,-7435,-2410,-8454,-4765
1736072514.613606;m3-5;From: 3858 (m3-111);Len: 113;Rssi: -91;PowerLevel: m7dBm;DATA: 98,10629342490369879,26406,-6869,1070,1166235,7161971,-5706,3485,-7435,-2410,-8454,-4765
1736072515.109509;m3-5;From: 3858 (m3-111);Len: 113;Rssi: -91;PowerLevel: m7dBm;DATA: 98,10629342490369879,26406,-6869,1070,1166235,7161971,-5706,3485,-7435,-2410,-8454,-4765
1736072515.119853;m3-11;From: 3858 (m3-111);Len: 113;Rssi: -91;PowerLevel: m7dBm;DATA: 98,10629342490369879,26406,-6869,1070,1166235,7161971,-5706,3485,-7435,-2410,-8454,-4765
1736072515.615819;m3-11;From: 3858 (m3-111);Len: 113;Rssi: -91;PowerLevel: m7dBm;DATA: 98,10629342490369879,26406,-6869,1070,1166235,7161971,-5706,3485,-7435,-2410,-8454,-4765
1736072515.621318;m3-5;From: 3858 (m3-111);Len: 113;Rssi: -91;PowerLevel: m7dBm;DATA: 98,10629342490369879,26406,-6869,1070,1166235,7161971,-5706,3485,-7435,-2410,-8454,-4765
1736072516.111767;m3-11;From: 3858 (m3-111);Len: 113;Rssi: -91;PowerLevel: m7dBm;DATA: 98,10629342490369879,26406,-6869,1070,1166235,7161971,-5706,3485,-7435,-2410,-8454,-4765
1736072519.860919;m3-38;[in broadcast_data() INFO] POWER LEVEL: m5dBm
1736072520.111573;m3-11;From: 3858 (m3-111);Len: 113;Rssi: -91;PowerLevel: m5dBm;DATA: 98,10629342490369879,26406,-6869,1070,1166235,7161971,-5706,3485,-7435,-2410,-8454,-4765
1736072520.117201;m3-5;From: 3858 (m3-111);Len: 113;Rssi: -91;PowerLevel: m5dBm;DATA: 98,10629342490369879,26406,-6869,1070,1166235,7161971,-5706,3485,-7435,-2410,-8454,-4765
1736072520.623424;m3-11;From: 3858 (m3-111);Len: 113;Rssi: -91;PowerLevel: m5dBm;DATA: 98,10629342490369879,26406,-6869,1070,1166235,7161971,-5706,3485,-7435,-2410,-8454,-4765
1736072521.359441;m3-11;From: 3858 (m3-111);Len: 113;Rssi: -91;PowerLevel: m5dBm;DATA: 98,10629342490369879,26406,-6869,1070,1166235,7161971,-5706,3485,-7435,-2410,-8454,-4765
1736072521.365048;m3-5;From: 3858 (m3-111);Len: 113;Rssi: -91;PowerLevel: m5dBm;DATA: 98,10629342490369879,26406,-6869,1070,1166235,7161971,-5706,3485,-7435,-2410,-8454,-4765
1736072521.861081;m3-5;From: 3858 (m3-111);Len: 113;Rssi: -91;PowerLevel: m5dBm;DATA: 98,10629342490369879,26406,-6869,1070,1166235,7161971,-5706,3485,-7435,-2410,-8454,-4765
1736072522.372884;m3-5;From: 3858 (m3-111);Len: 113;Rssi: -91;PowerLevel: m5dBm;DATA: 98,10629342490369879,26406,-6869,1070,1166235,7161971,-5706,3485,-7435,-2410,-8454,-4765
1736072523.108939;m3-5;From: 3858 (m3-111);Len: 113;Rssi: -91;PowerLevel: m5dBm;DATA: 98,10629342490369879,26406,-6869,1070,1166235,7161971,-5706,3485,-7435,-2410,-8454,-4765
1736072523.364858;m3-5;From: 3858 (m3-111);Len: 113;Rssi: -91;PowerLevel: m5dBm;DATA: 98,10629342490369879,26406,-6869,1070,1166235,7161971,-5706,3485,-7435,-2410,-8454,-4765
1736072523.616115;m3-88;From: 3858 (m3-111);Len: 113;Rssi: -91;PowerLevel: m5dBm;DATA: 98,10629342490369879,26406,-6869,1070,1166235,7161971,-5706,3485,-7435,-2410,-8454,-4765
1736072523.617387;m3-9;From: 3858 (m3-111);Len: 113;Rssi: -91;PowerLevel: m5dBm;DATA: 98,10629342490369879,26406,-6869,1070,1166235,7161971,-5706,3485,-7435,-2410,-8454,-4765
1736072523.620816;m3-5;From: 3858 (m3-111);Len: 113;Rssi: -91;PowerLevel: m5dBm;DATA: 98,10629342490369879,26406,-6869,1070,1166235,7161971,-5706,3485,-7435,-2410,-8454,-4765
1736072523.860839;m3-5;From: 3858 (m3-111);Len: 113;Rssi: -91;PowerLevel: m5dBm;DATA: 98,10629342490369879,26406,-6869,1070,1166235,7161971,-5706,3485,-7435,-2410,-8454,-4765
1736072523.871722;m3-88;From: 3858 (m3-111);Len: 113;Rssi: -91;PowerLevel: m5dBm;DATA: 98,10629342490369879,26406,-6869,1070,1166235,7161971,-5706,3485,-7435,-2410,-8454,-4765
1736072523.873274;m3-9;From: 3858 (m3-111);Len: 113;Rssi: -91;PowerLevel: m5dBm;DATA: 98,10629342490369879,26406,-6869,1070,1166235,7161971,-5706,3485,-7435,-2410,-8454,-4765
1736072524.113235;m3-9;From: 3858 (m3-111);Len: 113;Rssi: -91;PowerLevel: m5dBm;DATA: 98,10629342490369879,26406,-6869,1070,1166235,7161971,-5706,3485,-7435,-2410,-8454,-4765
1736072524.116799;m3-5;From: 3858 (m3-111);Len: 113;Rssi: -91;PowerLevel: m5dBm;DATA: 98,10629342490369879,26406,-6869,1070,1166235,7161971,-5706,3485,-7435,-2410,-8454,-4765
1736072524.612833;m3-5;From: 3858 (m3-111);Len: 113;Rssi: -91;PowerLevel: m5dBm;DATA: 98,10629342490369879,26406,-6869,1070,1166235,7161971,-5706,3485,-7435,-2410,-8454,-4765
1736072525.364772;m3-5;From: 3858 (m3-111);Len: 113;Rssi: -91;PowerLevel: m5dBm;DATA: 98,10629342490369879,26406,-6869,1070,1166235,7161971,-5706,3485,-7435,-2410,-8454,-4765
1736072525.860841;m3-5;From: 3858 (m3-111);Len: 113;Rssi: -91;PowerLevel: m5dBm;DATA: 98,10629342490369879,26406,-6869,1070,1166235,7161971,-5706,3485,-7435,-2410,-8454,-4765
1736072526.372555;m3-5;From: 3858 (m3-111);Len: 113;Rssi: -91;PowerLevel: m5dBm;DATA: 98,10629342490369879,26406,-6869,1070,1166235,7161971,-5706,3485,-7435,-2410,-8454,-4765
1736072530.356253;m3-38;[in broadcast_data() INFO] POWER LEVEL: m4dBm
1736072530.372294;m3-5;From: 3858 (m3-111);Len: 113;Rssi: -91;PowerLevel: m4dBm;DATA: 98,10629342490369879,26406,-6869,1070,1166235,7161971,-5706,3485,-7435,-2410,-8454,-4765
1736072530.623514;m3-88;From: 3858 (m3-111);Len: 113;Rssi: -91;PowerLevel: m4dBm;DATA: 98,10629342490369879,26406,-6869,1070,1166235,7161971,-5706,3485,-7435,-2410,-8454,-4765
1736072530.624674;m3-9;From: 3858 (m3-111);Len: 113;Rssi: -91;PowerLevel: m4dBm;DATA: 98,10629342490369879,26406,-6869,1070,1166235,7161971,-5706,3485,-7435,-2410,-8454,-4765
1736072530.863425;m3-88;From: 3858 (m3-111);Len: 113;Rssi: -91;PowerLevel: m4dBm;DATA: 98,10629342490369879,26406,-6869,1070,1166235,7161971,-5706,3485,-7435,-2410,-8454,-4765
1736072530.864679;m3-9;From: 3858 (m3-111);Len: 113;Rssi: -91;PowerLevel: m4dBm;DATA: 98,10629342490369879,26406,-6869,1070,1166235,7161971,-5706,3485,-7435,-2410,-8454,-4765
1736072532.624640;m3-9;From: 3858 (m3-111);Len: 113;Rssi: -91;PowerLevel: m4dBm;DATA: 98,10629342490369879,26406,-6869,1070,1166235,7161971,-5706,3485,-7435,-2410,-8454,-4765
1736072533.616761;m3-9;From: 3858 (m3-111);Len: 113;Rssi: -91;PowerLevel: m4dBm;DATA: 98,10629342490369879,26406,-6869,1070,1166235,7161971,-5706,3485,-7435,-2410,-8454,-4765
1736072533.871499;m3-88;From: 3858 (m3-111);Len: 113;Rssi: -91;PowerLevel: m4dBm;DATA: 98,10629342490369879,26406,-6869,1070,1166235,7161971,-5706,3485,-7435,-2410,-8454,-4765
1736072533.872412;m3-9;From: 3858 (m3-111);Len: 113;Rssi: -91;PowerLevel: m4dBm;DATA: 98,10629342490369879,26406,-6869,1070,1166235,7161971,-5706,3485,-7435,-2410,-8454,-4765
1736072534.863387;m3-88;From: 3858 (m3-111);Len: 113;Rssi: -91;PowerLevel: m4dBm;DATA: 98,10629342490369879,26406,-6869,1070,1166235,7161971,-5706,3485,-7435,-2410,-8454,-4765
1736072534.864505;m3-9;From: 3858 (m3-111);Len: 113;Rssi: -91;PowerLevel: m4dBm;DATA: 98,10629342490369879,26406,-6869,1070,1166235,7161971,-5706,3485,-7435,-2410,-8454,-4765
1736072535.119215;m3-88;From: 3858 (m3-111);Len: 113;Rssi: -91;PowerLevel: m4dBm;DATA: 98,10629342490369879,26406,-6869,1070,1166235,7161971,-5706,3485,-7435,-2410,-8454,-4765
1736072536.112520;m3-9;From: 3858 (m3-111);Len: 113;Rssi: -91;PowerLevel: m4dBm;DATA: 98,10629342490369879,26406,-6869,1070,1166235,7161971,-5706,3485,-7435,-2410,-8454,-4765
1736072536.624367;m3-9;From: 3858 (m3-111);Len: 113;Rssi: -91;PowerLevel: m4dBm;DATA: 98,10629342490369879,26406,-6869,1070,1166235,7161971,-5706,3485,-7435,-2410,-8454,-4765
1736072537.119287;m3-88;From: 3858 (m3-111);Len: 113;Rssi: -91;PowerLevel: m4dBm;DATA: 98,10629342490369879,26406,-6869,1070,1166235,7161971,-5706,3485,-7435,-2410,-8454,-4765
1736072537.120100;m3-9;From: 3858 (m3-111);Len: 113;Rssi: -91;PowerLevel: m4dBm;DATA: 98,10629342490369879,26406,-6869,1070,1166235,7161971,-5706,3485,-7435,-2410,-8454,-4765
1736072540.867386;m3-38;[in broadcast_data() INFO] POWER LEVEL: m3dBm
1736072541.119001;m3-88;From: 3858 (m3-111);Len: 113;Rssi: -91;PowerLevel: m3dBm;DATA: 98,10629342490369879,26406,-6869,1070,1166235,7161971,-5706,3485,-7435,-2410,-8454,-4765
1736072541.120074;m3-9;From: 3858 (m3-111);Len: 113;Rssi: -91;PowerLevel: m3dBm;DATA: 98,10629342490369879,26406,-6869,1070,1166235,7161971,-5706,3485,-7435,-2410,-8454,-4765
1736072541.614939;m3-88;From: 3858 (m3-111);Len: 113;Rssi: -91;PowerLevel: m3dBm;DATA: 98,10629342490369879,26406,-6869,1070,1166235,7161971,-5706,3485,-7435,-2410,-8454,-4765
1736072541.615898;m3-9;From: 3858 (m3-111);Len: 113;Rssi: -91;PowerLevel: m3dBm;DATA: 98,10629342490369879,26406,-6869,1070,1166235,7161971,-5706,3485,-7435,-2410,-8454,-4765
1736072542.366854;m3-88;From: 3858 (m3-111);Len: 113;Rssi: -91;PowerLevel: m3dBm;DATA: 98,10629342490369879,26406,-6869,1070,1166235,7161971,-5706,3485,-7435,-2410,-8454,-4765
1736072542.367815;m3-9;From: 3858 (m3-111);Len: 113;Rssi: -91;PowerLevel: m3dBm;DATA: 98,10629342490369879,26406,-6869,1070,1166235,7161971,-5706,3485,-7435,-2410,-8454,-4765
1736072542.862790;m3-88;From: 3858 (m3-111);Len: 113;Rssi: -91;PowerLevel: m3dBm;DATA: 98,10629342490369879,26406,-6869,1070,1166235,7161971,-5706,3485,-7435,-2410,-8454,-4765
1736072542.863773;m3-9;From: 3858 (m3-111);Len: 113;Rssi: -91;PowerLevel: m3dBm;DATA: 98,10629342490369879,26406,-6869,1070,1166235,7161971,-5706,3485,-7435,-2410,-8454,-4765
1736072543.118715;m3-88;From: 3858 (m3-111);Len: 113;Rssi: -91;PowerLevel: m3dBm;DATA: 98,10629342490369879,26406,-6869,1070,1166235,7161971,-5706,3485,-7435,-2410,-8454,-4765
1736072543.374702;m3-88;From: 3858 (m3-111);Len: 113;Rssi: -91;PowerLevel: m3dBm;DATA: 98,10629342490369879,26406,-6869,1070,1166235,7161971,-5706,3485,-7435,-2410,-8454,-4765
1736072543.375623;m3-9;From: 3858 (m3-111);Len: 113;Rssi: -91;PowerLevel: m3dBm;DATA: 98,10629342490369879,26406,-6869,1070,1166235,7161971,-5706,3485,-7435,-2410,-8454,-4765
1736072543.871895;m3-9;From: 3858 (m3-111);Len: 113;Rssi: -91;PowerLevel: m3dBm;DATA: 98,10629342490369879,26406,-6869,1070,1166235,7161971,-5706,3485,-7435,-2410,-8454,-4765
1736072544.110588;m3-88;From: 3858 (m3-111);Len: 113;Rssi: -91;PowerLevel: m3dBm;DATA: 98,10629342490369879,26406,-6869,1070,1166235,7161971,-5706,3485,-7435,-2410,-8454,-4765
1736072544.622732;m3-88;From: 3858 (m3-111);Len: 113;Rssi: -91;PowerLevel: m3dBm;DATA: 98,10629342490369879,26406,-6869,1070,1166235,7161971,-5706,3485,-7435,-2410,-8454,-4765
1736072544.623533;m3-9;From: 3858 (m3-111);Len: 113;Rssi: -91;PowerLevel: m3dBm;DATA: 98,10629342490369879,26406,-6869,1070,1166235,7161971,-5706,3485,-7435,-2410,-8454,-4765
1736072545.118742;m3-88;From: 3858 (m3-111);Len: 113;Rssi: -91;PowerLevel: m3dBm;DATA: 98,10629342490369879,26406,-6869,1070,1166235,7161971,-5706,3485,-7435,-2410,-8454,-4765
1736072545.119592;m3-9;From: 3858 (m3-111);Len: 113;Rssi: -91;PowerLevel: m3dBm;DATA: 98,10629342490369879,26406,-6869,1070,1166235,7161971,-5706,3485,-7435,-2410,-8454,-4765
1736072545.374577;m3-88;From: 3858 (m3-111);Len: 113;Rssi: -91;PowerLevel: m3dBm;DATA: 98,10629342490369879,26406,-6869,1070,1166235,7161971,-5706,3485,-7435,-2410,-8454,-4765
1736072545.375509;m3-9;From: 3858 (m3-111);Len: 113;Rssi: -91;PowerLevel: m3dBm;DATA: 98,10629342490369879,26406,-6869,1070,1166235,7161971,-5706,3485,-7435,-2410,-8454,-4765
1736072545.614728;m3-88;From: 3858 (m3-111);Len: 113;Rssi: -91;PowerLevel: m3dBm;DATA: 98,10629342490369879,26406,-6869,1070,1166235,7161971,-5706,3485,-7435,-2410,-8454,-4765
1736072545.615666;m3-9;From: 3858 (m3-111);Len: 113;Rssi: -91;PowerLevel: m3dBm;DATA: 98,10629342490369879,26406,-6869,1070,1166235,7161971,-5706,3485,-7435,-2410,-8454,-4765
1736072546.862631;m3-88;From: 3858 (m3-111);Len: 113;Rssi: -91;PowerLevel: m3dBm;DATA: 98,10629342490369879,26406,-6869,1070,1166235,7161971,-5706,3485,-7435,-2410,-8454,-4765
1736072546.863569;m3-9;From: 3858 (m3-111);Len: 113;Rssi: -91;PowerLevel: m3dBm;DATA: 98,10629342490369879,26406,-6869,1070,1166235,7161971,-5706,3485,-7435,-2410,-8454,-4765
1736072547.119621;m3-9;From: 3858 (m3-111);Len: 113;Rssi: -91;PowerLevel: m3dBm;DATA: 98,10629342490369879,26406,-6869,1070,1166235,7161971,-5706,3485,-7435,-2410,-8454,-4765
1736072547.374482;m3-88;From: 3858 (m3-111);Len: 113;Rssi: -91;PowerLevel: m3dBm;DATA: 98,10629342490369879,26406,-6869,1070,1166235,7161971,-5706,3485,-7435,-2410,-8454,-4765
1736072547.614472;m3-88;From: 3858 (m3-111);Len: 113;Rssi: -91;PowerLevel: m3dBm;DATA: 98,10629342490369879,26406,-6869,1070,1166235,7161971,-5706,3485,-7435,-2410,-8454,-4765
1736072547.870419;m3-88;From: 3858 (m3-111);Len: 113;Rssi: -91;PowerLevel: m3dBm;DATA: 98,10629342490369879,26406,-6869,1070,1166235,7161971,-5706,3485,-7435,-2410,-8454,-4765
1736072551.362654;m3-38;[in broadcast_data() INFO] POWER LEVEL: m2dBm
1736072551.374449;m3-88;From: 3858 (m3-111);Len: 113;Rssi: -91;PowerLevel: m2dBm;DATA: 98,10629342490369879,26406,-6869,1070,1166235,7161971,-5706,3485,-7435,-2410,-8454,-4765
1736072561.857902;m3-38;[in broadcast_data() INFO] POWER LEVEL: m1dBm
1736072572.369101;m3-38;[in broadcast_data() INFO] POWER LEVEL: 0_7dBm
1736072582.864449;m3-38;[in broadcast_data() INFO] POWER LEVEL: 1_3dBm
1736072593.359630;m3-38;[in broadcast_data() INFO] POWER LEVEL: 1_8dBm
1736072603.870958;m3-38;[in broadcast_data() INFO] POWER LEVEL: 2_3dBm
1736072614.366308;m3-38;[in broadcast_data() INFO] POWER LEVEL: 2_8dBm
1736072624.861384;m3-38;[in broadcast_data() INFO] POWER LEVEL: 3dBm
1736072635.372708;m3-38;[in bc_task() INFO] state PHY_STATE_IDLE
1736072635.373046;m3-38;
