1736075679.058517;m3-45;[in bc_task() INFO] > PLL_ON
1736075679.058824;m3-45;
1736075684.049941;m3-45;[in bc_task() INFO] > PHY_IDLE
1736075684.050230;m3-45;
1736075689.056548;m3-38;From: B571 (m3-209);Len: 114;Rssi: -67;PowerLevel: m17dBm;DATA: 98,10629342490369879,26406,-6869,1070,1166235,7161971,-5706,3485,-7435,-2410,-8454,-4765
1736075689.056881;m3-44;From: B571 (m3-209);Len: 114;Rssi: -87;PowerLevel: m17dBm;DATA: 98,10629342490369879,26406,-6869,1070,1166235,7161971,-5706,3485,-7435,-2410,-8454,-4765
1736075689.057377;m3-36;From: B571 (m3-209);Len: 114;Rssi: -76;PowerLevel: m17dBm;DATA: 98,10629342490369879,26406,-6869,1070,1166235,7161971,-5706,3485,-7435,-2410,-8454,-4765
1736075689.057549;m3-45;[in broadcast_data() INFO] POWER LEVEL: m17dBm
1736075689.058413;m3-37;From: B571 (m3-209);Len: 114;Rssi: -70;PowerLevel: m17dBm;DATA: 98,10629342490369879,26406,-6869,1070,1166235,7161971,-5706,3485,-7435,-2410,-8454,-4765
1736075689.061701;m3-41;From: B571 (m3-209);Len: 114;Rssi: -64;PowerLevel: m17dBm;DATA: 98,10629342490369879,26406,-6869,1070,1166235,7161971,-5706,3485,-7435,-2410,-8454,-4765
1736075689.063293;m3-39;From: B571 (m3-209);Len: 114;Rssi: -79;PowerLevel: m17dBm;DATA: 98,10629342490369879,26406,-6869,1070,1166235,7161971,-5706,3485,-7435,-2410,-8454,-4765
1736075689.066491;m3-40;From: B571 (m3-209);Len: 114;Rssi: -76;PowerLevel: m17dBm;DATA: 98,10629342490369879,26406,-6869,1070,1166235,7161971,-5706,3485,-7435,-2410,-8454,-4765
1736075689.068594;m3-42;From: B571 (m3-209);Len: 114;Rssi: -69;PowerLevel: m17dBm;DATA: 98,10629342490369879,26406,-6869,1070,1166235,7161971,-5706,3485,-7435,-2410,-8454,-4765
1736075689.070841;m3-43;From: B571 (m3-209);Len: 114;Rssi: -79;PowerLevel: m17dBm;DATA: 98,10629342490369879,26406,-6869,1070,1166235,7161971,-5706,3485,-7435,-2410,-8454,-4765
1736075689.071507;m3-31;From: B571 (m3-209);Len: 114;Rssi: -73;PowerLevel: m17dBm;DATA: 98,10629342490369879,26406,-6869,1070,1166235,7161971,-5706,3485,-7435,-2410,-8454,-4765
1736075689.306365;m3-40;From: B571 (m3-209);Len: 114;Rssi: -76;PowerLevel: m17dBm;DATA: 98,10629342490369879,26406,-6869,1070,1166235,7161971,-5706,3485,-7435,-2410,-8454,-4765
1736075689.308373;m3-42;From: B571 (m3-209);Len: 114;Rssi: -69;PowerLevel: m17dBm;DATA: 98,10629342490369879,26406,-6869,1070,1166235,7161971,-5706,3485,-7435,-2410,-8454,-4765
1736075689.310626;m3-43;From: B571 (m3-209);Len: 114;Rssi: -79;PowerLevel: m17dBm;DATA: 98,10629342490369879,26406,-6869,1070,1166235,7161971,-5706,3485,-7435,-2410,-8454,-4765
1736075689.311288;m3-31;From: B571 (m3-209);Len: 114;Rssi: -73;PowerLevel: m17dBm;DATA: 98,10629342490369879,26406,-6869,1070,1166235,7161971,-5706,3485,-7435,-2410,-8454,-4765
1736075689.312130;m3-38;From: B571 (m3-209);Len: 114;Rssi: -67;PowerLevel: m17dBm;DATA: 98,10629342490369879,26406,-6869,1070,1166235,7161971,-5706,3485,-7435,-2410,-8454,-4765
1736075689.312320;m3-44;From: B571 (m3-209);Len: 114;Rssi: -86;PowerLevel: m17dBm;DATA: 98,10629342490369879,26406,-6869,1070,1166235,7161971,-5706,3485,-7435,-2410,-8454,-4765
1736075689.312785;m3-36;From: B571 (m3-209);Len: 114;Rssi: -76;PowerLevel: m17dBm;DATA: 98,10629342490369879,26406,-6869,1070,1166235,7161971,-5706,3485,-7435,-2410,-8454,-4765
1736075689.314373;m3-37;From: B571 (m3-209);Len: 114;Rssi: -71;PowerLevel: m17dBm;DATA: 98,10629342490369879,26406,-6869,1070,1166235,7161971,-5706,3485,-7435,-2410,-8454,-4765
1736075689.317565;m3-41;From: B571 (m3-209);Len: 114;Rssi: -64;PowerLevel: m17dBm;DATA: 98,10629342490369879,26406,-6869,1070,1166235,7161971,-5706,3485,-7435,-2410,-8454,-4765
1736075689.318697;m3-39;From: B571 (m3-209);Len: 114;Rssi: -79;PowerLevel: m17dBm;DATA: 98,10629342490369879,26406,-6869,1070,1166235,7161971,-5706,3485,-7435,-2410,-8454,-4765
1736075689.806759;m3-43;From: B571 (m3-209);Len: 114;Rssi: -79;PowerLevel: m17dBm;DATA: 98,10629342490369879,26406,-6869,1070,1166235,7161971,-5706,3485,-7435,-2410,-8454,-4765
1736075689.807436;m3-31;From: B571 (m3-209);Len: 114;Rssi: -73;PowerLevel: m17dBm;DATA: 98,10629342490369879,26406,-6869,1070,1166235,7161971,-5706,3485,-7435,-2410,-8454,-4765
1736075689.808261;m3-38;From: B571 (m3-209);Len: 114;Rssi: -67;PowerLevel: m17dBm;DATA: 98,10629342490369879,26406,-6869,1070,1166235,7161971,-5706,3485,-7435,-2410,-8454,-4765
1736075689.808775;m3-36;From: B571 (m3-209);Len: 114;Rssi: -76;PowerLevel: m17dBm;DATA: 98,10629342490369879,26406,-6869,1070,1166235,7161971,-5706,3485,-7435,-2410,-8454,-4765
1736075689.810390;m3-37;From: B571 (m3-209);Len: 114;Rssi: -70;PowerLevel: m17dBm;DATA: 98,10629342490369879,26406,-6869,1070,1166235,7161971,-5706,3485,-7435,-2410,-8454,-4765
1736075689.813561;m3-41;From: B571 (m3-209);Len: 114;Rssi: -64;PowerLevel: m17dBm;DATA: 98,10629342490369879,26406,-6869,1070,1166235,7161971,-5706,3485,-7435,-2410,-8454,-4765
1736075689.814760;m3-39;From: B571 (m3-209);Len: 114;Rssi: -79;PowerLevel: m17dBm;DATA: 98,10629342490369879,26406,-6869,1070,1166235,7161971,-5706,3485,-7435,-2410,-8454,-4765
1736075689.818446;m3-40;From: B571 (m3-209);Len: 114;Rssi: -76;PowerLevel: m17dBm;DATA: 98,10629342490369879,26406,-6869,1070,1166235,7161971,-5706,3485,-7435,-2410,-8454,-4765
1736075689.820337;m3-42;From: B571 (m3-209);Len: 114;Rssi: -69;PowerLevel: m17dBm;DATA: 98,10629342490369879,26406,-6869,1070,1166235,7161971,-5706,3485,-7435,-2410,-8454,-4765
1736075690.306300;m3-37;From: B571 (m3-209);Len: 114;Rssi: -70;PowerLevel: m17dBm;DATA: 98,10629342490369879,26406,-6869,1070,1166235,7161971,-5706,3485,-7435,-2410,-8454,-4765
1736075690.309453;m3-41;From: B571 (m3-209);Len: 114;Rssi: -64;PowerLevel: m17dBm;DATA: 98,10629342490369879,26406,-6869,1070,1166235,7161971,-5706,3485,-7435,-2410,-8454,-4765
1736075690.310661;m3-39;From: B571 (m3-209);Len: 114;Rssi: -79;PowerLevel: m17dBm;DATA: 98,10629342490369879,26406,-6869,1070,1166235,7161971,-5706,3485,-7435,-2410,-8454,-4765
1736075690.314185;m3-40;From: B571 (m3-209);Len: 114;Rssi: -76;PowerLevel: m17dBm;DATA: 98,10629342490369879,26406,-6869,1070,1166235,7161971,-5706,3485,-7435,-2410,-8454,-4765
1736075690.316208;m3-42;From: B571 (m3-209);Len: 114;Rssi: -69;PowerLevel: m17dBm;DATA: 98,10629342490369879,26406,-6869,1070,1166235,7161971,-5706,3485,-7435,-2410,-8454,-4765
1736075690.318607;m3-43;From: B571 (m3-209);Len: 114;Rssi: -79;PowerLevel: m17dBm;DATA: 98,10629342490369879,26406,-6869,1070,1166235,7161971,-5706,3485,-7435,-2410,-8454,-4765
1736075690.319268;m3-31;From: B571 (m3-209);Len: 114;Rssi: -73;PowerLevel: m17dBm;DATA: 98,10629342490369879,26406,-6869,1070,1166235,7161971,-5706,3485,-7435,-2410,-8454,-4765
1736075690.320011;m3-38;From: B571 (m3-209);Len: 114;Rssi: -67;PowerLevel: m17dBm;DATA: 98,10629342490369879,26406,-6869,1070,1166235,7161971,-5706,3485,-7435,-2410,-8454,-4765
1736075690.320531;m3-36;From: B571 (m3-209);Len: 114;Rssi: -76;PowerLevel: m17dBm;DATA: 98,10629342490369879,26406,-6869,1070,1166235,7161971,-5706,3485,-7435,-2410,-8454,-4765
1736075690.556336;m3-42;From: B571 (m3-209);Len: 114;Rssi: -69;PowerLevel: m17dBm;DATA: 98,10629342490369879,26406,-6869,1070,1166235,7161971,-5706,3485,-7435,-2410,-8454,-4765
1736075690.558852;m3-43;From: B571 (m3-209);Len: 114;Rssi: -79;PowerLevel: m17dBm;DATA: 98,10629342490369879,26406,-6869,1070,1166235,7161971,-5706,3485,-7435,-2410,-8454,-4765
1736075690.559518;m3-31;From: B571 (m3-209);Len: 114;Rssi: -73;PowerLevel: m17dBm;DATA: 98,10629342490369879,26406,-6869,1070,1166235,7161971,-5706,3485,-7435,-2410,-8454,-4765
1736075690.560236;m3-38;From: B571 (m3-209);Len: 114;Rssi: -67;PowerLevel: m17dBm;DATA: 98,10629342490369879,26406,-6869,1070,1166235,7161971,-5706,3485,-7435,-2410,-8454,-4765
1736075690.560422;m3-44;From: B571 (m3-209);Len: 114;Rssi: -86;PowerLevel: m17dBm;DATA: 98,10629342490369879,26406,-6869,1070,1166235,7161971,-5706,3485,-7435,-2410,-8454,-4765
1736075690.560912;m3-36;From: B571 (m3-209);Len: 114;Rssi: -76;PowerLevel: m17dBm;DATA: 98,10629342490369879,26406,-6869,1070,1166235,7161971,-5706,3485,-7435,-2410,-8454,-4765
1736075690.562493;m3-37;From: B571 (m3-209);Len: 114;Rssi: -70;PowerLevel: m17dBm;DATA: 98,10629342490369879,26406,-6869,1070,1166235,7161971,-5706,3485,-7435,-2410,-8454,-4765
1736075690.565567;m3-41;From: B571 (m3-209);Len: 114;Rssi: -64;PowerLevel: m17dBm;DATA: 98,10629342490369879,26406,-6869,1070,1166235,7161971,-5706,3485,-7435,-2410,-8454,-4765
1736075690.566800;m3-39;From: B571 (m3-209);Len: 114;Rssi: -79;PowerLevel: m17dBm;DATA: 98,10629342490369879,26406,-6869,1070,1166235,7161971,-5706,3485,-7435,-2410,-8454,-4765
1736075690.567560;m3-22;From: B571 (m3-209);Len: 114;Rssi: -91;PowerLevel: m17dBm;DATA: 98,10629342490369879,26406,-6869,1070,1166235,7161971,-5706,3485,-7435,-2410,-8454,-4765
1736075690.570057;m3-40;From: B571 (m3-209);Len: 114;Rssi: -76;PowerLevel: m17dBm;DATA: 98,10629342490369879,26406,-6869,1070,1166235,7161971,-5706,3485,-7435,-2410,-8454,-4765
1736075690.806844;m3-39;From: B571 (m3-209);Len: 114;Rssi: -79;PowerLevel: m17dBm;DATA: 98,10629342490369879,26406,-6869,1070,1166235,7161971,-5706,3485,-7435,-2410,-8454,-4765
1736075690.812296;m3-42;From: B571 (m3-209);Len: 114;Rssi: -69;PowerLevel: m17dBm;DATA: 98,10629342490369879,26406,-6869,1070,1166235,7161971,-5706,3485,-7435,-2410,-8454,-4765
1736075690.816143;m3-38;From: B571 (m3-209);Len: 114;Rssi: -67;PowerLevel: m17dBm;DATA: 98,10629342490369879,26406,-6869,1070,1166235,7161971,-5706,3485,-7435,-2410,-8454,-4765
1736075690.818241;m3-37;From: B571 (m3-209);Len: 114;Rssi: -71;PowerLevel: m17dBm;DATA: 98,10629342490369879,26406,-6869,1070,1166235,7161971,-5706,3485,-7435,-2410,-8454,-4765
1736075690.821324;m3-41;From: B571 (m3-209);Len: 114;Rssi: -64;PowerLevel: m17dBm;DATA: 98,10629342490369879,26406,-6869,1070,1166235,7161971,-5706,3485,-7435,-2410,-8454,-4765
1736075691.056041;m3-38;From: B571 (m3-209);Len: 114;Rssi: -67;PowerLevel: m17dBm;DATA: 98,10629342490369879,26406,-6869,1070,1166235,7161971,-5706,3485,-7435,-2410,-8454,-4765
1736075691.056622;m3-36;From: B571 (m3-209);Len: 114;Rssi: -76;PowerLevel: m17dBm;DATA: 98,10629342490369879,26406,-6869,1070,1166235,7161971,-5706,3485,-7435,-2410,-8454,-4765
1736075691.056811;m3-44;From: B571 (m3-209);Len: 114;Rssi: -86;PowerLevel: m17dBm;DATA: 98,10629342490369879,26406,-6869,1070,1166235,7161971,-5706,3485,-7435,-2410,-8454,-4765
1736075691.058279;m3-37;From: B571 (m3-209);Len: 114;Rssi: -71;PowerLevel: m17dBm;DATA: 98,10629342490369879,26406,-6869,1070,1166235,7161971,-5706,3485,-7435,-2410,-8454,-4765
1736075691.061501;m3-41;From: B571 (m3-209);Len: 114;Rssi: -64;PowerLevel: m17dBm;DATA: 98,10629342490369879,26406,-6869,1070,1166235,7161971,-5706,3485,-7435,-2410,-8454,-4765
1736075691.062533;m3-39;From: B571 (m3-209);Len: 114;Rssi: -79;PowerLevel: m17dBm;DATA: 98,10629342490369879,26406,-6869,1070,1166235,7161971,-5706,3485,-7435,-2410,-8454,-4765
1736075691.066041;m3-40;From: B571 (m3-209);Len: 114;Rssi: -76;PowerLevel: m17dBm;DATA: 98,10629342490369879,26406,-6869,1070,1166235,7161971,-5706,3485,-7435,-2410,-8454,-4765
1736075691.068165;m3-42;From: B571 (m3-209);Len: 114;Rssi: -69;PowerLevel: m17dBm;DATA: 98,10629342490369879,26406,-6869,1070,1166235,7161971,-5706,3485,-7435,-2410,-8454,-4765
1736075691.070446;m3-43;From: B571 (m3-209);Len: 114;Rssi: -79;PowerLevel: m17dBm;DATA: 98,10629342490369879,26406,-6869,1070,1166235,7161971,-5706,3485,-7435,-2410,-8454,-4765
1736075691.071053;m3-31;From: B571 (m3-209);Len: 114;Rssi: -73;PowerLevel: m17dBm;DATA: 98,10629342490369879,26406,-6869,1070,1166235,7161971,-5706,3485,-7435,-2410,-8454,-4765
1736075691.306263;m3-40;From: B571 (m3-209);Len: 114;Rssi: -76;PowerLevel: m17dBm;DATA: 98,10629342490369879,26406,-6869,1070,1166235,7161971,-5706,3485,-7435,-2410,-8454,-4765
1736075691.308231;m3-42;From: B571 (m3-209);Len: 114;Rssi: -69;PowerLevel: m17dBm;DATA: 98,10629342490369879,26406,-6869,1070,1166235,7161971,-5706,3485,-7435,-2410,-8454,-4765
1736075691.310487;m3-43;From: B571 (m3-209);Len: 114;Rssi: -79;PowerLevel: m17dBm;DATA: 98,10629342490369879,26406,-6869,1070,1166235,7161971,-5706,3485,-7435,-2410,-8454,-4765
1736075691.311108;m3-31;From: B571 (m3-209);Len: 114;Rssi: -73;PowerLevel: m17dBm;DATA: 98,10629342490369879,26406,-6869,1070,1166235,7161971,-5706,3485,-7435,-2410,-8454,-4765
1736075691.312043;m3-38;From: B571 (m3-209);Len: 114;Rssi: -67;PowerLevel: m17dBm;DATA: 98,10629342490369879,26406,-6869,1070,1166235,7161971,-5706,3485,-7435,-2410,-8454,-4765
1736075691.312253;m3-44;From: B571 (m3-209);Len: 114;Rssi: -87;PowerLevel: m17dBm;DATA: 98,10629342490369879,26406,-6869,1070,1166235,7161971,-5706,3485,-7435,-2410,-8454,-4765
1736075691.312732;m3-36;From: B571 (m3-209);Len: 114;Rssi: -76;PowerLevel: m17dBm;DATA: 98,10629342490369879,26406,-6869,1070,1166235,7161971,-5706,3485,-7435,-2410,-8454,-4765
1736075691.314201;m3-37;From: B571 (m3-209);Len: 114;Rssi: -71;PowerLevel: m17dBm;DATA: 98,10629342490369879,26406,-6869,1070,1166235,7161971,-5706,3485,-7435,-2410,-8454,-4765
1736075691.317428;m3-41;From: B571 (m3-209);Len: 114;Rssi: -64;PowerLevel: m17dBm;DATA: 98,10629342490369879,26406,-6869,1070,1166235,7161971,-5706,3485,-7435,-2410,-8454,-4765
1736075691.318690;m3-39;From: B571 (m3-209);Len: 114;Rssi: -79;PowerLevel: m17dBm;DATA: 98,10629342490369879,26406,-6869,1070,1166235,7161971,-5706,3485,-7435,-2410,-8454,-4765
1736075691.557584;m3-41;From: B571 (m3-209);Len: 114;Rssi: -64;PowerLevel: m17dBm;DATA: 98,10629342490369879,26406,-6869,1070,1166235,7161971,-5706,3485,-7435,-2410,-8454,-4765
1736075691.558683;m3-39;From: B571 (m3-209);Len: 114;Rssi: -79;PowerLevel: m17dBm;DATA: 98,10629342490369879,26406,-6869,1070,1166235,7161971,-5706,3485,-7435,-2410,-8454,-4765
1736075691.562324;m3-40;From: B571 (m3-209);Len: 114;Rssi: -76;PowerLevel: m17dBm;DATA: 98,10629342490369879,26406,-6869,1070,1166235,7161971,-5706,3485,-7435,-2410,-8454,-4765
1736075691.564252;m3-42;From: B571 (m3-209);Len: 114;Rssi: -69;PowerLevel: m17dBm;DATA: 98,10629342490369879,26406,-6869,1070,1166235,7161971,-5706,3485,-7435,-2410,-8454,-4765
1736075691.566658;m3-43;From: B571 (m3-209);Len: 114;Rssi: -79;PowerLevel: m17dBm;DATA: 98,10629342490369879,26406,-6869,1070,1166235,7161971,-5706,3485,-7435,-2410,-8454,-4765
1736075691.567341;m3-31;From: B571 (m3-209);Len: 114;Rssi: -73;PowerLevel: m17dBm;DATA: 98,10629342490369879,26406,-6869,1070,1166235,7161971,-5706,3485,-7435,-2410,-8454,-4765
1736075691.568115;m3-38;From: B571 (m3-209);Len: 114;Rssi: -67;PowerLevel: m17dBm;DATA: 98,10629342490369879,26406,-6869,1070,1166235,7161971,-5706,3485,-7435,-2410,-8454,-4765
1736075691.568360;m3-44;From: B571 (m3-209);Len: 114;Rssi: -87;PowerLevel: m17dBm;DATA: 98,10629342490369879,26406,-6869,1070,1166235,7161971,-5706,3485,-7435,-2410,-8454,-4765
1736075691.568785;m3-36;From: B571 (m3-209);Len: 114;Rssi: -76;PowerLevel: m17dBm;DATA: 98,10629342490369879,26406,-6869,1070,1166235,7161971,-5706,3485,-7435,-2410,-8454,-4765
1736075691.569893;m3-37;From: B571 (m3-209);Len: 114;Rssi: -71;PowerLevel: m17dBm;DATA: 98,10629342490369879,26406,-6869,1070,1166235,7161971,-5706,3485,-7435,-2410,-8454,-4765
1736075692.058033;m3-40;From: B571 (m3-209);Len: 114;Rssi: -76;PowerLevel: m17dBm;DATA: 98,10629342490369879,26406,-6869,1070,1166235,7161971,-5706,3485,-7435,-2410,-8454,-4765
1736075692.060067;m3-42;From: B571 (m3-209);Len: 114;Rssi: -69;PowerLevel: m17dBm;DATA: 98,10629342490369879,26406,-6869,1070,1166235,7161971,-5706,3485,-7435,-2410,-8454,-4765
1736075692.062545;m3-43;From: B571 (m3-209);Len: 114;Rssi: -79;PowerLevel: m17dBm;DATA: 98,10629342490369879,26406,-6869,1070,1166235,7161971,-5706,3485,-7435,-2410,-8454,-4765
1736075692.063169;m3-31;From: B571 (m3-209);Len: 114;Rssi: -73;PowerLevel: m17dBm;DATA: 98,10629342490369879,26406,-6869,1070,1166235,7161971,-5706,3485,-7435,-2410,-8454,-4765
1736075692.064024;m3-38;From: B571 (m3-209);Len: 114;Rssi: -67;PowerLevel: m17dBm;DATA: 98,10629342490369879,26406,-6869,1070,1166235,7161971,-5706,3485,-7435,-2410,-8454,-4765
1736075692.064268;m3-44;From: B571 (m3-209);Len: 114;Rssi: -86;PowerLevel: m17dBm;DATA: 98,10629342490369879,26406,-6869,1070,1166235,7161971,-5706,3485,-7435,-2410,-8454,-4765
1736075692.064699;m3-36;From: B571 (m3-209);Len: 114;Rssi: -76;PowerLevel: m17dBm;DATA: 98,10629342490369879,26406,-6869,1070,1166235,7161971,-5706,3485,-7435,-2410,-8454,-4765
1736075692.066176;m3-37;From: B571 (m3-209);Len: 114;Rssi: -71;PowerLevel: m17dBm;DATA: 98,10629342490369879,26406,-6869,1070,1166235,7161971,-5706,3485,-7435,-2410,-8454,-4765
1736075692.069201;m3-41;From: B571 (m3-209);Len: 114;Rssi: -64;PowerLevel: m17dBm;DATA: 98,10629342490369879,26406,-6869,1070,1166235,7161971,-5706,3485,-7435,-2410,-8454,-4765
1736075692.070398;m3-39;From: B571 (m3-209);Len: 114;Rssi: -79;PowerLevel: m17dBm;DATA: 98,10629342490369879,26406,-6869,1070,1166235,7161971,-5706,3485,-7435,-2410,-8454,-4765
1736075692.306176;m3-37;From: B571 (m3-209);Len: 114;Rssi: -70;PowerLevel: m17dBm;DATA: 98,10629342490369879,26406,-6869,1070,1166235,7161971,-5706,3485,-7435,-2410,-8454,-4765
1736075692.309280;m3-41;From: B571 (m3-209);Len: 114;Rssi: -64;PowerLevel: m17dBm;DATA: 98,10629342490369879,26406,-6869,1070,1166235,7161971,-5706,3485,-7435,-2410,-8454,-4765
1736075692.310785;m3-39;From: B571 (m3-209);Len: 114;Rssi: -79;PowerLevel: m17dBm;DATA: 98,10629342490369879,26406,-6869,1070,1166235,7161971,-5706,3485,-7435,-2410,-8454,-4765
1736075692.313907;m3-40;From: B571 (m3-209);Len: 114;Rssi: -76;PowerLevel: m17dBm;DATA: 98,10629342490369879,26406,-6869,1070,1166235,7161971,-5706,3485,-7435,-2410,-8454,-4765
1736075692.316028;m3-42;From: B571 (m3-209);Len: 114;Rssi: -69;PowerLevel: m17dBm;DATA: 98,10629342490369879,26406,-6869,1070,1166235,7161971,-5706,3485,-7435,-2410,-8454,-4765
1736075692.318488;m3-43;From: B571 (m3-209);Len: 114;Rssi: -79;PowerLevel: m17dBm;DATA: 98,10629342490369879,26406,-6869,1070,1166235,7161971,-5706,3485,-7435,-2410,-8454,-4765
1736075692.319111;m3-31;From: B571 (m3-209);Len: 114;Rssi: -73;PowerLevel: m17dBm;DATA: 98,10629342490369879,26406,-6869,1070,1166235,7161971,-5706,3485,-7435,-2410,-8454,-4765
1736075692.320017;m3-38;From: B571 (m3-209);Len: 114;Rssi: -67;PowerLevel: m17dBm;DATA: 98,10629342490369879,26406,-6869,1070,1166235,7161971,-5706,3485,-7435,-2410,-8454,-4765
1736075692.320268;m3-44;From: B571 (m3-209);Len: 114;Rssi: -86;PowerLevel: m17dBm;DATA: 98,10629342490369879,26406,-6869,1070,1166235,7161971,-5706,3485,-7435,-2410,-8454,-4765
1736075692.320697;m3-36;From: B571 (m3-209);Len: 114;Rssi: -76;PowerLevel: m17dBm;DATA: 98,10629342490369879,26406,-6869,1070,1166235,7161971,-5706,3485,-7435,-2410,-8454,-4765
1736075692.556273;m3-42;From: B571 (m3-209);Len: 114;Rssi: -69;PowerLevel: m17dBm;DATA: 98,10629342490369879,26406,-6869,1070,1166235,7161971,-5706,3485,-7435,-2410,-8454,-4765
1736075692.560260;m3-38;From: B571 (m3-209);Len: 114;Rssi: -67;PowerLevel: m17dBm;DATA: 98,10629342490369879,26406,-6869,1070,1166235,7161971,-5706,3485,-7435,-2410,-8454,-4765
1736075692.560880;m3-36;From: B571 (m3-209);Len: 114;Rssi: -76;PowerLevel: m17dBm;DATA: 98,10629342490369879,26406,-6869,1070,1166235,7161971,-5706,3485,-7435,-2410,-8454,-4765
1736075692.561972;m3-37;From: B571 (m3-209);Len: 114;Rssi: -71;PowerLevel: m17dBm;DATA: 98,10629342490369879,26406,-6869,1070,1166235,7161971,-5706,3485,-7435,-2410,-8454,-4765
1736075692.565452;m3-41;From: B571 (m3-209);Len: 114;Rssi: -64;PowerLevel: m17dBm;DATA: 98,10629342490369879,26406,-6869,1070,1166235,7161971,-5706,3485,-7435,-2410,-8454,-4765
1736075692.566646;m3-39;From: B571 (m3-209);Len: 114;Rssi: -79;PowerLevel: m17dBm;DATA: 98,10629342490369879,26406,-6869,1070,1166235,7161971,-5706,3485,-7435,-2410,-8454,-4765
1736075692.806652;m3-39;From: B571 (m3-209);Len: 114;Rssi: -79;PowerLevel: m17dBm;DATA: 98,10629342490369879,26406,-6869,1070,1166235,7161971,-5706,3485,-7435,-2410,-8454,-4765
1736075692.810065;m3-40;From: B571 (m3-209);Len: 114;Rssi: -76;PowerLevel: m17dBm;DATA: 98,10629342490369879,26406,-6869,1070,1166235,7161971,-5706,3485,-7435,-2410,-8454,-4765
1736075692.812195;m3-42;From: B571 (m3-209);Len: 114;Rssi: -69;PowerLevel: m17dBm;DATA: 98,10629342490369879,26406,-6869,1070,1166235,7161971,-5706,3485,-7435,-2410,-8454,-4765
1736075692.814595;m3-43;From: B571 (m3-209);Len: 114;Rssi: -79;PowerLevel: m17dBm;DATA: 98,10629342490369879,26406,-6869,1070,1166235,7161971,-5706,3485,-7435,-2410,-8454,-4765
1736075692.815292;m3-31;From: B571 (m3-209);Len: 114;Rssi: -73;PowerLevel: m17dBm;DATA: 98,10629342490369879,26406,-6869,1070,1166235,7161971,-5706,3485,-7435,-2410,-8454,-4765
1736075692.815875;m3-38;From: B571 (m3-209);Len: 114;Rssi: -67;PowerLevel: m17dBm;DATA: 98,10629342490369879,26406,-6869,1070,1166235,7161971,-5706,3485,-7435,-2410,-8454,-4765
1736075692.816046;m3-44;From: B571 (m3-209);Len: 114;Rssi: -86;PowerLevel: m17dBm;DATA: 98,10629342490369879,26406,-6869,1070,1166235,7161971,-5706,3485,-7435,-2410,-8454,-4765
1736075692.816500;m3-36;From: B571 (m3-209);Len: 114;Rssi: -76;PowerLevel: m17dBm;DATA: 98,10629342490369879,26406,-6869,1070,1166235,7161971,-5706,3485,-7435,-2410,-8454,-4765
1736075692.818076;m3-37;From: B571 (m3-209);Len: 114;Rssi: -71;PowerLevel: m17dBm;DATA: 98,10629342490369879,26406,-6869,1070,1166235,7161971,-5706,3485,-7435,-2410,-8454,-4765
1736075692.821203;m3-41;From: B571 (m3-209);Len: 114;Rssi: -64;PowerLevel: m17dBm;DATA: 98,10629342490369879,26406,-6869,1070,1166235,7161971,-5706,3485,-7435,-2410,-8454,-4765
1736075693.056083;m3-38;From: B571 (m3-209);Len: 114;Rssi: -67;PowerLevel: m17dBm;DATA: 98,10629342490369879,26406,-6869,1070,1166235,7161971,-5706,3485,-7435,-2410,-8454,-4765
1736075693.058171;m3-37;From: B571 (m3-209);Len: 114;Rssi: -70;PowerLevel: m17dBm;DATA: 98,10629342490369879,26406,-6869,1070,1166235,7161971,-5706,3485,-7435,-2410,-8454,-4765
1736075693.061378;m3-41;From: B571 (m3-209);Len: 114;Rssi: -64;PowerLevel: m17dBm;DATA: 98,10629342490369879,26406,-6869,1070,1166235,7161971,-5706,3485,-7435,-2410,-8454,-4765
1736075693.062638;m3-39;From: B571 (m3-209);Len: 114;Rssi: -79;PowerLevel: m17dBm;DATA: 98,10629342490369879,26406,-6869,1070,1166235,7161971,-5706,3485,-7435,-2410,-8454,-4765
1736075693.068025;m3-42;From: B571 (m3-209);Len: 114;Rssi: -69;PowerLevel: m17dBm;DATA: 98,10629342490369879,26406,-6869,1070,1166235,7161971,-5706,3485,-7435,-2410,-8454,-4765
1736075693.305946;m3-40;From: B571 (m3-209);Len: 114;Rssi: -76;PowerLevel: m17dBm;DATA: 98,10629342490369879,26406,-6869,1070,1166235,7161971,-5706,3485,-7435,-2410,-8454,-4765
1736075693.308030;m3-42;From: B571 (m3-209);Len: 114;Rssi: -69;PowerLevel: m17dBm;DATA: 98,10629342490369879,26406,-6869,1070,1166235,7161971,-5706,3485,-7435,-2410,-8454,-4765
1736075693.310484;m3-43;From: B571 (m3-209);Len: 114;Rssi: -79;PowerLevel: m17dBm;DATA: 98,10629342490369879,26406,-6869,1070,1166235,7161971,-5706,3485,-7435,-2410,-8454,-4765
1736075693.311113;m3-31;From: B571 (m3-209);Len: 114;Rssi: -73;PowerLevel: m17dBm;DATA: 98,10629342490369879,26406,-6869,1070,1166235,7161971,-5706,3485,-7435,-2410,-8454,-4765
1736075693.311918;m3-38;From: B571 (m3-209);Len: 114;Rssi: -67;PowerLevel: m17dBm;DATA: 98,10629342490369879,26406,-6869,1070,1166235,7161971,-5706,3485,-7435,-2410,-8454,-4765
1736075693.312109;m3-44;From: B571 (m3-209);Len: 114;Rssi: -86;PowerLevel: m17dBm;DATA: 98,10629342490369879,26406,-6869,1070,1166235,7161971,-5706,3485,-7435,-2410,-8454,-4765
1736075693.312584;m3-36;From: B571 (m3-209);Len: 114;Rssi: -76;PowerLevel: m17dBm;DATA: 98,10629342490369879,26406,-6869,1070,1166235,7161971,-5706,3485,-7435,-2410,-8454,-4765
1736075693.313976;m3-37;From: B571 (m3-209);Len: 114;Rssi: -70;PowerLevel: m17dBm;DATA: 98,10629342490369879,26406,-6869,1070,1166235,7161971,-5706,3485,-7435,-2410,-8454,-4765
1736075693.317324;m3-41;From: B571 (m3-209);Len: 114;Rssi: -64;PowerLevel: m17dBm;DATA: 98,10629342490369879,26406,-6869,1070,1166235,7161971,-5706,3485,-7435,-2410,-8454,-4765
1736075693.318422;m3-39;From: B571 (m3-209);Len: 114;Rssi: -79;PowerLevel: m17dBm;DATA: 98,10629342490369879,26406,-6869,1070,1166235,7161971,-5706,3485,-7435,-2410,-8454,-4765
1736075693.557327;m3-41;From: B571 (m3-209);Len: 114;Rssi: -64;PowerLevel: m17dBm;DATA: 98,10629342490369879,26406,-6869,1070,1166235,7161971,-5706,3485,-7435,-2410,-8454,-4765
1736075693.558617;m3-39;From: B571 (m3-209);Len: 114;Rssi: -79;PowerLevel: m17dBm;DATA: 98,10629342490369879,26406,-6869,1070,1166235,7161971,-5706,3485,-7435,-2410,-8454,-4765
1736075693.562003;m3-40;From: B571 (m3-209);Len: 114;Rssi: -76;PowerLevel: m17dBm;DATA: 98,10629342490369879,26406,-6869,1070,1166235,7161971,-5706,3485,-7435,-2410,-8454,-4765
1736075693.564159;m3-42;From: B571 (m3-209);Len: 114;Rssi: -69;PowerLevel: m17dBm;DATA: 98,10629342490369879,26406,-6869,1070,1166235,7161971,-5706,3485,-7435,-2410,-8454,-4765
1736075693.566661;m3-43;From: B571 (m3-209);Len: 114;Rssi: -79;PowerLevel: m17dBm;DATA: 98,10629342490369879,26406,-6869,1070,1166235,7161971,-5706,3485,-7435,-2410,-8454,-4765
1736075693.567317;m3-31;From: B571 (m3-209);Len: 114;Rssi: -73;PowerLevel: m17dBm;DATA: 98,10629342490369879,26406,-6869,1070,1166235,7161971,-5706,3485,-7435,-2410,-8454,-4765
1736075693.568027;m3-38;From: B571 (m3-209);Len: 114;Rssi: -67;PowerLevel: m17dBm;DATA: 98,10629342490369879,26406,-6869,1070,1166235,7161971,-5706,3485,-7435,-2410,-8454,-4765
1736075693.568273;m3-44;From: B571 (m3-209);Len: 114;Rssi: -86;PowerLevel: m17dBm;DATA: 98,10629342490369879,26406,-6869,1070,1166235,7161971,-5706,3485,-7435,-2410,-8454,-4765
1736075693.568698;m3-36;From: B571 (m3-209);Len: 114;Rssi: -76;PowerLevel: m17dBm;DATA: 98,10629342490369879,26406,-6869,1070,1166235,7161971,-5706,3485,-7435,-2410,-8454,-4765
1736075693.570078;m3-37;From: B571 (m3-209);Len: 114;Rssi: -71;PowerLevel: m17dBm;DATA: 98,10629342490369879,26406,-6869,1070,1166235,7161971,-5706,3485,-7435,-2410,-8454,-4765
1736075693.806558;m3-43;From: B571 (m3-209);Len: 114;Rssi: -79;PowerLevel: m17dBm;DATA: 98,10629342490369879,26406,-6869,1070,1166235,7161971,-5706,3485,-7435,-2410,-8454,-4765
1736075693.807184;m3-31;From: B571 (m3-209);Len: 114;Rssi: -73;PowerLevel: m17dBm;DATA: 98,10629342490369879,26406,-6869,1070,1166235,7161971,-5706,3485,-7435,-2410,-8454,-4765
1736075693.807883;m3-38;From: B571 (m3-209);Len: 114;Rssi: -67;PowerLevel: m17dBm;DATA: 98,10629342490369879,26406,-6869,1070,1166235,7161971,-5706,3485,-7435,-2410,-8454,-4765
1736075693.808067;m3-44;From: B571 (m3-209);Len: 114;Rssi: -86;PowerLevel: m17dBm;DATA: 98,10629342490369879,26406,-6869,1070,1166235,7161971,-5706,3485,-7435,-2410,-8454,-4765
1736075693.808549;m3-36;From: B571 (m3-209);Len: 114;Rssi: -76;PowerLevel: m17dBm;DATA: 98,10629342490369879,26406,-6869,1070,1166235,7161971,-5706,3485,-7435,-2410,-8454,-4765
1736075693.809962;m3-37;From: B571 (m3-209);Len: 114;Rssi: -71;PowerLevel: m17dBm;DATA: 98,10629342490369879,26406,-6869,1070,1166235,7161971,-5706,3485,-7435,-2410,-8454,-4765
1736075693.813221;m3-41;From: B571 (m3-209);Len: 114;Rssi: -64;PowerLevel: m17dBm;DATA: 98,10629342490369879,26406,-6869,1070,1166235,7161971,-5706,3485,-7435,-2410,-8454,-4765
1736075693.814599;m3-39;From: B571 (m3-209);Len: 114;Rssi: -79;PowerLevel: m17dBm;DATA: 98,10629342490369879,26406,-6869,1070,1166235,7161971,-5706,3485,-7435,-2410,-8454,-4765
1736075693.817942;m3-40;From: B571 (m3-209);Len: 114;Rssi: -76;PowerLevel: m17dBm;DATA: 98,10629342490369879,26406,-6869,1070,1166235,7161971,-5706,3485,-7435,-2410,-8454,-4765
1736075693.819946;m3-42;From: B571 (m3-209);Len: 114;Rssi: -69;PowerLevel: m17dBm;DATA: 98,10629342490369879,26406,-6869,1070,1166235,7161971,-5706,3485,-7435,-2410,-8454,-4765
1736075694.057914;m3-40;From: B571 (m3-209);Len: 114;Rssi: -76;PowerLevel: m17dBm;DATA: 98,10629342490369879,26406,-6869,1070,1166235,7161971,-5706,3485,-7435,-2410,-8454,-4765
1736075694.059923;m3-42;From: B571 (m3-209);Len: 114;Rssi: -69;PowerLevel: m17dBm;DATA: 98,10629342490369879,26406,-6869,1070,1166235,7161971,-5706,3485,-7435,-2410,-8454,-4765
1736075694.062399;m3-43;From: B571 (m3-209);Len: 114;Rssi: -79;PowerLevel: m17dBm;DATA: 98,10629342490369879,26406,-6869,1070,1166235,7161971,-5706,3485,-7435,-2410,-8454,-4765
1736075694.063022;m3-31;From: B571 (m3-209);Len: 114;Rssi: -73;PowerLevel: m17dBm;DATA: 98,10629342490369879,26406,-6869,1070,1166235,7161971,-5706,3485,-7435,-2410,-8454,-4765
1736075694.063818;m3-38;From: B571 (m3-209);Len: 114;Rssi: -67;PowerLevel: m17dBm;DATA: 98,10629342490369879,26406,-6869,1070,1166235,7161971,-5706,3485,-7435,-2410,-8454,-4765
1736075694.064008;m3-44;From: B571 (m3-209);Len: 114;Rssi: -86;PowerLevel: m17dBm;DATA: 98,10629342490369879,26406,-6869,1070,1166235,7161971,-5706,3485,-7435,-2410,-8454,-4765
1736075694.064503;m3-36;From: B571 (m3-209);Len: 114;Rssi: -76;PowerLevel: m17dBm;DATA: 98,10629342490369879,26406,-6869,1070,1166235,7161971,-5706,3485,-7435,-2410,-8454,-4765
1736075694.065963;m3-37;From: B571 (m3-209);Len: 114;Rssi: -71;PowerLevel: m17dBm;DATA: 98,10629342490369879,26406,-6869,1070,1166235,7161971,-5706,3485,-7435,-2410,-8454,-4765
1736075694.069074;m3-41;From: B571 (m3-209);Len: 114;Rssi: -64;PowerLevel: m17dBm;DATA: 98,10629342490369879,26406,-6869,1070,1166235,7161971,-5706,3485,-7435,-2410,-8454,-4765
1736075694.070310;m3-39;From: B571 (m3-209);Len: 114;Rssi: -79;PowerLevel: m17dBm;DATA: 98,10629342490369879,26406,-6869,1070,1166235,7161971,-5706,3485,-7435,-2410,-8454,-4765
1736075694.305838;m3-37;From: B571 (m3-209);Len: 114;Rssi: -70;PowerLevel: m17dBm;DATA: 98,10629342490369879,26406,-6869,1070,1166235,7161971,-5706,3485,-7435,-2410,-8454,-4765
1736075694.309078;m3-41;From: B571 (m3-209);Len: 114;Rssi: -64;PowerLevel: m17dBm;DATA: 98,10629342490369879,26406,-6869,1070,1166235,7161971,-5706,3485,-7435,-2410,-8454,-4765
1736075694.310350;m3-39;From: B571 (m3-209);Len: 114;Rssi: -79;PowerLevel: m17dBm;DATA: 98,10629342490369879,26406,-6869,1070,1166235,7161971,-5706,3485,-7435,-2410,-8454,-4765
1736075694.313801;m3-40;From: B571 (m3-209);Len: 114;Rssi: -76;PowerLevel: m17dBm;DATA: 98,10629342490369879,26406,-6869,1070,1166235,7161971,-5706,3485,-7435,-2410,-8454,-4765
1736075694.315789;m3-42;From: B571 (m3-209);Len: 114;Rssi: -69;PowerLevel: m17dBm;DATA: 98,10629342490369879,26406,-6869,1070,1166235,7161971,-5706,3485,-7435,-2410,-8454,-4765
1736075694.318270;m3-43;From: B571 (m3-209);Len: 114;Rssi: -79;PowerLevel: m17dBm;DATA: 98,10629342490369879,26406,-6869,1070,1166235,7161971,-5706,3485,-7435,-2410,-8454,-4765
1736075694.318896;m3-31;From: B571 (m3-209);Len: 114;Rssi: -73;PowerLevel: m17dBm;DATA: 98,10629342490369879,26406,-6869,1070,1166235,7161971,-5706,3485,-7435,-2410,-8454,-4765
1736075694.319650;m3-38;From: B571 (m3-209);Len: 114;Rssi: -67;PowerLevel: m17dBm;DATA: 98,10629342490369879,26406,-6869,1070,1166235,7161971,-5706,3485,-7435,-2410,-8454,-4765
1736075694.320250;m3-36;From: B571 (m3-209);Len: 114;Rssi: -76;PowerLevel: m17dBm;DATA: 98,10629342490369879,26406,-6869,1070,1166235,7161971,-5706,3485,-7435,-2410,-8454,-4765
1736075694.556031;m3-42;From: B571 (m3-209);Len: 114;Rssi: -69;PowerLevel: m17dBm;DATA: 98,10629342490369879,26406,-6869,1070,1166235,7161971,-5706,3485,-7435,-2410,-8454,-4765
1736075694.558485;m3-43;From: B571 (m3-209);Len: 114;Rssi: -79;PowerLevel: m17dBm;DATA: 98,10629342490369879,26406,-6869,1070,1166235,7161971,-5706,3485,-7435,-2410,-8454,-4765
1736075694.559107;m3-31;From: B571 (m3-209);Len: 114;Rssi: -73;PowerLevel: m17dBm;DATA: 98,10629342490369879,26406,-6869,1070,1166235,7161971,-5706,3485,-7435,-2410,-8454,-4765
1736075694.559890;m3-38;From: B571 (m3-209);Len: 114;Rssi: -67;PowerLevel: m17dBm;DATA: 98,10629342490369879,26406,-6869,1070,1166235,7161971,-5706,3485,-7435,-2410,-8454,-4765
1736075694.560087;m3-44;From: B571 (m3-209);Len: 114;Rssi: -86;PowerLevel: m17dBm;DATA: 98,10629342490369879,26406,-6869,1070,1166235,7161971,-5706,3485,-7435,-2410,-8454,-4765
1736075694.560564;m3-36;From: B571 (m3-209);Len: 114;Rssi: -76;PowerLevel: m17dBm;DATA: 98,10629342490369879,26406,-6869,1070,1166235,7161971,-5706,3485,-7435,-2410,-8454,-4765
1736075694.562127;m3-37;From: B571 (m3-209);Len: 114;Rssi: -70;PowerLevel: m17dBm;DATA: 98,10629342490369879,26406,-6869,1070,1166235,7161971,-5706,3485,-7435,-2410,-8454,-4765
1736075694.565323;m3-41;From: B571 (m3-209);Len: 114;Rssi: -64;PowerLevel: m17dBm;DATA: 98,10629342490369879,26406,-6869,1070,1166235,7161971,-5706,3485,-7435,-2410,-8454,-4765
1736075694.566465;m3-39;From: B571 (m3-209);Len: 114;Rssi: -79;PowerLevel: m17dBm;DATA: 98,10629342490369879,26406,-6869,1070,1166235,7161971,-5706,3485,-7435,-2410,-8454,-4765
1736075694.569837;m3-40;From: B571 (m3-209);Len: 114;Rssi: -76;PowerLevel: m17dBm;DATA: 98,10629342490369879,26406,-6869,1070,1166235,7161971,-5706,3485,-7435,-2410,-8454,-4765
1736075694.806478;m3-39;From: B571 (m3-209);Len: 114;Rssi: -79;PowerLevel: m17dBm;DATA: 98,10629342490369879,26406,-6869,1070,1166235,7161971,-5706,3485,-7435,-2410,-8454,-4765
1736075694.809790;m3-40;From: B571 (m3-209);Len: 114;Rssi: -75;PowerLevel: m17dBm;DATA: 98,10629342490369879,26406,-6869,1070,1166235,7161971,-5706,3485,-7435,-2410,-8454,-4765
1736075694.811879;m3-42;From: B571 (m3-209);Len: 114;Rssi: -69;PowerLevel: m17dBm;DATA: 98,10629342490369879,26406,-6869,1070,1166235,7161971,-5706,3485,-7435,-2410,-8454,-4765
1736075694.814319;m3-43;From: B571 (m3-209);Len: 114;Rssi: -79;PowerLevel: m17dBm;DATA: 98,10629342490369879,26406,-6869,1070,1166235,7161971,-5706,3485,-7435,-2410,-8454,-4765
1736075694.814947;m3-31;From: B571 (m3-209);Len: 114;Rssi: -73;PowerLevel: m17dBm;DATA: 98,10629342490369879,26406,-6869,1070,1166235,7161971,-5706,3485,-7435,-2410,-8454,-4765
1736075694.815763;m3-38;From: B571 (m3-209);Len: 114;Rssi: -67;PowerLevel: m17dBm;DATA: 98,10629342490369879,26406,-6869,1070,1166235,7161971,-5706,3485,-7435,-2410,-8454,-4765
1736075694.815958;m3-44;From: B571 (m3-209);Len: 114;Rssi: -86;PowerLevel: m17dBm;DATA: 98,10629342490369879,26406,-6869,1070,1166235,7161971,-5706,3485,-7435,-2410,-8454,-4765
1736075694.816437;m3-36;From: B571 (m3-209);Len: 114;Rssi: -76;PowerLevel: m17dBm;DATA: 98,10629342490369879,26406,-6869,1070,1166235,7161971,-5706,3485,-7435,-2410,-8454,-4765
1736075694.818069;m3-37;From: B571 (m3-209);Len: 114;Rssi: -70;PowerLevel: m17dBm;DATA: 98,10629342490369879,26406,-6869,1070,1166235,7161971,-5706,3485,-7435,-2410,-8454,-4765
1736075694.821066;m3-41;From: B571 (m3-209);Len: 114;Rssi: -64;PowerLevel: m17dBm;DATA: 98,10629342490369879,26406,-6869,1070,1166235,7161971,-5706,3485,-7435,-2410,-8454,-4765
1736075695.056434;m3-36;From: B571 (m3-209);Len: 114;Rssi: -76;PowerLevel: m17dBm;DATA: 98,10629342490369879,26406,-6869,1070,1166235,7161971,-5706,3485,-7435,-2410,-8454,-4765
1736075695.057645;m3-37;From: B571 (m3-209);Len: 114;Rssi: -70;PowerLevel: m17dBm;DATA: 98,10629342490369879,26406,-6869,1070,1166235,7161971,-5706,3485,-7435,-2410,-8454,-4765
1736075695.061022;m3-41;From: B571 (m3-209);Len: 114;Rssi: -64;PowerLevel: m17dBm;DATA: 98,10629342490369879,26406,-6869,1070,1166235,7161971,-5706,3485,-7435,-2410,-8454,-4765
1736075695.062532;m3-39;From: B571 (m3-209);Len: 114;Rssi: -79;PowerLevel: m17dBm;DATA: 98,10629342490369879,26406,-6869,1070,1166235,7161971,-5706,3485,-7435,-2410,-8454,-4765
1736075695.065795;m3-40;From: B571 (m3-209);Len: 114;Rssi: -76;PowerLevel: m17dBm;DATA: 98,10629342490369879,26406,-6869,1070,1166235,7161971,-5706,3485,-7435,-2410,-8454,-4765
1736075695.067920;m3-42;From: B571 (m3-209);Len: 114;Rssi: -69;PowerLevel: m17dBm;DATA: 98,10629342490369879,26406,-6869,1070,1166235,7161971,-5706,3485,-7435,-2410,-8454,-4765
1736075695.070333;m3-43;From: B571 (m3-209);Len: 114;Rssi: -79;PowerLevel: m17dBm;DATA: 98,10629342490369879,26406,-6869,1070,1166235,7161971,-5706,3485,-7435,-2410,-8454,-4765
1736075695.070960;m3-31;From: B571 (m3-209);Len: 114;Rssi: -73;PowerLevel: m17dBm;DATA: 98,10629342490369879,26406,-6869,1070,1166235,7161971,-5706,3485,-7435,-2410,-8454,-4765
1736075695.071692;m3-38;From: B571 (m3-209);Len: 114;Rssi: -67;PowerLevel: m17dBm;DATA: 98,10629342490369879,26406,-6869,1070,1166235,7161971,-5706,3485,-7435,-2410,-8454,-4765
1736075695.071889;m3-44;From: B571 (m3-209);Len: 114;Rssi: -86;PowerLevel: m17dBm;DATA: 98,10629342490369879,26406,-6869,1070,1166235,7161971,-5706,3485,-7435,-2410,-8454,-4765
1736075695.307913;m3-42;From: B571 (m3-209);Len: 114;Rssi: -69;PowerLevel: m17dBm;DATA: 98,10629342490369879,26406,-6869,1070,1166235,7161971,-5706,3485,-7435,-2410,-8454,-4765
1736075695.311953;m3-38;From: B571 (m3-209);Len: 114;Rssi: -67;PowerLevel: m17dBm;DATA: 98,10629342490369879,26406,-6869,1070,1166235,7161971,-5706,3485,-7435,-2410,-8454,-4765
1736075695.312582;m3-36;From: B571 (m3-209);Len: 114;Rssi: -76;PowerLevel: m17dBm;DATA: 98,10629342490369879,26406,-6869,1070,1166235,7161971,-5706,3485,-7435,-2410,-8454,-4765
1736075695.313664;m3-37;From: B571 (m3-209);Len: 114;Rssi: -71;PowerLevel: m17dBm;DATA: 98,10629342490369879,26406,-6869,1070,1166235,7161971,-5706,3485,-7435,-2410,-8454,-4765
1736075695.317010;m3-41;From: B571 (m3-209);Len: 114;Rssi: -64;PowerLevel: m17dBm;DATA: 98,10629342490369879,26406,-6869,1070,1166235,7161971,-5706,3485,-7435,-2410,-8454,-4765
1736075695.318301;m3-39;From: B571 (m3-209);Len: 114;Rssi: -79;PowerLevel: m17dBm;DATA: 98,10629342490369879,26406,-6869,1070,1166235,7161971,-5706,3485,-7435,-2410,-8454,-4765
1736075695.321690;m3-40;From: B571 (m3-209);Len: 114;Rssi: -76;PowerLevel: m17dBm;DATA: 98,10629342490369879,26406,-6869,1070,1166235,7161971,-5706,3485,-7435,-2410,-8454,-4765
1736075695.557229;m3-41;From: B571 (m3-209);Len: 114;Rssi: -64;PowerLevel: m17dBm;DATA: 98,10629342490369879,26406,-6869,1070,1166235,7161971,-5706,3485,-7435,-2410,-8454,-4765
1736075695.558451;m3-39;From: B571 (m3-209);Len: 114;Rssi: -79;PowerLevel: m17dBm;DATA: 98,10629342490369879,26406,-6869,1070,1166235,7161971,-5706,3485,-7435,-2410,-8454,-4765
1736075695.559176;m3-22;From: B571 (m3-209);Len: 114;Rssi: -91;PowerLevel: m17dBm;DATA: 98,10629342490369879,26406,-6869,1070,1166235,7161971,-5706,3485,-7435,-2410,-8454,-4765
1736075695.561926;m3-40;From: B571 (m3-209);Len: 114;Rssi: -76;PowerLevel: m17dBm;DATA: 98,10629342490369879,26406,-6869,1070,1166235,7161971,-5706,3485,-7435,-2410,-8454,-4765
1736075695.563962;m3-42;From: B571 (m3-209);Len: 114;Rssi: -69;PowerLevel: m17dBm;DATA: 98,10629342490369879,26406,-6869,1070,1166235,7161971,-5706,3485,-7435,-2410,-8454,-4765
1736075695.566471;m3-43;From: B571 (m3-209);Len: 114;Rssi: -79;PowerLevel: m17dBm;DATA: 98,10629342490369879,26406,-6869,1070,1166235,7161971,-5706,3485,-7435,-2410,-8454,-4765
1736075695.567093;m3-31;From: B571 (m3-209);Len: 114;Rssi: -73;PowerLevel: m17dBm;DATA: 98,10629342490369879,26406,-6869,1070,1166235,7161971,-5706,3485,-7435,-2410,-8454,-4765
1736075695.567838;m3-38;From: B571 (m3-209);Len: 114;Rssi: -67;PowerLevel: m17dBm;DATA: 98,10629342490369879,26406,-6869,1070,1166235,7161971,-5706,3485,-7435,-2410,-8454,-4765
1736075695.568032;m3-44;From: B571 (m3-209);Len: 114;Rssi: -86;PowerLevel: m17dBm;DATA: 98,10629342490369879,26406,-6869,1070,1166235,7161971,-5706,3485,-7435,-2410,-8454,-4765
1736075695.568497;m3-36;From: B571 (m3-209);Len: 114;Rssi: -76;PowerLevel: m17dBm;DATA: 98,10629342490369879,26406,-6869,1070,1166235,7161971,-5706,3485,-7435,-2410,-8454,-4765
1736075695.569842;m3-37;From: B571 (m3-209);Len: 114;Rssi: -70;PowerLevel: m17dBm;DATA: 98,10629342490369879,26406,-6869,1070,1166235,7161971,-5706,3485,-7435,-2410,-8454,-4765
1736075696.057868;m3-40;From: B571 (m3-209);Len: 114;Rssi: -76;PowerLevel: m17dBm;DATA: 98,10629342490369879,26406,-6869,1070,1166235,7161971,-5706,3485,-7435,-2410,-8454,-4765
1736075696.062301;m3-43;From: B571 (m3-209);Len: 114;Rssi: -79;PowerLevel: m17dBm;DATA: 98,10629342490369879,26406,-6869,1070,1166235,7161971,-5706,3485,-7435,-2410,-8454,-4765
1736075696.062922;m3-31;From: B571 (m3-209);Len: 114;Rssi: -73;PowerLevel: m17dBm;DATA: 98,10629342490369879,26406,-6869,1070,1166235,7161971,-5706,3485,-7435,-2410,-8454,-4765
1736075696.063630;m3-44;From: B571 (m3-209);Len: 114;Rssi: -86;PowerLevel: m17dBm;DATA: 98,10629342490369879,26406,-6869,1070,1166235,7161971,-5706,3485,-7435,-2410,-8454,-4765
1736075696.064148;m3-36;From: B571 (m3-209);Len: 114;Rssi: -76;PowerLevel: m17dBm;DATA: 98,10629342490369879,26406,-6869,1070,1166235,7161971,-5706,3485,-7435,-2410,-8454,-4765
1736075696.313810;m3-40;From: B571 (m3-209);Len: 114;Rssi: -76;PowerLevel: m17dBm;DATA: 98,10629342490369879,26406,-6869,1070,1166235,7161971,-5706,3485,-7435,-2410,-8454,-4765
1736075696.318267;m3-43;From: B571 (m3-209);Len: 114;Rssi: -79;PowerLevel: m17dBm;DATA: 98,10629342490369879,26406,-6869,1070,1166235,7161971,-5706,3485,-7435,-2410,-8454,-4765
1736075696.318888;m3-31;From: B571 (m3-209);Len: 114;Rssi: -73;PowerLevel: m17dBm;DATA: 98,10629342490369879,26406,-6869,1070,1166235,7161971,-5706,3485,-7435,-2410,-8454,-4765
1736075696.319535;m3-44;From: B571 (m3-209);Len: 114;Rssi: -86;PowerLevel: m17dBm;DATA: 98,10629342490369879,26406,-6869,1070,1166235,7161971,-5706,3485,-7435,-2410,-8454,-4765
1736075696.320137;m3-36;From: B571 (m3-209);Len: 114;Rssi: -76;PowerLevel: m17dBm;DATA: 98,10629342490369879,26406,-6869,1070,1166235,7161971,-5706,3485,-7435,-2410,-8454,-4765
1736075699.553040;m3-45;[in broadcast_data() INFO] POWER LEVEL: m12dBm
1736075699.559147;m3-22;From: B571 (m3-209);Len: 114;Rssi: -91;PowerLevel: m12dBm;DATA: 98,10629342490369879,26406,-6869,1070,1166235,7161971,-5706,3485,-7435,-2410,-8454,-4765
1736075699.561743;m3-40;From: B571 (m3-209);Len: 114;Rssi: -70;PowerLevel: m12dBm;DATA: 98,10629342490369879,26406,-6869,1070,1166235,7161971,-5706,3485,-7435,-2410,-8454,-4765
1736075699.565814;m3-23;From: B571 (m3-209);Len: 114;Rssi: -91;PowerLevel: m12dBm;DATA: 98,10629342490369879,26406,-6869,1070,1166235,7161971,-5706,3485,-7435,-2410,-8454,-4765
1736075699.566407;m3-43;From: B571 (m3-209);Len: 114;Rssi: -74;PowerLevel: m12dBm;DATA: 98,10629342490369879,26406,-6869,1070,1166235,7161971,-5706,3485,-7435,-2410,-8454,-4765
1736075699.566926;m3-31;From: B571 (m3-209);Len: 114;Rssi: -68;PowerLevel: m12dBm;DATA: 98,10629342490369879,26406,-6869,1070,1166235,7161971,-5706,3485,-7435,-2410,-8454,-4765
1736075699.567551;m3-44;From: B571 (m3-209);Len: 114;Rssi: -82;PowerLevel: m12dBm;DATA: 98,10629342490369879,26406,-6869,1070,1166235,7161971,-5706,3485,-7435,-2410,-8454,-4765
1736075699.568433;m3-25;From: B571 (m3-209);Len: 114;Rssi: -91;PowerLevel: m12dBm;DATA: 98,10629342490369879,26406,-6869,1070,1166235,7161971,-5706,3485,-7435,-2410,-8454,-4765
1736075699.807392;m3-44;From: B571 (m3-209);Len: 114;Rssi: -82;PowerLevel: m12dBm;DATA: 98,10629342490369879,26406,-6869,1070,1166235,7161971,-5706,3485,-7435,-2410,-8454,-4765
1736075699.808082;m3-25;From: B571 (m3-209);Len: 114;Rssi: -91;PowerLevel: m12dBm;DATA: 98,10629342490369879,26406,-6869,1070,1166235,7161971,-5706,3485,-7435,-2410,-8454,-4765
1736075699.812124;m3-11;From: B571 (m3-209);Len: 114;Rssi: -91;PowerLevel: m12dBm;DATA: 98,10629342490369879,26406,-6869,1070,1166235,7161971,-5706,3485,-7435,-2410,-8454,-4765
1736075699.814769;m3-22;From: B571 (m3-209);Len: 114;Rssi: -91;PowerLevel: m12dBm;DATA: 98,10629342490369879,26406,-6869,1070,1166235,7161971,-5706,3485,-7435,-2410,-8454,-4765
1736075699.821376;m3-23;From: B571 (m3-209);Len: 114;Rssi: -91;PowerLevel: m12dBm;DATA: 98,10629342490369879,26406,-6869,1070,1166235,7161971,-5706,3485,-7435,-2410,-8454,-4765
1736075699.821996;m3-43;From: B571 (m3-209);Len: 114;Rssi: -74;PowerLevel: m12dBm;DATA: 98,10629342490369879,26406,-6869,1070,1166235,7161971,-5706,3485,-7435,-2410,-8454,-4765
1736075699.822529;m3-31;From: B571 (m3-209);Len: 114;Rssi: -67;PowerLevel: m12dBm;DATA: 98,10629342490369879,26406,-6869,1070,1166235,7161971,-5706,3485,-7435,-2410,-8454,-4765
1736075700.063628;m3-44;From: B571 (m3-209);Len: 114;Rssi: -82;PowerLevel: m12dBm;DATA: 98,10629342490369879,26406,-6869,1070,1166235,7161971,-5706,3485,-7435,-2410,-8454,-4765
1736075700.064247;m3-25;From: B571 (m3-209);Len: 114;Rssi: -91;PowerLevel: m12dBm;DATA: 98,10629342490369879,26406,-6869,1070,1166235,7161971,-5706,3485,-7435,-2410,-8454,-4765
1736075700.070731;m3-22;From: B571 (m3-209);Len: 114;Rssi: -91;PowerLevel: m12dBm;DATA: 98,10629342490369879,26406,-6869,1070,1166235,7161971,-5706,3485,-7435,-2410,-8454,-4765
1736075700.813660;m3-23;From: B571 (m3-209);Len: 114;Rssi: -91;PowerLevel: m12dBm;DATA: 98,10629342490369879,26406,-6869,1070,1166235,7161971,-5706,3485,-7435,-2410,-8454,-4765
1736075700.815555;m3-44;From: B571 (m3-209);Len: 114;Rssi: -82;PowerLevel: m12dBm;DATA: 98,10629342490369879,26406,-6869,1070,1166235,7161971,-5706,3485,-7435,-2410,-8454,-4765
1736075700.822666;m3-22;From: B571 (m3-209);Len: 114;Rssi: -91;PowerLevel: m12dBm;DATA: 98,10629342490369879,26406,-6869,1070,1166235,7161971,-5706,3485,-7435,-2410,-8454,-4765
1736075701.071457;m3-44;From: B571 (m3-209);Len: 114;Rssi: -82;PowerLevel: m12dBm;DATA: 98,10629342490369879,26406,-6869,1070,1166235,7161971,-5706,3485,-7435,-2410,-8454,-4765
1736075701.309427;m3-23;From: B571 (m3-209);Len: 114;Rssi: -91;PowerLevel: m12dBm;DATA: 98,10629342490369879,26406,-6869,1070,1166235,7161971,-5706,3485,-7435,-2410,-8454,-4765
1736075701.312138;m3-25;From: B571 (m3-209);Len: 114;Rssi: -91;PowerLevel: m12dBm;DATA: 98,10629342490369879,26406,-6869,1070,1166235,7161971,-5706,3485,-7435,-2410,-8454,-4765
1736075701.315718;m3-11;From: B571 (m3-209);Len: 114;Rssi: -91;PowerLevel: m12dBm;DATA: 98,10629342490369879,26406,-6869,1070,1166235,7161971,-5706,3485,-7435,-2410,-8454,-4765
1736075701.318541;m3-22;From: B571 (m3-209);Len: 114;Rssi: -91;PowerLevel: m12dBm;DATA: 98,10629342490369879,26406,-6869,1070,1166235,7161971,-5706,3485,-7435,-2410,-8454,-4765
1736075701.558909;m3-22;From: B571 (m3-209);Len: 114;Rssi: -91;PowerLevel: m12dBm;DATA: 98,10629342490369879,26406,-6869,1070,1166235,7161971,-5706,3485,-7435,-2410,-8454,-4765
1736075701.565462;m3-23;From: B571 (m3-209);Len: 114;Rssi: -91;PowerLevel: m12dBm;DATA: 98,10629342490369879,26406,-6869,1070,1166235,7161971,-5706,3485,-7435,-2410,-8454,-4765
1736075701.568275;m3-25;From: B571 (m3-209);Len: 114;Rssi: -91;PowerLevel: m12dBm;DATA: 98,10629342490369879,26406,-6869,1070,1166235,7161971,-5706,3485,-7435,-2410,-8454,-4765
1736075701.571720;m3-11;From: B571 (m3-209);Len: 114;Rssi: -91;PowerLevel: m12dBm;DATA: 98,10629342490369879,26406,-6869,1070,1166235,7161971,-5706,3485,-7435,-2410,-8454,-4765
1736075701.811981;m3-11;From: B571 (m3-209);Len: 114;Rssi: -91;PowerLevel: m12dBm;DATA: 98,10629342490369879,26406,-6869,1070,1166235,7161971,-5706,3485,-7435,-2410,-8454,-4765
1736075701.814833;m3-22;From: B571 (m3-209);Len: 114;Rssi: -91;PowerLevel: m12dBm;DATA: 98,10629342490369879,26406,-6869,1070,1166235,7161971,-5706,3485,-7435,-2410,-8454,-4765
1736075701.821407;m3-23;From: B571 (m3-209);Len: 114;Rssi: -91;PowerLevel: m12dBm;DATA: 98,10629342490369879,26406,-6869,1070,1166235,7161971,-5706,3485,-7435,-2410,-8454,-4765
1736075702.061360;m3-23;From: B571 (m3-209);Len: 114;Rssi: -91;PowerLevel: m12dBm;DATA: 98,10629342490369879,26406,-6869,1070,1166235,7161971,-5706,3485,-7435,-2410,-8454,-4765
1736075702.064290;m3-25;From: B571 (m3-209);Len: 114;Rssi: -91;PowerLevel: m12dBm;DATA: 98,10629342490369879,26406,-6869,1070,1166235,7161971,-5706,3485,-7435,-2410,-8454,-4765
1736075702.070836;m3-22;From: B571 (m3-209);Len: 114;Rssi: -91;PowerLevel: m12dBm;DATA: 98,10629342490369879,26406,-6869,1070,1166235,7161971,-5706,3485,-7435,-2410,-8454,-4765
1736075702.307739;m3-11;From: B571 (m3-209);Len: 114;Rssi: -91;PowerLevel: m12dBm;DATA: 98,10629342490369879,26406,-6869,1070,1166235,7161971,-5706,3485,-7435,-2410,-8454,-4765
1736075703.062896;m3-22;From: B571 (m3-209);Len: 114;Rssi: -91;PowerLevel: m12dBm;DATA: 98,10629342490369879,26406,-6869,1070,1166235,7161971,-5706,3485,-7435,-2410,-8454,-4765
1736075703.069439;m3-23;From: B571 (m3-209);Len: 114;Rssi: -91;PowerLevel: m12dBm;DATA: 98,10629342490369879,26406,-6869,1070,1166235,7161971,-5706,3485,-7435,-2410,-8454,-4765
1736075703.558887;m3-22;From: B571 (m3-209);Len: 114;Rssi: -91;PowerLevel: m12dBm;DATA: 98,10629342490369879,26406,-6869,1070,1166235,7161971,-5706,3485,-7435,-2410,-8454,-4765
1736075703.565433;m3-23;From: B571 (m3-209);Len: 114;Rssi: -91;PowerLevel: m12dBm;DATA: 98,10629342490369879,26406,-6869,1070,1166235,7161971,-5706,3485,-7435,-2410,-8454,-4765
1736075703.808290;m3-25;From: B571 (m3-209);Len: 114;Rssi: -91;PowerLevel: m12dBm;DATA: 98,10629342490369879,26406,-6869,1070,1166235,7161971,-5706,3485,-7435,-2410,-8454,-4765
1736075703.814567;m3-22;From: B571 (m3-209);Len: 114;Rssi: -91;PowerLevel: m12dBm;DATA: 98,10629342490369879,26406,-6869,1070,1166235,7161971,-5706,3485,-7435,-2410,-8454,-4765
1736075703.821278;m3-23;From: B571 (m3-209);Len: 114;Rssi: -91;PowerLevel: m12dBm;DATA: 98,10629342490369879,26406,-6869,1070,1166235,7161971,-5706,3485,-7435,-2410,-8454,-4765
1736075704.061308;m3-23;From: B571 (m3-209);Len: 114;Rssi: -91;PowerLevel: m12dBm;DATA: 98,10629342490369879,26406,-6869,1070,1166235,7161971,-5706,3485,-7435,-2410,-8454,-4765
1736075704.064122;m3-25;From: B571 (m3-209);Len: 114;Rssi: -91;PowerLevel: m12dBm;DATA: 98,10629342490369879,26406,-6869,1070,1166235,7161971,-5706,3485,-7435,-2410,-8454,-4765
1736075704.070487;m3-22;From: B571 (m3-209);Len: 114;Rssi: -91;PowerLevel: m12dBm;DATA: 98,10629342490369879,26406,-6869,1070,1166235,7161971,-5706,3485,-7435,-2410,-8454,-4765
1736075704.563824;m3-11;From: B571 (m3-209);Len: 114;Rssi: -91;PowerLevel: m12dBm;DATA: 98,10629342490369879,26406,-6869,1070,1166235,7161971,-5706,3485,-7435,-2410,-8454,-4765
1736075705.309412;m3-23;From: B571 (m3-209);Len: 114;Rssi: -91;PowerLevel: m12dBm;DATA: 98,10629342490369879,26406,-6869,1070,1166235,7161971,-5706,3485,-7435,-2410,-8454,-4765
1736075705.312107;m3-25;From: B571 (m3-209);Len: 114;Rssi: -91;PowerLevel: m12dBm;DATA: 98,10629342490369879,26406,-6869,1070,1166235,7161971,-5706,3485,-7435,-2410,-8454,-4765
1736075705.318705;m3-22;From: B571 (m3-209);Len: 114;Rssi: -91;PowerLevel: m12dBm;DATA: 98,10629342490369879,26406,-6869,1070,1166235,7161971,-5706,3485,-7435,-2410,-8454,-4765
1736075705.814488;m3-22;From: B571 (m3-209);Len: 114;Rssi: -91;PowerLevel: m12dBm;DATA: 98,10629342490369879,26406,-6869,1070,1166235,7161971,-5706,3485,-7435,-2410,-8454,-4765
1736075705.821141;m3-23;From: B571 (m3-209);Len: 114;Rssi: -91;PowerLevel: m12dBm;DATA: 98,10629342490369879,26406,-6869,1070,1166235,7161971,-5706,3485,-7435,-2410,-8454,-4765
1736075706.307586;m3-11;From: B571 (m3-209);Len: 114;Rssi: -91;PowerLevel: m12dBm;DATA: 98,10629342490369879,26406,-6869,1070,1166235,7161971,-5706,3485,-7435,-2410,-8454,-4765
1736075706.310508;m3-22;From: B571 (m3-209);Len: 114;Rssi: -91;PowerLevel: m12dBm;DATA: 98,10629342490369879,26406,-6869,1070,1166235,7161971,-5706,3485,-7435,-2410,-8454,-4765
1736075706.317072;m3-23;From: B571 (m3-209);Len: 114;Rssi: -91;PowerLevel: m12dBm;DATA: 98,10629342490369879,26406,-6869,1070,1166235,7161971,-5706,3485,-7435,-2410,-8454,-4765
1736075710.061099;m3-23;From: B571 (m3-209);Len: 114;Rssi: -91;PowerLevel: m10dBm;DATA: 98,10629342490369879,26406,-6869,1070,1166235,7161971,-5706,3485,-7435,-2410,-8454,-4765
1736075710.063890;m3-25;From: B571 (m3-209);Len: 114;Rssi: -91;PowerLevel: m10dBm;DATA: 98,10629342490369879,26406,-6869,1070,1166235,7161971,-5706,3485,-7435,-2410,-8454,-4765
1736075710.064523;m3-45;[in broadcast_data() INFO] POWER LEVEL: m10dBm
1736075710.067398;m3-11;From: B571 (m3-209);Len: 114;Rssi: -91;PowerLevel: m10dBm;DATA: 98,10629342490369879,26406,-6869,1070,1166235,7161971,-5706,3485,-7435,-2410,-8454,-4765
1736075710.070264;m3-22;From: B571 (m3-209);Len: 114;Rssi: -89;PowerLevel: m10dBm;DATA: 98,10629342490369879,26406,-6869,1070,1166235,7161971,-5706,3485,-7435,-2410,-8454,-4765
1736075710.310104;m3-12;From: B571 (m3-209);Len: 114;Rssi: -91;PowerLevel: m10dBm;DATA: 98,10629342490369879,26406,-6869,1070,1166235,7161971,-5706,3485,-7435,-2410,-8454,-4765
1736075710.310409;m3-22;From: B571 (m3-209);Len: 114;Rssi: -90;PowerLevel: m10dBm;DATA: 98,10629342490369879,26406,-6869,1070,1166235,7161971,-5706,3485,-7435,-2410,-8454,-4765
1736075710.311390;m3-4;From: B571 (m3-209);Len: 114;Rssi: -91;PowerLevel: m10dBm;DATA: 98,10629342490369879,26406,-6869,1070,1166235,7161971,-5706,3485,-7435,-2410,-8454,-4765
1736075710.316953;m3-23;From: B571 (m3-209);Len: 114;Rssi: -91;PowerLevel: m10dBm;DATA: 98,10629342490369879,26406,-6869,1070,1166235,7161971,-5706,3485,-7435,-2410,-8454,-4765
1736075710.319585;m3-25;From: B571 (m3-209);Len: 114;Rssi: -91;PowerLevel: m10dBm;DATA: 98,10629342490369879,26406,-6869,1070,1166235,7161971,-5706,3485,-7435,-2410,-8454,-4765
1736075710.322983;m3-11;From: B571 (m3-209);Len: 114;Rssi: -91;PowerLevel: m10dBm;DATA: 98,10629342490369879,26406,-6869,1070,1166235,7161971,-5706,3485,-7435,-2410,-8454,-4765
1736075710.559702;m3-25;From: B571 (m3-209);Len: 114;Rssi: -91;PowerLevel: m10dBm;DATA: 98,10629342490369879,26406,-6869,1070,1166235,7161971,-5706,3485,-7435,-2410,-8454,-4765
1736075710.563160;m3-11;From: B571 (m3-209);Len: 114;Rssi: -91;PowerLevel: m10dBm;DATA: 98,10629342490369879,26406,-6869,1070,1166235,7161971,-5706,3485,-7435,-2410,-8454,-4765
1736075710.566013;m3-12;From: B571 (m3-209);Len: 114;Rssi: -91;PowerLevel: m10dBm;DATA: 98,10629342490369879,26406,-6869,1070,1166235,7161971,-5706,3485,-7435,-2410,-8454,-4765
1736075710.566587;m3-22;From: B571 (m3-209);Len: 114;Rssi: -90;PowerLevel: m10dBm;DATA: 98,10629342490369879,26406,-6869,1070,1166235,7161971,-5706,3485,-7435,-2410,-8454,-4765
1736075710.572842;m3-23;From: B571 (m3-209);Len: 114;Rssi: -91;PowerLevel: m10dBm;DATA: 98,10629342490369879,26406,-6869,1070,1166235,7161971,-5706,3485,-7435,-2410,-8454,-4765
1736075710.812838;m3-23;From: B571 (m3-209);Len: 114;Rssi: -91;PowerLevel: m10dBm;DATA: 98,10629342490369879,26406,-6869,1070,1166235,7161971,-5706,3485,-7435,-2410,-8454,-4765
1736075710.815525;m3-25;From: B571 (m3-209);Len: 114;Rssi: -91;PowerLevel: m10dBm;DATA: 98,10629342490369879,26406,-6869,1070,1166235,7161971,-5706,3485,-7435,-2410,-8454,-4765
1736075710.819061;m3-11;From: B571 (m3-209);Len: 114;Rssi: -91;PowerLevel: m10dBm;DATA: 98,10629342490369879,26406,-6869,1070,1166235,7161971,-5706,3485,-7435,-2410,-8454,-4765
1736075710.822127;m3-22;From: B571 (m3-209);Len: 114;Rssi: -90;PowerLevel: m10dBm;DATA: 98,10629342490369879,26406,-6869,1070,1166235,7161971,-5706,3485,-7435,-2410,-8454,-4765
1736075711.317701;m3-12;From: B571 (m3-209);Len: 114;Rssi: -91;PowerLevel: m10dBm;DATA: 98,10629342490369879,26406,-6869,1070,1166235,7161971,-5706,3485,-7435,-2410,-8454,-4765
1736075711.564995;m3-23;From: B571 (m3-209);Len: 114;Rssi: -91;PowerLevel: m10dBm;DATA: 98,10629342490369879,26406,-6869,1070,1166235,7161971,-5706,3485,-7435,-2410,-8454,-4765
1736075711.567688;m3-25;From: B571 (m3-209);Len: 114;Rssi: -91;PowerLevel: m10dBm;DATA: 98,10629342490369879,26406,-6869,1070,1166235,7161971,-5706,3485,-7435,-2410,-8454,-4765
1736075711.574038;m3-22;From: B571 (m3-209);Len: 114;Rssi: -90;PowerLevel: m10dBm;DATA: 98,10629342490369879,26406,-6869,1070,1166235,7161971,-5706,3485,-7435,-2410,-8454,-4765
1736075712.060785;m3-23;From: B571 (m3-209);Len: 114;Rssi: -91;PowerLevel: m10dBm;DATA: 98,10629342490369879,26406,-6869,1070,1166235,7161971,-5706,3485,-7435,-2410,-8454,-4765
1736075712.063456;m3-25;From: B571 (m3-209);Len: 114;Rssi: -91;PowerLevel: m10dBm;DATA: 98,10629342490369879,26406,-6869,1070,1166235,7161971,-5706,3485,-7435,-2410,-8454,-4765
1736075712.067100;m3-11;From: B571 (m3-209);Len: 114;Rssi: -91;PowerLevel: m10dBm;DATA: 98,10629342490369879,26406,-6869,1070,1166235,7161971,-5706,3485,-7435,-2410,-8454,-4765
1736075712.069831;m3-12;From: B571 (m3-209);Len: 114;Rssi: -91;PowerLevel: m10dBm;DATA: 98,10629342490369879,26406,-6869,1070,1166235,7161971,-5706,3485,-7435,-2410,-8454,-4765
1736075712.070083;m3-22;From: B571 (m3-209);Len: 114;Rssi: -89;PowerLevel: m10dBm;DATA: 98,10629342490369879,26406,-6869,1070,1166235,7161971,-5706,3485,-7435,-2410,-8454,-4765
1736075712.071144;m3-4;From: B571 (m3-209);Len: 114;Rssi: -91;PowerLevel: m10dBm;DATA: 98,10629342490369879,26406,-6869,1070,1166235,7161971,-5706,3485,-7435,-2410,-8454,-4765
1736075712.559580;m3-25;From: B571 (m3-209);Len: 114;Rssi: -91;PowerLevel: m10dBm;DATA: 98,10629342490369879,26406,-6869,1070,1166235,7161971,-5706,3485,-7435,-2410,-8454,-4765
1736075712.563078;m3-11;From: B571 (m3-209);Len: 114;Rssi: -91;PowerLevel: m10dBm;DATA: 98,10629342490369879,26406,-6869,1070,1166235,7161971,-5706,3485,-7435,-2410,-8454,-4765
1736075712.565861;m3-12;From: B571 (m3-209);Len: 114;Rssi: -91;PowerLevel: m10dBm;DATA: 98,10629342490369879,26406,-6869,1070,1166235,7161971,-5706,3485,-7435,-2410,-8454,-4765
1736075712.566435;m3-22;From: B571 (m3-209);Len: 114;Rssi: -90;PowerLevel: m10dBm;DATA: 98,10629342490369879,26406,-6869,1070,1166235,7161971,-5706,3485,-7435,-2410,-8454,-4765
1736075712.567091;m3-4;From: B571 (m3-209);Len: 114;Rssi: -91;PowerLevel: m10dBm;DATA: 98,10629342490369879,26406,-6869,1070,1166235,7161971,-5706,3485,-7435,-2410,-8454,-4765
1736075712.572731;m3-23;From: B571 (m3-209);Len: 114;Rssi: -91;PowerLevel: m10dBm;DATA: 98,10629342490369879,26406,-6869,1070,1166235,7161971,-5706,3485,-7435,-2410,-8454,-4765
1736075712.812726;m3-23;From: B571 (m3-209);Len: 114;Rssi: -91;PowerLevel: m10dBm;DATA: 98,10629342490369879,26406,-6869,1070,1166235,7161971,-5706,3485,-7435,-2410,-8454,-4765
1736075712.815486;m3-25;From: B571 (m3-209);Len: 114;Rssi: -91;PowerLevel: m10dBm;DATA: 98,10629342490369879,26406,-6869,1070,1166235,7161971,-5706,3485,-7435,-2410,-8454,-4765
1736075712.818958;m3-11;From: B571 (m3-209);Len: 114;Rssi: -91;PowerLevel: m10dBm;DATA: 98,10629342490369879,26406,-6869,1070,1166235,7161971,-5706,3485,-7435,-2410,-8454,-4765
1736075712.821474;m3-12;From: B571 (m3-209);Len: 114;Rssi: -91;PowerLevel: m10dBm;DATA: 98,10629342490369879,26406,-6869,1070,1166235,7161971,-5706,3485,-7435,-2410,-8454,-4765
1736075712.822902;m3-4;From: B571 (m3-209);Len: 114;Rssi: -91;PowerLevel: m10dBm;DATA: 98,10629342490369879,26406,-6869,1070,1166235,7161971,-5706,3485,-7435,-2410,-8454,-4765
1736075713.058849;m3-11;From: B571 (m3-209);Len: 114;Rssi: -91;PowerLevel: m10dBm;DATA: 98,10629342490369879,26406,-6869,1070,1166235,7161971,-5706,3485,-7435,-2410,-8454,-4765
1736075713.068745;m3-23;From: B571 (m3-209);Len: 114;Rssi: -91;PowerLevel: m10dBm;DATA: 98,10629342490369879,26406,-6869,1070,1166235,7161971,-5706,3485,-7435,-2410,-8454,-4765
1736075713.820653;m3-23;From: B571 (m3-209);Len: 114;Rssi: -91;PowerLevel: m10dBm;DATA: 98,10629342490369879,26406,-6869,1070,1166235,7161971,-5706,3485,-7435,-2410,-8454,-4765
1736075713.823404;m3-25;From: B571 (m3-209);Len: 114;Rssi: -91;PowerLevel: m10dBm;DATA: 98,10629342490369879,26406,-6869,1070,1166235,7161971,-5706,3485,-7435,-2410,-8454,-4765
1736075714.309592;m3-12;From: B571 (m3-209);Len: 114;Rssi: -91;PowerLevel: m10dBm;DATA: 98,10629342490369879,26406,-6869,1070,1166235,7161971,-5706,3485,-7435,-2410,-8454,-4765
1736075714.319439;m3-25;From: B571 (m3-209);Len: 114;Rssi: -91;PowerLevel: m10dBm;DATA: 98,10629342490369879,26406,-6869,1070,1166235,7161971,-5706,3485,-7435,-2410,-8454,-4765
1736075714.322839;m3-11;From: B571 (m3-209);Len: 114;Rssi: -91;PowerLevel: m10dBm;DATA: 98,10629342490369879,26406,-6869,1070,1166235,7161971,-5706,3485,-7435,-2410,-8454,-4765
1736075714.815372;m3-25;From: B571 (m3-209);Len: 114;Rssi: -91;PowerLevel: m10dBm;DATA: 98,10629342490369879,26406,-6869,1070,1166235,7161971,-5706,3485,-7435,-2410,-8454,-4765
1736075714.818858;m3-11;From: B571 (m3-209);Len: 114;Rssi: -91;PowerLevel: m10dBm;DATA: 98,10629342490369879,26406,-6869,1070,1166235,7161971,-5706,3485,-7435,-2410,-8454,-4765
1736075714.821453;m3-12;From: B571 (m3-209);Len: 114;Rssi: -91;PowerLevel: m10dBm;DATA: 98,10629342490369879,26406,-6869,1070,1166235,7161971,-5706,3485,-7435,-2410,-8454,-4765
1736075714.822835;m3-4;From: B571 (m3-209);Len: 114;Rssi: -91;PowerLevel: m10dBm;DATA: 98,10629342490369879,26406,-6869,1070,1166235,7161971,-5706,3485,-7435,-2410,-8454,-4765
1736075715.314903;m3-11;From: B571 (m3-209);Len: 114;Rssi: -91;PowerLevel: m10dBm;DATA: 98,10629342490369879,26406,-6869,1070,1166235,7161971,-5706,3485,-7435,-2410,-8454,-4765
1736075715.317453;m3-12;From: B571 (m3-209);Len: 114;Rssi: -91;PowerLevel: m10dBm;DATA: 98,10629342490369879,26406,-6869,1070,1166235,7161971,-5706,3485,-7435,-2410,-8454,-4765
1736075715.813479;m3-12;From: B571 (m3-209);Len: 114;Rssi: -91;PowerLevel: m10dBm;DATA: 98,10629342490369879,26406,-6869,1070,1166235,7161971,-5706,3485,-7435,-2410,-8454,-4765
1736075716.063485;m3-25;From: B571 (m3-209);Len: 114;Rssi: -91;PowerLevel: m10dBm;DATA: 98,10629342490369879,26406,-6869,1070,1166235,7161971,-5706,3485,-7435,-2410,-8454,-4765
1736075716.559314;m3-25;From: B571 (m3-209);Len: 114;Rssi: -91;PowerLevel: m10dBm;DATA: 98,10629342490369879,26406,-6869,1070,1166235,7161971,-5706,3485,-7435,-2410,-8454,-4765
1736075716.562781;m3-11;From: B571 (m3-209);Len: 114;Rssi: -91;PowerLevel: m10dBm;DATA: 98,10629342490369879,26406,-6869,1070,1166235,7161971,-5706,3485,-7435,-2410,-8454,-4765
1736075716.565454;m3-12;From: B571 (m3-209);Len: 114;Rssi: -91;PowerLevel: m10dBm;DATA: 98,10629342490369879,26406,-6869,1070,1166235,7161971,-5706,3485,-7435,-2410,-8454,-4765
1736075717.058830;m3-11;From: B571 (m3-209);Len: 114;Rssi: -91;PowerLevel: m10dBm;DATA: 98,10629342490369879,26406,-6869,1070,1166235,7161971,-5706,3485,-7435,-2410,-8454,-4765
1736075717.071164;m3-25;From: B571 (m3-209);Len: 114;Rssi: -91;PowerLevel: m10dBm;DATA: 98,10629342490369879,26406,-6869,1070,1166235,7161971,-5706,3485,-7435,-2410,-8454,-4765
1736075717.311197;m3-25;From: B571 (m3-209);Len: 114;Rssi: -91;PowerLevel: m10dBm;DATA: 98,10629342490369879,26406,-6869,1070,1166235,7161971,-5706,3485,-7435,-2410,-8454,-4765
1736075717.317264;m3-12;From: B571 (m3-209);Len: 114;Rssi: -91;PowerLevel: m10dBm;DATA: 98,10629342490369879,26406,-6869,1070,1166235,7161971,-5706,3485,-7435,-2410,-8454,-4765
1736075720.559788;m3-45;[in broadcast_data() INFO] POWER LEVEL: m7dBm
1736075720.562583;m3-11;From: B571 (m3-209);Len: 113;Rssi: -91;PowerLevel: m7dBm;DATA: 98,10629342490369879,26406,-6869,1070,1166235,7161971,-5706,3485,-7435,-2410,-8454,-4765
1736075720.565178;m3-12;From: B571 (m3-209);Len: 113;Rssi: -91;PowerLevel: m7dBm;DATA: 98,10629342490369879,26406,-6869,1070,1166235,7161971,-5706,3485,-7435,-2410,-8454,-4765
1736075720.566661;m3-4;From: B571 (m3-209);Len: 113;Rssi: -91;PowerLevel: m7dBm;DATA: 98,10629342490369879,26406,-6869,1070,1166235,7161971,-5706,3485,-7435,-2410,-8454,-4765
1736075721.060979;m3-12;From: B571 (m3-209);Len: 113;Rssi: -91;PowerLevel: m7dBm;DATA: 98,10629342490369879,26406,-6869,1070,1166235,7161971,-5706,3485,-7435,-2410,-8454,-4765
1736075721.062840;m3-4;From: B571 (m3-209);Len: 113;Rssi: -91;PowerLevel: m7dBm;DATA: 98,10629342490369879,26406,-6869,1070,1166235,7161971,-5706,3485,-7435,-2410,-8454,-4765
1736075721.074328;m3-11;From: B571 (m3-209);Len: 113;Rssi: -91;PowerLevel: m7dBm;DATA: 98,10629342490369879,26406,-6869,1070,1166235,7161971,-5706,3485,-7435,-2410,-8454,-4765
1736075721.314315;m3-11;From: B571 (m3-209);Len: 113;Rssi: -91;PowerLevel: m7dBm;DATA: 98,10629342490369879,26406,-6869,1070,1166235,7161971,-5706,3485,-7435,-2410,-8454,-4765
1736075721.317003;m3-12;From: B571 (m3-209);Len: 113;Rssi: -91;PowerLevel: m7dBm;DATA: 98,10629342490369879,26406,-6869,1070,1166235,7161971,-5706,3485,-7435,-2410,-8454,-4765
1736075721.318772;m3-4;From: B571 (m3-209);Len: 113;Rssi: -91;PowerLevel: m7dBm;DATA: 98,10629342490369879,26406,-6869,1070,1166235,7161971,-5706,3485,-7435,-2410,-8454,-4765
1736075721.570350;m3-11;From: B571 (m3-209);Len: 113;Rssi: -91;PowerLevel: m7dBm;DATA: 98,10629342490369879,26406,-6869,1070,1166235,7161971,-5706,3485,-7435,-2410,-8454,-4765
1736075721.572925;m3-12;From: B571 (m3-209);Len: 113;Rssi: -91;PowerLevel: m7dBm;DATA: 98,10629342490369879,26406,-6869,1070,1166235,7161971,-5706,3485,-7435,-2410,-8454,-4765
1736075721.574482;m3-4;From: B571 (m3-209);Len: 113;Rssi: -91;PowerLevel: m7dBm;DATA: 98,10629342490369879,26406,-6869,1070,1166235,7161971,-5706,3485,-7435,-2410,-8454,-4765
1736075722.068918;m3-12;From: B571 (m3-209);Len: 113;Rssi: -91;PowerLevel: m7dBm;DATA: 98,10629342490369879,26406,-6869,1070,1166235,7161971,-5706,3485,-7435,-2410,-8454,-4765
1736075722.070407;m3-4;From: B571 (m3-209);Len: 113;Rssi: -91;PowerLevel: m7dBm;DATA: 98,10629342490369879,26406,-6869,1070,1166235,7161971,-5706,3485,-7435,-2410,-8454,-4765
1736075722.820991;m3-12;From: B571 (m3-209);Len: 113;Rssi: -91;PowerLevel: m7dBm;DATA: 98,10629342490369879,26406,-6869,1070,1166235,7161971,-5706,3485,-7435,-2410,-8454,-4765
1736075722.822732;m3-4;From: B571 (m3-209);Len: 113;Rssi: -91;PowerLevel: m7dBm;DATA: 98,10629342490369879,26406,-6869,1070,1166235,7161971,-5706,3485,-7435,-2410,-8454,-4765
1736075723.060910;m3-12;From: B571 (m3-209);Len: 113;Rssi: -91;PowerLevel: m7dBm;DATA: 98,10629342490369879,26406,-6869,1070,1166235,7161971,-5706,3485,-7435,-2410,-8454,-4765
1736075723.062525;m3-4;From: B571 (m3-209);Len: 113;Rssi: -91;PowerLevel: m7dBm;DATA: 98,10629342490369879,26406,-6869,1070,1166235,7161971,-5706,3485,-7435,-2410,-8454,-4765
1736075723.316844;m3-12;From: B571 (m3-209);Len: 113;Rssi: -91;PowerLevel: m7dBm;DATA: 98,10629342490369879,26406,-6869,1070,1166235,7161971,-5706,3485,-7435,-2410,-8454,-4765
1736075723.318776;m3-4;From: B571 (m3-209);Len: 113;Rssi: -91;PowerLevel: m7dBm;DATA: 98,10629342490369879,26406,-6869,1070,1166235,7161971,-5706,3485,-7435,-2410,-8454,-4765
1736075723.812974;m3-12;From: B571 (m3-209);Len: 113;Rssi: -91;PowerLevel: m7dBm;DATA: 98,10629342490369879,26406,-6869,1070,1166235,7161971,-5706,3485,-7435,-2410,-8454,-4765
1736075723.814605;m3-4;From: B571 (m3-209);Len: 113;Rssi: -91;PowerLevel: m7dBm;DATA: 98,10629342490369879,26406,-6869,1070,1166235,7161971,-5706,3485,-7435,-2410,-8454,-4765
1736075724.310268;m3-4;From: B571 (m3-209);Len: 113;Rssi: -91;PowerLevel: m7dBm;DATA: 98,10629342490369879,26406,-6869,1070,1166235,7161971,-5706,3485,-7435,-2410,-8454,-4765
1736075724.324603;m3-12;From: B571 (m3-209);Len: 113;Rssi: -91;PowerLevel: m7dBm;DATA: 98,10629342490369879,26406,-6869,1070,1166235,7161971,-5706,3485,-7435,-2410,-8454,-4765
1736075724.564905;m3-12;From: B571 (m3-209);Len: 113;Rssi: -91;PowerLevel: m7dBm;DATA: 98,10629342490369879,26406,-6869,1070,1166235,7161971,-5706,3485,-7435,-2410,-8454,-4765
1736075724.566538;m3-4;From: B571 (m3-209);Len: 113;Rssi: -91;PowerLevel: m7dBm;DATA: 98,10629342490369879,26406,-6869,1070,1166235,7161971,-5706,3485,-7435,-2410,-8454,-4765
1736075724.820656;m3-12;From: B571 (m3-209);Len: 113;Rssi: -91;PowerLevel: m7dBm;DATA: 98,10629342490369879,26406,-6869,1070,1166235,7161971,-5706,3485,-7435,-2410,-8454,-4765
1736075724.822447;m3-4;From: B571 (m3-209);Len: 113;Rssi: -91;PowerLevel: m7dBm;DATA: 98,10629342490369879,26406,-6869,1070,1166235,7161971,-5706,3485,-7435,-2410,-8454,-4765
1736075725.062462;m3-4;From: B571 (m3-209);Len: 113;Rssi: -91;PowerLevel: m7dBm;DATA: 98,10629342490369879,26406,-6869,1070,1166235,7161971,-5706,3485,-7435,-2410,-8454,-4765
1736075725.574481;m3-4;From: B571 (m3-209);Len: 113;Rssi: -91;PowerLevel: m7dBm;DATA: 98,10629342490369879,26406,-6869,1070,1166235,7161971,-5706,3485,-7435,-2410,-8454,-4765
1736075726.822397;m3-4;From: B571 (m3-209);Len: 113;Rssi: -91;PowerLevel: m7dBm;DATA: 98,10629342490369879,26406,-6869,1070,1166235,7161971,-5706,3485,-7435,-2410,-8454,-4765
1736075727.318468;m3-4;From: B571 (m3-209);Len: 113;Rssi: -91;PowerLevel: m7dBm;DATA: 98,10629342490369879,26406,-6869,1070,1166235,7161971,-5706,3485,-7435,-2410,-8454,-4765
1736075727.814373;m3-4;From: B571 (m3-209);Len: 113;Rssi: -91;PowerLevel: m7dBm;DATA: 98,10629342490369879,26406,-6869,1070,1166235,7161971,-5706,3485,-7435,-2410,-8454,-4765
1736075731.055173;m3-45;[in broadcast_data() INFO] POWER LEVEL: m5dBm
1736075731.062328;m3-4;From: B571 (m3-209);Len: 113;Rssi: -90;PowerLevel: m5dBm;DATA: 98,10629342490369879,26406,-6869,1070,1166235,7161971,-5706,3485,-7435,-2410,-8454,-4765
1736075731.318243;m3-4;From: B571 (m3-209);Len: 113;Rssi: -90;PowerLevel: m5dBm;DATA: 98,10629342490369879,26406,-6869,1070,1166235,7161971,-5706,3485,-7435,-2410,-8454,-4765
1736075741.566618;m3-45;[in broadcast_data() INFO] POWER LEVEL: m4dBm
1736075744.569391;m3-26;From: B571 (m3-209);Len: 113;Rssi: -91;PowerLevel: m4dBm;DATA: 98,10629342490369879,26406,-6869,1070,1166235,7161971,-5706,3485,-7435,-2410,-8454,-4765
1736075746.569235;m3-26;From: B571 (m3-209);Len: 113;Rssi: -91;PowerLevel: m4dBm;DATA: 98,10629342490369879,26406,-6869,1070,1166235,7161971,-5706,3485,-7435,-2410,-8454,-4765
1736075747.065062;m3-26;From: B571 (m3-209);Len: 113;Rssi: -91;PowerLevel: m4dBm;DATA: 98,10629342490369879,26406,-6869,1070,1166235,7161971,-5706,3485,-7435,-2410,-8454,-4765
1736075752.061937;m3-45;[in broadcast_data() INFO] POWER LEVEL: m3dBm
1736075752.824832;m3-26;From: B571 (m3-209);Len: 113;Rssi: -91;PowerLevel: m3dBm;DATA: 98,10629342490369879,26406,-6869,1070,1166235,7161971,-5706,3485,-7435,-2410,-8454,-4765
1736075753.320532;m3-26;From: B571 (m3-209);Len: 113;Rssi: -91;PowerLevel: m3dBm;DATA: 98,10629342490369879,26406,-6869,1070,1166235,7161971,-5706,3485,-7435,-2410,-8454,-4765
1736075755.320554;m3-26;From: B571 (m3-209);Len: 113;Rssi: -90;PowerLevel: m3dBm;DATA: 98,10629342490369879,26406,-6869,1070,1166235,7161971,-5706,3485,-7435,-2410,-8454,-4765
1736075755.576401;m3-26;From: B571 (m3-209);Len: 113;Rssi: -90;PowerLevel: m3dBm;DATA: 98,10629342490369879,26406,-6869,1070,1166235,7161971,-5706,3485,-7435,-2410,-8454,-4765
1736075757.064480;m3-26;From: B571 (m3-209);Len: 113;Rssi: -91;PowerLevel: m3dBm;DATA: 98,10629342490369879,26406,-6869,1070,1166235,7161971,-5706,3485,-7435,-2410,-8454,-4765
1736075757.816323;m3-26;From: B571 (m3-209);Len: 113;Rssi: -91;PowerLevel: m3dBm;DATA: 98,10629342490369879,26406,-6869,1070,1166235,7161971,-5706,3485,-7435,-2410,-8454,-4765
1736075762.557343;m3-45;[in broadcast_data() INFO] POWER LEVEL: m2dBm
1736075763.575957;m3-26;From: B571 (m3-209);Len: 113;Rssi: -90;PowerLevel: m2dBm;DATA: 98,10629342490369879,26406,-6869,1070,1166235,7161971,-5706,3485,-7435,-2410,-8454,-4765
1736075763.815733;m3-26;From: B571 (m3-209);Len: 113;Rssi: -90;PowerLevel: m2dBm;DATA: 98,10629342490369879,26406,-6869,1070,1166235,7161971,-5706,3485,-7435,-2410,-8454,-4765
1736075764.071680;m3-26;From: B571 (m3-209);Len: 113;Rssi: -91;PowerLevel: m2dBm;DATA: 98,10629342490369879,26406,-6869,1070,1166235,7161971,-5706,3485,-7435,-2410,-8454,-4765
1736075764.567741;m3-26;From: B571 (m3-209);Len: 113;Rssi: -91;PowerLevel: m2dBm;DATA: 98,10629342490369879,26406,-6869,1070,1166235,7161971,-5706,3485,-7435,-2410,-8454,-4765
1736075765.319718;m3-26;From: B571 (m3-209);Len: 113;Rssi: -90;PowerLevel: m2dBm;DATA: 98,10629342490369879,26406,-6869,1070,1166235,7161971,-5706,3485,-7435,-2410,-8454,-4765
1736075765.815680;m3-26;From: B571 (m3-209);Len: 113;Rssi: -90;PowerLevel: m2dBm;DATA: 98,10629342490369879,26406,-6869,1070,1166235,7161971,-5706,3485,-7435,-2410,-8454,-4765
1736075766.567642;m3-26;From: B571 (m3-209);Len: 113;Rssi: -90;PowerLevel: m2dBm;DATA: 98,10629342490369879,26406,-6869,1070,1166235,7161971,-5706,3485,-7435,-2410,-8454,-4765
1736075767.575606;m3-26;From: B571 (m3-209);Len: 113;Rssi: -90;PowerLevel: m2dBm;DATA: 98,10629342490369879,26406,-6869,1070,1166235,7161971,-5706,3485,-7435,-2410,-8454,-4765
1736075768.071500;m3-26;From: B571 (m3-209);Len: 113;Rssi: -90;PowerLevel: m2dBm;DATA: 98,10629342490369879,26406,-6869,1070,1166235,7161971,-5706,3485,-7435,-2410,-8454,-4765
1736075768.327435;m3-26;From: B571 (m3-209);Len: 113;Rssi: -90;PowerLevel: m2dBm;DATA: 98,10629342490369879,26406,-6869,1070,1166235,7161971,-5706,3485,-7435,-2410,-8454,-4765
1736075768.567494;m3-26;From: B571 (m3-209);Len: 113;Rssi: -90;PowerLevel: m2dBm;DATA: 98,10629342490369879,26406,-6869,1070,1166235,7161971,-5706,3485,-7435,-2410,-8454,-4765
1736075769.815521;m3-26;From: B571 (m3-209);Len: 113;Rssi: -90;PowerLevel: m2dBm;DATA: 98,10629342490369879,26406,-6869,1070,1166235,7161971,-5706,3485,-7435,-2410,-8454,-4765
1736075773.068660;m3-45;[in broadcast_data() INFO] POWER LEVEL: m1dBm
1736075774.320160;m3-5;From: B571 (m3-209);Len: 113;Rssi: -91;PowerLevel: m1dBm;DATA: 98,10629342490369879,26406,-6869,1070,1166235,7161971,-5706,3485,-7435,-2410,-8454,-4765
1736075774.326982;m3-26;From: B571 (m3-209);Len: 113;Rssi: -90;PowerLevel: m1dBm;DATA: 98,10629342490369879,26406,-6869,1070,1166235,7161971,-5706,3485,-7435,-2410,-8454,-4765
1736075774.567088;m3-26;From: B571 (m3-209);Len: 113;Rssi: -90;PowerLevel: m1dBm;DATA: 98,10629342490369879,26406,-6869,1070,1166235,7161971,-5706,3485,-7435,-2410,-8454,-4765
1736075774.818113;m3-88;From: B571 (m3-209);Len: 113;Rssi: -91;PowerLevel: m1dBm;DATA: 98,10629342490369879,26406,-6869,1070,1166235,7161971,-5706,3485,-7435,-2410,-8454,-4765
1736075774.822976;m3-26;From: B571 (m3-209);Len: 113;Rssi: -90;PowerLevel: m1dBm;DATA: 98,10629342490369879,26406,-6869,1070,1166235,7161971,-5706,3485,-7435,-2410,-8454,-4765
1736075775.570031;m3-88;From: B571 (m3-209);Len: 113;Rssi: -91;PowerLevel: m1dBm;DATA: 98,10629342490369879,26406,-6869,1070,1166235,7161971,-5706,3485,-7435,-2410,-8454,-4765
1736075779.073858;m3-88;From: B571 (m3-209);Len: 113;Rssi: -91;PowerLevel: m1dBm;DATA: 98,10629342490369879,26406,-6869,1070,1166235,7161971,-5706,3485,-7435,-2410,-8454,-4765
1736075783.564025;m3-45;[in broadcast_data() INFO] POWER LEVEL: 0_7dBm
1736075783.569547;m3-88;From: B571 (m3-209);Len: 114;Rssi: -91;PowerLevel: 0_7dBm;DATA: 98,10629342490369879,26406,-6869,1070,1166235,7161971,-5706,3485,-7435,-2410,-8454,-4765
1736075783.823414;m3-5;From: B571 (m3-209);Len: 114;Rssi: -91;PowerLevel: 0_7dBm;DATA: 98,10629342490369879,26406,-6869,1070,1166235,7161971,-5706,3485,-7435,-2410,-8454,-4765
1736075785.071182;m3-5;From: B571 (m3-209);Len: 114;Rssi: -91;PowerLevel: 0_7dBm;DATA: 98,10629342490369879,26406,-6869,1070,1166235,7161971,-5706,3485,-7435,-2410,-8454,-4765
1736075785.073377;m3-88;From: B571 (m3-209);Len: 114;Rssi: -91;PowerLevel: 0_7dBm;DATA: 98,10629342490369879,26406,-6869,1070,1166235,7161971,-5706,3485,-7435,-2410,-8454,-4765
1736075785.569406;m3-88;From: B571 (m3-209);Len: 114;Rssi: -91;PowerLevel: 0_7dBm;DATA: 98,10629342490369879,26406,-6869,1070,1166235,7161971,-5706,3485,-7435,-2410,-8454,-4765
1736075785.825265;m3-88;From: B571 (m3-209);Len: 114;Rssi: -91;PowerLevel: 0_7dBm;DATA: 98,10629342490369879,26406,-6869,1070,1166235,7161971,-5706,3485,-7435,-2410,-8454,-4765
1736075787.329234;m3-88;From: B571 (m3-209);Len: 114;Rssi: -91;PowerLevel: 0_7dBm;DATA: 98,10629342490369879,26406,-6869,1070,1166235,7161971,-5706,3485,-7435,-2410,-8454,-4765
1736075787.567135;m3-5;From: B571 (m3-209);Len: 114;Rssi: -91;PowerLevel: 0_7dBm;DATA: 98,10629342490369879,26406,-6869,1070,1166235,7161971,-5706,3485,-7435,-2410,-8454,-4765
1736075787.569257;m3-88;From: B571 (m3-209);Len: 114;Rssi: -91;PowerLevel: 0_7dBm;DATA: 98,10629342490369879,26406,-6869,1070,1166235,7161971,-5706,3485,-7435,-2410,-8454,-4765
1736075787.823036;m3-5;From: B571 (m3-209);Len: 114;Rssi: -91;PowerLevel: 0_7dBm;DATA: 98,10629342490369879,26406,-6869,1070,1166235,7161971,-5706,3485,-7435,-2410,-8454,-4765
1736075787.825204;m3-88;From: B571 (m3-209);Len: 114;Rssi: -91;PowerLevel: 0_7dBm;DATA: 98,10629342490369879,26406,-6869,1070,1166235,7161971,-5706,3485,-7435,-2410,-8454,-4765
1736075788.080964;m3-88;From: B571 (m3-209);Len: 114;Rssi: -91;PowerLevel: 0_7dBm;DATA: 98,10629342490369879,26406,-6869,1070,1166235,7161971,-5706,3485,-7435,-2410,-8454,-4765
1736075789.566858;m3-5;From: B571 (m3-209);Len: 114;Rssi: -91;PowerLevel: 0_7dBm;DATA: 98,10629342490369879,26406,-6869,1070,1166235,7161971,-5706,3485,-7435,-2410,-8454,-4765
1736075789.569129;m3-88;From: B571 (m3-209);Len: 114;Rssi: -91;PowerLevel: 0_7dBm;DATA: 98,10629342490369879,26406,-6869,1070,1166235,7161971,-5706,3485,-7435,-2410,-8454,-4765
1736075789.822794;m3-5;From: B571 (m3-209);Len: 114;Rssi: -91;PowerLevel: 0_7dBm;DATA: 98,10629342490369879,26406,-6869,1070,1166235,7161971,-5706,3485,-7435,-2410,-8454,-4765
1736075789.824955;m3-88;From: B571 (m3-209);Len: 114;Rssi: -91;PowerLevel: 0_7dBm;DATA: 98,10629342490369879,26406,-6869,1070,1166235,7161971,-5706,3485,-7435,-2410,-8454,-4765
1736075789.829549;m3-9;From: B571 (m3-209);Len: 114;Rssi: -91;PowerLevel: 0_7dBm;DATA: 98,10629342490369879,26406,-6869,1070,1166235,7161971,-5706,3485,-7435,-2410,-8454,-4765
1736075790.078697;m3-5;From: B571 (m3-209);Len: 114;Rssi: -91;PowerLevel: 0_7dBm;DATA: 98,10629342490369879,26406,-6869,1070,1166235,7161971,-5706,3485,-7435,-2410,-8454,-4765
1736075790.318687;m3-5;From: B571 (m3-209);Len: 114;Rssi: -91;PowerLevel: 0_7dBm;DATA: 98,10629342490369879,26406,-6869,1070,1166235,7161971,-5706,3485,-7435,-2410,-8454,-4765
1736075790.320909;m3-88;From: B571 (m3-209);Len: 114;Rssi: -91;PowerLevel: 0_7dBm;DATA: 98,10629342490369879,26406,-6869,1070,1166235,7161971,-5706,3485,-7435,-2410,-8454,-4765
1736075794.059467;m3-45;[in broadcast_data() INFO] POWER LEVEL: 1_3dBm
1736075794.078604;m3-5;From: B571 (m3-209);Len: 114;Rssi: -91;PowerLevel: 1_3dBm;DATA: 98,10629342490369879,26406,-6869,1070,1166235,7161971,-5706,3485,-7435,-2410,-8454,-4765
1736075794.080658;m3-88;From: B571 (m3-209);Len: 114;Rssi: -91;PowerLevel: 1_3dBm;DATA: 98,10629342490369879,26406,-6869,1070,1166235,7161971,-5706,3485,-7435,-2410,-8454,-4765
1736075794.320729;m3-88;From: B571 (m3-209);Len: 114;Rssi: -91;PowerLevel: 1_3dBm;DATA: 98,10629342490369879,26406,-6869,1070,1166235,7161971,-5706,3485,-7435,-2410,-8454,-4765
1736075794.574562;m3-5;From: B571 (m3-209);Len: 114;Rssi: -91;PowerLevel: 1_3dBm;DATA: 98,10629342490369879,26406,-6869,1070,1166235,7161971,-5706,3485,-7435,-2410,-8454,-4765
1736075794.576874;m3-88;From: B571 (m3-209);Len: 114;Rssi: -91;PowerLevel: 1_3dBm;DATA: 98,10629342490369879,26406,-6869,1070,1166235,7161971,-5706,3485,-7435,-2410,-8454,-4765
1736075794.816650;m3-88;From: B571 (m3-209);Len: 114;Rssi: -91;PowerLevel: 1_3dBm;DATA: 98,10629342490369879,26406,-6869,1070,1166235,7161971,-5706,3485,-7435,-2410,-8454,-4765
1736075795.326295;m3-5;From: B571 (m3-209);Len: 114;Rssi: -91;PowerLevel: 1_3dBm;DATA: 98,10629342490369879,26406,-6869,1070,1166235,7161971,-5706,3485,-7435,-2410,-8454,-4765
1736075795.822459;m3-5;From: B571 (m3-209);Len: 114;Rssi: -91;PowerLevel: 1_3dBm;DATA: 98,10629342490369879,26406,-6869,1070,1166235,7161971,-5706,3485,-7435,-2410,-8454,-4765
1736075795.824770;m3-88;From: B571 (m3-209);Len: 114;Rssi: -91;PowerLevel: 1_3dBm;DATA: 98,10629342490369879,26406,-6869,1070,1166235,7161971,-5706,3485,-7435,-2410,-8454,-4765
1736075796.318366;m3-5;From: B571 (m3-209);Len: 114;Rssi: -91;PowerLevel: 1_3dBm;DATA: 98,10629342490369879,26406,-6869,1070,1166235,7161971,-5706,3485,-7435,-2410,-8454,-4765
1736075796.320553;m3-88;From: B571 (m3-209);Len: 114;Rssi: -91;PowerLevel: 1_3dBm;DATA: 98,10629342490369879,26406,-6869,1070,1166235,7161971,-5706,3485,-7435,-2410,-8454,-4765
1736075796.574479;m3-5;From: B571 (m3-209);Len: 114;Rssi: -91;PowerLevel: 1_3dBm;DATA: 98,10629342490369879,26406,-6869,1070,1166235,7161971,-5706,3485,-7435,-2410,-8454,-4765
1736075796.576655;m3-88;From: B571 (m3-209);Len: 114;Rssi: -91;PowerLevel: 1_3dBm;DATA: 98,10629342490369879,26406,-6869,1070,1166235,7161971,-5706,3485,-7435,-2410,-8454,-4765
1736075798.080423;m3-88;From: B571 (m3-209);Len: 114;Rssi: -91;PowerLevel: 1_3dBm;DATA: 98,10629342490369879,26406,-6869,1070,1166235,7161971,-5706,3485,-7435,-2410,-8454,-4765
1736075798.318278;m3-5;From: B571 (m3-209);Len: 114;Rssi: -91;PowerLevel: 1_3dBm;DATA: 98,10629342490369879,26406,-6869,1070,1166235,7161971,-5706,3485,-7435,-2410,-8454,-4765
1736075798.320424;m3-88;From: B571 (m3-209);Len: 114;Rssi: -91;PowerLevel: 1_3dBm;DATA: 98,10629342490369879,26406,-6869,1070,1166235,7161971,-5706,3485,-7435,-2410,-8454,-4765
1736075798.574267;m3-5;From: B571 (m3-209);Len: 114;Rssi: -91;PowerLevel: 1_3dBm;DATA: 98,10629342490369879,26406,-6869,1070,1166235,7161971,-5706,3485,-7435,-2410,-8454,-4765
1736075798.576551;m3-88;From: B571 (m3-209);Len: 114;Rssi: -91;PowerLevel: 1_3dBm;DATA: 98,10629342490369879,26406,-6869,1070,1166235,7161971,-5706,3485,-7435,-2410,-8454,-4765
1736075799.326178;m3-5;From: B571 (m3-209);Len: 114;Rssi: -91;PowerLevel: 1_3dBm;DATA: 98,10629342490369879,26406,-6869,1070,1166235,7161971,-5706,3485,-7435,-2410,-8454,-4765
1736075799.822165;m3-5;From: B571 (m3-209);Len: 114;Rssi: -91;PowerLevel: 1_3dBm;DATA: 98,10629342490369879,26406,-6869,1070,1166235,7161971,-5706,3485,-7435,-2410,-8454,-4765
1736075800.318017;m3-5;From: B571 (m3-209);Len: 114;Rssi: -91;PowerLevel: 1_3dBm;DATA: 98,10629342490369879,26406,-6869,1070,1166235,7161971,-5706,3485,-7435,-2410,-8454,-4765
1736075800.574111;m3-5;From: B571 (m3-209);Len: 114;Rssi: -91;PowerLevel: 1_3dBm;DATA: 98,10629342490369879,26406,-6869,1070,1166235,7161971,-5706,3485,-7435,-2410,-8454,-4765
1736075800.829954;m3-5;From: B571 (m3-209);Len: 114;Rssi: -91;PowerLevel: 1_3dBm;DATA: 98,10629342490369879,26406,-6869,1070,1166235,7161971,-5706,3485,-7435,-2410,-8454,-4765
1736075804.570821;m3-45;[in broadcast_data() INFO] POWER LEVEL: 1_8dBm
1736075804.573875;m3-5;From: B571 (m3-209);Len: 114;Rssi: -91;PowerLevel: 1_8dBm;DATA: 98,10629342490369879,26406,-6869,1070,1166235,7161971,-5706,3485,-7435,-2410,-8454,-4765
1736075804.829758;m3-5;From: B571 (m3-209);Len: 114;Rssi: -91;PowerLevel: 1_8dBm;DATA: 98,10629342490369879,26406,-6869,1070,1166235,7161971,-5706,3485,-7435,-2410,-8454,-4765
1736075806.580509;m3-9;From: B571 (m3-209);Len: 114;Rssi: -91;PowerLevel: 1_8dBm;DATA: 98,10629342490369879,26406,-6869,1070,1166235,7161971,-5706,3485,-7435,-2410,-8454,-4765
1736075811.076177;m3-9;From: B571 (m3-209);Len: 114;Rssi: -91;PowerLevel: 1_8dBm;DATA: 98,10629342490369879,26406,-6869,1070,1166235,7161971,-5706,3485,-7435,-2410,-8454,-4765
1736075811.331886;m3-9;From: B571 (m3-209);Len: 114;Rssi: -91;PowerLevel: 1_8dBm;DATA: 98,10629342490369879,26406,-6869,1070,1166235,7161971,-5706,3485,-7435,-2410,-8454,-4765
1736075815.066213;m3-45;[in broadcast_data() INFO] POWER LEVEL: 2_3dBm
1736075815.075814;m3-9;From: B571 (m3-209);Len: 114;Rssi: -91;PowerLevel: 2_3dBm;DATA: 98,10629342490369879,26406,-6869,1070,1166235,7161971,-5706,3485,-7435,-2410,-8454,-4765
1736075818.323749;m3-9;From: B571 (m3-209);Len: 114;Rssi: -91;PowerLevel: 2_3dBm;DATA: 98,10629342490369879,26406,-6869,1070,1166235,7161971,-5706,3485,-7435,-2410,-8454,-4765
1736075820.083452;m3-9;From: B571 (m3-209);Len: 114;Rssi: -91;PowerLevel: 2_3dBm;DATA: 98,10629342490369879,26406,-6869,1070,1166235,7161971,-5706,3485,-7435,-2410,-8454,-4765
1736075820.323293;m3-9;From: B571 (m3-209);Len: 114;Rssi: -91;PowerLevel: 2_3dBm;DATA: 98,10629342490369879,26406,-6869,1070,1166235,7161971,-5706,3485,-7435,-2410,-8454,-4765
1736075821.827554;m3-9;From: B571 (m3-209);Len: 114;Rssi: -91;PowerLevel: 2_3dBm;DATA: 98,10629342490369879,26406,-6869,1070,1166235,7161971,-5706,3485,-7435,-2410,-8454,-4765
1736075822.323316;m3-9;From: B571 (m3-209);Len: 114;Rssi: -91;PowerLevel: 2_3dBm;DATA: 98,10629342490369879,26406,-6869,1070,1166235,7161971,-5706,3485,-7435,-2410,-8454,-4765
1736075825.577329;m3-45;[in broadcast_data() INFO] POWER LEVEL: 2_8dBm
1736075825.827140;m3-9;From: B571 (m3-209);Len: 114;Rssi: -91;PowerLevel: 2_8dBm;DATA: 98,10629342490369879,26406,-6869,1070,1166235,7161971,-5706,3485,-7435,-2410,-8454,-4765
1736075826.322764;m3-9;From: B571 (m3-209);Len: 114;Rssi: -91;PowerLevel: 2_8dBm;DATA: 98,10629342490369879,26406,-6869,1070,1166235,7161971,-5706,3485,-7435,-2410,-8454,-4765
1736075827.570915;m3-9;From: B571 (m3-209);Len: 114;Rssi: -91;PowerLevel: 2_8dBm;DATA: 98,10629342490369879,26406,-6869,1070,1166235,7161971,-5706,3485,-7435,-2410,-8454,-4765
1736075828.082722;m3-9;From: B571 (m3-209);Len: 114;Rssi: -91;PowerLevel: 2_8dBm;DATA: 98,10629342490369879,26406,-6869,1070,1166235,7161971,-5706,3485,-7435,-2410,-8454,-4765
1736075828.322686;m3-9;From: B571 (m3-209);Len: 114;Rssi: -91;PowerLevel: 2_8dBm;DATA: 98,10629342490369879,26406,-6869,1070,1166235,7161971,-5706,3485,-7435,-2410,-8454,-4765
1736075828.578768;m3-9;From: B571 (m3-209);Len: 114;Rssi: -91;PowerLevel: 2_8dBm;DATA: 98,10629342490369879,26406,-6869,1070,1166235,7161971,-5706,3485,-7435,-2410,-8454,-4765
1736075830.322773;m3-9;From: B571 (m3-209);Len: 114;Rssi: -91;PowerLevel: 2_8dBm;DATA: 98,10629342490369879,26406,-6869,1070,1166235,7161971,-5706,3485,-7435,-2410,-8454,-4765
1736075830.578627;m3-9;From: B571 (m3-209);Len: 114;Rssi: -91;PowerLevel: 2_8dBm;DATA: 98,10629342490369879,26406,-6869,1070,1166235,7161971,-5706,3485,-7435,-2410,-8454,-4765
1736075830.834398;m3-9;From: B571 (m3-209);Len: 114;Rssi: -91;PowerLevel: 2_8dBm;DATA: 98,10629342490369879,26406,-6869,1070,1166235,7161971,-5706,3485,-7435,-2410,-8454,-4765
1736075832.082498;m3-9;From: B571 (m3-209);Len: 114;Rssi: -91;PowerLevel: 2_8dBm;DATA: 98,10629342490369879,26406,-6869,1070,1166235,7161971,-5706,3485,-7435,-2410,-8454,-4765
1736075836.072924;m3-45;[in broadcast_data() INFO] POWER LEVEL: 3dBm
1736075836.578279;m3-9;From: B571 (m3-209);Len: 112;Rssi: -90;PowerLevel: 3dBm;DATA: 98,10629342490369879,26406,-6869,1070,1166235,7161971,-5706,3485,-7435,-2410,-8454,-4765
1736075838.833960;m3-9;From: B571 (m3-209);Len: 112;Rssi: -91;PowerLevel: 3dBm;DATA: 98,10629342490369879,26406,-6869,1070,1166235,7161971,-5706,3485,-7435,-2410,-8454,-4765
1736075839.073920;m3-9;From: B571 (m3-209);Len: 112;Rssi: -91;PowerLevel: 3dBm;DATA: 98,10629342490369879,26406,-6869,1070,1166235,7161971,-5706,3485,-7435,-2410,-8454,-4765
1736075839.329903;m3-9;From: B571 (m3-209);Len: 112;Rssi: -91;PowerLevel: 3dBm;DATA: 98,10629342490369879,26406,-6869,1070,1166235,7161971,-5706,3485,-7435,-2410,-8454,-4765
1736075846.568322;m3-45;[in bc_task() INFO] state PHY_STATE_IDLE
1736075846.568611;m3-45;
