63

1736073788.037276;m3-22;From: B273 (m3-197);Len: 114;Rssi: -91;PowerLevel: m10dBm;DATA: 98,10629342490369879,26406,-6869,1070,1166235,7161971,-5706,3485,-7435,-2410,-8454,-4765
1736073788.037880;m3-23;From: B273 (m3-197);Len: 114;Rssi: -87;PowerLevel: m10dBm;DATA: 98,10629342490369879,26406,-6869,1070,1166235,7161971,-5706,3485,-7435,-2410,-8454,-4765
1736073788.040041;m3-40;[in broadcast_data() INFO] POWER LEVEL: m10dBm
1736073788.047538;m3-26;From: B273 (m3-197);Len: 114;Rssi: -89;PowerLevel: m10dBm;DATA: 98,10629342490369879,26406,-6869,1070,1166235,7161971,-5706,3485,-7435,-2410,-8454,-4765
1736073789.284910;m3-22;From: B273 (m3-197);Len: 114;Rssi: -91;PowerLevel: m10dBm;DATA: 98,10629342490369879,26406,-6869,1070,1166235,7161971,-5706,3485,-7435,-2410,-8454,-4765
1736073789.295432;m3-26;From: B273 (m3-197);Len: 114;Rssi: -89;PowerLevel: m10dBm;DATA: 98,10629342490369879,26406,-6869,1070,1166235,7161971,-5706,3485,-7435,-2410,-8454,-4765
1736073789.791472;m3-26;From: B273 (m3-197);Len: 114;Rssi: -88;PowerLevel: m10dBm;DATA: 98,10629342490369879,26406,-6869,1070,1166235,7161971,-5706,3485,-7435,-2410,-8454,-4765
1736073789.796679;m3-22;From: B273 (m3-197);Len: 114;Rssi: -91;PowerLevel: m10dBm;DATA: 98,10629342490369879,26406,-6869,1070,1166235,7161971,-5706,3485,-7435,-2410,-8454,-4765
1736073790.036776;m3-22;From: B273 (m3-197);Len: 114;Rssi: -91;PowerLevel: m10dBm;DATA: 98,10629342490369879,26406,-6869,1070,1166235,7161971,-5706,3485,-7435,-2410,-8454,-4765
1736073790.292904;m3-22;From: B273 (m3-197);Len: 114;Rssi: -91;PowerLevel: m10dBm;DATA: 98,10629342490369879,26406,-6869,1070,1166235,7161971,-5706,3485,-7435,-2410,-8454,-4765
1736073791.044957;m3-22;From: B273 (m3-197);Len: 114;Rssi: -91;PowerLevel: m10dBm;DATA: 98,10629342490369879,26406,-6869,1070,1166235,7161971,-5706,3485,-7435,-2410,-8454,-4765
1736073791.540963;m3-22;From: B273 (m3-197);Len: 114;Rssi: -91;PowerLevel: m10dBm;DATA: 98,10629342490369879,26406,-6869,1070,1166235,7161971,-5706,3485,-7435,-2410,-8454,-4765
1736073792.036839;m3-22;From: B273 (m3-197);Len: 114;Rssi: -91;PowerLevel: m10dBm;DATA: 98,10629342490369879,26406,-6869,1070,1166235,7161971,-5706,3485,-7435,-2410,-8454,-4765
1736073792.292660;m3-22;From: B273 (m3-197);Len: 114;Rssi: -91;PowerLevel: m10dBm;DATA: 98,10629342490369879,26406,-6869,1070,1166235,7161971,-5706,3485,-7435,-2410,-8454,-4765
1736073793.284814;m3-22;From: B273 (m3-197);Len: 114;Rssi: -91;PowerLevel: m10dBm;DATA: 98,10629342490369879,26406,-6869,1070,1166235,7161971,-5706,3485,-7435,-2410,-8454,-4765
1736073793.796598;m3-22;From: B273 (m3-197);Len: 114;Rssi: -91;PowerLevel: m10dBm;DATA: 98,10629342490369879,26406,-6869,1070,1166235,7161971,-5706,3485,-7435,-2410,-8454,-4765
1736073794.292670;m3-22;From: B273 (m3-197);Len: 114;Rssi: -91;PowerLevel: m10dBm;DATA: 98,10629342490369879,26406,-6869,1070,1166235,7161971,-5706,3485,-7435,-2410,-8454,-4765
1736073798.535454;m3-40;[in broadcast_data() INFO] POWER LEVEL: m7dBm
1736073798.788425;m3-22;From: B273 (m3-197);Len: 113;Rssi: -90;PowerLevel: m7dBm;DATA: 98,10629342490369879,26406,-6869,1070,1166235,7161971,-5706,3485,-7435,-2410,-8454,-4765
1736073800.047172;m3-88;From: B273 (m3-197);Len: 113;Rssi: -91;PowerLevel: m7dBm;DATA: 98,10629342490369879,26406,-6869,1070,1166235,7161971,-5706,3485,-7435,-2410,-8454,-4765
1736073809.030818;m3-40;[in broadcast_data() INFO] POWER LEVEL: m5dBm
1736073809.294652;m3-88;From: B273 (m3-197);Len: 113;Rssi: -91;PowerLevel: m5dBm;DATA: 98,10629342490369879,26406,-6869,1070,1166235,7161971,-5706,3485,-7435,-2410,-8454,-4765
1736073809.545966;m3-83;From: B273 (m3-197);Len: 113;Rssi: -91;PowerLevel: m5dBm;DATA: 98,10629342490369879,26406,-6869,1070,1166235,7161971,-5706,3485,-7435,-2410,-8454,-4765
1736073809.550462;m3-88;From: B273 (m3-197);Len: 113;Rssi: -91;PowerLevel: m5dBm;DATA: 98,10629342490369879,26406,-6869,1070,1166235,7161971,-5706,3485,-7435,-2410,-8454,-4765
1736073810.798377;m3-88;From: B273 (m3-197);Len: 113;Rssi: -91;PowerLevel: m5dBm;DATA: 98,10629342490369879,26406,-6869,1070,1166235,7161971,-5706,3485,-7435,-2410,-8454,-4765
1736073811.294437;m3-88;From: B273 (m3-197);Len: 113;Rssi: -91;PowerLevel: m5dBm;DATA: 98,10629342490369879,26406,-6869,1070,1166235,7161971,-5706,3485,-7435,-2410,-8454,-4765
1736073811.550312;m3-88;From: B273 (m3-197);Len: 113;Rssi: -91;PowerLevel: m5dBm;DATA: 98,10629342490369879,26406,-6869,1070,1166235,7161971,-5706,3485,-7435,-2410,-8454,-4765
1736073811.790206;m3-88;From: B273 (m3-197);Len: 113;Rssi: -91;PowerLevel: m5dBm;DATA: 98,10629342490369879,26406,-6869,1070,1166235,7161971,-5706,3485,-7435,-2410,-8454,-4765
1736073811.801449;m3-83;From: B273 (m3-197);Len: 113;Rssi: -91;PowerLevel: m5dBm;DATA: 98,10629342490369879,26406,-6869,1070,1166235,7161971,-5706,3485,-7435,-2410,-8454,-4765
1736073812.542418;m3-88;From: B273 (m3-197);Len: 113;Rssi: -91;PowerLevel: m5dBm;DATA: 98,10629342490369879,26406,-6869,1070,1166235,7161971,-5706,3485,-7435,-2410,-8454,-4765
1736073813.038310;m3-88;From: B273 (m3-197);Len: 113;Rssi: -91;PowerLevel: m5dBm;DATA: 98,10629342490369879,26406,-6869,1070,1166235,7161971,-5706,3485,-7435,-2410,-8454,-4765
1736073813.550109;m3-88;From: B273 (m3-197);Len: 113;Rssi: -91;PowerLevel: m5dBm;DATA: 98,10629342490369879,26406,-6869,1070,1166235,7161971,-5706,3485,-7435,-2410,-8454,-4765
1736073814.793591;m3-83;From: B273 (m3-197);Len: 113;Rssi: -91;PowerLevel: m5dBm;DATA: 98,10629342490369879,26406,-6869,1070,1166235,7161971,-5706,3485,-7435,-2410,-8454,-4765
1736073814.798302;m3-88;From: B273 (m3-197);Len: 113;Rssi: -91;PowerLevel: m5dBm;DATA: 98,10629342490369879,26406,-6869,1070,1166235,7161971,-5706,3485,-7435,-2410,-8454,-4765
1736073815.038034;m3-88;From: B273 (m3-197);Len: 113;Rssi: -91;PowerLevel: m5dBm;DATA: 98,10629342490369879,26406,-6869,1070,1166235,7161971,-5706,3485,-7435,-2410,-8454,-4765
1736073815.293975;m3-88;From: B273 (m3-197);Len: 113;Rssi: -91;PowerLevel: m5dBm;DATA: 98,10629342490369879,26406,-6869,1070,1166235,7161971,-5706,3485,-7435,-2410,-8454,-4765
1736073815.790168;m3-88;From: B273 (m3-197);Len: 113;Rssi: -91;PowerLevel: m5dBm;DATA: 98,10629342490369879,26406,-6869,1070,1166235,7161971,-5706,3485,-7435,-2410,-8454,-4765
1736073819.542067;m3-40;[in broadcast_data() INFO] POWER LEVEL: m4dBm
1736073819.545285;m3-83;From: B273 (m3-197);Len: 113;Rssi: -91;PowerLevel: m4dBm;DATA: 98,10629342490369879,26406,-6869,1070,1166235,7161971,-5706,3485,-7435,-2410,-8454,-4765
1736073819.549872;m3-88;From: B273 (m3-197);Len: 113;Rssi: -91;PowerLevel: m4dBm;DATA: 98,10629342490369879,26406,-6869,1070,1166235,7161971,-5706,3485,-7435,-2410,-8454,-4765
1736073819.789853;m3-88;From: B273 (m3-197);Len: 113;Rssi: -91;PowerLevel: m4dBm;DATA: 98,10629342490369879,26406,-6869,1070,1166235,7161971,-5706,3485,-7435,-2410,-8454,-4765
1736073819.801080;m3-83;From: B273 (m3-197);Len: 113;Rssi: -91;PowerLevel: m4dBm;DATA: 98,10629342490369879,26406,-6869,1070,1166235,7161971,-5706,3485,-7435,-2410,-8454,-4765
1736073820.045711;m3-88;From: B273 (m3-197);Len: 113;Rssi: -91;PowerLevel: m4dBm;DATA: 98,10629342490369879,26406,-6869,1070,1166235,7161971,-5706,3485,-7435,-2410,-8454,-4765
1736073820.296963;m3-83;From: B273 (m3-197);Len: 113;Rssi: -91;PowerLevel: m4dBm;DATA: 98,10629342490369879,26406,-6869,1070,1166235,7161971,-5706,3485,-7435,-2410,-8454,-4765
1736073820.301581;m3-88;From: B273 (m3-197);Len: 113;Rssi: -91;PowerLevel: m4dBm;DATA: 98,10629342490369879,26406,-6869,1070,1166235,7161971,-5706,3485,-7435,-2410,-8454,-4765
1736073820.541727;m3-88;From: B273 (m3-197);Len: 113;Rssi: -91;PowerLevel: m4dBm;DATA: 98,10629342490369879,26406,-6869,1070,1166235,7161971,-5706,3485,-7435,-2410,-8454,-4765
1736073821.037862;m3-88;From: B273 (m3-197);Len: 113;Rssi: -91;PowerLevel: m4dBm;DATA: 98,10629342490369879,26406,-6869,1070,1166235,7161971,-5706,3485,-7435,-2410,-8454,-4765
1736073821.049127;m3-83;From: B273 (m3-197);Len: 113;Rssi: -91;PowerLevel: m4dBm;DATA: 98,10629342490369879,26406,-6869,1070,1166235,7161971,-5706,3485,-7435,-2410,-8454,-4765
1736073821.544748;m3-83;From: B273 (m3-197);Len: 113;Rssi: -91;PowerLevel: m4dBm;DATA: 98,10629342490369879,26406,-6869,1070,1166235,7161971,-5706,3485,-7435,-2410,-8454,-4765
1736073821.549677;m3-88;From: B273 (m3-197);Len: 113;Rssi: -91;PowerLevel: m4dBm;DATA: 98,10629342490369879,26406,-6869,1070,1166235,7161971,-5706,3485,-7435,-2410,-8454,-4765
1736073822.040982;m3-83;From: B273 (m3-197);Len: 113;Rssi: -91;PowerLevel: m4dBm;DATA: 98,10629342490369879,26406,-6869,1070,1166235,7161971,-5706,3485,-7435,-2410,-8454,-4765
1736073822.045640;m3-88;From: B273 (m3-197);Len: 113;Rssi: -91;PowerLevel: m4dBm;DATA: 98,10629342490369879,26406,-6869,1070,1166235,7161971,-5706,3485,-7435,-2410,-8454,-4765
1736073822.301565;m3-88;From: B273 (m3-197);Len: 113;Rssi: -91;PowerLevel: m4dBm;DATA: 98,10629342490369879,26406,-6869,1070,1166235,7161971,-5706,3485,-7435,-2410,-8454,-4765
1736073823.288919;m3-83;From: B273 (m3-197);Len: 113;Rssi: -91;PowerLevel: m4dBm;DATA: 98,10629342490369879,26406,-6869,1070,1166235,7161971,-5706,3485,-7435,-2410,-8454,-4765
1736073823.293638;m3-88;From: B273 (m3-197);Len: 113;Rssi: -91;PowerLevel: m4dBm;DATA: 98,10629342490369879,26406,-6869,1070,1166235,7161971,-5706,3485,-7435,-2410,-8454,-4765
1736073823.800728;m3-83;From: B273 (m3-197);Len: 113;Rssi: -91;PowerLevel: m4dBm;DATA: 98,10629342490369879,26406,-6869,1070,1166235,7161971,-5706,3485,-7435,-2410,-8454,-4765
1736073824.040721;m3-83;From: B273 (m3-197);Len: 113;Rssi: -91;PowerLevel: m4dBm;DATA: 98,10629342490369879,26406,-6869,1070,1166235,7161971,-5706,3485,-7435,-2410,-8454,-4765
1736073824.296689;m3-83;From: B273 (m3-197);Len: 113;Rssi: -91;PowerLevel: m4dBm;DATA: 98,10629342490369879,26406,-6869,1070,1166235,7161971,-5706,3485,-7435,-2410,-8454,-4765
1736073825.544845;m3-83;From: B273 (m3-197);Len: 113;Rssi: -91;PowerLevel: m4dBm;DATA: 98,10629342490369879,26406,-6869,1070,1166235,7161971,-5706,3485,-7435,-2410,-8454,-4765
1736073826.040808;m3-83;From: B273 (m3-197);Len: 113;Rssi: -91;PowerLevel: m4dBm;DATA: 98,10629342490369879,26406,-6869,1070,1166235,7161971,-5706,3485,-7435,-2410,-8454,-4765
1736073826.552438;m3-83;From: B273 (m3-197);Len: 113;Rssi: -91;PowerLevel: m4dBm;DATA: 98,10629342490369879,26406,-6869,1070,1166235,7161971,-5706,3485,-7435,-2410,-8454,-4765
1736073826.792665;m3-83;From: B273 (m3-197);Len: 113;Rssi: -91;PowerLevel: m4dBm;DATA: 98,10629342490369879,26406,-6869,1070,1166235,7161971,-5706,3485,-7435,-2410,-8454,-4765
1736073830.037175;m3-40;[in broadcast_data() INFO] POWER LEVEL: m3dBm
1736073830.040555;m3-83;From: B273 (m3-197);Len: 113;Rssi: -91;PowerLevel: m3dBm;DATA: 98,10629342490369879,26406,-6869,1070,1166235,7161971,-5706,3485,-7435,-2410,-8454,-4765
1736073830.296357;m3-83;From: B273 (m3-197);Len: 113;Rssi: -91;PowerLevel: m3dBm;DATA: 98,10629342490369879,26406,-6869,1070,1166235,7161971,-5706,3485,-7435,-2410,-8454,-4765
1736073830.538961;m3-81;From: B273 (m3-197);Len: 113;Rssi: -91;PowerLevel: m3dBm;DATA: 98,10629342490369879,26406,-6869,1070,1166235,7161971,-5706,3485,-7435,-2410,-8454,-4765
1736073830.552160;m3-83;From: B273 (m3-197);Len: 113;Rssi: -91;PowerLevel: m3dBm;DATA: 98,10629342490369879,26406,-6869,1070,1166235,7161971,-5706,3485,-7435,-2410,-8454,-4765
1736073830.792510;m3-83;From: B273 (m3-197);Len: 113;Rssi: -91;PowerLevel: m3dBm;DATA: 98,10629342490369879,26406,-6869,1070,1166235,7161971,-5706,3485,-7435,-2410,-8454,-4765
1736073830.794915;m3-81;From: B273 (m3-197);Len: 113;Rssi: -91;PowerLevel: m3dBm;DATA: 98,10629342490369879,26406,-6869,1070,1166235,7161971,-5706,3485,-7435,-2410,-8454,-4765
1736073831.800333;m3-83;From: B273 (m3-197);Len: 113;Rssi: -91;PowerLevel: m3dBm;DATA: 98,10629342490369879,26406,-6869,1070,1166235,7161971,-5706,3485,-7435,-2410,-8454,-4765
1736073832.296180;m3-83;From: B273 (m3-197);Len: 113;Rssi: -91;PowerLevel: m3dBm;DATA: 98,10629342490369879,26406,-6869,1070,1166235,7161971,-5706,3485,-7435,-2410,-8454,-4765
1736073832.551872;m3-83;From: B273 (m3-197);Len: 113;Rssi: -91;PowerLevel: m3dBm;DATA: 98,10629342490369879,26406,-6869,1070,1166235,7161971,-5706,3485,-7435,-2410,-8454,-4765
1736073840.532531;m3-40;[in broadcast_data() INFO] POWER LEVEL: m2dBm
1736073841.290344;m3-81;From: B273 (m3-197);Len: 113;Rssi: -91;PowerLevel: m2dBm;DATA: 98,10629342490369879,26406,-6869,1070,1166235,7161971,-5706,3485,-7435,-2410,-8454,-4765
1736073841.546019;m3-81;From: B273 (m3-197);Len: 113;Rssi: -91;PowerLevel: m2dBm;DATA: 98,10629342490369879,26406,-6869,1070,1166235,7161971,-5706,3485,-7435,-2410,-8454,-4765
1736073842.553842;m3-81;From: B273 (m3-197);Len: 113;Rssi: -91;PowerLevel: m2dBm;DATA: 98,10629342490369879,26406,-6869,1070,1166235,7161971,-5706,3485,-7435,-2410,-8454,-4765
1736073843.049956;m3-81;From: B273 (m3-197);Len: 113;Rssi: -91;PowerLevel: m2dBm;DATA: 98,10629342490369879,26406,-6869,1070,1166235,7161971,-5706,3485,-7435,-2410,-8454,-4765
1736073851.043802;m3-40;[in broadcast_data() INFO] POWER LEVEL: m1dBm
1736073851.049396;m3-81;From: B273 (m3-197);Len: 113;Rssi: -91;PowerLevel: m1dBm;DATA: 98,10629342490369879,26406,-6869,1070,1166235,7161971,-5706,3485,-7435,-2410,-8454,-4765
1736073851.545230;m3-81;From: B273 (m3-197);Len: 113;Rssi: -91;PowerLevel: m1dBm;DATA: 98,10629342490369879,26406,-6869,1070,1166235,7161971,-5706,3485,-7435,-2410,-8454,-4765
1736073852.041342;m3-81;From: B273 (m3-197);Len: 113;Rssi: -91;PowerLevel: m1dBm;DATA: 98,10629342490369879,26406,-6869,1070,1166235,7161971,-5706,3485,-7435,-2410,-8454,-4765
1736073852.297230;m3-81;From: B273 (m3-197);Len: 113;Rssi: -91;PowerLevel: m1dBm;DATA: 98,10629342490369879,26406,-6869,1070,1166235,7161971,-5706,3485,-7435,-2410,-8454,-4765
1736073852.552886;m3-81;From: B273 (m3-197);Len: 113;Rssi: -91;PowerLevel: m1dBm;DATA: 98,10629342490369879,26406,-6869,1070,1166235,7161971,-5706,3485,-7435,-2410,-8454,-4765
1736073853.304896;m3-81;From: B273 (m3-197);Len: 113;Rssi: -91;PowerLevel: m1dBm;DATA: 98,10629342490369879,26406,-6869,1070,1166235,7161971,-5706,3485,-7435,-2410,-8454,-4765
1736073853.801136;m3-81;From: B273 (m3-197);Len: 113;Rssi: -91;PowerLevel: m1dBm;DATA: 98,10629342490369879,26406,-6869,1070,1166235,7161971,-5706,3485,-7435,-2410,-8454,-4765
1736073854.296926;m3-81;From: B273 (m3-197);Len: 113;Rssi: -91;PowerLevel: m1dBm;DATA: 98,10629342490369879,26406,-6869,1070,1166235,7161971,-5706,3485,-7435,-2410,-8454,-4765
1736073855.544922;m3-81;From: B273 (m3-197);Len: 113;Rssi: -91;PowerLevel: m1dBm;DATA: 98,10629342490369879,26406,-6869,1070,1166235,7161971,-5706,3485,-7435,-2410,-8454,-4765
1736073856.040891;m3-81;From: B273 (m3-197);Len: 113;Rssi: -91;PowerLevel: m1dBm;DATA: 98,10629342490369879,26406,-6869,1070,1166235,7161971,-5706,3485,-7435,-2410,-8454,-4765
1736073856.296826;m3-81;From: B273 (m3-197);Len: 113;Rssi: -91;PowerLevel: m1dBm;DATA: 98,10629342490369879,26406,-6869,1070,1166235,7161971,-5706,3485,-7435,-2410,-8454,-4765
1736073856.552766;m3-81;From: B273 (m3-197);Len: 113;Rssi: -91;PowerLevel: m1dBm;DATA: 98,10629342490369879,26406,-6869,1070,1166235,7161971,-5706,3485,-7435,-2410,-8454,-4765
1736073857.048760;m3-81;From: B273 (m3-197);Len: 113;Rssi: -91;PowerLevel: m1dBm;DATA: 98,10629342490369879,26406,-6869,1070,1166235,7161971,-5706,3485,-7435,-2410,-8454,-4765
1736073857.800796;m3-81;From: B273 (m3-197);Len: 113;Rssi: -91;PowerLevel: m1dBm;DATA: 98,10629342490369879,26406,-6869,1070,1166235,7161971,-5706,3485,-7435,-2410,-8454,-4765
1736073858.040686;m3-81;From: B273 (m3-197);Len: 113;Rssi: -91;PowerLevel: m1dBm;DATA: 98,10629342490369879,26406,-6869,1070,1166235,7161971,-5706,3485,-7435,-2410,-8454,-4765
1736073858.296681;m3-81;From: B273 (m3-197);Len: 113;Rssi: -91;PowerLevel: m1dBm;DATA: 98,10629342490369879,26406,-6869,1070,1166235,7161971,-5706,3485,-7435,-2410,-8454,-4765
1736073861.538910;m3-40;[in broadcast_data() INFO] POWER LEVEL: 0_7dBm
1736073861.800540;m3-81;From: B273 (m3-197);Len: 114;Rssi: -91;PowerLevel: 0_7dBm;DATA: 98,10629342490369879,26406,-6869,1070,1166235,7161971,-5706,3485,-7435,-2410,-8454,-4765
1736073862.291610;m3-4;From: B273 (m3-197);Len: 114;Rssi: -91;PowerLevel: 0_7dBm;DATA: 98,10629342490369879,26406,-6869,1070,1166235,7161971,-5706,3485,-7435,-2410,-8454,-4765
1736073862.296317;m3-81;From: B273 (m3-197);Len: 114;Rssi: -91;PowerLevel: 0_7dBm;DATA: 98,10629342490369879,26406,-6869,1070,1166235,7161971,-5706,3485,-7435,-2410,-8454,-4765
1736073862.803523;m3-4;From: B273 (m3-197);Len: 114;Rssi: -91;PowerLevel: 0_7dBm;DATA: 98,10629342490369879,26406,-6869,1070,1166235,7161971,-5706,3485,-7435,-2410,-8454,-4765
1736073872.034312;m3-40;[in broadcast_data() INFO] POWER LEVEL: 1_3dBm
1736073877.794695;m3-4;From: B273 (m3-197);Len: 114;Rssi: -91;PowerLevel: 1_3dBm;DATA: 98,10629342490369879,26406,-6869,1070,1166235,7161971,-5706,3485,-7435,-2410,-8454,-4765
1736073882.545444;m3-40;[in broadcast_data() INFO] POWER LEVEL: 1_8dBm
1736073893.040684;m3-40;[in broadcast_data() INFO] POWER LEVEL: 2_3dBm
1736073893.794276;m3-11;From: B273 (m3-197);Len: 114;Rssi: -91;PowerLevel: 2_3dBm;DATA: 98,10629342490369879,26406,-6869,1070,1166235,7161971,-5706,3485,-7435,-2410,-8454,-4765
1736073894.545645;m3-4;From: B273 (m3-197);Len: 114;Rssi: -91;PowerLevel: 2_3dBm;DATA: 98,10629342490369879,26406,-6869,1070,1166235,7161971,-5706,3485,-7435,-2410,-8454,-4765
1736073896.049503;m3-4;From: B273 (m3-197);Len: 114;Rssi: -91;PowerLevel: 2_3dBm;DATA: 98,10629342490369879,26406,-6869,1070,1166235,7161971,-5706,3485,-7435,-2410,-8454,-4765
1736073896.305325;m3-4;From: B273 (m3-197);Len: 114;Rssi: -91;PowerLevel: 2_3dBm;DATA: 98,10629342490369879,26406,-6869,1070,1166235,7161971,-5706,3485,-7435,-2410,-8454,-4765
1736073897.297330;m3-4;From: B273 (m3-197);Len: 114;Rssi: -91;PowerLevel: 2_3dBm;DATA: 98,10629342490369879,26406,-6869,1070,1166235,7161971,-5706,3485,-7435,-2410,-8454,-4765
1736073898.545338;m3-4;From: B273 (m3-197);Len: 114;Rssi: -91;PowerLevel: 2_3dBm;DATA: 98,10629342490369879,26406,-6869,1070,1166235,7161971,-5706,3485,-7435,-2410,-8454,-4765
1736073903.551739;m3-40;[in broadcast_data() INFO] POWER LEVEL: 2_8dBm
1736073904.800969;m3-4;From: B273 (m3-197);Len: 114;Rssi: -91;PowerLevel: 2_8dBm;DATA: 98,10629342490369879,26406,-6869,1070,1166235,7161971,-5706,3485,-7435,-2410,-8454,-4765
1736073905.296816;m3-4;From: B273 (m3-197);Len: 114;Rssi: -91;PowerLevel: 2_8dBm;DATA: 98,10629342490369879,26406,-6869,1070,1166235,7161971,-5706,3485,-7435,-2410,-8454,-4765
1736073905.808700;m3-4;From: B273 (m3-197);Len: 114;Rssi: -91;PowerLevel: 2_8dBm;DATA: 98,10629342490369879,26406,-6869,1070,1166235,7161971,-5706,3485,-7435,-2410,-8454,-4765
1736073906.304634;m3-4;From: B273 (m3-197);Len: 114;Rssi: -91;PowerLevel: 2_8dBm;DATA: 98,10629342490369879,26406,-6869,1070,1166235,7161971,-5706,3485,-7435,-2410,-8454,-4765
1736073907.056667;m3-4;From: B273 (m3-197);Len: 114;Rssi: -91;PowerLevel: 2_8dBm;DATA: 98,10629342490369879,26406,-6869,1070,1166235,7161971,-5706,3485,-7435,-2410,-8454,-4765
1736073907.552762;m3-4;From: B273 (m3-197);Len: 114;Rssi: -91;PowerLevel: 2_8dBm;DATA: 98,10629342490369879,26406,-6869,1070,1166235,7161971,-5706,3485,-7435,-2410,-8454,-4765
1736073907.553374;m3-11;From: B273 (m3-197);Len: 114;Rssi: -91;PowerLevel: 2_8dBm;DATA: 98,10629342490369879,26406,-6869,1070,1166235,7161971,-5706,3485,-7435,-2410,-8454,-4765
1736073907.808540;m3-4;From: B273 (m3-197);Len: 114;Rssi: -91;PowerLevel: 2_8dBm;DATA: 98,10629342490369879,26406,-6869,1070,1166235,7161971,-5706,3485,-7435,-2410,-8454,-4765
1736073909.808476;m3-4;From: B273 (m3-197);Len: 114;Rssi: -91;PowerLevel: 2_8dBm;DATA: 98,10629342490369879,26406,-6869,1070,1166235,7161971,-5706,3485,-7435,-2410,-8454,-4765
1736073910.304925;m3-11;From: B273 (m3-197);Len: 114;Rssi: -91;PowerLevel: 2_8dBm;DATA: 98,10629342490369879,26406,-6869,1070,1166235,7161971,-5706,3485,-7435,-2410,-8454,-4765
1736073914.047380;m3-40;[in broadcast_data() INFO] POWER LEVEL: 3dBm
1736073914.304359;m3-4;From: B273 (m3-197);Len: 112;Rssi: -91;PowerLevel: 3dBm;DATA: 98,10629342490369879,26406,-6869,1070,1166235,7161971,-5706,3485,-7435,-2410,-8454,-4765
1736073914.304943;m3-11;From: B273 (m3-197);Len: 112;Rssi: -91;PowerLevel: 3dBm;DATA: 98,10629342490369879,26406,-6869,1070,1166235,7161971,-5706,3485,-7435,-2410,-8454,-4765
1736073915.296321;m3-4;From: B273 (m3-197);Len: 112;Rssi: -91;PowerLevel: 3dBm;DATA: 98,10629342490369879,26406,-6869,1070,1166235,7161971,-5706,3485,-7435,-2410,-8454,-4765
1736073915.552184;m3-4;From: B273 (m3-197);Len: 112;Rssi: -91;PowerLevel: 3dBm;DATA: 98,10629342490369879,26406,-6869,1070,1166235,7161971,-5706,3485,-7435,-2410,-8454,-4765
1736073915.552759;m3-11;From: B273 (m3-197);Len: 112;Rssi: -91;PowerLevel: 3dBm;DATA: 98,10629342490369879,26406,-6869,1070,1166235,7161971,-5706,3485,-7435,-2410,-8454,-4765
1736073916.048296;m3-11;From: B273 (m3-197);Len: 112;Rssi: -91;PowerLevel: 3dBm;DATA: 98,10629342490369879,26406,-6869,1070,1166235,7161971,-5706,3485,-7435,-2410,-8454,-4765
1736073916.048579;m3-4;From: B273 (m3-197);Len: 112;Rssi: -91;PowerLevel: 3dBm;DATA: 98,10629342490369879,26406,-6869,1070,1166235,7161971,-5706,3485,-7435,-2410,-8454,-4765
1736073916.559906;m3-4;From: B273 (m3-197);Len: 112;Rssi: -91;PowerLevel: 3dBm;DATA: 98,10629342490369879,26406,-6869,1070,1166235,7161971,-5706,3485,-7435,-2410,-8454,-4765
1736073917.056158;m3-11;From: B273 (m3-197);Len: 112;Rssi: -91;PowerLevel: 3dBm;DATA: 98,10629342490369879,26406,-6869,1070,1166235,7161971,-5706,3485,-7435,-2410,-8454,-4765
1736073917.056443;m3-4;From: B273 (m3-197);Len: 112;Rssi: -91;PowerLevel: 3dBm;DATA: 98,10629342490369879,26406,-6869,1070,1166235,7161971,-5706,3485,-7435,-2410,-8454,-4765
1736073918.304187;m3-11;From: B273 (m3-197);Len: 112;Rssi: -91;PowerLevel: 3dBm;DATA: 98,10629342490369879,26406,-6869,1070,1166235,7161971,-5706,3485,-7435,-2410,-8454,-4765
1736073918.560054;m3-11;From: B273 (m3-197);Len: 112;Rssi: -91;PowerLevel: 3dBm;DATA: 98,10629342490369879,26406,-6869,1070,1166235,7161971,-5706,3485,-7435,-2410,-8454,-4765
1736073918.800140;m3-11;From: B273 (m3-197);Len: 112;Rssi: -91;PowerLevel: 3dBm;DATA: 98,10629342490369879,26406,-6869,1070,1166235,7161971,-5706,3485,-7435,-2410,-8454,-4765
1736073918.800467;m3-4;From: B273 (m3-197);Len: 112;Rssi: -91;PowerLevel: 3dBm;DATA: 98,10629342490369879,26406,-6869,1070,1166235,7161971,-5706,3485,-7435,-2410,-8454,-4765
1736073920.048074;m3-4;From: B273 (m3-197);Len: 112;Rssi: -91;PowerLevel: 3dBm;DATA: 98,10629342490369879,26406,-6869,1070,1166235,7161971,-5706,3485,-7435,-2410,-8454,-4765
1736073920.559815;m3-11;From: B273 (m3-197);Len: 112;Rssi: -91;PowerLevel: 3dBm;DATA: 98,10629342490369879,26406,-6869,1070,1166235,7161971,-5706,3485,-7435,-2410,-8454,-4765
1736073924.542717;m3-40;[in bc_task() INFO] state PHY_STATE_IDLE
1736073924.543030;m3-40;
1736073944.541097;m3-40;
1736073944.541390;m3-40;
1736073944.541517;m3-40;******** HARD FAULT *********
1736073944.541622;m3-40;Caused at pc: 	0	lr: 0
1736073944.541718;m3-40;	r0: 0
1736073944.541811;m3-40;	r1: 200015E4
1736073944.556998;m3-40;	r2: 10000000
1736073944.557212;m3-40;	r3: E000E000
1736073944.557330;m3-40;*****************************
1736073944.557434;m3-40;Looking for Memory Management fault...
1736073944.557532;m3-40;done!
1736073944.557626;m3-40;*****************************
1736073944.557717;m3-40;Looking for Bus fault...
1736073944.557805;m3-40;done!
1736073944.557893;m3-40;*****************************
1736073944.557982;m3-40;Looking for Usage fault...
1736073944.558070;m3-40;	Invalid State Error
1736073944.558156;m3-40;done!
1736073944.558280;m3-40;*****************************
1736073944.558382;m3-40;Debugging Queues...
1736073944.558469;m3-40;Queue #0 Current event:  00000000 (00000000), 0 waiting:
1736073944.558560;m3-40;Queue #1 Current event:  00000000 (20000244), 0 waiting:
1736073944.558651;m3-40;Debugging soft timer (now: 6571935):
1736073944.558740;m3-40;	FIRST->
1736073944.558825;m3-40;	NULL
